[NaborisOrchestrator @ factory.py:85][DEBUG] 2017-11-10 15:59:42,848: Logging to: logs/2017_Nov_10/NaborisOrchestrator/15_59_42.log
[NaborisOrchestrator @ orchestrator.py:247][INFO] 2017-11-10 15:59:42,873: 'NaborisCLI' is subscribing to 'Actuators' with the tag 'actuators'
[NaborisOrchestrator @ orchestrator.py:247][INFO] 2017-11-10 15:59:42,874: 'NaborisCLI' is subscribing to 'Actuators' with the tag 'bno055'
[NaborisOrchestrator @ orchestrator.py:247][INFO] 2017-11-10 15:59:42,874: 'NaborisCLI' is subscribing to 'PiCamera' with the tag 'capture'
[NaborisOrchestrator @ orchestrator.py:217][INFO] 2017-11-10 15:59:42,874: Producer 'Sounds' isn't enabled! Ignoring consumer 'NaborisCLI' subscription
[NaborisOrchestrator @ orchestrator.py:247][INFO] 2017-11-10 15:59:42,875: 'werkzeug' is subscribing to 'NaborisCLI' with the tag 'cmdline'
[NaborisOrchestrator @ orchestrator.py:247][INFO] 2017-11-10 15:59:42,875: 'werkzeug' is subscribing to 'PiCamera' with the tag 'camera'
[NaborisOrchestrator @ orchestrator.py:247][INFO] 2017-11-10 15:59:42,876: 'werkzeug' is subscribing to 'Actuators' with the tag 'bno055'
[NaborisOrchestrator @ orchestrator.py:108][DEBUG] 2017-11-10 15:59:42,876: Adding setup tasks. Apply subscriptions
[NaborisOrchestrator @ orchestrator.py:114][DEBUG] 2017-11-10 15:59:42,877: Running set up tasks (5). [<naboris.picamera.PiCamera object at 0x76a82330>, <naboris.actuators.Actuators object at 0x6dfab7b0>, <naboris.cli.NaborisCLI object at 0x6df42e50>, <naboris.naboris_site.NaborisWebsite object at 0x6df4c250>] and orchestrator setup
[NaborisOrchestrator @ orchestrator.py:68][INFO] 2017-11-10 15:59:42,878: setup
[NaborisOrchestrator @ orchestrator.py:146][DEBUG] 2017-11-10 15:59:46,906: Cancelling <Task finished coro=<Orchestrator.setup() done, defined at /usr/lib/python3.5/asyncio/coroutines.py:208> result=None>: False
[NaborisOrchestrator @ orchestrator.py:146][DEBUG] 2017-11-10 15:59:46,907: Cancelling <Task finished coro=<PiCamera.setup() done, defined at /home/pi/Naboris/naboris/picamera.py:49> result=None>: False
[NaborisOrchestrator @ orchestrator.py:146][DEBUG] 2017-11-10 15:59:46,908: Cancelling <Task finished coro=<Arduino.setup() done, defined at /usr/lib/python3.5/asyncio/coroutines.py:208> result=None>: False
[NaborisOrchestrator @ orchestrator.py:146][DEBUG] 2017-11-10 15:59:46,909: Cancelling <Task finished coro=<NaborisCLI.setup() done, defined at /home/pi/Naboris/naboris/cli.py:80> result=None>: False
[NaborisOrchestrator @ orchestrator.py:146][DEBUG] 2017-11-10 15:59:46,909: Cancelling <Task finished coro=<Website.setup() done, defined at /home/pi/Naboris/naboris/website.py:43> result=None>: False
[NaborisOrchestrator @ orchestrator.py:132][DEBUG] 2017-11-10 15:59:46,910: Adding loop tasks
[NaborisOrchestrator @ orchestrator.py:136][DEBUG] 2017-11-10 15:59:46,912: Appending PiCamera's loop task
[NaborisOrchestrator @ orchestrator.py:136][DEBUG] 2017-11-10 15:59:46,915: Appending Actuators's loop task
[NaborisOrchestrator @ orchestrator.py:136][DEBUG] 2017-11-10 15:59:46,917: Appending NaborisCLI's loop task
[NaborisOrchestrator @ orchestrator.py:136][DEBUG] 2017-11-10 15:59:46,918: Appending werkzeug's loop task
[NaborisOrchestrator @ orchestrator.py:141][DEBUG] 2017-11-10 15:59:46,919: Running loop tasks (5)
[NaborisOrchestrator @ orchestrator.py:266][INFO] 2017-11-10 16:00:07,276: loop finished
[NaborisOrchestrator @ orchestrator.py:270][INFO] 2017-11-10 16:00:07,278: closing orchestrator
[NaborisOrchestrator @ orchestrator.py:164][DEBUG] 2017-11-10 16:00:07,279: 5 tasks to cancel
[NaborisOrchestrator @ orchestrator.py:146][DEBUG] 2017-11-10 16:00:07,280: Cancelling <Task cancelling coro=<Orchestrator.loop() running at /usr/local/lib/python3.5/dist-packages/atlasbuggy/orchestrator.py:73> wait_for=<Future finished result=True>>: True
[NaborisOrchestrator @ orchestrator.py:146][DEBUG] 2017-11-10 16:00:07,281: Cancelling <Task pending coro=<PiCamera.loop() running at /home/pi/Naboris/naboris/picamera.py:132> wait_for=<Future cancelled>>: True
[NaborisOrchestrator @ orchestrator.py:146][DEBUG] 2017-11-10 16:00:07,282: Cancelling <Task pending coro=<Actuators.loop() running at /home/pi/Naboris/naboris/actuators.py:99> wait_for=<Future cancelled>>: True
[NaborisOrchestrator @ orchestrator.py:146][DEBUG] 2017-11-10 16:00:07,283: Cancelling <Task finished coro=<NaborisCLI.loop() done, defined at /home/pi/Naboris/naboris/cli.py:87> result=None>: False
[NaborisOrchestrator @ orchestrator.py:146][DEBUG] 2017-11-10 16:00:07,284: Cancelling <Task pending coro=<NaborisWebsite.loop() running at /home/pi/Naboris/naboris/naboris_site.py:180> wait_for=<Future cancelled>>: True
[NaborisOrchestrator @ orchestrator.py:89][INFO] 2017-11-10 16:00:07,285: halting
[NaborisOrchestrator @ orchestrator.py:92][INFO] 2017-11-10 16:00:07,286: Session took 24.436811208724976s to complete
[NaborisOrchestrator @ orchestrator.py:78][INFO] 2017-11-10 16:00:07,299: teardown
