[NaborisOrchestrator @ factory.py:85][DEBUG] 2017-11-10 18:28:59,545: Logging to: logs/2017_Nov_10/NaborisOrchestrator/18_28_59.log
[NaborisOrchestrator @ orchestrator.py:247][INFO] 2017-11-10 18:28:59,570: 'NaborisCLI' is subscribing to 'Actuators' with the tag 'actuators'
[NaborisOrchestrator @ orchestrator.py:247][INFO] 2017-11-10 18:28:59,570: 'NaborisCLI' is subscribing to 'Actuators' with the tag 'bno055'
[NaborisOrchestrator @ orchestrator.py:247][INFO] 2017-11-10 18:28:59,571: 'NaborisCLI' is subscribing to 'PiCamera' with the tag 'capture'
[NaborisOrchestrator @ orchestrator.py:217][INFO] 2017-11-10 18:28:59,571: Producer 'Sounds' isn't enabled! Ignoring consumer 'NaborisCLI' subscription
[NaborisOrchestrator @ orchestrator.py:247][INFO] 2017-11-10 18:28:59,571: 'werkzeug' is subscribing to 'NaborisCLI' with the tag 'cmdline'
[NaborisOrchestrator @ orchestrator.py:247][INFO] 2017-11-10 18:28:59,572: 'werkzeug' is subscribing to 'PiCamera' with the tag 'camera'
[NaborisOrchestrator @ orchestrator.py:247][INFO] 2017-11-10 18:28:59,572: 'werkzeug' is subscribing to 'Actuators' with the tag 'bno055'
[NaborisOrchestrator @ orchestrator.py:108][DEBUG] 2017-11-10 18:28:59,573: Adding setup tasks. Apply subscriptions
[NaborisOrchestrator @ orchestrator.py:114][DEBUG] 2017-11-10 18:28:59,574: Running set up tasks (5). [<naboris.picamera.PiCamera object at 0x76a78350>, <naboris.actuators.Actuators object at 0x6df37830>, <naboris.cli.NaborisCLI object at 0x6df4ded0>, <naboris.naboris_site.NaborisWebsite object at 0x6df542d0>] and orchestrator setup
[NaborisOrchestrator @ orchestrator.py:68][INFO] 2017-11-10 18:28:59,575: setup
[NaborisOrchestrator @ orchestrator.py:146][DEBUG] 2017-11-10 18:29:03,594: Cancelling <Task finished coro=<Orchestrator.setup() done, defined at /usr/lib/python3.5/asyncio/coroutines.py:208> result=None>: False
[NaborisOrchestrator @ orchestrator.py:146][DEBUG] 2017-11-10 18:29:03,596: Cancelling <Task finished coro=<PiCamera.setup() done, defined at /home/pi/Naboris/naboris/picamera.py:49> result=None>: False
[NaborisOrchestrator @ orchestrator.py:146][DEBUG] 2017-11-10 18:29:03,597: Cancelling <Task finished coro=<Arduino.setup() done, defined at /usr/lib/python3.5/asyncio/coroutines.py:208> result=None>: False
[NaborisOrchestrator @ orchestrator.py:146][DEBUG] 2017-11-10 18:29:03,598: Cancelling <Task finished coro=<NaborisCLI.setup() done, defined at /home/pi/Naboris/naboris/cli.py:80> result=None>: False
[NaborisOrchestrator @ orchestrator.py:146][DEBUG] 2017-11-10 18:29:03,599: Cancelling <Task finished coro=<Website.setup() done, defined at /home/pi/Naboris/naboris/website.py:43> result=None>: False
[NaborisOrchestrator @ orchestrator.py:132][DEBUG] 2017-11-10 18:29:03,601: Adding loop tasks
[NaborisOrchestrator @ orchestrator.py:136][DEBUG] 2017-11-10 18:29:03,602: Appending PiCamera's loop task
[NaborisOrchestrator @ orchestrator.py:136][DEBUG] 2017-11-10 18:29:03,605: Appending Actuators's loop task
[NaborisOrchestrator @ orchestrator.py:136][DEBUG] 2017-11-10 18:29:03,606: Appending NaborisCLI's loop task
[NaborisOrchestrator @ orchestrator.py:136][DEBUG] 2017-11-10 18:29:03,606: Appending werkzeug's loop task
[NaborisOrchestrator @ orchestrator.py:141][DEBUG] 2017-11-10 18:29:03,607: Running loop tasks (5)
[NaborisOrchestrator @ orchestrator.py:266][INFO] 2017-11-10 18:29:32,159: loop finished
[NaborisOrchestrator @ orchestrator.py:270][INFO] 2017-11-10 18:29:32,160: closing orchestrator
[NaborisOrchestrator @ orchestrator.py:164][DEBUG] 2017-11-10 18:29:32,161: 5 tasks to cancel
[NaborisOrchestrator @ orchestrator.py:146][DEBUG] 2017-11-10 18:29:32,162: Cancelling <Task cancelling coro=<Orchestrator.loop() running at /usr/local/lib/python3.5/dist-packages/atlasbuggy/orchestrator.py:73> wait_for=<Future finished result=True>>: True
[NaborisOrchestrator @ orchestrator.py:146][DEBUG] 2017-11-10 18:29:32,163: Cancelling <Task pending coro=<PiCamera.loop() running at /home/pi/Naboris/naboris/picamera.py:132> wait_for=<Future cancelled>>: True
[NaborisOrchestrator @ orchestrator.py:146][DEBUG] 2017-11-10 18:29:32,164: Cancelling <Task pending coro=<Actuators.loop() running at /home/pi/Naboris/naboris/actuators.py:117> wait_for=<Future cancelled>>: True
[NaborisOrchestrator @ orchestrator.py:146][DEBUG] 2017-11-10 18:29:32,165: Cancelling <Task finished coro=<NaborisCLI.loop() done, defined at /home/pi/Naboris/naboris/cli.py:87> result=None>: False
[NaborisOrchestrator @ orchestrator.py:146][DEBUG] 2017-11-10 18:29:32,166: Cancelling <Task pending coro=<NaborisWebsite.loop() running at /home/pi/Naboris/naboris/naboris_site.py:183> wait_for=<Future cancelled>>: True
[NaborisOrchestrator @ orchestrator.py:89][INFO] 2017-11-10 18:29:32,167: halting
[NaborisOrchestrator @ orchestrator.py:92][INFO] 2017-11-10 18:29:32,168: Session took 32.621795415878296s to complete
[NaborisOrchestrator @ orchestrator.py:78][INFO] 2017-11-10 18:29:32,187: teardown
