[PiCamera @ factory.py:85][DEBUG] 2017-11-10 15:59:42,850: Logging to: logs/2017_Nov_10/PiCamera/15_59_42.log
[PiCamera @ picamera.py:50][DEBUG] 2017-11-10 15:59:42,878: PiCamera setup
[PiCamera @ picamera.py:61][INFO] 2017-11-10 15:59:43,143: PiCamera initialized: <picamera.camera.PiCamera object at 0x6df80718>
[PiCamera @ picamera.py:136][INFO] 2017-11-10 15:59:43,144: Warming up camera
[PiCamera @ node.py:79][DEBUG] 2017-11-10 15:59:57,120: [log buffer start]
[DEBUG, 1510347586.9231174]: PiCamera image received: ImageMessage(t=1510347586.9231055, n=2)
[DEBUG, 1510347586.979001]: PiCamera image received: ImageMessage(t=1510347586.9789903, n=3)
[DEBUG, 1510347587.079214]: PiCamera image received: ImageMessage(t=1510347587.079206, n=5)
[DEBUG, 1510347587.1124575]: PiCamera image received: ImageMessage(t=1510347587.1124492, n=6)
[DEBUG, 1510347587.14516]: PiCamera image received: ImageMessage(t=1510347587.1451519, n=7)
[DEBUG, 1510347587.1778438]: PiCamera image received: ImageMessage(t=1510347587.1778357, n=8)
[DEBUG, 1510347587.2105317]: PiCamera image received: ImageMessage(t=1510347587.2105236, n=9)
[DEBUG, 1510347587.243413]: PiCamera image received: ImageMessage(t=1510347587.2434046, n=10)
[DEBUG, 1510347587.2765107]: PiCamera image received: ImageMessage(t=1510347587.2764955, n=11)
[DEBUG, 1510347587.3091767]: PiCamera image received: ImageMessage(t=1510347587.3091607, n=12)
[DEBUG, 1510347587.3422527]: PiCamera image received: ImageMessage(t=1510347587.3422377, n=13)
[DEBUG, 1510347587.375352]: PiCamera image received: ImageMessage(t=1510347587.375337, n=14)
[DEBUG, 1510347587.4734912]: PiCamera image received: ImageMessage(t=1510347587.4734752, n=15)
[DEBUG, 1510347587.5067742]: PiCamera image received: ImageMessage(t=1510347587.5067594, n=16)
[DEBUG, 1510347587.5401444]: PiCamera image received: ImageMessage(t=1510347587.5401297, n=17)
[DEBUG, 1510347587.572495]: PiCamera image received: ImageMessage(t=1510347587.5724802, n=18)
[DEBUG, 1510347587.6072161]: PiCamera image received: ImageMessage(t=1510347587.6072009, n=19)
[DEBUG, 1510347587.6412728]: PiCamera image received: ImageMessage(t=1510347587.6412575, n=20)
[DEBUG, 1510347587.7398355]: PiCamera image received: ImageMessage(t=1510347587.739821, n=21)
[DEBUG, 1510347587.7730005]: PiCamera image received: ImageMessage(t=1510347587.7729864, n=22)
[DEBUG, 1510347587.8080275]: PiCamera image received: ImageMessage(t=1510347587.8080127, n=24)
[DEBUG, 1510347587.9063056]: PiCamera image received: ImageMessage(t=1510347587.90629, n=25)
[DEBUG, 1510347587.940942]: PiCamera image received: ImageMessage(t=1510347587.9409273, n=26)
[DEBUG, 1510347587.9741912]: PiCamera image received: ImageMessage(t=1510347587.9741762, n=27)
[DEBUG, 1510347588.0069716]: PiCamera image received: ImageMessage(t=1510347588.0069566, n=28)
[DEBUG, 1510347588.0399985]: PiCamera image received: ImageMessage(t=1510347588.0399837, n=29)
[DEBUG, 1510347588.0806544]: PiCamera image received: ImageMessage(t=1510347588.080639, n=30)
[DEBUG, 1510347588.1165168]: PiCamera image received: ImageMessage(t=1510347588.116502, n=31)
[DEBUG, 1510347588.1561556]: PiCamera image received: ImageMessage(t=1510347588.1561406, n=32)
[DEBUG, 1510347588.1919875]: PiCamera image received: ImageMessage(t=1510347588.1919718, n=33)
[DEBUG, 1510347588.2246847]: PiCamera image received: ImageMessage(t=1510347588.2246695, n=34)
[DEBUG, 1510347588.2579741]: PiCamera image received: ImageMessage(t=1510347588.2579598, n=35)
[DEBUG, 1510347588.2906868]: PiCamera image received: ImageMessage(t=1510347588.2906716, n=36)
[DEBUG, 1510347588.3257117]: PiCamera image received: ImageMessage(t=1510347588.3256967, n=37)
[DEBUG, 1510347588.365065]: PiCamera image received: ImageMessage(t=1510347588.3650503, n=38)
[DEBUG, 1510347588.3997066]: PiCamera image received: ImageMessage(t=1510347588.3996923, n=39)
[DEBUG, 1510347588.4326563]: PiCamera image received: ImageMessage(t=1510347588.4326403, n=41)
[DEBUG, 1510347588.4986327]: PiCamera image received: ImageMessage(t=1510347588.498618, n=42)
[DEBUG, 1510347588.5317678]: PiCamera image received: ImageMessage(t=1510347588.5317533, n=43)
[DEBUG, 1510347588.5648508]: PiCamera image received: ImageMessage(t=1510347588.5648358, n=44)
[DEBUG, 1510347588.662513]: PiCamera image received: ImageMessage(t=1510347588.6624978, n=45)
[DEBUG, 1510347588.7605503]: PiCamera image received: ImageMessage(t=1510347588.760535, n=46)
[DEBUG, 1510347588.794166]: PiCamera image received: ImageMessage(t=1510347588.794151, n=47)
[DEBUG, 1510347588.8342388]: PiCamera image received: ImageMessage(t=1510347588.8342237, n=48)
[DEBUG, 1510347588.8702598]: PiCamera image received: ImageMessage(t=1510347588.870245, n=49)
[DEBUG, 1510347588.9388278]: PiCamera image received: ImageMessage(t=1510347588.9388127, n=50)
[DEBUG, 1510347588.9722512]: PiCamera image received: ImageMessage(t=1510347588.9722364, n=51)
[DEBUG, 1510347589.007109]: PiCamera image received: ImageMessage(t=1510347589.0070946, n=52)
[DEBUG, 1510347589.1129696]: PiCamera image received: ImageMessage(t=1510347589.112954, n=53)
[DEBUG, 1510347589.147601]: PiCamera image received: ImageMessage(t=1510347589.147586, n=54)
[DEBUG, 1510347589.1808023]: PiCamera image received: ImageMessage(t=1510347589.1807876, n=56)
[DEBUG, 1510347589.2780259]: PiCamera image received: ImageMessage(t=1510347589.278008, n=57)
[DEBUG, 1510347589.3110552]: PiCamera image received: ImageMessage(t=1510347589.31104, n=58)
[DEBUG, 1510347589.3444393]: PiCamera image received: ImageMessage(t=1510347589.3444242, n=59)
[DEBUG, 1510347589.4096832]: PiCamera image received: ImageMessage(t=1510347589.4096682, n=60)
[DEBUG, 1510347589.4751887]: PiCamera image received: ImageMessage(t=1510347589.475174, n=61)
[DEBUG, 1510347589.508591]: PiCamera image received: ImageMessage(t=1510347589.5085752, n=62)
[DEBUG, 1510347589.5428731]: PiCamera image received: ImageMessage(t=1510347589.5428584, n=63)
[DEBUG, 1510347589.6425095]: PiCamera image received: ImageMessage(t=1510347589.6424944, n=64)
[DEBUG, 1510347589.6758575]: PiCamera image received: ImageMessage(t=1510347589.675842, n=65)
[DEBUG, 1510347589.7868073]: PiCamera image received: ImageMessage(t=1510347589.7867904, n=66)
[DEBUG, 1510347589.9560442]: PiCamera image received: ImageMessage(t=1510347589.9560277, n=67)
[DEBUG, 1510347590.062202]: PiCamera image received: ImageMessage(t=1510347590.0621867, n=68)
[DEBUG, 1510347590.1276524]: PiCamera image received: ImageMessage(t=1510347590.1276371, n=69)
[DEBUG, 1510347590.1606147]: PiCamera image received: ImageMessage(t=1510347590.1605995, n=70)
[DEBUG, 1510347590.1930377]: PiCamera image received: ImageMessage(t=1510347590.1930223, n=71)
[DEBUG, 1510347590.2270179]: PiCamera image received: ImageMessage(t=1510347590.2270021, n=72)
[DEBUG, 1510347590.2611868]: PiCamera image received: ImageMessage(t=1510347590.2611723, n=73)
[DEBUG, 1510347590.2983253]: PiCamera image received: ImageMessage(t=1510347590.2983098, n=74)
[DEBUG, 1510347590.3397667]: PiCamera image received: ImageMessage(t=1510347590.3397508, n=75)
[DEBUG, 1510347590.4062247]: PiCamera image received: ImageMessage(t=1510347590.4062078, n=76)
[DEBUG, 1510347590.4399347]: PiCamera image received: ImageMessage(t=1510347590.43992, n=77)
[DEBUG, 1510347590.5082676]: PiCamera image received: ImageMessage(t=1510347590.5082526, n=78)
[DEBUG, 1510347590.5766194]: PiCamera image received: ImageMessage(t=1510347590.5766034, n=79)
[DEBUG, 1510347590.6436858]: PiCamera image received: ImageMessage(t=1510347590.643677, n=80)
[DEBUG, 1510347590.6779215]: PiCamera image received: ImageMessage(t=1510347590.6779125, n=81)
[DEBUG, 1510347590.7107522]: PiCamera image received: ImageMessage(t=1510347590.710743, n=82)
[DEBUG, 1510347590.7430236]: PiCamera image received: ImageMessage(t=1510347590.7430155, n=83)
[DEBUG, 1510347590.7759514]: PiCamera image received: ImageMessage(t=1510347590.7759433, n=84)
[DEBUG, 1510347590.8081782]: PiCamera image received: ImageMessage(t=1510347590.80817, n=85)
[DEBUG, 1510347590.8403141]: PiCamera image received: ImageMessage(t=1510347590.840306, n=86)
[DEBUG, 1510347590.8724072]: PiCamera image received: ImageMessage(t=1510347590.8723986, n=87)
[DEBUG, 1510347590.9048977]: PiCamera image received: ImageMessage(t=1510347590.9048896, n=88)
[DEBUG, 1510347590.938877]: PiCamera image received: ImageMessage(t=1510347590.9388692, n=89)
[DEBUG, 1510347590.9725218]: PiCamera image received: ImageMessage(t=1510347590.9725137, n=90)
[DEBUG, 1510347591.006475]: PiCamera image received: ImageMessage(t=1510347591.006467, n=91)
[DEBUG, 1510347591.0432267]: PiCamera image received: ImageMessage(t=1510347591.0432181, n=92)
[DEBUG, 1510347591.0764267]: PiCamera image received: ImageMessage(t=1510347591.0764184, n=94)
[DEBUG, 1510347591.141674]: PiCamera image received: ImageMessage(t=1510347591.1416655, n=96)
[DEBUG, 1510347591.1744192]: PiCamera image received: ImageMessage(t=1510347591.1744113, n=97)
[DEBUG, 1510347591.207252]: PiCamera image received: ImageMessage(t=1510347591.207234, n=98)
[DEBUG, 1510347591.239674]: PiCamera image received: ImageMessage(t=1510347591.2396655, n=99)
[DEBUG, 1510347591.2716954]: PiCamera image received: ImageMessage(t=1510347591.2716875, n=100)
[DEBUG, 1510347591.3043945]: PiCamera image received: ImageMessage(t=1510347591.3043861, n=101)
[DEBUG, 1510347591.3380766]: PiCamera image received: ImageMessage(t=1510347591.3380585, n=102)
[DEBUG, 1510347591.3716002]: PiCamera image received: ImageMessage(t=1510347591.3715854, n=103)
[DEBUG, 1510347591.4371572]: PiCamera image received: ImageMessage(t=1510347591.4371395, n=104)
[DEBUG, 1510347591.5022857]: PiCamera image received: ImageMessage(t=1510347591.5022707, n=105)
[DEBUG, 1510347591.5353506]: PiCamera image received: ImageMessage(t=1510347591.5353353, n=106)
[DEBUG, 1510347591.5697665]: PiCamera image received: ImageMessage(t=1510347591.5697517, n=107)
[DEBUG, 1510347591.674813]: PiCamera image received: ImageMessage(t=1510347591.674797, n=108)
[DEBUG, 1510347591.7092063]: PiCamera image received: ImageMessage(t=1510347591.7091913, n=109)
[DEBUG, 1510347591.7468667]: PiCamera image received: ImageMessage(t=1510347591.7468529, n=111)
[DEBUG, 1510347591.878258]: PiCamera image received: ImageMessage(t=1510347591.8782399, n=112)
[DEBUG, 1510347591.9778264]: PiCamera image received: ImageMessage(t=1510347591.977808, n=113)
[DEBUG, 1510347592.0127869]: PiCamera image received: ImageMessage(t=1510347592.0127685, n=114)
[DEBUG, 1510347592.0467021]: PiCamera image received: ImageMessage(t=1510347592.0466876, n=115)
[DEBUG, 1510347592.126807]: PiCamera image received: ImageMessage(t=1510347592.1267865, n=116)
[DEBUG, 1510347592.2251115]: PiCamera image received: ImageMessage(t=1510347592.2250962, n=117)
[DEBUG, 1510347592.3306234]: PiCamera image received: ImageMessage(t=1510347592.330608, n=118)
[DEBUG, 1510347592.365701]: PiCamera image received: ImageMessage(t=1510347592.3656862, n=119)
[DEBUG, 1510347592.4688654]: PiCamera image received: ImageMessage(t=1510347592.4688478, n=120)
[DEBUG, 1510347592.5133092]: PiCamera image received: ImageMessage(t=1510347592.5132926, n=121)
[DEBUG, 1510347592.6285057]: PiCamera image received: ImageMessage(t=1510347592.6284876, n=122)
[DEBUG, 1510347592.710613]: PiCamera image received: ImageMessage(t=1510347592.710597, n=123)
[DEBUG, 1510347592.811828]: PiCamera image received: ImageMessage(t=1510347592.8118107, n=124)
[DEBUG, 1510347592.881919]: PiCamera image received: ImageMessage(t=1510347592.8819025, n=125)
[DEBUG, 1510347592.919236]: PiCamera image received: ImageMessage(t=1510347592.9192188, n=126)
[DEBUG, 1510347592.9529586]: PiCamera image received: ImageMessage(t=1510347592.9529433, n=127)
[DEBUG, 1510347593.062373]: PiCamera image received: ImageMessage(t=1510347593.0623364, n=128)
[DEBUG, 1510347593.1356533]: PiCamera image received: ImageMessage(t=1510347593.1356359, n=129)
[DEBUG, 1510347593.179732]: PiCamera image received: ImageMessage(t=1510347593.179717, n=130)
[DEBUG, 1510347593.2772713]: PiCamera image received: ImageMessage(t=1510347593.277254, n=131)
[DEBUG, 1510347593.3433113]: PiCamera image received: ImageMessage(t=1510347593.3432963, n=132)
[DEBUG, 1510347593.3764682]: PiCamera image received: ImageMessage(t=1510347593.3764534, n=133)
[DEBUG, 1510347593.4986815]: PiCamera image received: ImageMessage(t=1510347593.498664, n=134)
[DEBUG, 1510347593.5334709]: PiCamera image received: ImageMessage(t=1510347593.5334542, n=135)
[DEBUG, 1510347593.6639988]: PiCamera image received: ImageMessage(t=1510347593.6639805, n=136)
[DEBUG, 1510347593.723001]: PiCamera image received: ImageMessage(t=1510347593.722985, n=137)
[DEBUG, 1510347593.8240445]: PiCamera image received: ImageMessage(t=1510347593.8240309, n=138)
[DEBUG, 1510347593.9011807]: PiCamera image received: ImageMessage(t=1510347593.9011633, n=139)
[DEBUG, 1510347593.9663613]: PiCamera image received: ImageMessage(t=1510347593.966344, n=140)
[DEBUG, 1510347593.9994998]: PiCamera image received: ImageMessage(t=1510347593.9994845, n=141)
[DEBUG, 1510347594.06723]: PiCamera image received: ImageMessage(t=1510347594.0672119, n=142)
[DEBUG, 1510347594.136464]: PiCamera image received: ImageMessage(t=1510347594.136446, n=143)
[DEBUG, 1510347594.202277]: PiCamera image received: ImageMessage(t=1510347594.2022588, n=144)
[DEBUG, 1510347594.3092856]: PiCamera image received: ImageMessage(t=1510347594.3092701, n=146)
[DEBUG, 1510347594.3442366]: PiCamera image received: ImageMessage(t=1510347594.3442209, n=147)
[DEBUG, 1510347594.4409454]: PiCamera image received: ImageMessage(t=1510347594.44093, n=148)
[DEBUG, 1510347594.5697608]: PiCamera image received: ImageMessage(t=1510347594.5697439, n=149)
[DEBUG, 1510347594.6682606]: PiCamera image received: ImageMessage(t=1510347594.6682432, n=150)
[DEBUG, 1510347594.8016906]: PiCamera image received: ImageMessage(t=1510347594.8016737, n=151)
[DEBUG, 1510347594.9035592]: PiCamera image received: ImageMessage(t=1510347594.9035432, n=152)
[DEBUG, 1510347594.9361682]: PiCamera image received: ImageMessage(t=1510347594.9361532, n=153)
[DEBUG, 1510347595.0018508]: PiCamera image received: ImageMessage(t=1510347595.0018356, n=154)
[DEBUG, 1510347595.0353727]: PiCamera image received: ImageMessage(t=1510347595.0353575, n=155)
[DEBUG, 1510347595.1409538]: PiCamera image received: ImageMessage(t=1510347595.1409385, n=156)
[DEBUG, 1510347595.2421198]: PiCamera image received: ImageMessage(t=1510347595.2421043, n=157)
[DEBUG, 1510347595.280814]: PiCamera image received: ImageMessage(t=1510347595.2807968, n=158)
[DEBUG, 1510347595.3154314]: PiCamera image received: ImageMessage(t=1510347595.315417, n=159)
[DEBUG, 1510347595.3841374]: PiCamera image received: ImageMessage(t=1510347595.3841221, n=160)
[DEBUG, 1510347595.4819582]: PiCamera image received: ImageMessage(t=1510347595.4819436, n=161)
[DEBUG, 1510347595.5259526]: PiCamera image received: ImageMessage(t=1510347595.525938, n=163)
[DEBUG, 1510347595.624222]: PiCamera image received: ImageMessage(t=1510347595.6242082, n=164)
[DEBUG, 1510347595.7222428]: PiCamera image received: ImageMessage(t=1510347595.7222278, n=165)
[DEBUG, 1510347595.8254848]: PiCamera image received: ImageMessage(t=1510347595.8254664, n=166)
[DEBUG, 1510347595.9339998]: PiCamera image received: ImageMessage(t=1510347595.9339542, n=167)
[DEBUG, 1510347595.9703608]: PiCamera image received: ImageMessage(t=1510347595.9703448, n=168)
[DEBUG, 1510347596.0529354]: PiCamera image received: ImageMessage(t=1510347596.05289, n=169)
[DEBUG, 1510347596.0855815]: PiCamera image received: ImageMessage(t=1510347596.0855665, n=170)
[DEBUG, 1510347596.1615365]: PiCamera image received: ImageMessage(t=1510347596.1615188, n=172)
[DEBUG, 1510347596.260716]: PiCamera image received: ImageMessage(t=1510347596.2606993, n=173)
[DEBUG, 1510347596.3699036]: PiCamera image received: ImageMessage(t=1510347596.3698854, n=174)
[DEBUG, 1510347596.4373748]: PiCamera image received: ImageMessage(t=1510347596.437361, n=175)
[DEBUG, 1510347596.4707074]: PiCamera image received: ImageMessage(t=1510347596.4706922, n=176)
[DEBUG, 1510347596.5067823]: PiCamera image received: ImageMessage(t=1510347596.5067687, n=177)
[DEBUG, 1510347596.6518972]: PiCamera image received: ImageMessage(t=1510347596.6518803, n=178)
[DEBUG, 1510347596.7172263]: PiCamera image received: ImageMessage(t=1510347596.7172105, n=179)
[DEBUG, 1510347596.7827897]: PiCamera image received: ImageMessage(t=1510347596.782774, n=180)
[DEBUG, 1510347596.8819604]: PiCamera image received: ImageMessage(t=1510347596.8819456, n=181)
[DEBUG, 1510347596.9796193]: PiCamera image received: ImageMessage(t=1510347596.9796033, n=182)
[DEBUG, 1510347597.012735]: PiCamera image received: ImageMessage(t=1510347597.0127194, n=183)
[DEBUG, 1510347597.1204526]: PiCamera image received: ImageMessage(t=1510347597.1204371, n=184)
[log buffer end]
[PiCamera @ node.py:81][DEBUG] 2017-11-10 15:59:57,122: logging message buffer (len=16460)
[PiCamera @ node.py:79][DEBUG] 2017-11-10 16:00:07,119: [log buffer start]
[DEBUG, 1510347597.1572325]: PiCamera image received: ImageMessage(t=1510347597.1572175, n=185)
[DEBUG, 1510347597.2558146]: PiCamera image received: ImageMessage(t=1510347597.2557995, n=186)
[DEBUG, 1510347597.3540044]: PiCamera image received: ImageMessage(t=1510347597.3539867, n=187)
[DEBUG, 1510347597.4634616]: PiCamera image received: ImageMessage(t=1510347597.463446, n=188)
[DEBUG, 1510347597.4961588]: PiCamera image received: ImageMessage(t=1510347597.496143, n=189)
[DEBUG, 1510347597.5634644]: PiCamera image received: ImageMessage(t=1510347597.5634496, n=190)
[DEBUG, 1510347597.5958562]: PiCamera image received: ImageMessage(t=1510347597.595842, n=191)
[DEBUG, 1510347597.634134]: PiCamera image received: ImageMessage(t=1510347597.634117, n=192)
[DEBUG, 1510347597.7321196]: PiCamera image received: ImageMessage(t=1510347597.7321033, n=193)
[DEBUG, 1510347597.7660482]: PiCamera image received: ImageMessage(t=1510347597.7660327, n=194)
[DEBUG, 1510347597.8696668]: PiCamera image received: ImageMessage(t=1510347597.8696518, n=195)
[DEBUG, 1510347597.905014]: PiCamera image received: ImageMessage(t=1510347597.9050004, n=196)
[DEBUG, 1510347597.9729655]: PiCamera image received: ImageMessage(t=1510347597.972948, n=197)
[DEBUG, 1510347598.072586]: PiCamera image received: ImageMessage(t=1510347598.07257, n=198)
[DEBUG, 1510347598.1069684]: PiCamera image received: ImageMessage(t=1510347598.106951, n=199)
[DEBUG, 1510347598.1462772]: PiCamera image received: ImageMessage(t=1510347598.1462605, n=200)
[DEBUG, 1510347598.179165]: PiCamera image received: ImageMessage(t=1510347598.1791487, n=201)
[DEBUG, 1510347598.2769594]: PiCamera image received: ImageMessage(t=1510347598.2769444, n=202)
[DEBUG, 1510347598.346975]: PiCamera image received: ImageMessage(t=1510347598.34696, n=203)
[DEBUG, 1510347598.447955]: PiCamera image received: ImageMessage(t=1510347598.44794, n=204)
[DEBUG, 1510347598.5537887]: PiCamera image received: ImageMessage(t=1510347598.5537734, n=205)
[DEBUG, 1510347598.621238]: PiCamera image received: ImageMessage(t=1510347598.6212232, n=206)
[DEBUG, 1510347598.6546218]: PiCamera image received: ImageMessage(t=1510347598.6546066, n=207)
[DEBUG, 1510347598.687854]: PiCamera image received: ImageMessage(t=1510347598.687839, n=208)
[DEBUG, 1510347598.78603]: PiCamera image received: ImageMessage(t=1510347598.7860122, n=209)
[DEBUG, 1510347598.8966346]: PiCamera image received: ImageMessage(t=1510347598.896618, n=210)
[DEBUG, 1510347598.9696298]: PiCamera image received: ImageMessage(t=1510347598.9696133, n=211)
[DEBUG, 1510347599.0691104]: PiCamera image received: ImageMessage(t=1510347599.0690963, n=212)
[DEBUG, 1510347599.1672988]: PiCamera image received: ImageMessage(t=1510347599.1672804, n=213)
[DEBUG, 1510347599.2009137]: PiCamera image received: ImageMessage(t=1510347599.200899, n=214)
[DEBUG, 1510347599.3073957]: PiCamera image received: ImageMessage(t=1510347599.3073807, n=216)
[DEBUG, 1510347599.4076445]: PiCamera image received: ImageMessage(t=1510347599.4076297, n=217)
[DEBUG, 1510347599.473989]: PiCamera image received: ImageMessage(t=1510347599.4739738, n=218)
[DEBUG, 1510347599.5728214]: PiCamera image received: ImageMessage(t=1510347599.5728064, n=219)
[DEBUG, 1510347599.6056921]: PiCamera image received: ImageMessage(t=1510347599.6056771, n=220)
[DEBUG, 1510347599.7104785]: PiCamera image received: ImageMessage(t=1510347599.7104633, n=222)
[DEBUG, 1510347599.7814083]: PiCamera image received: ImageMessage(t=1510347599.7813754, n=223)
[DEBUG, 1510347599.8470552]: PiCamera image received: ImageMessage(t=1510347599.8470392, n=224)
[DEBUG, 1510347599.8823235]: PiCamera image received: ImageMessage(t=1510347599.8823075, n=225)
[DEBUG, 1510347599.9924242]: PiCamera image received: ImageMessage(t=1510347599.9924064, n=226)
[DEBUG, 1510347600.0263064]: PiCamera image received: ImageMessage(t=1510347600.0262907, n=227)
[DEBUG, 1510347600.0921128]: PiCamera image received: ImageMessage(t=1510347600.0920978, n=228)
[DEBUG, 1510347600.1901832]: PiCamera image received: ImageMessage(t=1510347600.1901681, n=229)
[DEBUG, 1510347600.223725]: PiCamera image received: ImageMessage(t=1510347600.2237093, n=230)
[DEBUG, 1510347600.2569292]: PiCamera image received: ImageMessage(t=1510347600.2569132, n=231)
[DEBUG, 1510347600.3545]: PiCamera image received: ImageMessage(t=1510347600.3544836, n=232)
[DEBUG, 1510347600.388322]: PiCamera image received: ImageMessage(t=1510347600.3883076, n=233)
[DEBUG, 1510347600.4943588]: PiCamera image received: ImageMessage(t=1510347600.4943428, n=235)
[DEBUG, 1510347600.5623472]: PiCamera image received: ImageMessage(t=1510347600.5623317, n=236)
[DEBUG, 1510347600.5956678]: PiCamera image received: ImageMessage(t=1510347600.5956528, n=237)
[DEBUG, 1510347600.628878]: PiCamera image received: ImageMessage(t=1510347600.6288633, n=238)
[DEBUG, 1510347600.7283313]: PiCamera image received: ImageMessage(t=1510347600.728316, n=239)
[DEBUG, 1510347600.7639027]: PiCamera image received: ImageMessage(t=1510347600.763888, n=240)
[DEBUG, 1510347600.8683996]: PiCamera image received: ImageMessage(t=1510347600.8683844, n=241)
[DEBUG, 1510347600.9672346]: PiCamera image received: ImageMessage(t=1510347600.967218, n=242)
[DEBUG, 1510347601.0349672]: PiCamera image received: ImageMessage(t=1510347601.0349526, n=243)
[DEBUG, 1510347601.1338868]: PiCamera image received: ImageMessage(t=1510347601.1338692, n=244)
[DEBUG, 1510347601.1675775]: PiCamera image received: ImageMessage(t=1510347601.1675622, n=245)
[DEBUG, 1510347601.2757351]: PiCamera image received: ImageMessage(t=1510347601.2753308, n=246)
[DEBUG, 1510347601.3480575]: PiCamera image received: ImageMessage(t=1510347601.3480422, n=247)
[DEBUG, 1510347601.454697]: PiCamera image received: ImageMessage(t=1510347601.454681, n=248)
[DEBUG, 1510347601.490446]: PiCamera image received: ImageMessage(t=1510347601.4904304, n=249)
[DEBUG, 1510347601.5416582]: PiCamera image received: ImageMessage(t=1510347601.5416434, n=250)
[DEBUG, 1510347601.6130018]: PiCamera image received: ImageMessage(t=1510347601.6129866, n=251)
[DEBUG, 1510347601.7131512]: PiCamera image received: ImageMessage(t=1510347601.713134, n=253)
[DEBUG, 1510347601.7483795]: PiCamera image received: ImageMessage(t=1510347601.7483644, n=254)
[DEBUG, 1510347601.8813586]: PiCamera image received: ImageMessage(t=1510347601.8813436, n=255)
[DEBUG, 1510347601.9465494]: PiCamera image received: ImageMessage(t=1510347601.9465344, n=256)
[DEBUG, 1510347602.0467436]: PiCamera image received: ImageMessage(t=1510347602.0467286, n=257)
[DEBUG, 1510347602.1510048]: PiCamera image received: ImageMessage(t=1510347602.1509907, n=258)
[DEBUG, 1510347602.217478]: PiCamera image received: ImageMessage(t=1510347602.2174618, n=259)
[DEBUG, 1510347602.287688]: PiCamera image received: ImageMessage(t=1510347602.287673, n=260)
[DEBUG, 1510347602.3705692]: PiCamera image received: ImageMessage(t=1510347602.3705544, n=261)
[DEBUG, 1510347602.403707]: PiCamera image received: ImageMessage(t=1510347602.4036922, n=262)
[DEBUG, 1510347602.4368877]: PiCamera image received: ImageMessage(t=1510347602.4368725, n=263)
[DEBUG, 1510347602.5042193]: PiCamera image received: ImageMessage(t=1510347602.5042045, n=264)
[DEBUG, 1510347602.6036532]: PiCamera image received: ImageMessage(t=1510347602.6036382, n=265)
[DEBUG, 1510347602.6436794]: PiCamera image received: ImageMessage(t=1510347602.6436644, n=266)
[DEBUG, 1510347602.6818693]: PiCamera image received: ImageMessage(t=1510347602.681854, n=267)
[DEBUG, 1510347602.7197475]: PiCamera image received: ImageMessage(t=1510347602.7197328, n=268)
[DEBUG, 1510347602.7860327]: PiCamera image received: ImageMessage(t=1510347602.7860174, n=269)
[DEBUG, 1510347602.8846817]: PiCamera image received: ImageMessage(t=1510347602.8846655, n=270)
[DEBUG, 1510347602.9846447]: PiCamera image received: ImageMessage(t=1510347602.9846299, n=271)
[DEBUG, 1510347603.0872066]: PiCamera image received: ImageMessage(t=1510347603.087189, n=273)
[DEBUG, 1510347603.123405]: PiCamera image received: ImageMessage(t=1510347603.1233902, n=274)
[DEBUG, 1510347603.2220106]: PiCamera image received: ImageMessage(t=1510347603.2219956, n=275)
[DEBUG, 1510347603.255297]: PiCamera image received: ImageMessage(t=1510347603.2552822, n=276)
[DEBUG, 1510347603.353758]: PiCamera image received: ImageMessage(t=1510347603.3537426, n=277)
[DEBUG, 1510347603.3864121]: PiCamera image received: ImageMessage(t=1510347603.3863978, n=278)
[DEBUG, 1510347603.4880495]: PiCamera image received: ImageMessage(t=1510347603.4880347, n=279)
[DEBUG, 1510347603.5213397]: PiCamera image received: ImageMessage(t=1510347603.521325, n=280)
[DEBUG, 1510347603.5555837]: PiCamera image received: ImageMessage(t=1510347603.5555687, n=281)
[DEBUG, 1510347603.5883985]: PiCamera image received: ImageMessage(t=1510347603.5883832, n=282)
[DEBUG, 1510347603.654703]: PiCamera image received: ImageMessage(t=1510347603.6546876, n=283)
[DEBUG, 1510347603.719576]: PiCamera image received: ImageMessage(t=1510347603.7195609, n=284)
[DEBUG, 1510347603.7531168]: PiCamera image received: ImageMessage(t=1510347603.7530313, n=285)
[DEBUG, 1510347603.786579]: PiCamera image received: ImageMessage(t=1510347603.7865634, n=286)
[DEBUG, 1510347603.8201795]: PiCamera image received: ImageMessage(t=1510347603.820164, n=287)
[DEBUG, 1510347603.8535347]: PiCamera image received: ImageMessage(t=1510347603.8535194, n=288)
[DEBUG, 1510347603.88743]: PiCamera image received: ImageMessage(t=1510347603.8874147, n=289)
[DEBUG, 1510347603.9527886]: PiCamera image received: ImageMessage(t=1510347603.9527729, n=290)
[DEBUG, 1510347604.0599074]: PiCamera image received: ImageMessage(t=1510347604.059893, n=291)
[DEBUG, 1510347604.0947316]: PiCamera image received: ImageMessage(t=1510347604.0947163, n=292)
[DEBUG, 1510347604.1664543]: PiCamera image received: ImageMessage(t=1510347604.1664386, n=293)
[DEBUG, 1510347604.2675185]: PiCamera image received: ImageMessage(t=1510347604.267504, n=294)
[DEBUG, 1510347604.3686795]: PiCamera image received: ImageMessage(t=1510347604.3686635, n=295)
[DEBUG, 1510347604.4668944]: PiCamera image received: ImageMessage(t=1510347604.4668796, n=296)
[DEBUG, 1510347604.5552406]: PiCamera image received: ImageMessage(t=1510347604.5552254, n=297)
[DEBUG, 1510347604.6236343]: PiCamera image received: ImageMessage(t=1510347604.623619, n=298)
[DEBUG, 1510347604.7228456]: PiCamera image received: ImageMessage(t=1510347604.72283, n=299)
[DEBUG, 1510347604.7624717]: PiCamera image received: ImageMessage(t=1510347604.7624624, n=300)
[DEBUG, 1510347604.7968607]: PiCamera image received: ImageMessage(t=1510347604.796852, n=301)
[DEBUG, 1510347604.8297274]: PiCamera image received: ImageMessage(t=1510347604.829719, n=303)
[DEBUG, 1510347604.8620088]: PiCamera image received: ImageMessage(t=1510347604.862001, n=304)
[DEBUG, 1510347604.8946927]: PiCamera image received: ImageMessage(t=1510347604.8946846, n=305)
[DEBUG, 1510347604.926995]: PiCamera image received: ImageMessage(t=1510347604.926987, n=306)
[DEBUG, 1510347604.9599342]: PiCamera image received: ImageMessage(t=1510347604.959926, n=307)
[DEBUG, 1510347604.9924765]: PiCamera image received: ImageMessage(t=1510347604.9924676, n=308)
[DEBUG, 1510347605.0252445]: PiCamera image received: ImageMessage(t=1510347605.025231, n=309)
[DEBUG, 1510347605.0575638]: PiCamera image received: ImageMessage(t=1510347605.0575552, n=310)
[DEBUG, 1510347605.0899618]: PiCamera image received: ImageMessage(t=1510347605.0899434, n=311)
[DEBUG, 1510347605.1556041]: PiCamera image received: ImageMessage(t=1510347605.1555955, n=312)
[DEBUG, 1510347605.2216773]: PiCamera image received: ImageMessage(t=1510347605.2216675, n=313)
[DEBUG, 1510347605.2553556]: PiCamera image received: ImageMessage(t=1510347605.2553473, n=314)
[DEBUG, 1510347605.287867]: PiCamera image received: ImageMessage(t=1510347605.2878582, n=315)
[DEBUG, 1510347605.3242588]: PiCamera image received: ImageMessage(t=1510347605.3242507, n=316)
[DEBUG, 1510347605.3589847]: PiCamera image received: ImageMessage(t=1510347605.358976, n=317)
[DEBUG, 1510347605.3925636]: PiCamera image received: ImageMessage(t=1510347605.3925552, n=319)
[DEBUG, 1510347605.4261417]: PiCamera image received: ImageMessage(t=1510347605.4261336, n=320)
[DEBUG, 1510347605.4759839]: PiCamera image received: ImageMessage(t=1510347605.4759688, n=321)
[DEBUG, 1510347605.5826085]: PiCamera image received: ImageMessage(t=1510347605.5826004, n=323)
[DEBUG, 1510347605.6149426]: PiCamera image received: ImageMessage(t=1510347605.6149342, n=324)
[DEBUG, 1510347605.647149]: PiCamera image received: ImageMessage(t=1510347605.64714, n=325)
[DEBUG, 1510347605.6795955]: PiCamera image received: ImageMessage(t=1510347605.679587, n=326)
[DEBUG, 1510347605.711902]: PiCamera image received: ImageMessage(t=1510347605.711893, n=327)
[DEBUG, 1510347605.744692]: PiCamera image received: ImageMessage(t=1510347605.7446835, n=328)
[DEBUG, 1510347605.777021]: PiCamera image received: ImageMessage(t=1510347605.7770119, n=329)
[DEBUG, 1510347605.8091857]: PiCamera image received: ImageMessage(t=1510347605.8091772, n=330)
[DEBUG, 1510347605.8413546]: PiCamera image received: ImageMessage(t=1510347605.8413463, n=331)
[DEBUG, 1510347605.8741832]: PiCamera image received: ImageMessage(t=1510347605.8741753, n=332)
[DEBUG, 1510347605.906691]: PiCamera image received: ImageMessage(t=1510347605.9066827, n=333)
[DEBUG, 1510347605.9395974]: PiCamera image received: ImageMessage(t=1510347605.9395893, n=334)
[DEBUG, 1510347605.9733596]: PiCamera image received: ImageMessage(t=1510347605.9733508, n=335)
[DEBUG, 1510347606.0066426]: PiCamera image received: ImageMessage(t=1510347606.0066328, n=336)
[DEBUG, 1510347606.0442438]: PiCamera image received: ImageMessage(t=1510347606.0442352, n=337)
[DEBUG, 1510347606.0806103]: PiCamera image received: ImageMessage(t=1510347606.0806026, n=339)
[DEBUG, 1510347606.1131063]: PiCamera image received: ImageMessage(t=1510347606.1130385, n=340)
[DEBUG, 1510347606.1456602]: PiCamera image received: ImageMessage(t=1510347606.1456509, n=341)
[DEBUG, 1510347606.2127192]: PiCamera image received: ImageMessage(t=1510347606.2127106, n=343)
[DEBUG, 1510347606.2468643]: PiCamera image received: ImageMessage(t=1510347606.2468498, n=344)
[DEBUG, 1510347606.3173711]: PiCamera image received: ImageMessage(t=1510347606.3173566, n=345)
[DEBUG, 1510347606.3926742]: PiCamera image received: ImageMessage(t=1510347606.3926582, n=346)
[DEBUG, 1510347606.4280617]: PiCamera image received: ImageMessage(t=1510347606.4280465, n=347)
[DEBUG, 1510347606.4609637]: PiCamera image received: ImageMessage(t=1510347606.460948, n=348)
[DEBUG, 1510347606.5332315]: PiCamera image received: ImageMessage(t=1510347606.5332143, n=349)
[DEBUG, 1510347606.5664704]: PiCamera image received: ImageMessage(t=1510347606.5664616, n=350)
[DEBUG, 1510347606.5988302]: PiCamera image received: ImageMessage(t=1510347606.5988219, n=351)
[DEBUG, 1510347606.6387002]: PiCamera image received: ImageMessage(t=1510347606.638692, n=352)
[DEBUG, 1510347606.6736126]: PiCamera image received: ImageMessage(t=1510347606.673604, n=354)
[DEBUG, 1510347606.713746]: PiCamera image received: ImageMessage(t=1510347606.713738, n=355)
[DEBUG, 1510347606.7470083]: PiCamera image received: ImageMessage(t=1510347606.7469792, n=356)
[DEBUG, 1510347606.7795994]: PiCamera image received: ImageMessage(t=1510347606.7795916, n=357)
[DEBUG, 1510347606.811932]: PiCamera image received: ImageMessage(t=1510347606.811925, n=358)
[DEBUG, 1510347606.8561273]: PiCamera image received: ImageMessage(t=1510347606.8561184, n=359)
[DEBUG, 1510347606.8888762]: PiCamera image received: ImageMessage(t=1510347606.8888683, n=360)
[DEBUG, 1510347606.9221]: PiCamera image received: ImageMessage(t=1510347606.922092, n=361)
[DEBUG, 1510347606.9551194]: PiCamera image received: ImageMessage(t=1510347606.9551103, n=363)
[DEBUG, 1510347606.987594]: PiCamera image received: ImageMessage(t=1510347606.987586, n=364)
[DEBUG, 1510347607.0203464]: PiCamera image received: ImageMessage(t=1510347607.0203383, n=365)
[DEBUG, 1510347607.0534627]: PiCamera image received: ImageMessage(t=1510347607.0534544, n=366)
[DEBUG, 1510347607.0861452]: PiCamera image received: ImageMessage(t=1510347607.0861366, n=367)
[DEBUG, 1510347607.1190443]: PiCamera image received: ImageMessage(t=1510347607.119035, n=368)
[log buffer end]
[PiCamera @ node.py:81][DEBUG] 2017-11-10 16:00:07,120: logging message buffer (len=16455)
[PiCamera @ node.py:79][DEBUG] 2017-11-10 16:00:07,287: [log buffer start]
[DEBUG, 1510347607.1534548]: PiCamera image received: ImageMessage(t=1510347607.1534462, n=369)
[DEBUG, 1510347607.187024]: PiCamera image received: ImageMessage(t=1510347607.187015, n=370)
[DEBUG, 1510347607.220018]: PiCamera image received: ImageMessage(t=1510347607.2200093, n=371)
[DEBUG, 1510347607.2539089]: PiCamera image received: ImageMessage(t=1510347607.2538927, n=372)
[log buffer end]
[PiCamera @ node.py:81][DEBUG] 2017-11-10 16:00:07,288: logging message buffer (len=416)
[PiCamera @ node.py:102][INFO] 2017-11-10 16:00:07,290: Node took 24.439693450927734s to run
[PiCamera @ picamera.py:207][DEBUG] 2017-11-10 16:00:07,300: Tearing down
[PiCamera @ picamera.py:157][DEBUG] 2017-11-10 16:00:07,332: Breaking out of picamera loop
[PiCamera @ picamera.py:166][DEBUG] 2017-11-10 16:00:07,333: Closing capture
[PiCamera @ picamera.py:167][DEBUG] 2017-11-10 16:00:07,372: Closed
