[PiCamera @ factory.py:85][DEBUG] 2017-11-10 18:28:59,547: Logging to: logs/2017_Nov_10/PiCamera/18_28_59.log
[PiCamera @ picamera.py:50][DEBUG] 2017-11-10 18:28:59,575: PiCamera setup
[PiCamera @ picamera.py:61][INFO] 2017-11-10 18:28:59,838: PiCamera initialized: <picamera.camera.PiCamera object at 0x6df92718>
[PiCamera @ picamera.py:136][INFO] 2017-11-10 18:28:59,839: Warming up camera
[PiCamera @ node.py:79][DEBUG] 2017-11-10 18:29:11,832: [log buffer start]
[DEBUG, 1510356543.6115983]: PiCamera image received: ImageMessage(t=1510356543.6115878, n=3)
[DEBUG, 1510356543.7116916]: PiCamera image received: ImageMessage(t=1510356543.7116814, n=5)
[DEBUG, 1510356543.7772863]: PiCamera image received: ImageMessage(t=1510356543.7772777, n=7)
[DEBUG, 1510356543.8098624]: PiCamera image received: ImageMessage(t=1510356543.8098543, n=8)
[DEBUG, 1510356543.842818]: PiCamera image received: ImageMessage(t=1510356543.842803, n=9)
[DEBUG, 1510356543.8757262]: PiCamera image received: ImageMessage(t=1510356543.8757107, n=10)
[DEBUG, 1510356543.909086]: PiCamera image received: ImageMessage(t=1510356543.9090707, n=11)
[DEBUG, 1510356543.9415224]: PiCamera image received: ImageMessage(t=1510356543.9415073, n=12)
[DEBUG, 1510356543.9738915]: PiCamera image received: ImageMessage(t=1510356543.973876, n=13)
[DEBUG, 1510356544.006869]: PiCamera image received: ImageMessage(t=1510356544.0068533, n=14)
[DEBUG, 1510356544.0402467]: PiCamera image received: ImageMessage(t=1510356544.0402315, n=15)
[DEBUG, 1510356544.0735083]: PiCamera image received: ImageMessage(t=1510356544.0734928, n=16)
[DEBUG, 1510356544.1727197]: PiCamera image received: ImageMessage(t=1510356544.1727035, n=17)
[DEBUG, 1510356544.2057924]: PiCamera image received: ImageMessage(t=1510356544.2057767, n=18)
[DEBUG, 1510356544.2385135]: PiCamera image received: ImageMessage(t=1510356544.238498, n=19)
[DEBUG, 1510356544.3118844]: PiCamera image received: ImageMessage(t=1510356544.3118696, n=21)
[DEBUG, 1510356544.3471305]: PiCamera image received: ImageMessage(t=1510356544.347115, n=22)
[DEBUG, 1510356544.3798828]: PiCamera image received: ImageMessage(t=1510356544.3798666, n=23)
[DEBUG, 1510356544.414968]: PiCamera image received: ImageMessage(t=1510356544.4149537, n=24)
[DEBUG, 1510356544.4484105]: PiCamera image received: ImageMessage(t=1510356544.4483957, n=25)
[DEBUG, 1510356544.481252]: PiCamera image received: ImageMessage(t=1510356544.4812362, n=26)
[DEBUG, 1510356544.5139904]: PiCamera image received: ImageMessage(t=1510356544.5139747, n=27)
[DEBUG, 1510356544.5468783]: PiCamera image received: ImageMessage(t=1510356544.5468628, n=28)
[DEBUG, 1510356544.5802474]: PiCamera image received: ImageMessage(t=1510356544.580232, n=29)
[DEBUG, 1510356544.619867]: PiCamera image received: ImageMessage(t=1510356544.6198518, n=30)
[DEBUG, 1510356544.6526003]: PiCamera image received: ImageMessage(t=1510356544.6525857, n=31)
[DEBUG, 1510356544.6851013]: PiCamera image received: ImageMessage(t=1510356544.685087, n=32)
[DEBUG, 1510356544.7198677]: PiCamera image received: ImageMessage(t=1510356544.7198539, n=33)
[DEBUG, 1510356544.753308]: PiCamera image received: ImageMessage(t=1510356544.7532928, n=35)
[DEBUG, 1510356544.7858634]: PiCamera image received: ImageMessage(t=1510356544.7858484, n=36)
[DEBUG, 1510356544.8502784]: PiCamera image received: ImageMessage(t=1510356544.8502636, n=37)
[DEBUG, 1510356544.8844213]: PiCamera image received: ImageMessage(t=1510356544.8844068, n=38)
[DEBUG, 1510356544.9197292]: PiCamera image received: ImageMessage(t=1510356544.9197154, n=39)
[DEBUG, 1510356544.9535282]: PiCamera image received: ImageMessage(t=1510356544.953513, n=40)
[DEBUG, 1510356544.9860265]: PiCamera image received: ImageMessage(t=1510356544.9860108, n=41)
[DEBUG, 1510356545.0253012]: PiCamera image received: ImageMessage(t=1510356545.0252855, n=42)
[DEBUG, 1510356545.0664766]: PiCamera image received: ImageMessage(t=1510356545.0664616, n=44)
[DEBUG, 1510356545.0992756]: PiCamera image received: ImageMessage(t=1510356545.0992608, n=45)
[DEBUG, 1510356545.131833]: PiCamera image received: ImageMessage(t=1510356545.1318183, n=46)
[DEBUG, 1510356545.1646237]: PiCamera image received: ImageMessage(t=1510356545.1646082, n=47)
[DEBUG, 1510356545.197896]: PiCamera image received: ImageMessage(t=1510356545.1978803, n=48)
[DEBUG, 1510356545.2309678]: PiCamera image received: ImageMessage(t=1510356545.230952, n=49)
[DEBUG, 1510356545.3297288]: PiCamera image received: ImageMessage(t=1510356545.3297129, n=50)
[DEBUG, 1510356545.3630266]: PiCamera image received: ImageMessage(t=1510356545.3630114, n=51)
[DEBUG, 1510356545.4023986]: PiCamera image received: ImageMessage(t=1510356545.4023833, n=52)
[DEBUG, 1510356545.4374437]: PiCamera image received: ImageMessage(t=1510356545.4374292, n=54)
[DEBUG, 1510356545.472549]: PiCamera image received: ImageMessage(t=1510356545.4725335, n=55)
[DEBUG, 1510356545.5053372]: PiCamera image received: ImageMessage(t=1510356545.505322, n=56)
[DEBUG, 1510356545.5404267]: PiCamera image received: ImageMessage(t=1510356545.5404124, n=57)
[DEBUG, 1510356545.5729113]: PiCamera image received: ImageMessage(t=1510356545.5728965, n=58)
[DEBUG, 1510356545.6054313]: PiCamera image received: ImageMessage(t=1510356545.6054163, n=59)
[DEBUG, 1510356545.6727872]: PiCamera image received: ImageMessage(t=1510356545.672771, n=60)
[DEBUG, 1510356545.712871]: PiCamera image received: ImageMessage(t=1510356545.7128553, n=61)
[DEBUG, 1510356545.7477517]: PiCamera image received: ImageMessage(t=1510356545.7477376, n=62)
[DEBUG, 1510356545.781467]: PiCamera image received: ImageMessage(t=1510356545.7814522, n=64)
[DEBUG, 1510356545.8500113]: PiCamera image received: ImageMessage(t=1510356545.8499959, n=65)
[DEBUG, 1510356545.9150622]: PiCamera image received: ImageMessage(t=1510356545.9150467, n=66)
[DEBUG, 1510356545.9481788]: PiCamera image received: ImageMessage(t=1510356545.9481633, n=67)
[DEBUG, 1510356545.9812622]: PiCamera image received: ImageMessage(t=1510356545.9812474, n=68)
[DEBUG, 1510356546.014356]: PiCamera image received: ImageMessage(t=1510356546.0143406, n=69)
[DEBUG, 1510356546.0475988]: PiCamera image received: ImageMessage(t=1510356546.0475826, n=70)
[DEBUG, 1510356546.0806594]: PiCamera image received: ImageMessage(t=1510356546.0806441, n=71)
[DEBUG, 1510356546.1133096]: PiCamera image received: ImageMessage(t=1510356546.1132941, n=72)
[DEBUG, 1510356546.1474144]: PiCamera image received: ImageMessage(t=1510356546.1473985, n=73)
[DEBUG, 1510356546.1876376]: PiCamera image received: ImageMessage(t=1510356546.187622, n=74)
[DEBUG, 1510356546.2234974]: PiCamera image received: ImageMessage(t=1510356546.2234824, n=75)
[DEBUG, 1510356546.2892814]: PiCamera image received: ImageMessage(t=1510356546.2892654, n=76)
[DEBUG, 1510356546.3227453]: PiCamera image received: ImageMessage(t=1510356546.32273, n=77)
[DEBUG, 1510356546.355789]: PiCamera image received: ImageMessage(t=1510356546.3557734, n=78)
[DEBUG, 1510356546.3888483]: PiCamera image received: ImageMessage(t=1510356546.3888323, n=79)
[DEBUG, 1510356546.5028179]: PiCamera image received: ImageMessage(t=1510356546.5028014, n=80)
[DEBUG, 1510356546.6217341]: PiCamera image received: ImageMessage(t=1510356546.6217186, n=81)
[DEBUG, 1510356546.7355719]: PiCamera image received: ImageMessage(t=1510356546.7355568, n=82)
[DEBUG, 1510356546.8428898]: PiCamera image received: ImageMessage(t=1510356546.8428757, n=83)
[DEBUG, 1510356546.8761327]: PiCamera image received: ImageMessage(t=1510356546.8761165, n=84)
[DEBUG, 1510356546.909955]: PiCamera image received: ImageMessage(t=1510356546.90994, n=86)
[DEBUG, 1510356547.017569]: PiCamera image received: ImageMessage(t=1510356547.017554, n=87)
[DEBUG, 1510356547.0521533]: PiCamera image received: ImageMessage(t=1510356547.0521374, n=88)
[DEBUG, 1510356547.1277914]: PiCamera image received: ImageMessage(t=1510356547.127776, n=89)
[DEBUG, 1510356547.1938858]: PiCamera image received: ImageMessage(t=1510356547.1938703, n=90)
[DEBUG, 1510356547.2960699]: PiCamera image received: ImageMessage(t=1510356547.296056, n=91)
[DEBUG, 1510356547.360293]: PiCamera image received: ImageMessage(t=1510356547.3602781, n=92)
[DEBUG, 1510356547.42725]: PiCamera image received: ImageMessage(t=1510356547.4272351, n=93)
[DEBUG, 1510356547.5303898]: PiCamera image received: ImageMessage(t=1510356547.5303817, n=94)
[DEBUG, 1510356547.562719]: PiCamera image received: ImageMessage(t=1510356547.5627103, n=95)
[DEBUG, 1510356547.5950372]: PiCamera image received: ImageMessage(t=1510356547.5950274, n=96)
[DEBUG, 1510356547.627458]: PiCamera image received: ImageMessage(t=1510356547.6274495, n=97)
[DEBUG, 1510356547.660364]: PiCamera image received: ImageMessage(t=1510356547.6603549, n=98)
[DEBUG, 1510356547.6937923]: PiCamera image received: ImageMessage(t=1510356547.6937847, n=99)
[DEBUG, 1510356547.725823]: PiCamera image received: ImageMessage(t=1510356547.7258146, n=100)
[DEBUG, 1510356547.757896]: PiCamera image received: ImageMessage(t=1510356547.7578874, n=101)
[DEBUG, 1510356547.7900114]: PiCamera image received: ImageMessage(t=1510356547.7900028, n=102)
[DEBUG, 1510356547.8222425]: PiCamera image received: ImageMessage(t=1510356547.8222349, n=103)
[DEBUG, 1510356547.854801]: PiCamera image received: ImageMessage(t=1510356547.8547926, n=104)
[DEBUG, 1510356547.8875275]: PiCamera image received: ImageMessage(t=1510356547.8875194, n=105)
[DEBUG, 1510356547.9201283]: PiCamera image received: ImageMessage(t=1510356547.92012, n=106)
[DEBUG, 1510356547.9529057]: PiCamera image received: ImageMessage(t=1510356547.952897, n=107)
[DEBUG, 1510356547.9896853]: PiCamera image received: ImageMessage(t=1510356547.9896765, n=108)
[DEBUG, 1510356548.0241504]: PiCamera image received: ImageMessage(t=1510356548.0241416, n=110)
[DEBUG, 1510356548.0567772]: PiCamera image received: ImageMessage(t=1510356548.0567687, n=111)
[DEBUG, 1510356548.0896335]: PiCamera image received: ImageMessage(t=1510356548.089625, n=112)
[DEBUG, 1510356548.1220858]: PiCamera image received: ImageMessage(t=1510356548.1220772, n=113)
[DEBUG, 1510356548.154424]: PiCamera image received: ImageMessage(t=1510356548.154415, n=114)
[DEBUG, 1510356548.1882107]: PiCamera image received: ImageMessage(t=1510356548.1882017, n=115)
[DEBUG, 1510356548.220954]: PiCamera image received: ImageMessage(t=1510356548.2209384, n=116)
[DEBUG, 1510356548.2553754]: PiCamera image received: ImageMessage(t=1510356548.2553587, n=117)
[DEBUG, 1510356548.288184]: PiCamera image received: ImageMessage(t=1510356548.2881684, n=118)
[DEBUG, 1510356548.3209589]: PiCamera image received: ImageMessage(t=1510356548.3209503, n=119)
[DEBUG, 1510356548.3536067]: PiCamera image received: ImageMessage(t=1510356548.3535995, n=120)
[DEBUG, 1510356548.387408]: PiCamera image received: ImageMessage(t=1510356548.3873992, n=121)
[DEBUG, 1510356548.4214184]: PiCamera image received: ImageMessage(t=1510356548.4214096, n=122)
[DEBUG, 1510356548.459039]: PiCamera image received: ImageMessage(t=1510356548.4590304, n=123)
[DEBUG, 1510356548.4913878]: PiCamera image received: ImageMessage(t=1510356548.4913793, n=124)
[DEBUG, 1510356548.5243022]: PiCamera image received: ImageMessage(t=1510356548.5242937, n=126)
[DEBUG, 1510356548.5585117]: PiCamera image received: ImageMessage(t=1510356548.5585036, n=127)
[DEBUG, 1510356548.5915864]: PiCamera image received: ImageMessage(t=1510356548.5915778, n=128)
[DEBUG, 1510356548.6251054]: PiCamera image received: ImageMessage(t=1510356548.6250966, n=129)
[DEBUG, 1510356548.6576326]: PiCamera image received: ImageMessage(t=1510356548.6576238, n=130)
[DEBUG, 1510356548.690093]: PiCamera image received: ImageMessage(t=1510356548.690084, n=131)
[DEBUG, 1510356548.7231293]: PiCamera image received: ImageMessage(t=1510356548.7230384, n=132)
[DEBUG, 1510356548.7581646]: PiCamera image received: ImageMessage(t=1510356548.7581558, n=133)
[DEBUG, 1510356548.7923582]: PiCamera image received: ImageMessage(t=1510356548.7923493, n=134)
[DEBUG, 1510356548.8588305]: PiCamera image received: ImageMessage(t=1510356548.858815, n=135)
[DEBUG, 1510356548.9654303]: PiCamera image received: ImageMessage(t=1510356548.9654155, n=136)
[DEBUG, 1510356548.9994993]: PiCamera image received: ImageMessage(t=1510356548.999484, n=137)
[DEBUG, 1510356549.036454]: PiCamera image received: ImageMessage(t=1510356549.0364387, n=139)
[DEBUG, 1510356549.0694273]: PiCamera image received: ImageMessage(t=1510356549.069412, n=140)
[DEBUG, 1510356549.1033862]: PiCamera image received: ImageMessage(t=1510356549.1033707, n=141)
[DEBUG, 1510356549.138592]: PiCamera image received: ImageMessage(t=1510356549.1385767, n=142)
[DEBUG, 1510356549.171546]: PiCamera image received: ImageMessage(t=1510356549.1715124, n=143)
[DEBUG, 1510356549.240324]: PiCamera image received: ImageMessage(t=1510356549.2403088, n=144)
[DEBUG, 1510356549.3113399]: PiCamera image received: ImageMessage(t=1510356549.311324, n=145)
[DEBUG, 1510356549.419578]: PiCamera image received: ImageMessage(t=1510356549.4195611, n=146)
[DEBUG, 1510356549.4531412]: PiCamera image received: ImageMessage(t=1510356549.4531252, n=147)
[DEBUG, 1510356549.4945664]: PiCamera image received: ImageMessage(t=1510356549.4945505, n=148)
[DEBUG, 1510356549.5314224]: PiCamera image received: ImageMessage(t=1510356549.5314069, n=149)
[DEBUG, 1510356549.6012883]: PiCamera image received: ImageMessage(t=1510356549.601272, n=150)
[DEBUG, 1510356549.6664078]: PiCamera image received: ImageMessage(t=1510356549.6663923, n=151)
[DEBUG, 1510356549.699603]: PiCamera image received: ImageMessage(t=1510356549.6995885, n=152)
[DEBUG, 1510356549.7995532]: PiCamera image received: ImageMessage(t=1510356549.7995367, n=153)
[DEBUG, 1510356549.8343174]: PiCamera image received: ImageMessage(t=1510356549.8343017, n=154)
[DEBUG, 1510356549.8671048]: PiCamera image received: ImageMessage(t=1510356549.8670893, n=155)
[DEBUG, 1510356549.9697876]: PiCamera image received: ImageMessage(t=1510356549.9697716, n=157)
[DEBUG, 1510356550.0038402]: PiCamera image received: ImageMessage(t=1510356550.0038252, n=158)
[DEBUG, 1510356550.036993]: PiCamera image received: ImageMessage(t=1510356550.036978, n=159)
[DEBUG, 1510356550.0694144]: PiCamera image received: ImageMessage(t=1510356550.0693989, n=160)
[DEBUG, 1510356550.167137]: PiCamera image received: ImageMessage(t=1510356550.1671185, n=161)
[DEBUG, 1510356550.2024648]: PiCamera image received: ImageMessage(t=1510356550.2024488, n=162)
[DEBUG, 1510356550.2355516]: PiCamera image received: ImageMessage(t=1510356550.2355347, n=163)
[DEBUG, 1510356550.3010592]: PiCamera image received: ImageMessage(t=1510356550.3010435, n=164)
[DEBUG, 1510356550.3671427]: PiCamera image received: ImageMessage(t=1510356550.3671272, n=165)
[DEBUG, 1510356550.4409394]: PiCamera image received: ImageMessage(t=1510356550.4409232, n=166)
[DEBUG, 1510356550.477113]: PiCamera image received: ImageMessage(t=1510356550.4770973, n=167)
[DEBUG, 1510356550.5142183]: PiCamera image received: ImageMessage(t=1510356550.514203, n=168)
[DEBUG, 1510356550.5488837]: PiCamera image received: ImageMessage(t=1510356550.5488682, n=169)
[DEBUG, 1510356550.659996]: PiCamera image received: ImageMessage(t=1510356550.659982, n=170)
[DEBUG, 1510356550.7967918]: PiCamera image received: ImageMessage(t=1510356550.796776, n=172)
[DEBUG, 1510356550.8640304]: PiCamera image received: ImageMessage(t=1510356550.8640141, n=173)
[DEBUG, 1510356550.943316]: PiCamera image received: ImageMessage(t=1510356550.9433005, n=174)
[DEBUG, 1510356550.9761283]: PiCamera image received: ImageMessage(t=1510356550.9761136, n=175)
[DEBUG, 1510356551.0091972]: PiCamera image received: ImageMessage(t=1510356551.0091815, n=176)
[DEBUG, 1510356551.0447936]: PiCamera image received: ImageMessage(t=1510356551.04478, n=177)
[DEBUG, 1510356551.143169]: PiCamera image received: ImageMessage(t=1510356551.1431522, n=178)
[DEBUG, 1510356551.1773248]: PiCamera image received: ImageMessage(t=1510356551.1773093, n=179)
[DEBUG, 1510356551.260336]: PiCamera image received: ImageMessage(t=1510356551.2603207, n=180)
[DEBUG, 1510356551.333193]: PiCamera image received: ImageMessage(t=1510356551.3331776, n=181)
[DEBUG, 1510356551.4127686]: PiCamera image received: ImageMessage(t=1510356551.4127543, n=182)
[DEBUG, 1510356551.5114644]: PiCamera image received: ImageMessage(t=1510356551.5114484, n=183)
[DEBUG, 1510356551.5451407]: PiCamera image received: ImageMessage(t=1510356551.5451252, n=184)
[DEBUG, 1510356551.6172583]: PiCamera image received: ImageMessage(t=1510356551.6172254, n=185)
[DEBUG, 1510356551.7252033]: PiCamera image received: ImageMessage(t=1510356551.725189, n=186)
[DEBUG, 1510356551.7955143]: PiCamera image received: ImageMessage(t=1510356551.795498, n=187)
[DEBUG, 1510356551.832441]: PiCamera image received: ImageMessage(t=1510356551.8324265, n=188)
[log buffer end]
[PiCamera @ node.py:81][DEBUG] 2017-11-10 18:29:11,834: logging message buffer (len=16466)
[PiCamera @ node.py:79][DEBUG] 2017-11-10 18:29:22,429: [log buffer start]
[DEBUG, 1510356551.9102397]: PiCamera image received: ImageMessage(t=1510356551.9102232, n=189)
[DEBUG, 1510356551.9791439]: PiCamera image received: ImageMessage(t=1510356551.9791281, n=190)
[DEBUG, 1510356552.0450356]: PiCamera image received: ImageMessage(t=1510356552.0450194, n=191)
[DEBUG, 1510356552.1428728]: PiCamera image received: ImageMessage(t=1510356552.1428573, n=192)
[DEBUG, 1510356552.2480989]: PiCamera image received: ImageMessage(t=1510356552.248084, n=193)
[DEBUG, 1510356552.3352177]: PiCamera image received: ImageMessage(t=1510356552.3352027, n=194)
[DEBUG, 1510356552.4434314]: PiCamera image received: ImageMessage(t=1510356552.4434159, n=195)
[DEBUG, 1510356552.47843]: PiCamera image received: ImageMessage(t=1510356552.4784145, n=196)
[DEBUG, 1510356552.5782833]: PiCamera image received: ImageMessage(t=1510356552.5782692, n=197)
[DEBUG, 1510356552.69285]: PiCamera image received: ImageMessage(t=1510356552.692833, n=198)
[DEBUG, 1510356552.7273161]: PiCamera image received: ImageMessage(t=1510356552.7273006, n=199)
[DEBUG, 1510356552.764037]: PiCamera image received: ImageMessage(t=1510356552.7640214, n=200)
[DEBUG, 1510356552.8305464]: PiCamera image received: ImageMessage(t=1510356552.8305311, n=201)
[DEBUG, 1510356552.8645954]: PiCamera image received: ImageMessage(t=1510356552.8645792, n=202)
[DEBUG, 1510356552.9751449]: PiCamera image received: ImageMessage(t=1510356552.9751143, n=203)
[DEBUG, 1510356553.0410216]: PiCamera image received: ImageMessage(t=1510356553.0410058, n=204)
[DEBUG, 1510356553.139588]: PiCamera image received: ImageMessage(t=1510356553.1395714, n=205)
[DEBUG, 1510356553.172248]: PiCamera image received: ImageMessage(t=1510356553.172233, n=206)
[DEBUG, 1510356553.2898343]: PiCamera image received: ImageMessage(t=1510356553.2898197, n=208)
[DEBUG, 1510356553.4079375]: PiCamera image received: ImageMessage(t=1510356553.4079213, n=209)
[DEBUG, 1510356553.5102093]: PiCamera image received: ImageMessage(t=1510356553.5101938, n=210)
[DEBUG, 1510356553.575108]: PiCamera image received: ImageMessage(t=1510356553.5750926, n=211)
[DEBUG, 1510356553.6082804]: PiCamera image received: ImageMessage(t=1510356553.6082644, n=212)
[DEBUG, 1510356553.640551]: PiCamera image received: ImageMessage(t=1510356553.6405356, n=213)
[DEBUG, 1510356553.7411385]: PiCamera image received: ImageMessage(t=1510356553.7411234, n=214)
[DEBUG, 1510356553.77588]: PiCamera image received: ImageMessage(t=1510356553.7758644, n=215)
[DEBUG, 1510356553.882265]: PiCamera image received: ImageMessage(t=1510356553.8822498, n=216)
[DEBUG, 1510356553.9795725]: PiCamera image received: ImageMessage(t=1510356553.979557, n=217)
[DEBUG, 1510356554.0126877]: PiCamera image received: ImageMessage(t=1510356554.0126722, n=218)
[DEBUG, 1510356554.046866]: PiCamera image received: ImageMessage(t=1510356554.0468504, n=219)
[DEBUG, 1510356554.1538887]: PiCamera image received: ImageMessage(t=1510356554.1538734, n=220)
[DEBUG, 1510356554.1870186]: PiCamera image received: ImageMessage(t=1510356554.1870036, n=222)
[DEBUG, 1510356554.254716]: PiCamera image received: ImageMessage(t=1510356554.254701, n=224)
[DEBUG, 1510356554.39567]: PiCamera image received: ImageMessage(t=1510356554.3956554, n=225)
[DEBUG, 1510356554.4282377]: PiCamera image received: ImageMessage(t=1510356554.428222, n=226)
[DEBUG, 1510356554.4619255]: PiCamera image received: ImageMessage(t=1510356554.4619093, n=227)
[DEBUG, 1510356554.56248]: PiCamera image received: ImageMessage(t=1510356554.5624635, n=229)
[DEBUG, 1510356554.637546]: PiCamera image received: ImageMessage(t=1510356554.63753, n=230)
[DEBUG, 1510356554.7048545]: PiCamera image received: ImageMessage(t=1510356554.7048388, n=231)
[DEBUG, 1510356554.745692]: PiCamera image received: ImageMessage(t=1510356554.745676, n=232)
[DEBUG, 1510356554.778265]: PiCamera image received: ImageMessage(t=1510356554.7782493, n=233)
[DEBUG, 1510356554.8453174]: PiCamera image received: ImageMessage(t=1510356554.8453026, n=234)
[DEBUG, 1510356554.915787]: PiCamera image received: ImageMessage(t=1510356554.915771, n=235)
[DEBUG, 1510356554.9835658]: PiCamera image received: ImageMessage(t=1510356554.9835498, n=236)
[DEBUG, 1510356555.0842576]: PiCamera image received: ImageMessage(t=1510356555.0842426, n=237)
[DEBUG, 1510356555.190801]: PiCamera image received: ImageMessage(t=1510356555.1907856, n=238)
[DEBUG, 1510356555.2242959]: PiCamera image received: ImageMessage(t=1510356555.2242804, n=239)
[DEBUG, 1510356555.2900236]: PiCamera image received: ImageMessage(t=1510356555.2900085, n=240)
[DEBUG, 1510356555.3559084]: PiCamera image received: ImageMessage(t=1510356555.3558931, n=241)
[DEBUG, 1510356555.4236448]: PiCamera image received: ImageMessage(t=1510356555.4236298, n=242)
[DEBUG, 1510356555.5308454]: PiCamera image received: ImageMessage(t=1510356555.5308306, n=243)
[DEBUG, 1510356555.5635405]: PiCamera image received: ImageMessage(t=1510356555.5635252, n=244)
[DEBUG, 1510356555.633862]: PiCamera image received: ImageMessage(t=1510356555.6338456, n=245)
[DEBUG, 1510356555.731117]: PiCamera image received: ImageMessage(t=1510356555.7311022, n=246)
[DEBUG, 1510356555.8307207]: PiCamera image received: ImageMessage(t=1510356555.8307045, n=247)
[DEBUG, 1510356555.8636174]: PiCamera image received: ImageMessage(t=1510356555.8636026, n=248)
[DEBUG, 1510356555.8959858]: PiCamera image received: ImageMessage(t=1510356555.89597, n=249)
[DEBUG, 1510356555.9367406]: PiCamera image received: ImageMessage(t=1510356555.9367254, n=250)
[DEBUG, 1510356556.0068252]: PiCamera image received: ImageMessage(t=1510356556.0068092, n=251)
[DEBUG, 1510356556.0827715]: PiCamera image received: ImageMessage(t=1510356556.0827553, n=252)
[DEBUG, 1510356556.1626403]: PiCamera image received: ImageMessage(t=1510356556.1626241, n=253)
[DEBUG, 1510356556.1967273]: PiCamera image received: ImageMessage(t=1510356556.196711, n=254)
[DEBUG, 1510356556.2300918]: PiCamera image received: ImageMessage(t=1510356556.2300756, n=255)
[DEBUG, 1510356556.2632706]: PiCamera image received: ImageMessage(t=1510356556.2632556, n=256)
[DEBUG, 1510356556.2961967]: PiCamera image received: ImageMessage(t=1510356556.2961814, n=257)
[DEBUG, 1510356556.4083138]: PiCamera image received: ImageMessage(t=1510356556.4082985, n=258)
[DEBUG, 1510356556.5116124]: PiCamera image received: ImageMessage(t=1510356556.5115964, n=260)
[DEBUG, 1510356556.5852835]: PiCamera image received: ImageMessage(t=1510356556.5852673, n=261)
[DEBUG, 1510356556.6619785]: PiCamera image received: ImageMessage(t=1510356556.6619627, n=262)
[DEBUG, 1510356556.7646081]: PiCamera image received: ImageMessage(t=1510356556.7645922, n=263)
[DEBUG, 1510356556.8402166]: PiCamera image received: ImageMessage(t=1510356556.840201, n=264)
[DEBUG, 1510356556.8779354]: PiCamera image received: ImageMessage(t=1510356556.8779204, n=265)
[DEBUG, 1510356556.911418]: PiCamera image received: ImageMessage(t=1510356556.9114017, n=266)
[DEBUG, 1510356556.9763513]: PiCamera image received: ImageMessage(t=1510356556.9763365, n=267)
[DEBUG, 1510356557.1068668]: PiCamera image received: ImageMessage(t=1510356557.1068513, n=268)
[DEBUG, 1510356557.1513968]: PiCamera image received: ImageMessage(t=1510356557.1513808, n=269)
[DEBUG, 1510356557.1923695]: PiCamera image received: ImageMessage(t=1510356557.1923537, n=270)
[DEBUG, 1510356557.2271867]: PiCamera image received: ImageMessage(t=1510356557.227171, n=271)
[DEBUG, 1510356557.2942905]: PiCamera image received: ImageMessage(t=1510356557.294276, n=272)
[DEBUG, 1510356557.326785]: PiCamera image received: ImageMessage(t=1510356557.3267708, n=273)
[DEBUG, 1510356557.3592255]: PiCamera image received: ImageMessage(t=1510356557.3592103, n=274)
[DEBUG, 1510356557.4564066]: PiCamera image received: ImageMessage(t=1510356557.456388, n=275)
[DEBUG, 1510356557.4892855]: PiCamera image received: ImageMessage(t=1510356557.4892695, n=276)
[DEBUG, 1510356557.5251722]: PiCamera image received: ImageMessage(t=1510356557.5251565, n=277)
[DEBUG, 1510356557.5985954]: PiCamera image received: ImageMessage(t=1510356557.5985808, n=278)
[DEBUG, 1510356557.633756]: PiCamera image received: ImageMessage(t=1510356557.6337407, n=279)
[DEBUG, 1510356557.7014718]: PiCamera image received: ImageMessage(t=1510356557.7014542, n=280)
[DEBUG, 1510356557.7671325]: PiCamera image received: ImageMessage(t=1510356557.7671168, n=281)
[DEBUG, 1510356557.832877]: PiCamera image received: ImageMessage(t=1510356557.8328612, n=282)
[DEBUG, 1510356557.8677783]: PiCamera image received: ImageMessage(t=1510356557.8677623, n=283)
[DEBUG, 1510356557.9085414]: PiCamera image received: ImageMessage(t=1510356557.9085271, n=284)
[DEBUG, 1510356557.976946]: PiCamera image received: ImageMessage(t=1510356557.9769313, n=285)
[DEBUG, 1510356558.0106905]: PiCamera image received: ImageMessage(t=1510356558.0106764, n=286)
[DEBUG, 1510356558.045975]: PiCamera image received: ImageMessage(t=1510356558.0459368, n=287)
[DEBUG, 1510356558.080537]: PiCamera image received: ImageMessage(t=1510356558.0805209, n=288)
[DEBUG, 1510356558.1787531]: PiCamera image received: ImageMessage(t=1510356558.1787372, n=289)
[DEBUG, 1510356558.288344]: PiCamera image received: ImageMessage(t=1510356558.288329, n=290)
[DEBUG, 1510356558.324497]: PiCamera image received: ImageMessage(t=1510356558.3244815, n=291)
[DEBUG, 1510356558.3898723]: PiCamera image received: ImageMessage(t=1510356558.3898575, n=292)
[DEBUG, 1510356558.4249563]: PiCamera image received: ImageMessage(t=1510356558.4249403, n=293)
[DEBUG, 1510356558.4581592]: PiCamera image received: ImageMessage(t=1510356558.4581437, n=294)
[DEBUG, 1510356558.4914012]: PiCamera image received: ImageMessage(t=1510356558.491386, n=295)
[DEBUG, 1510356558.5332289]: PiCamera image received: ImageMessage(t=1510356558.5331953, n=296)
[DEBUG, 1510356558.639961]: PiCamera image received: ImageMessage(t=1510356558.639947, n=298)
[DEBUG, 1510356558.6817706]: PiCamera image received: ImageMessage(t=1510356558.6817553, n=299)
[DEBUG, 1510356558.7196298]: PiCamera image received: ImageMessage(t=1510356558.7196157, n=300)
[DEBUG, 1510356558.7544315]: PiCamera image received: ImageMessage(t=1510356558.7544155, n=301)
[DEBUG, 1510356558.8252165]: PiCamera image received: ImageMessage(t=1510356558.8252027, n=302)
[DEBUG, 1510356558.8581402]: PiCamera image received: ImageMessage(t=1510356558.8581247, n=303)
[DEBUG, 1510356558.9571733]: PiCamera image received: ImageMessage(t=1510356558.9571579, n=304)
[DEBUG, 1510356558.9962893]: PiCamera image received: ImageMessage(t=1510356558.9962735, n=305)
[DEBUG, 1510356559.0296066]: PiCamera image received: ImageMessage(t=1510356559.0295913, n=306)
[DEBUG, 1510356559.0626488]: PiCamera image received: ImageMessage(t=1510356559.062634, n=307)
[DEBUG, 1510356559.127995]: PiCamera image received: ImageMessage(t=1510356559.127978, n=308)
[DEBUG, 1510356559.1612227]: PiCamera image received: ImageMessage(t=1510356559.1612058, n=309)
[DEBUG, 1510356559.1942835]: PiCamera image received: ImageMessage(t=1510356559.1942685, n=310)
[DEBUG, 1510356559.2597065]: PiCamera image received: ImageMessage(t=1510356559.2596903, n=311)
[DEBUG, 1510356559.325894]: PiCamera image received: ImageMessage(t=1510356559.325878, n=312)
[DEBUG, 1510356559.3904176]: PiCamera image received: ImageMessage(t=1510356559.3904014, n=313)
[DEBUG, 1510356559.423358]: PiCamera image received: ImageMessage(t=1510356559.4233422, n=314)
[DEBUG, 1510356559.5357943]: PiCamera image received: ImageMessage(t=1510356559.53578, n=316)
[DEBUG, 1510356559.569519]: PiCamera image received: ImageMessage(t=1510356559.569504, n=317)
[DEBUG, 1510356559.603467]: PiCamera image received: ImageMessage(t=1510356559.6034527, n=318)
[DEBUG, 1510356559.635829]: PiCamera image received: ImageMessage(t=1510356559.6358137, n=319)
[DEBUG, 1510356559.67509]: PiCamera image received: ImageMessage(t=1510356559.6750743, n=320)
[DEBUG, 1510356559.7793252]: PiCamera image received: ImageMessage(t=1510356559.7793097, n=321)
[DEBUG, 1510356559.8175087]: PiCamera image received: ImageMessage(t=1510356559.8174934, n=322)
[DEBUG, 1510356559.8514903]: PiCamera image received: ImageMessage(t=1510356559.851475, n=323)
[DEBUG, 1510356559.887506]: PiCamera image received: ImageMessage(t=1510356559.8874905, n=324)
[DEBUG, 1510356559.9532256]: PiCamera image received: ImageMessage(t=1510356559.9532104, n=325)
[DEBUG, 1510356560.0366695]: PiCamera image received: ImageMessage(t=1510356560.0366554, n=326)
[DEBUG, 1510356560.1018429]: PiCamera image received: ImageMessage(t=1510356560.1018276, n=327)
[DEBUG, 1510356560.1345239]: PiCamera image received: ImageMessage(t=1510356560.1345093, n=328)
[DEBUG, 1510356560.231128]: PiCamera image received: ImageMessage(t=1510356560.2311122, n=329)
[DEBUG, 1510356560.2643242]: PiCamera image received: ImageMessage(t=1510356560.264308, n=330)
[DEBUG, 1510356560.3644636]: PiCamera image received: ImageMessage(t=1510356560.364448, n=331)
[DEBUG, 1510356560.3997133]: PiCamera image received: ImageMessage(t=1510356560.3996968, n=332)
[DEBUG, 1510356560.5004132]: PiCamera image received: ImageMessage(t=1510356560.5003977, n=334)
[DEBUG, 1510356560.5359674]: PiCamera image received: ImageMessage(t=1510356560.5359519, n=335)
[DEBUG, 1510356560.568602]: PiCamera image received: ImageMessage(t=1510356560.5685875, n=336)
[DEBUG, 1510356560.6021626]: PiCamera image received: ImageMessage(t=1510356560.6021469, n=337)
[DEBUG, 1510356560.6378613]: PiCamera image received: ImageMessage(t=1510356560.6378453, n=338)
[DEBUG, 1510356560.7514188]: PiCamera image received: ImageMessage(t=1510356560.7514043, n=339)
[DEBUG, 1510356560.8515863]: PiCamera image received: ImageMessage(t=1510356560.851571, n=341)
[DEBUG, 1510356560.8842337]: PiCamera image received: ImageMessage(t=1510356560.8842187, n=342)
[DEBUG, 1510356560.9818592]: PiCamera image received: ImageMessage(t=1510356560.9818442, n=343)
[DEBUG, 1510356561.0169203]: PiCamera image received: ImageMessage(t=1510356561.0169044, n=344)
[DEBUG, 1510356561.050993]: PiCamera image received: ImageMessage(t=1510356561.0509777, n=345)
[DEBUG, 1510356561.093666]: PiCamera image received: ImageMessage(t=1510356561.0936477, n=346)
[DEBUG, 1510356561.2012353]: PiCamera image received: ImageMessage(t=1510356561.20122, n=348)
[DEBUG, 1510356561.3002326]: PiCamera image received: ImageMessage(t=1510356561.3002172, n=349)
[DEBUG, 1510356561.3427868]: PiCamera image received: ImageMessage(t=1510356561.3427706, n=350)
[DEBUG, 1510356561.3783631]: PiCamera image received: ImageMessage(t=1510356561.3783467, n=351)
[DEBUG, 1510356561.412151]: PiCamera image received: ImageMessage(t=1510356561.4121346, n=352)
[DEBUG, 1510356561.4796345]: PiCamera image received: ImageMessage(t=1510356561.4796207, n=353)
[DEBUG, 1510356561.5139008]: PiCamera image received: ImageMessage(t=1510356561.5138848, n=354)
[DEBUG, 1510356561.612828]: PiCamera image received: ImageMessage(t=1510356561.6128097, n=355)
[DEBUG, 1510356561.650379]: PiCamera image received: ImageMessage(t=1510356561.650363, n=356)
[DEBUG, 1510356561.6957648]: PiCamera image received: ImageMessage(t=1510356561.6957495, n=357)
[DEBUG, 1510356561.731306]: PiCamera image received: ImageMessage(t=1510356561.7312894, n=358)
[DEBUG, 1510356561.7985487]: PiCamera image received: ImageMessage(t=1510356561.7985325, n=359)
[DEBUG, 1510356561.8339124]: PiCamera image received: ImageMessage(t=1510356561.8338966, n=360)
[DEBUG, 1510356561.9443831]: PiCamera image received: ImageMessage(t=1510356561.9443676, n=361)
[DEBUG, 1510356561.9779978]: PiCamera image received: ImageMessage(t=1510356561.9779823, n=362)
[DEBUG, 1510356562.0517175]: PiCamera image received: ImageMessage(t=1510356562.0517013, n=363)
[DEBUG, 1510356562.0895338]: PiCamera image received: ImageMessage(t=1510356562.0895176, n=364)
[DEBUG, 1510356562.1608062]: PiCamera image received: ImageMessage(t=1510356562.1607902, n=366)
[DEBUG, 1510356562.2263367]: PiCamera image received: ImageMessage(t=1510356562.226321, n=367)
[DEBUG, 1510356562.2932138]: PiCamera image received: ImageMessage(t=1510356562.293198, n=368)
[DEBUG, 1510356562.3610911]: PiCamera image received: ImageMessage(t=1510356562.361075, n=369)
[DEBUG, 1510356562.3942895]: PiCamera image received: ImageMessage(t=1510356562.394273, n=370)
[DEBUG, 1510356562.4290514]: PiCamera image received: ImageMessage(t=1510356562.429036, n=371)
[log buffer end]
[PiCamera @ node.py:81][DEBUG] 2017-11-10 18:29:22,430: logging message buffer (len=16457)
[PiCamera @ node.py:79][DEBUG] 2017-11-10 18:29:32,169: [log buffer start]
[DEBUG, 1510356562.532456]: PiCamera image received: ImageMessage(t=1510356562.5324395, n=372)
[DEBUG, 1510356562.5653744]: PiCamera image received: ImageMessage(t=1510356562.5653589, n=374)
[DEBUG, 1510356562.6307337]: PiCamera image received: ImageMessage(t=1510356562.6307182, n=375)
[DEBUG, 1510356562.6638997]: PiCamera image received: ImageMessage(t=1510356562.6638849, n=376)
[DEBUG, 1510356562.6965568]: PiCamera image received: ImageMessage(t=1510356562.6965415, n=377)
[DEBUG, 1510356562.737265]: PiCamera image received: ImageMessage(t=1510356562.7372506, n=378)
[DEBUG, 1510356562.8460355]: PiCamera image received: ImageMessage(t=1510356562.846019, n=379)
[DEBUG, 1510356562.9465046]: PiCamera image received: ImageMessage(t=1510356562.946489, n=381)
[DEBUG, 1510356563.0121877]: PiCamera image received: ImageMessage(t=1510356563.012172, n=382)
[DEBUG, 1510356563.0772774]: PiCamera image received: ImageMessage(t=1510356563.0772598, n=383)
[DEBUG, 1510356563.1100385]: PiCamera image received: ImageMessage(t=1510356563.1100233, n=384)
[DEBUG, 1510356563.215692]: PiCamera image received: ImageMessage(t=1510356563.2156754, n=385)
[DEBUG, 1510356563.253919]: PiCamera image received: ImageMessage(t=1510356563.2539032, n=386)
[DEBUG, 1510356563.320606]: PiCamera image received: ImageMessage(t=1510356563.32059, n=387)
[DEBUG, 1510356563.4632742]: PiCamera image received: ImageMessage(t=1510356563.4632568, n=388)
[DEBUG, 1510356563.5006933]: PiCamera image received: ImageMessage(t=1510356563.5006783, n=389)
[DEBUG, 1510356563.6071482]: PiCamera image received: ImageMessage(t=1510356563.6071343, n=391)
[DEBUG, 1510356563.7047093]: PiCamera image received: ImageMessage(t=1510356563.704694, n=392)
[DEBUG, 1510356563.7377398]: PiCamera image received: ImageMessage(t=1510356563.7377248, n=393)
[DEBUG, 1510356563.775967]: PiCamera image received: ImageMessage(t=1510356563.7759516, n=394)
[DEBUG, 1510356563.8350291]: PiCamera image received: ImageMessage(t=1510356563.835014, n=395)
[DEBUG, 1510356563.8816843]: PiCamera image received: ImageMessage(t=1510356563.8816693, n=396)
[DEBUG, 1510356563.9866211]: PiCamera image received: ImageMessage(t=1510356563.9866061, n=397)
[DEBUG, 1510356564.022864]: PiCamera image received: ImageMessage(t=1510356564.0228505, n=398)
[DEBUG, 1510356564.1261294]: PiCamera image received: ImageMessage(t=1510356564.1261141, n=399)
[DEBUG, 1510356564.2294304]: PiCamera image received: ImageMessage(t=1510356564.2294145, n=400)
[DEBUG, 1510356564.2944849]: PiCamera image received: ImageMessage(t=1510356564.294469, n=401)
[DEBUG, 1510356564.33192]: PiCamera image received: ImageMessage(t=1510356564.331905, n=402)
[DEBUG, 1510356564.4092596]: PiCamera image received: ImageMessage(t=1510356564.4092433, n=403)
[DEBUG, 1510356564.4495502]: PiCamera image received: ImageMessage(t=1510356564.4495344, n=404)
[DEBUG, 1510356564.5622604]: PiCamera image received: ImageMessage(t=1510356564.5622432, n=405)
[DEBUG, 1510356564.5961037]: PiCamera image received: ImageMessage(t=1510356564.596088, n=406)
[DEBUG, 1510356564.6605835]: PiCamera image received: ImageMessage(t=1510356564.660568, n=407)
[DEBUG, 1510356564.6971207]: PiCamera image received: ImageMessage(t=1510356564.6971064, n=408)
[DEBUG, 1510356564.7943733]: PiCamera image received: ImageMessage(t=1510356564.7943573, n=409)
[DEBUG, 1510356564.8665917]: PiCamera image received: ImageMessage(t=1510356564.8665764, n=410)
[DEBUG, 1510356564.9757035]: PiCamera image received: ImageMessage(t=1510356564.9756887, n=411)
[DEBUG, 1510356565.0087633]: PiCamera image received: ImageMessage(t=1510356565.0087464, n=412)
[DEBUG, 1510356565.0743427]: PiCamera image received: ImageMessage(t=1510356565.0743275, n=413)
[DEBUG, 1510356565.1192436]: PiCamera image received: ImageMessage(t=1510356565.1192281, n=414)
[DEBUG, 1510356565.2307472]: PiCamera image received: ImageMessage(t=1510356565.230731, n=415)
[DEBUG, 1510356565.263977]: PiCamera image received: ImageMessage(t=1510356565.2639606, n=416)
[DEBUG, 1510356565.299341]: PiCamera image received: ImageMessage(t=1510356565.2993255, n=417)
[DEBUG, 1510356565.3343043]: PiCamera image received: ImageMessage(t=1510356565.3342893, n=418)
[DEBUG, 1510356565.440302]: PiCamera image received: ImageMessage(t=1510356565.440286, n=419)
[DEBUG, 1510356565.5429375]: PiCamera image received: ImageMessage(t=1510356565.5429213, n=420)
[DEBUG, 1510356565.6138504]: PiCamera image received: ImageMessage(t=1510356565.6138344, n=421)
[DEBUG, 1510356565.7126582]: PiCamera image received: ImageMessage(t=1510356565.7126427, n=422)
[DEBUG, 1510356565.747317]: PiCamera image received: ImageMessage(t=1510356565.7473013, n=423)
[DEBUG, 1510356565.8519578]: PiCamera image received: ImageMessage(t=1510356565.8519423, n=424)
[DEBUG, 1510356565.9702938]: PiCamera image received: ImageMessage(t=1510356565.9702797, n=425)
[DEBUG, 1510356566.0384724]: PiCamera image received: ImageMessage(t=1510356566.0384555, n=426)
[DEBUG, 1510356566.1401384]: PiCamera image received: ImageMessage(t=1510356566.1401231, n=427)
[DEBUG, 1510356566.1844869]: PiCamera image received: ImageMessage(t=1510356566.1844716, n=428)
[DEBUG, 1510356566.2888982]: PiCamera image received: ImageMessage(t=1510356566.2888808, n=429)
[DEBUG, 1510356566.354421]: PiCamera image received: ImageMessage(t=1510356566.3544052, n=430)
[DEBUG, 1510356566.3884494]: PiCamera image received: ImageMessage(t=1510356566.3884337, n=431)
[DEBUG, 1510356566.4869769]: PiCamera image received: ImageMessage(t=1510356566.4869616, n=432)
[DEBUG, 1510356566.5868979]: PiCamera image received: ImageMessage(t=1510356566.5868752, n=433)
[DEBUG, 1510356566.6905825]: PiCamera image received: ImageMessage(t=1510356566.6905675, n=434)
[DEBUG, 1510356566.7242863]: PiCamera image received: ImageMessage(t=1510356566.7242706, n=435)
[DEBUG, 1510356566.7933779]: PiCamera image received: ImageMessage(t=1510356566.793363, n=436)
[DEBUG, 1510356566.8257773]: PiCamera image received: ImageMessage(t=1510356566.8257623, n=437)
[DEBUG, 1510356566.8584442]: PiCamera image received: ImageMessage(t=1510356566.858429, n=438)
[DEBUG, 1510356566.9561782]: PiCamera image received: ImageMessage(t=1510356566.956162, n=439)
[DEBUG, 1510356566.9909384]: PiCamera image received: ImageMessage(t=1510356566.9909022, n=440)
[DEBUG, 1510356567.0243187]: PiCamera image received: ImageMessage(t=1510356567.0243027, n=441)
[DEBUG, 1510356567.0980551]: PiCamera image received: ImageMessage(t=1510356567.0980408, n=442)
[DEBUG, 1510356567.1321478]: PiCamera image received: ImageMessage(t=1510356567.1321316, n=443)
[DEBUG, 1510356567.2317812]: PiCamera image received: ImageMessage(t=1510356567.231766, n=444)
[DEBUG, 1510356567.2647839]: PiCamera image received: ImageMessage(t=1510356567.2647684, n=445)
[DEBUG, 1510356567.3641534]: PiCamera image received: ImageMessage(t=1510356567.364138, n=446)
[DEBUG, 1510356567.418323]: PiCamera image received: ImageMessage(t=1510356567.4183078, n=448)
[DEBUG, 1510356567.4517689]: PiCamera image received: ImageMessage(t=1510356567.4517531, n=449)
[DEBUG, 1510356567.5500302]: PiCamera image received: ImageMessage(t=1510356567.5500143, n=450)
[DEBUG, 1510356567.5949652]: PiCamera image received: ImageMessage(t=1510356567.59495, n=451)
[DEBUG, 1510356567.6960948]: PiCamera image received: ImageMessage(t=1510356567.69608, n=452)
[DEBUG, 1510356567.7679892]: PiCamera image received: ImageMessage(t=1510356567.7679722, n=453)
[DEBUG, 1510356567.8008873]: PiCamera image received: ImageMessage(t=1510356567.8008723, n=454)
[DEBUG, 1510356567.8339508]: PiCamera image received: ImageMessage(t=1510356567.8339353, n=455)
[DEBUG, 1510356567.8667936]: PiCamera image received: ImageMessage(t=1510356567.8667784, n=456)
[DEBUG, 1510356567.973409]: PiCamera image received: ImageMessage(t=1510356567.9733927, n=457)
[DEBUG, 1510356568.0066042]: PiCamera image received: ImageMessage(t=1510356568.0065882, n=458)
[DEBUG, 1510356568.0397725]: PiCamera image received: ImageMessage(t=1510356568.0397565, n=459)
[DEBUG, 1510356568.0728188]: PiCamera image received: ImageMessage(t=1510356568.0728025, n=460)
[DEBUG, 1510356568.1375709]: PiCamera image received: ImageMessage(t=1510356568.137555, n=461)
[DEBUG, 1510356568.1704504]: PiCamera image received: ImageMessage(t=1510356568.1704347, n=462)
[DEBUG, 1510356568.2044926]: PiCamera image received: ImageMessage(t=1510356568.2044752, n=463)
[DEBUG, 1510356568.3109748]: PiCamera image received: ImageMessage(t=1510356568.3109596, n=464)
[DEBUG, 1510356568.3462963]: PiCamera image received: ImageMessage(t=1510356568.346282, n=465)
[DEBUG, 1510356568.3799186]: PiCamera image received: ImageMessage(t=1510356568.3799016, n=466)
[DEBUG, 1510356568.4451742]: PiCamera image received: ImageMessage(t=1510356568.4451587, n=467)
[DEBUG, 1510356568.5103948]: PiCamera image received: ImageMessage(t=1510356568.5103793, n=468)
[DEBUG, 1510356568.5757694]: PiCamera image received: ImageMessage(t=1510356568.575754, n=469)
[DEBUG, 1510356568.6764872]: PiCamera image received: ImageMessage(t=1510356568.6764698, n=470)
[DEBUG, 1510356568.718486]: PiCamera image received: ImageMessage(t=1510356568.718469, n=471)
[DEBUG, 1510356568.7513185]: PiCamera image received: ImageMessage(t=1510356568.7513032, n=472)
[DEBUG, 1510356568.816888]: PiCamera image received: ImageMessage(t=1510356568.8168716, n=473)
[DEBUG, 1510356568.8494885]: PiCamera image received: ImageMessage(t=1510356568.8494697, n=474)
[DEBUG, 1510356568.8865921]: PiCamera image received: ImageMessage(t=1510356568.8865776, n=475)
[DEBUG, 1510356568.9195886]: PiCamera image received: ImageMessage(t=1510356568.9195733, n=476)
[DEBUG, 1510356568.9531364]: PiCamera image received: ImageMessage(t=1510356568.953041, n=477)
[DEBUG, 1510356568.9861042]: PiCamera image received: ImageMessage(t=1510356568.9860866, n=478)
[DEBUG, 1510356569.0190363]: PiCamera image received: ImageMessage(t=1510356569.0190203, n=479)
[DEBUG, 1510356569.1250775]: PiCamera image received: ImageMessage(t=1510356569.1250618, n=480)
[DEBUG, 1510356569.1582978]: PiCamera image received: ImageMessage(t=1510356569.1582825, n=481)
[DEBUG, 1510356569.224866]: PiCamera image received: ImageMessage(t=1510356569.2248502, n=482)
[DEBUG, 1510356569.2630045]: PiCamera image received: ImageMessage(t=1510356569.2629886, n=483)
[DEBUG, 1510356569.3622828]: PiCamera image received: ImageMessage(t=1510356569.3622673, n=484)
[DEBUG, 1510356569.3958805]: PiCamera image received: ImageMessage(t=1510356569.3958647, n=485)
[DEBUG, 1510356569.4315715]: PiCamera image received: ImageMessage(t=1510356569.431556, n=486)
[DEBUG, 1510356569.5335848]: PiCamera image received: ImageMessage(t=1510356569.533569, n=487)
[DEBUG, 1510356569.6331966]: PiCamera image received: ImageMessage(t=1510356569.6331801, n=488)
[DEBUG, 1510356569.6989486]: PiCamera image received: ImageMessage(t=1510356569.698933, n=489)
[DEBUG, 1510356569.7328258]: PiCamera image received: ImageMessage(t=1510356569.7328107, n=490)
[DEBUG, 1510356569.842778]: PiCamera image received: ImageMessage(t=1510356569.8427625, n=491)
[DEBUG, 1510356569.8791249]: PiCamera image received: ImageMessage(t=1510356569.8791106, n=492)
[DEBUG, 1510356569.9460807]: PiCamera image received: ImageMessage(t=1510356569.9460654, n=493)
[DEBUG, 1510356569.9811258]: PiCamera image received: ImageMessage(t=1510356569.9811115, n=494)
[DEBUG, 1510356570.0139055]: PiCamera image received: ImageMessage(t=1510356570.01389, n=495)
[DEBUG, 1510356570.0463295]: PiCamera image received: ImageMessage(t=1510356570.0463133, n=496)
[DEBUG, 1510356570.1124156]: PiCamera image received: ImageMessage(t=1510356570.1123998, n=497)
[DEBUG, 1510356570.1802666]: PiCamera image received: ImageMessage(t=1510356570.1802502, n=498)
[DEBUG, 1510356570.2814198]: PiCamera image received: ImageMessage(t=1510356570.281404, n=499)
[DEBUG, 1510356570.3471053]: PiCamera image received: ImageMessage(t=1510356570.3470905, n=500)
[DEBUG, 1510356570.3800192]: PiCamera image received: ImageMessage(t=1510356570.3800032, n=501)
[DEBUG, 1510356570.4135618]: PiCamera image received: ImageMessage(t=1510356570.4135466, n=502)
[DEBUG, 1510356570.4466088]: PiCamera image received: ImageMessage(t=1510356570.4465935, n=503)
[DEBUG, 1510356570.5479436]: PiCamera image received: ImageMessage(t=1510356570.5479274, n=504)
[DEBUG, 1510356570.5820556]: PiCamera image received: ImageMessage(t=1510356570.5820408, n=505)
[DEBUG, 1510356570.6900647]: PiCamera image received: ImageMessage(t=1510356570.69005, n=506)
[DEBUG, 1510356570.75837]: PiCamera image received: ImageMessage(t=1510356570.7583544, n=507)
[DEBUG, 1510356570.7915173]: PiCamera image received: ImageMessage(t=1510356570.7915013, n=508)
[DEBUG, 1510356570.8894448]: PiCamera image received: ImageMessage(t=1510356570.889429, n=509)
[DEBUG, 1510356570.9246266]: PiCamera image received: ImageMessage(t=1510356570.9246104, n=510)
[DEBUG, 1510356570.9618595]: PiCamera image received: ImageMessage(t=1510356570.9618442, n=511)
[DEBUG, 1510356571.0642426]: PiCamera image received: ImageMessage(t=1510356571.0642266, n=512)
[DEBUG, 1510356571.0968952]: PiCamera image received: ImageMessage(t=1510356571.0968795, n=514)
[DEBUG, 1510356571.1627092]: PiCamera image received: ImageMessage(t=1510356571.1626935, n=515)
[DEBUG, 1510356571.196126]: PiCamera image received: ImageMessage(t=1510356571.1961095, n=516)
[DEBUG, 1510356571.2639275]: PiCamera image received: ImageMessage(t=1510356571.2639117, n=517)
[DEBUG, 1510356571.2976289]: PiCamera image received: ImageMessage(t=1510356571.2976115, n=518)
[DEBUG, 1510356571.3335176]: PiCamera image received: ImageMessage(t=1510356571.3335028, n=519)
[DEBUG, 1510356571.3660138]: PiCamera image received: ImageMessage(t=1510356571.3659987, n=520)
[DEBUG, 1510356571.4685338]: PiCamera image received: ImageMessage(t=1510356571.4685185, n=521)
[DEBUG, 1510356571.5111]: PiCamera image received: ImageMessage(t=1510356571.5110707, n=523)
[DEBUG, 1510356571.6093137]: PiCamera image received: ImageMessage(t=1510356571.6092992, n=524)
[DEBUG, 1510356571.6421576]: PiCamera image received: ImageMessage(t=1510356571.6421425, n=525)
[DEBUG, 1510356571.6762638]: PiCamera image received: ImageMessage(t=1510356571.6762493, n=526)
[DEBUG, 1510356571.716522]: PiCamera image received: ImageMessage(t=1510356571.7165058, n=527)
[DEBUG, 1510356571.7499025]: PiCamera image received: ImageMessage(t=1510356571.7498868, n=528)
[DEBUG, 1510356571.8187413]: PiCamera image received: ImageMessage(t=1510356571.8187256, n=529)
[DEBUG, 1510356571.8851829]: PiCamera image received: ImageMessage(t=1510356571.8851676, n=530)
[DEBUG, 1510356571.950705]: PiCamera image received: ImageMessage(t=1510356571.9506893, n=531)
[DEBUG, 1510356571.9842043]: PiCamera image received: ImageMessage(t=1510356571.9841888, n=532)
[DEBUG, 1510356572.017043]: PiCamera image received: ImageMessage(t=1510356572.01702, n=533)
[DEBUG, 1510356572.0506349]: PiCamera image received: ImageMessage(t=1510356572.050621, n=534)
[DEBUG, 1510356572.1485198]: PiCamera image received: ImageMessage(t=1510356572.148511, n=535)
[log buffer end]
[PiCamera @ node.py:81][DEBUG] 2017-11-10 18:29:32,170: logging message buffer (len=15134)
[PiCamera @ node.py:102][INFO] 2017-11-10 18:29:32,170: Node took 32.62316155433655s to run
[PiCamera @ picamera.py:207][DEBUG] 2017-11-10 18:29:32,188: Tearing down
[PiCamera @ picamera.py:157][DEBUG] 2017-11-10 18:29:32,191: Breaking out of picamera loop
[PiCamera @ picamera.py:166][DEBUG] 2017-11-10 18:29:32,192: Closing capture
[PiCamera @ picamera.py:167][DEBUG] 2017-11-10 18:29:32,225: Closed
