[PiCamera @ factory.py:85][DEBUG] 2017-11-10 19:52:25,666: Logging to: logs/2017_Nov_10/PiCamera/19_52_25.log
[PiCamera @ picamera.py:50][DEBUG] 2017-11-10 19:52:25,696: PiCamera setup
[PiCamera @ picamera.py:61][INFO] 2017-11-10 19:52:25,961: PiCamera initialized: <picamera.camera.PiCamera object at 0x6deb1718>
[PiCamera @ picamera.py:136][INFO] 2017-11-10 19:52:25,962: Warming up camera
[PiCamera @ node.py:79][DEBUG] 2017-11-10 19:52:39,418: [log buffer start]
[DEBUG, 1510361549.7294157]: PiCamera image received: ImageMessage(t=1510361549.7294028, n=1)
[DEBUG, 1510361549.7889783]: PiCamera image received: ImageMessage(t=1510361549.7889676, n=2)
[DEBUG, 1510361549.8543649]: PiCamera image received: ImageMessage(t=1510361549.8543563, n=3)
[DEBUG, 1510361549.887302]: PiCamera image received: ImageMessage(t=1510361549.8872929, n=4)
[DEBUG, 1510361549.9200056]: PiCamera image received: ImageMessage(t=1510361549.9199967, n=5)
[DEBUG, 1510361549.958699]: PiCamera image received: ImageMessage(t=1510361549.9586906, n=7)
[DEBUG, 1510361550.0287192]: PiCamera image received: ImageMessage(t=1510361550.0287037, n=9)
[DEBUG, 1510361550.062285]: PiCamera image received: ImageMessage(t=1510361550.0622694, n=10)
[DEBUG, 1510361550.0954056]: PiCamera image received: ImageMessage(t=1510361550.0953891, n=11)
[DEBUG, 1510361550.1292784]: PiCamera image received: ImageMessage(t=1510361550.1292624, n=12)
[DEBUG, 1510361550.1636074]: PiCamera image received: ImageMessage(t=1510361550.1635923, n=13)
[DEBUG, 1510361550.1968396]: PiCamera image received: ImageMessage(t=1510361550.196824, n=14)
[DEBUG, 1510361550.229968]: PiCamera image received: ImageMessage(t=1510361550.2299533, n=15)
[DEBUG, 1510361550.2641435]: PiCamera image received: ImageMessage(t=1510361550.2641275, n=16)
[DEBUG, 1510361550.2979484]: PiCamera image received: ImageMessage(t=1510361550.2979329, n=17)
[DEBUG, 1510361550.3365574]: PiCamera image received: ImageMessage(t=1510361550.3365414, n=18)
[DEBUG, 1510361550.3706152]: PiCamera image received: ImageMessage(t=1510361550.3705995, n=19)
[DEBUG, 1510361550.4041553]: PiCamera image received: ImageMessage(t=1510361550.40414, n=21)
[DEBUG, 1510361550.4372733]: PiCamera image received: ImageMessage(t=1510361550.4372568, n=22)
[DEBUG, 1510361550.470115]: PiCamera image received: ImageMessage(t=1510361550.4701, n=23)
[DEBUG, 1510361550.5043094]: PiCamera image received: ImageMessage(t=1510361550.5042946, n=24)
[DEBUG, 1510361550.5380766]: PiCamera image received: ImageMessage(t=1510361550.5380614, n=25)
[DEBUG, 1510361550.5705523]: PiCamera image received: ImageMessage(t=1510361550.5705373, n=26)
[DEBUG, 1510361550.6033714]: PiCamera image received: ImageMessage(t=1510361550.6033564, n=27)
[DEBUG, 1510361550.6368124]: PiCamera image received: ImageMessage(t=1510361550.6367972, n=28)
[DEBUG, 1510361550.6719823]: PiCamera image received: ImageMessage(t=1510361550.6719673, n=29)
[DEBUG, 1510361550.706217]: PiCamera image received: ImageMessage(t=1510361550.7062016, n=30)
[DEBUG, 1510361550.7469254]: PiCamera image received: ImageMessage(t=1510361550.7462037, n=31)
[DEBUG, 1510361550.7814882]: PiCamera image received: ImageMessage(t=1510361550.781473, n=32)
[DEBUG, 1510361550.8474555]: PiCamera image received: ImageMessage(t=1510361550.8474398, n=33)
[DEBUG, 1510361550.8808336]: PiCamera image received: ImageMessage(t=1510361550.8808188, n=34)
[DEBUG, 1510361550.91371]: PiCamera image received: ImageMessage(t=1510361550.9136956, n=35)
[DEBUG, 1510361550.9463997]: PiCamera image received: ImageMessage(t=1510361550.9463823, n=36)
[DEBUG, 1510361550.980121]: PiCamera image received: ImageMessage(t=1510361550.9801052, n=37)
[DEBUG, 1510361551.0781972]: PiCamera image received: ImageMessage(t=1510361551.078182, n=38)
[DEBUG, 1510361551.111394]: PiCamera image received: ImageMessage(t=1510361551.111379, n=39)
[DEBUG, 1510361551.1557696]: PiCamera image received: ImageMessage(t=1510361551.1557543, n=40)
[DEBUG, 1510361551.2109447]: PiCamera image received: ImageMessage(t=1510361551.2109287, n=41)
[DEBUG, 1510361551.3527262]: PiCamera image received: ImageMessage(t=1510361551.3527086, n=42)
[DEBUG, 1510361551.423221]: PiCamera image received: ImageMessage(t=1510361551.423204, n=43)
[DEBUG, 1510361551.4665446]: PiCamera image received: ImageMessage(t=1510361551.4665296, n=44)
[DEBUG, 1510361551.5373545]: PiCamera image received: ImageMessage(t=1510361551.5373392, n=45)
[DEBUG, 1510361551.6061237]: PiCamera image received: ImageMessage(t=1510361551.606108, n=46)
[DEBUG, 1510361551.6427846]: PiCamera image received: ImageMessage(t=1510361551.6427388, n=47)
[DEBUG, 1510361551.6784616]: PiCamera image received: ImageMessage(t=1510361551.6784453, n=48)
[DEBUG, 1510361551.7477918]: PiCamera image received: ImageMessage(t=1510361551.747776, n=49)
[DEBUG, 1510361551.7814472]: PiCamera image received: ImageMessage(t=1510361551.7814314, n=51)
[DEBUG, 1510361551.814064]: PiCamera image received: ImageMessage(t=1510361551.8140488, n=52)
[DEBUG, 1510361551.8792784]: PiCamera image received: ImageMessage(t=1510361551.8792634, n=53)
[DEBUG, 1510361551.9457145]: PiCamera image received: ImageMessage(t=1510361551.9456985, n=54)
[DEBUG, 1510361552.0116644]: PiCamera image received: ImageMessage(t=1510361552.0116491, n=55)
[DEBUG, 1510361552.0485146]: PiCamera image received: ImageMessage(t=1510361552.0484986, n=56)
[DEBUG, 1510361552.0835297]: PiCamera image received: ImageMessage(t=1510361552.0835125, n=57)
[DEBUG, 1510361552.1881866]: PiCamera image received: ImageMessage(t=1510361552.1881719, n=59)
[DEBUG, 1510361552.2545817]: PiCamera image received: ImageMessage(t=1510361552.2545662, n=60)
[DEBUG, 1510361552.3218286]: PiCamera image received: ImageMessage(t=1510361552.3218129, n=61)
[DEBUG, 1510361552.355122]: PiCamera image received: ImageMessage(t=1510361552.3551066, n=62)
[DEBUG, 1510361552.3880084]: PiCamera image received: ImageMessage(t=1510361552.3879929, n=63)
[DEBUG, 1510361552.4546647]: PiCamera image received: ImageMessage(t=1510361552.4546483, n=64)
[DEBUG, 1510361552.4876013]: PiCamera image received: ImageMessage(t=1510361552.4875865, n=65)
[DEBUG, 1510361552.5274544]: PiCamera image received: ImageMessage(t=1510361552.5274384, n=66)
[DEBUG, 1510361552.560977]: PiCamera image received: ImageMessage(t=1510361552.5609615, n=67)
[DEBUG, 1510361552.5993288]: PiCamera image received: ImageMessage(t=1510361552.5992982, n=69)
[DEBUG, 1510361552.7006404]: PiCamera image received: ImageMessage(t=1510361552.7006254, n=70)
[DEBUG, 1510361552.7348707]: PiCamera image received: ImageMessage(t=1510361552.734855, n=71)
[DEBUG, 1510361552.7676575]: PiCamera image received: ImageMessage(t=1510361552.7676427, n=72)
[DEBUG, 1510361552.8415563]: PiCamera image received: ImageMessage(t=1510361552.841541, n=73)
[DEBUG, 1510361552.8763523]: PiCamera image received: ImageMessage(t=1510361552.876336, n=74)
[DEBUG, 1510361552.9095802]: PiCamera image received: ImageMessage(t=1510361552.909565, n=75)
[DEBUG, 1510361552.9765391]: PiCamera image received: ImageMessage(t=1510361552.9765236, n=76)
[DEBUG, 1510361553.009285]: PiCamera image received: ImageMessage(t=1510361553.0092697, n=77)
[DEBUG, 1510361553.0751202]: PiCamera image received: ImageMessage(t=1510361553.0751042, n=78)
[DEBUG, 1510361553.1110435]: PiCamera image received: ImageMessage(t=1510361553.1110244, n=79)
[DEBUG, 1510361553.144197]: PiCamera image received: ImageMessage(t=1510361553.144182, n=80)
[DEBUG, 1510361553.1886146]: PiCamera image received: ImageMessage(t=1510361553.1885982, n=82)
[DEBUG, 1510361553.224349]: PiCamera image received: ImageMessage(t=1510361553.2243335, n=83)
[DEBUG, 1510361553.2583709]: PiCamera image received: ImageMessage(t=1510361553.2583556, n=84)
[DEBUG, 1510361553.291725]: PiCamera image received: ImageMessage(t=1510361553.2917101, n=85)
[DEBUG, 1510361553.3886774]: PiCamera image received: ImageMessage(t=1510361553.3886614, n=86)
[DEBUG, 1510361553.421682]: PiCamera image received: ImageMessage(t=1510361553.4216666, n=87)
[DEBUG, 1510361553.4626923]: PiCamera image received: ImageMessage(t=1510361553.462677, n=88)
[DEBUG, 1510361553.4977605]: PiCamera image received: ImageMessage(t=1510361553.4977458, n=89)
[DEBUG, 1510361553.5333424]: PiCamera image received: ImageMessage(t=1510361553.5333252, n=90)
[DEBUG, 1510361553.6041312]: PiCamera image received: ImageMessage(t=1510361553.604115, n=91)
[DEBUG, 1510361553.6395812]: PiCamera image received: ImageMessage(t=1510361553.639566, n=92)
[DEBUG, 1510361553.672695]: PiCamera image received: ImageMessage(t=1510361553.6726797, n=93)
[DEBUG, 1510361553.7748177]: PiCamera image received: ImageMessage(t=1510361553.7748034, n=94)
[DEBUG, 1510361553.8100095]: PiCamera image received: ImageMessage(t=1510361553.8099937, n=95)
[DEBUG, 1510361553.8433495]: PiCamera image received: ImageMessage(t=1510361553.8433337, n=96)
[DEBUG, 1510361553.9093251]: PiCamera image received: ImageMessage(t=1510361553.9093084, n=97)
[DEBUG, 1510361553.9459546]: PiCamera image received: ImageMessage(t=1510361553.945938, n=98)
[DEBUG, 1510361554.0468702]: PiCamera image received: ImageMessage(t=1510361554.0468538, n=99)
[DEBUG, 1510361554.08392]: PiCamera image received: ImageMessage(t=1510361554.0839043, n=100)
[DEBUG, 1510361554.1579123]: PiCamera image received: ImageMessage(t=1510361554.1578941, n=101)
[DEBUG, 1510361554.1922243]: PiCamera image received: ImageMessage(t=1510361554.192209, n=102)
[DEBUG, 1510361554.2588305]: PiCamera image received: ImageMessage(t=1510361554.258815, n=103)
[DEBUG, 1510361554.3727415]: PiCamera image received: ImageMessage(t=1510361554.3727255, n=104)
[DEBUG, 1510361554.4059718]: PiCamera image received: ImageMessage(t=1510361554.4059563, n=105)
[DEBUG, 1510361554.4726865]: PiCamera image received: ImageMessage(t=1510361554.4726717, n=106)
[DEBUG, 1510361554.588644]: PiCamera image received: ImageMessage(t=1510361554.5886297, n=107)
[DEBUG, 1510361554.697423]: PiCamera image received: ImageMessage(t=1510361554.6974077, n=108)
[DEBUG, 1510361554.7320585]: PiCamera image received: ImageMessage(t=1510361554.7320433, n=109)
[DEBUG, 1510361554.802734]: PiCamera image received: ImageMessage(t=1510361554.8027186, n=110)
[DEBUG, 1510361554.8723752]: PiCamera image received: ImageMessage(t=1510361554.8723598, n=111)
[DEBUG, 1510361554.9756184]: PiCamera image received: ImageMessage(t=1510361554.975603, n=112)
[DEBUG, 1510361555.009065]: PiCamera image received: ImageMessage(t=1510361555.009049, n=113)
[DEBUG, 1510361555.1084323]: PiCamera image received: ImageMessage(t=1510361555.1084166, n=114)
[DEBUG, 1510361555.225403]: PiCamera image received: ImageMessage(t=1510361555.2253883, n=115)
[DEBUG, 1510361555.258195]: PiCamera image received: ImageMessage(t=1510361555.2581794, n=116)
[DEBUG, 1510361555.2923076]: PiCamera image received: ImageMessage(t=1510361555.2922912, n=117)
[DEBUG, 1510361555.3265805]: PiCamera image received: ImageMessage(t=1510361555.3265648, n=118)
[DEBUG, 1510361555.3599393]: PiCamera image received: ImageMessage(t=1510361555.3599243, n=119)
[DEBUG, 1510361555.466629]: PiCamera image received: ImageMessage(t=1510361555.4666133, n=120)
[DEBUG, 1510361555.5006144]: PiCamera image received: ImageMessage(t=1510361555.5005994, n=122)
[DEBUG, 1510361555.6004658]: PiCamera image received: ImageMessage(t=1510361555.6004496, n=123)
[DEBUG, 1510361555.6685252]: PiCamera image received: ImageMessage(t=1510361555.6685092, n=124)
[DEBUG, 1510361555.736823]: PiCamera image received: ImageMessage(t=1510361555.7368078, n=125)
[DEBUG, 1510361555.7696087]: PiCamera image received: ImageMessage(t=1510361555.7695932, n=126)
[DEBUG, 1510361555.8715684]: PiCamera image received: ImageMessage(t=1510361555.8715532, n=127)
[DEBUG, 1510361555.942056]: PiCamera image received: ImageMessage(t=1510361555.9420397, n=128)
[DEBUG, 1510361555.9746757]: PiCamera image received: ImageMessage(t=1510361555.9746614, n=129)
[DEBUG, 1510361556.0081704]: PiCamera image received: ImageMessage(t=1510361556.008155, n=130)
[DEBUG, 1510361556.1060078]: PiCamera image received: ImageMessage(t=1510361556.105992, n=131)
[DEBUG, 1510361556.2077968]: PiCamera image received: ImageMessage(t=1510361556.207781, n=132)
[DEBUG, 1510361556.3090754]: PiCamera image received: ImageMessage(t=1510361556.3090599, n=133)
[DEBUG, 1510361556.4099133]: PiCamera image received: ImageMessage(t=1510361556.4098973, n=134)
[DEBUG, 1510361556.4750195]: PiCamera image received: ImageMessage(t=1510361556.4750042, n=135)
[DEBUG, 1510361556.5080585]: PiCamera image received: ImageMessage(t=1510361556.5080435, n=136)
[DEBUG, 1510361556.607858]: PiCamera image received: ImageMessage(t=1510361556.607842, n=137)
[DEBUG, 1510361556.6408455]: PiCamera image received: ImageMessage(t=1510361556.6408284, n=138)
[DEBUG, 1510361556.6798742]: PiCamera image received: ImageMessage(t=1510361556.6798587, n=139)
[DEBUG, 1510361556.8003612]: PiCamera image received: ImageMessage(t=1510361556.800346, n=140)
[DEBUG, 1510361556.8777685]: PiCamera image received: ImageMessage(t=1510361556.877753, n=141)
[DEBUG, 1510361556.910943]: PiCamera image received: ImageMessage(t=1510361556.9109275, n=142)
[DEBUG, 1510361556.9764109]: PiCamera image received: ImageMessage(t=1510361556.9763951, n=143)
[DEBUG, 1510361557.0103786]: PiCamera image received: ImageMessage(t=1510361557.0103636, n=144)
[DEBUG, 1510361557.0474787]: PiCamera image received: ImageMessage(t=1510361557.0474627, n=145)
[DEBUG, 1510361557.0814602]: PiCamera image received: ImageMessage(t=1510361557.0814428, n=146)
[DEBUG, 1510361557.1208704]: PiCamera image received: ImageMessage(t=1510361557.1208544, n=147)
[DEBUG, 1510361557.254966]: PiCamera image received: ImageMessage(t=1510361557.2549489, n=148)
[DEBUG, 1510361557.2941797]: PiCamera image received: ImageMessage(t=1510361557.2941632, n=149)
[DEBUG, 1510361557.3602378]: PiCamera image received: ImageMessage(t=1510361557.3602219, n=150)
[DEBUG, 1510361557.427291]: PiCamera image received: ImageMessage(t=1510361557.427275, n=151)
[DEBUG, 1510361557.5300314]: PiCamera image received: ImageMessage(t=1510361557.530016, n=153)
[DEBUG, 1510361557.5633008]: PiCamera image received: ImageMessage(t=1510361557.5632854, n=154)
[DEBUG, 1510361557.5984514]: PiCamera image received: ImageMessage(t=1510361557.5984366, n=155)
[DEBUG, 1510361557.6964507]: PiCamera image received: ImageMessage(t=1510361557.6964343, n=156)
[DEBUG, 1510361557.7949586]: PiCamera image received: ImageMessage(t=1510361557.7949433, n=157)
[DEBUG, 1510361557.827711]: PiCamera image received: ImageMessage(t=1510361557.8276956, n=158)
[DEBUG, 1510361557.9371593]: PiCamera image received: ImageMessage(t=1510361557.9371438, n=159)
[DEBUG, 1510361558.0029569]: PiCamera image received: ImageMessage(t=1510361558.002941, n=160)
[DEBUG, 1510361558.0363104]: PiCamera image received: ImageMessage(t=1510361558.0362952, n=161)
[DEBUG, 1510361558.0692809]: PiCamera image received: ImageMessage(t=1510361558.0692658, n=162)
[DEBUG, 1510361558.2018673]: PiCamera image received: ImageMessage(t=1510361558.2018518, n=163)
[DEBUG, 1510361558.2359622]: PiCamera image received: ImageMessage(t=1510361558.2359478, n=164)
[DEBUG, 1510361558.2755094]: PiCamera image received: ImageMessage(t=1510361558.2754931, n=165)
[DEBUG, 1510361558.315172]: PiCamera image received: ImageMessage(t=1510361558.315156, n=166)
[DEBUG, 1510361558.3487086]: PiCamera image received: ImageMessage(t=1510361558.3486938, n=167)
[DEBUG, 1510361558.4141066]: PiCamera image received: ImageMessage(t=1510361558.414091, n=168)
[DEBUG, 1510361558.4473317]: PiCamera image received: ImageMessage(t=1510361558.4473166, n=169)
[DEBUG, 1510361558.4809563]: PiCamera image received: ImageMessage(t=1510361558.4809408, n=170)
[DEBUG, 1510361558.578455]: PiCamera image received: ImageMessage(t=1510361558.5784378, n=171)
[DEBUG, 1510361558.6847007]: PiCamera image received: ImageMessage(t=1510361558.6846838, n=172)
[DEBUG, 1510361558.750714]: PiCamera image received: ImageMessage(t=1510361558.750696, n=173)
[DEBUG, 1510361558.8284163]: PiCamera image received: ImageMessage(t=1510361558.8284006, n=174)
[DEBUG, 1510361558.9380043]: PiCamera image received: ImageMessage(t=1510361558.9379015, n=175)
[DEBUG, 1510361559.0438073]: PiCamera image received: ImageMessage(t=1510361559.04379, n=176)
[DEBUG, 1510361559.1114051]: PiCamera image received: ImageMessage(t=1510361559.1113899, n=177)
[DEBUG, 1510361559.1871016]: PiCamera image received: ImageMessage(t=1510361559.1870859, n=178)
[DEBUG, 1510361559.253551]: PiCamera image received: ImageMessage(t=1510361559.2535343, n=179)
[DEBUG, 1510361559.2871447]: PiCamera image received: ImageMessage(t=1510361559.2871294, n=180)
[DEBUG, 1510361559.352793]: PiCamera image received: ImageMessage(t=1510361559.3527775, n=181)
[DEBUG, 1510361559.4179466]: PiCamera image received: ImageMessage(t=1510361559.4179308, n=182)
[log buffer end]
[PiCamera @ node.py:81][DEBUG] 2017-11-10 19:52:39,419: logging message buffer (len=16464)
[PiCamera @ node.py:79][DEBUG] 2017-11-10 19:52:50,728: [log buffer start]
[DEBUG, 1510361559.4655948]: PiCamera image received: ImageMessage(t=1510361559.4655776, n=183)
[DEBUG, 1510361559.5362878]: PiCamera image received: ImageMessage(t=1510361559.5362725, n=184)
[DEBUG, 1510361559.6080403]: PiCamera image received: ImageMessage(t=1510361559.6080256, n=185)
[DEBUG, 1510361559.6417823]: PiCamera image received: ImageMessage(t=1510361559.6417668, n=186)
[DEBUG, 1510361559.7516992]: PiCamera image received: ImageMessage(t=1510361559.7516837, n=187)
[DEBUG, 1510361559.7864985]: PiCamera image received: ImageMessage(t=1510361559.786483, n=188)
[DEBUG, 1510361559.8527262]: PiCamera image received: ImageMessage(t=1510361559.8526933, n=189)
[DEBUG, 1510361559.9510586]: PiCamera image received: ImageMessage(t=1510361559.951043, n=190)
[DEBUG, 1510361559.9856393]: PiCamera image received: ImageMessage(t=1510361559.9856234, n=191)
[DEBUG, 1510361560.086972]: PiCamera image received: ImageMessage(t=1510361560.0869563, n=192)
[DEBUG, 1510361560.1223695]: PiCamera image received: ImageMessage(t=1510361560.1223545, n=193)
[DEBUG, 1510361560.15606]: PiCamera image received: ImageMessage(t=1510361560.1560438, n=194)
[DEBUG, 1510361560.2265086]: PiCamera image received: ImageMessage(t=1510361560.2264926, n=195)
[DEBUG, 1510361560.259896]: PiCamera image received: ImageMessage(t=1510361560.2598798, n=196)
[DEBUG, 1510361560.3913293]: PiCamera image received: ImageMessage(t=1510361560.3913138, n=197)
[DEBUG, 1510361560.4383512]: PiCamera image received: ImageMessage(t=1510361560.4383357, n=198)
[DEBUG, 1510361560.471444]: PiCamera image received: ImageMessage(t=1510361560.4714282, n=199)
[DEBUG, 1510361560.5363545]: PiCamera image received: ImageMessage(t=1510361560.53634, n=200)
[DEBUG, 1510361560.568977]: PiCamera image received: ImageMessage(t=1510361560.568962, n=201)
[DEBUG, 1510361560.6698909]: PiCamera image received: ImageMessage(t=1510361560.669875, n=202)
[DEBUG, 1510361560.7029936]: PiCamera image received: ImageMessage(t=1510361560.7029793, n=203)
[DEBUG, 1510361560.7365668]: PiCamera image received: ImageMessage(t=1510361560.7365518, n=204)
[DEBUG, 1510361560.8090262]: PiCamera image received: ImageMessage(t=1510361560.8090103, n=205)
[DEBUG, 1510361560.843803]: PiCamera image received: ImageMessage(t=1510361560.843788, n=206)
[DEBUG, 1510361560.8786416]: PiCamera image received: ImageMessage(t=1510361560.878627, n=207)
[DEBUG, 1510361560.9794888]: PiCamera image received: ImageMessage(t=1510361560.9794722, n=208)
[DEBUG, 1510361561.0170515]: PiCamera image received: ImageMessage(t=1510361561.017036, n=209)
[DEBUG, 1510361561.0512476]: PiCamera image received: ImageMessage(t=1510361561.0512326, n=210)
[DEBUG, 1510361561.154838]: PiCamera image received: ImageMessage(t=1510361561.1548228, n=212)
[DEBUG, 1510361561.2235198]: PiCamera image received: ImageMessage(t=1510361561.2235045, n=213)
[DEBUG, 1510361561.2935145]: PiCamera image received: ImageMessage(t=1510361561.2934988, n=214)
[DEBUG, 1510361561.3913536]: PiCamera image received: ImageMessage(t=1510361561.3913388, n=215)
[DEBUG, 1510361561.4294996]: PiCamera image received: ImageMessage(t=1510361561.4294841, n=216)
[DEBUG, 1510361561.5399678]: PiCamera image received: ImageMessage(t=1510361561.5399532, n=217)
[DEBUG, 1510361561.573187]: PiCamera image received: ImageMessage(t=1510361561.5731704, n=218)
[DEBUG, 1510361561.610756]: PiCamera image received: ImageMessage(t=1510361561.6107404, n=219)
[DEBUG, 1510361561.6789296]: PiCamera image received: ImageMessage(t=1510361561.6789145, n=220)
[DEBUG, 1510361561.7474866]: PiCamera image received: ImageMessage(t=1510361561.7474706, n=221)
[DEBUG, 1510361561.7818017]: PiCamera image received: ImageMessage(t=1510361561.7817872, n=222)
[DEBUG, 1510361561.8149302]: PiCamera image received: ImageMessage(t=1510361561.8149154, n=223)
[DEBUG, 1510361561.8841991]: PiCamera image received: ImageMessage(t=1510361561.8841841, n=224)
[DEBUG, 1510361562.0061367]: PiCamera image received: ImageMessage(t=1510361562.0061214, n=225)
[DEBUG, 1510361562.0404153]: PiCamera image received: ImageMessage(t=1510361562.0404, n=226)
[DEBUG, 1510361562.0739195]: PiCamera image received: ImageMessage(t=1510361562.0739033, n=227)
[DEBUG, 1510361562.1093135]: PiCamera image received: ImageMessage(t=1510361562.109299, n=228)
[DEBUG, 1510361562.2152905]: PiCamera image received: ImageMessage(t=1510361562.2152748, n=229)
[DEBUG, 1510361562.2523386]: PiCamera image received: ImageMessage(t=1510361562.2523236, n=230)
[DEBUG, 1510361562.285015]: PiCamera image received: ImageMessage(t=1510361562.2849998, n=231)
[DEBUG, 1510361562.3185427]: PiCamera image received: ImageMessage(t=1510361562.318526, n=232)
[DEBUG, 1510361562.3537228]: PiCamera image received: ImageMessage(t=1510361562.3537064, n=233)
[DEBUG, 1510361562.4206285]: PiCamera image received: ImageMessage(t=1510361562.420613, n=234)
[DEBUG, 1510361562.4541113]: PiCamera image received: ImageMessage(t=1510361562.4540956, n=235)
[DEBUG, 1510361562.5584414]: PiCamera image received: ImageMessage(t=1510361562.5584257, n=236)
[DEBUG, 1510361562.592478]: PiCamera image received: ImageMessage(t=1510361562.592463, n=237)
[DEBUG, 1510361562.6607933]: PiCamera image received: ImageMessage(t=1510361562.6607766, n=238)
[DEBUG, 1510361562.727899]: PiCamera image received: ImageMessage(t=1510361562.727883, n=239)
[DEBUG, 1510361562.7605245]: PiCamera image received: ImageMessage(t=1510361562.760509, n=240)
[DEBUG, 1510361562.859936]: PiCamera image received: ImageMessage(t=1510361562.8599203, n=241)
[DEBUG, 1510361562.8942475]: PiCamera image received: ImageMessage(t=1510361562.894232, n=242)
[DEBUG, 1510361562.9290435]: PiCamera image received: ImageMessage(t=1510361562.9290264, n=243)
[DEBUG, 1510361563.0308886]: PiCamera image received: ImageMessage(t=1510361563.0308733, n=244)
[DEBUG, 1510361563.1373205]: PiCamera image received: ImageMessage(t=1510361563.1373026, n=245)
[DEBUG, 1510361563.204529]: PiCamera image received: ImageMessage(t=1510361563.204513, n=246)
[DEBUG, 1510361563.238017]: PiCamera image received: ImageMessage(t=1510361563.238001, n=247)
[DEBUG, 1510361563.344128]: PiCamera image received: ImageMessage(t=1510361563.3441122, n=248)
[DEBUG, 1510361563.4103844]: PiCamera image received: ImageMessage(t=1510361563.4103694, n=249)
[DEBUG, 1510361563.542148]: PiCamera image received: ImageMessage(t=1510361563.5421324, n=250)
[DEBUG, 1510361563.6614597]: PiCamera image received: ImageMessage(t=1510361563.6614437, n=251)
[DEBUG, 1510361563.6972618]: PiCamera image received: ImageMessage(t=1510361563.6972463, n=252)
[DEBUG, 1510361563.7642822]: PiCamera image received: ImageMessage(t=1510361563.764267, n=253)
[DEBUG, 1510361563.8005247]: PiCamera image received: ImageMessage(t=1510361563.80051, n=254)
[DEBUG, 1510361563.9047828]: PiCamera image received: ImageMessage(t=1510361563.9047678, n=255)
[DEBUG, 1510361564.0057275]: PiCamera image received: ImageMessage(t=1510361564.0057127, n=256)
[DEBUG, 1510361564.043016]: PiCamera image received: ImageMessage(t=1510361564.043001, n=257)
[DEBUG, 1510361564.1563365]: PiCamera image received: ImageMessage(t=1510361564.1563213, n=258)
[DEBUG, 1510361564.2236495]: PiCamera image received: ImageMessage(t=1510361564.2236338, n=259)
[DEBUG, 1510361564.2560287]: PiCamera image received: ImageMessage(t=1510361564.2560132, n=260)
[DEBUG, 1510361564.3276536]: PiCamera image received: ImageMessage(t=1510361564.3276377, n=261)
[DEBUG, 1510361564.360785]: PiCamera image received: ImageMessage(t=1510361564.3607705, n=262)
[DEBUG, 1510361564.4047058]: PiCamera image received: ImageMessage(t=1510361564.4046881, n=263)
[DEBUG, 1510361564.4402504]: PiCamera image received: ImageMessage(t=1510361564.4402351, n=264)
[DEBUG, 1510361564.4736328]: PiCamera image received: ImageMessage(t=1510361564.4736183, n=265)
[DEBUG, 1510361564.5062342]: PiCamera image received: ImageMessage(t=1510361564.5062194, n=266)
[DEBUG, 1510361564.5436647]: PiCamera image received: ImageMessage(t=1510361564.5436473, n=267)
[DEBUG, 1510361564.64185]: PiCamera image received: ImageMessage(t=1510361564.641835, n=268)
[DEBUG, 1510361564.6756485]: PiCamera image received: ImageMessage(t=1510361564.6756322, n=269)
[DEBUG, 1510361564.7172487]: PiCamera image received: ImageMessage(t=1510361564.717234, n=270)
[DEBUG, 1510361564.7522955]: PiCamera image received: ImageMessage(t=1510361564.7522802, n=271)
[DEBUG, 1510361564.786944]: PiCamera image received: ImageMessage(t=1510361564.7869284, n=272)
[DEBUG, 1510361564.8198133]: PiCamera image received: ImageMessage(t=1510361564.819798, n=273)
[DEBUG, 1510361564.8557098]: PiCamera image received: ImageMessage(t=1510361564.8556945, n=274)
[DEBUG, 1510361564.956093]: PiCamera image received: ImageMessage(t=1510361564.9560778, n=275)
[DEBUG, 1510361565.069627]: PiCamera image received: ImageMessage(t=1510361565.0696125, n=276)
[DEBUG, 1510361565.1033683]: PiCamera image received: ImageMessage(t=1510361565.1033523, n=277)
[DEBUG, 1510361565.205625]: PiCamera image received: ImageMessage(t=1510361565.2056096, n=278)
[DEBUG, 1510361565.241032]: PiCamera image received: ImageMessage(t=1510361565.2410157, n=279)
[DEBUG, 1510361565.2819748]: PiCamera image received: ImageMessage(t=1510361565.2819586, n=280)
[DEBUG, 1510361565.385146]: PiCamera image received: ImageMessage(t=1510361565.385129, n=282)
[DEBUG, 1510361565.417498]: PiCamera image received: ImageMessage(t=1510361565.417483, n=283)
[DEBUG, 1510361565.4517484]: PiCamera image received: ImageMessage(t=1510361565.4517338, n=284)
[DEBUG, 1510361565.551566]: PiCamera image received: ImageMessage(t=1510361565.5515497, n=285)
[DEBUG, 1510361565.5917685]: PiCamera image received: ImageMessage(t=1510361565.591563, n=286)
[DEBUG, 1510361565.6936953]: PiCamera image received: ImageMessage(t=1510361565.6936796, n=287)
[DEBUG, 1510361565.7605927]: PiCamera image received: ImageMessage(t=1510361565.760577, n=288)
[DEBUG, 1510361565.825576]: PiCamera image received: ImageMessage(t=1510361565.8255596, n=289)
[DEBUG, 1510361565.9363034]: PiCamera image received: ImageMessage(t=1510361565.9362876, n=291)
[DEBUG, 1510361566.003936]: PiCamera image received: ImageMessage(t=1510361566.0039206, n=292)
[DEBUG, 1510361566.069015]: PiCamera image received: ImageMessage(t=1510361566.0689983, n=293)
[DEBUG, 1510361566.1360044]: PiCamera image received: ImageMessage(t=1510361566.1359885, n=294)
[DEBUG, 1510361566.201547]: PiCamera image received: ImageMessage(t=1510361566.2015312, n=295)
[DEBUG, 1510361566.2993011]: PiCamera image received: ImageMessage(t=1510361566.299286, n=296)
[DEBUG, 1510361566.4313834]: PiCamera image received: ImageMessage(t=1510361566.4313667, n=297)
[DEBUG, 1510361566.4990442]: PiCamera image received: ImageMessage(t=1510361566.4990282, n=299)
[DEBUG, 1510361566.5661511]: PiCamera image received: ImageMessage(t=1510361566.566136, n=300)
[DEBUG, 1510361566.6061187]: PiCamera image received: ImageMessage(t=1510361566.6061015, n=301)
[DEBUG, 1510361566.639749]: PiCamera image received: ImageMessage(t=1510361566.639734, n=302)
[DEBUG, 1510361566.6743042]: PiCamera image received: ImageMessage(t=1510361566.6742895, n=303)
[DEBUG, 1510361566.7724702]: PiCamera image received: ImageMessage(t=1510361566.7724555, n=304)
[DEBUG, 1510361566.878307]: PiCamera image received: ImageMessage(t=1510361566.8782923, n=305)
[DEBUG, 1510361566.9125273]: PiCamera image received: ImageMessage(t=1510361566.9125118, n=306)
[DEBUG, 1510361566.9788682]: PiCamera image received: ImageMessage(t=1510361566.9788527, n=307)
[DEBUG, 1510361567.0137563]: PiCamera image received: ImageMessage(t=1510361567.0137413, n=308)
[DEBUG, 1510361567.113979]: PiCamera image received: ImageMessage(t=1510361567.113964, n=309)
[DEBUG, 1510361567.1482046]: PiCamera image received: ImageMessage(t=1510361567.148189, n=310)
[DEBUG, 1510361567.2184746]: PiCamera image received: ImageMessage(t=1510361567.2184598, n=311)
[DEBUG, 1510361567.2524154]: PiCamera image received: ImageMessage(t=1510361567.2524, n=312)
[DEBUG, 1510361567.3186722]: PiCamera image received: ImageMessage(t=1510361567.318657, n=313)
[DEBUG, 1510361567.3877368]: PiCamera image received: ImageMessage(t=1510361567.387722, n=314)
[DEBUG, 1510361567.4869013]: PiCamera image received: ImageMessage(t=1510361567.4868863, n=315)
[DEBUG, 1510361567.5926473]: PiCamera image received: ImageMessage(t=1510361567.592633, n=316)
[DEBUG, 1510361567.6967504]: PiCamera image received: ImageMessage(t=1510361567.6967323, n=317)
[DEBUG, 1510361567.7636025]: PiCamera image received: ImageMessage(t=1510361567.7635868, n=318)
[DEBUG, 1510361567.9141507]: PiCamera image received: ImageMessage(t=1510361567.914135, n=319)
[DEBUG, 1510361567.9853082]: PiCamera image received: ImageMessage(t=1510361567.9852917, n=320)
[DEBUG, 1510361568.0182319]: PiCamera image received: ImageMessage(t=1510361568.0182164, n=321)
[DEBUG, 1510361568.051036]: PiCamera image received: ImageMessage(t=1510361568.0510206, n=322)
[DEBUG, 1510361568.1165168]: PiCamera image received: ImageMessage(t=1510361568.1165018, n=323)
[DEBUG, 1510361568.185677]: PiCamera image received: ImageMessage(t=1510361568.185663, n=324)
[DEBUG, 1510361568.295755]: PiCamera image received: ImageMessage(t=1510361568.295725, n=325)
[DEBUG, 1510361568.332655]: PiCamera image received: ImageMessage(t=1510361568.3326402, n=326)
[DEBUG, 1510361568.3662329]: PiCamera image received: ImageMessage(t=1510361568.3662171, n=327)
[DEBUG, 1510361568.4706054]: PiCamera image received: ImageMessage(t=1510361568.47059, n=329)
[DEBUG, 1510361568.569408]: PiCamera image received: ImageMessage(t=1510361568.5693934, n=330)
[DEBUG, 1510361568.6454725]: PiCamera image received: ImageMessage(t=1510361568.6454556, n=331)
[DEBUG, 1510361568.7509897]: PiCamera image received: ImageMessage(t=1510361568.750974, n=332)
[DEBUG, 1510361568.8196907]: PiCamera image received: ImageMessage(t=1510361568.8196743, n=333)
[DEBUG, 1510361568.888967]: PiCamera image received: ImageMessage(t=1510361568.8889513, n=334)
[DEBUG, 1510361568.9559093]: PiCamera image received: ImageMessage(t=1510361568.9558935, n=335)
[DEBUG, 1510361569.0337324]: PiCamera image received: ImageMessage(t=1510361569.0337174, n=337)
[DEBUG, 1510361569.1336796]: PiCamera image received: ImageMessage(t=1510361569.133664, n=338)
[DEBUG, 1510361569.1674814]: PiCamera image received: ImageMessage(t=1510361569.1674652, n=339)
[DEBUG, 1510361569.20108]: PiCamera image received: ImageMessage(t=1510361569.201064, n=340)
[DEBUG, 1510361569.2992487]: PiCamera image received: ImageMessage(t=1510361569.2992337, n=341)
[DEBUG, 1510361569.3324795]: PiCamera image received: ImageMessage(t=1510361569.332465, n=342)
[DEBUG, 1510361569.3651335]: PiCamera image received: ImageMessage(t=1510361569.3651175, n=343)
[DEBUG, 1510361569.399754]: PiCamera image received: ImageMessage(t=1510361569.399738, n=344)
[DEBUG, 1510361569.4660628]: PiCamera image received: ImageMessage(t=1510361569.4660356, n=345)
[DEBUG, 1510361569.4997754]: PiCamera image received: ImageMessage(t=1510361569.4997602, n=346)
[DEBUG, 1510361569.5667198]: PiCamera image received: ImageMessage(t=1510361569.566706, n=347)
[DEBUG, 1510361569.7112482]: PiCamera image received: ImageMessage(t=1510361569.7112334, n=348)
[DEBUG, 1510361569.815658]: PiCamera image received: ImageMessage(t=1510361569.815643, n=349)
[DEBUG, 1510361569.8840978]: PiCamera image received: ImageMessage(t=1510361569.8840823, n=350)
[DEBUG, 1510361569.9531581]: PiCamera image received: ImageMessage(t=1510361569.953141, n=351)
[DEBUG, 1510361570.02585]: PiCamera image received: ImageMessage(t=1510361570.025833, n=352)
[DEBUG, 1510361570.05931]: PiCamera image received: ImageMessage(t=1510361570.0592942, n=353)
[DEBUG, 1510361570.1578188]: PiCamera image received: ImageMessage(t=1510361570.1578047, n=354)
[DEBUG, 1510361570.2248726]: PiCamera image received: ImageMessage(t=1510361570.2248578, n=355)
[DEBUG, 1510361570.37535]: PiCamera image received: ImageMessage(t=1510361570.3753328, n=356)
[DEBUG, 1510361570.4435701]: PiCamera image received: ImageMessage(t=1510361570.4435534, n=357)
[DEBUG, 1510361570.5450993]: PiCamera image received: ImageMessage(t=1510361570.5450838, n=358)
[DEBUG, 1510361570.613005]: PiCamera image received: ImageMessage(t=1510361570.61299, n=359)
[DEBUG, 1510361570.7285628]: PiCamera image received: ImageMessage(t=1510361570.7285466, n=360)
[log buffer end]
[PiCamera @ node.py:81][DEBUG] 2017-11-10 19:52:50,730: logging message buffer (len=16434)
[PiCamera @ node.py:79][DEBUG] 2017-11-10 19:53:01,881: [log buffer start]
[DEBUG, 1510361570.797098]: PiCamera image received: ImageMessage(t=1510361570.7970796, n=361)
[DEBUG, 1510361570.831138]: PiCamera image received: ImageMessage(t=1510361570.831122, n=362)
[DEBUG, 1510361570.9414403]: PiCamera image received: ImageMessage(t=1510361570.9414248, n=363)
[DEBUG, 1510361570.9740105]: PiCamera image received: ImageMessage(t=1510361570.9739947, n=364)
[DEBUG, 1510361571.0715694]: PiCamera image received: ImageMessage(t=1510361571.071554, n=365)
[DEBUG, 1510361571.1704128]: PiCamera image received: ImageMessage(t=1510361571.1703975, n=366)
[DEBUG, 1510361571.2675543]: PiCamera image received: ImageMessage(t=1510361571.2675397, n=367)
[DEBUG, 1510361571.3007894]: PiCamera image received: ImageMessage(t=1510361571.300774, n=368)
[DEBUG, 1510361571.3379872]: PiCamera image received: ImageMessage(t=1510361571.3379457, n=369)
[DEBUG, 1510361571.4391546]: PiCamera image received: ImageMessage(t=1510361571.4391387, n=370)
[DEBUG, 1510361571.5078936]: PiCamera image received: ImageMessage(t=1510361571.5078788, n=371)
[DEBUG, 1510361571.6060843]: PiCamera image received: ImageMessage(t=1510361571.6060686, n=372)
[DEBUG, 1510361571.6720543]: PiCamera image received: ImageMessage(t=1510361571.6720395, n=373)
[DEBUG, 1510361571.7391083]: PiCamera image received: ImageMessage(t=1510361571.7390935, n=374)
[DEBUG, 1510361571.847565]: PiCamera image received: ImageMessage(t=1510361571.8475497, n=375)
[DEBUG, 1510361571.9137514]: PiCamera image received: ImageMessage(t=1510361571.9137356, n=376)
[DEBUG, 1510361571.9818327]: PiCamera image received: ImageMessage(t=1510361571.981818, n=377)
[DEBUG, 1510361572.0192494]: PiCamera image received: ImageMessage(t=1510361572.0192332, n=378)
[DEBUG, 1510361572.1241493]: PiCamera image received: ImageMessage(t=1510361572.1241348, n=379)
[DEBUG, 1510361572.2241154]: PiCamera image received: ImageMessage(t=1510361572.224101, n=380)
[DEBUG, 1510361572.2896397]: PiCamera image received: ImageMessage(t=1510361572.2896252, n=381)
[DEBUG, 1510361572.3937187]: PiCamera image received: ImageMessage(t=1510361572.3937025, n=382)
[DEBUG, 1510361572.5058932]: PiCamera image received: ImageMessage(t=1510361572.5058787, n=383)
[DEBUG, 1510361572.5408]: PiCamera image received: ImageMessage(t=1510361572.5407858, n=384)
[DEBUG, 1510361572.6058924]: PiCamera image received: ImageMessage(t=1510361572.6058772, n=385)
[DEBUG, 1510361572.6729581]: PiCamera image received: ImageMessage(t=1510361572.6729434, n=386)
[DEBUG, 1510361572.7383413]: PiCamera image received: ImageMessage(t=1510361572.7383256, n=387)
[DEBUG, 1510361572.780652]: PiCamera image received: ImageMessage(t=1510361572.7806368, n=388)
[DEBUG, 1510361572.8526287]: PiCamera image received: ImageMessage(t=1510361572.8526137, n=389)
[DEBUG, 1510361572.9879823]: PiCamera image received: ImageMessage(t=1510361572.9879665, n=390)
[DEBUG, 1510361573.0545201]: PiCamera image received: ImageMessage(t=1510361573.054504, n=391)
[DEBUG, 1510361573.157444]: PiCamera image received: ImageMessage(t=1510361573.1574287, n=392)
[DEBUG, 1510361573.2236497]: PiCamera image received: ImageMessage(t=1510361573.223635, n=393)
[DEBUG, 1510361573.256777]: PiCamera image received: ImageMessage(t=1510361573.256762, n=394)
[DEBUG, 1510361573.292418]: PiCamera image received: ImageMessage(t=1510361573.2924025, n=395)
[DEBUG, 1510361573.3269494]: PiCamera image received: ImageMessage(t=1510361573.3269339, n=396)
[DEBUG, 1510361573.3604984]: PiCamera image received: ImageMessage(t=1510361573.3604834, n=397)
[DEBUG, 1510361573.4915338]: PiCamera image received: ImageMessage(t=1510361573.4915185, n=398)
[DEBUG, 1510361573.5973194]: PiCamera image received: ImageMessage(t=1510361573.5973039, n=399)
[DEBUG, 1510361573.6644847]: PiCamera image received: ImageMessage(t=1510361573.6644695, n=400)
[DEBUG, 1510361573.701022]: PiCamera image received: ImageMessage(t=1510361573.701005, n=401)
[DEBUG, 1510361573.7338374]: PiCamera image received: ImageMessage(t=1510361573.7338214, n=402)
[DEBUG, 1510361573.8410695]: PiCamera image received: ImageMessage(t=1510361573.8410535, n=403)
[DEBUG, 1510361573.8775103]: PiCamera image received: ImageMessage(t=1510361573.8774946, n=404)
[DEBUG, 1510361573.9801528]: PiCamera image received: ImageMessage(t=1510361573.9801373, n=405)
[DEBUG, 1510361574.013709]: PiCamera image received: ImageMessage(t=1510361574.0136929, n=406)
[DEBUG, 1510361574.0468664]: PiCamera image received: ImageMessage(t=1510361574.0468504, n=407)
[DEBUG, 1510361574.080252]: PiCamera image received: ImageMessage(t=1510361574.0802364, n=408)
[DEBUG, 1510361574.1795132]: PiCamera image received: ImageMessage(t=1510361574.1794968, n=409)
[DEBUG, 1510361574.2823122]: PiCamera image received: ImageMessage(t=1510361574.2822971, n=410)
[DEBUG, 1510361574.3496764]: PiCamera image received: ImageMessage(t=1510361574.349661, n=411)
[DEBUG, 1510361574.4159245]: PiCamera image received: ImageMessage(t=1510361574.41591, n=412)
[DEBUG, 1510361574.4813185]: PiCamera image received: ImageMessage(t=1510361574.481303, n=413)
[DEBUG, 1510361574.5154371]: PiCamera image received: ImageMessage(t=1510361574.5154219, n=414)
[DEBUG, 1510361574.549862]: PiCamera image received: ImageMessage(t=1510361574.5498464, n=415)
[DEBUG, 1510361574.6476896]: PiCamera image received: ImageMessage(t=1510361574.6476748, n=416)
[DEBUG, 1510361574.750389]: PiCamera image received: ImageMessage(t=1510361574.7503731, n=417)
[DEBUG, 1510361574.78388]: PiCamera image received: ImageMessage(t=1510361574.7838643, n=418)
[DEBUG, 1510361574.8490808]: PiCamera image received: ImageMessage(t=1510361574.8490655, n=419)
[DEBUG, 1510361574.881834]: PiCamera image received: ImageMessage(t=1510361574.8818192, n=420)
[DEBUG, 1510361574.9496307]: PiCamera image received: ImageMessage(t=1510361574.9496157, n=421)
[DEBUG, 1510361575.0161707]: PiCamera image received: ImageMessage(t=1510361575.016154, n=422)
[DEBUG, 1510361575.0494442]: PiCamera image received: ImageMessage(t=1510361575.0494282, n=423)
[DEBUG, 1510361575.1553125]: PiCamera image received: ImageMessage(t=1510361575.1552978, n=424)
[DEBUG, 1510361575.189769]: PiCamera image received: ImageMessage(t=1510361575.1897533, n=425)
[DEBUG, 1510361575.22303]: PiCamera image received: ImageMessage(t=1510361575.2230139, n=426)
[DEBUG, 1510361575.2881904]: PiCamera image received: ImageMessage(t=1510361575.2881746, n=427)
[DEBUG, 1510361575.3208191]: PiCamera image received: ImageMessage(t=1510361575.3208039, n=428)
[DEBUG, 1510361575.3548121]: PiCamera image received: ImageMessage(t=1510361575.3547964, n=429)
[DEBUG, 1510361575.4563484]: PiCamera image received: ImageMessage(t=1510361575.4563344, n=430)
[DEBUG, 1510361575.5991976]: PiCamera image received: ImageMessage(t=1510361575.599183, n=431)
[DEBUG, 1510361575.6648421]: PiCamera image received: ImageMessage(t=1510361575.6648252, n=432)
[DEBUG, 1510361575.7311068]: PiCamera image received: ImageMessage(t=1510361575.7310734, n=433)
[DEBUG, 1510361575.8020594]: PiCamera image received: ImageMessage(t=1510361575.802028, n=434)
[DEBUG, 1510361575.8355834]: PiCamera image received: ImageMessage(t=1510361575.8355684, n=435)
[DEBUG, 1510361575.9079754]: PiCamera image received: ImageMessage(t=1510361575.9079595, n=436)
[DEBUG, 1510361575.9771895]: PiCamera image received: ImageMessage(t=1510361575.9771743, n=437)
[DEBUG, 1510361576.0778842]: PiCamera image received: ImageMessage(t=1510361576.0778677, n=438)
[DEBUG, 1510361576.1109993]: PiCamera image received: ImageMessage(t=1510361576.110983, n=439)
[DEBUG, 1510361576.217428]: PiCamera image received: ImageMessage(t=1510361576.2174122, n=440)
[DEBUG, 1510361576.250594]: PiCamera image received: ImageMessage(t=1510361576.2505765, n=441)
[DEBUG, 1510361576.316881]: PiCamera image received: ImageMessage(t=1510361576.3168654, n=442)
[DEBUG, 1510361576.4140995]: PiCamera image received: ImageMessage(t=1510361576.4140837, n=443)
[DEBUG, 1510361576.4471693]: PiCamera image received: ImageMessage(t=1510361576.4471538, n=444)
[DEBUG, 1510361576.5440845]: PiCamera image received: ImageMessage(t=1510361576.5440686, n=445)
[DEBUG, 1510361576.581978]: PiCamera image received: ImageMessage(t=1510361576.5819626, n=446)
[DEBUG, 1510361576.6501002]: PiCamera image received: ImageMessage(t=1510361576.650085, n=447)
[DEBUG, 1510361576.720212]: PiCamera image received: ImageMessage(t=1510361576.7201965, n=448)
[DEBUG, 1510361576.7854738]: PiCamera image received: ImageMessage(t=1510361576.7854583, n=449)
[DEBUG, 1510361576.8835018]: PiCamera image received: ImageMessage(t=1510361576.8834867, n=450)
[DEBUG, 1510361576.9838963]: PiCamera image received: ImageMessage(t=1510361576.9838798, n=451)
[DEBUG, 1510361577.017772]: PiCamera image received: ImageMessage(t=1510361577.0177562, n=452)
[DEBUG, 1510361577.051562]: PiCamera image received: ImageMessage(t=1510361577.0515463, n=453)
[DEBUG, 1510361577.1591156]: PiCamera image received: ImageMessage(t=1510361577.1590998, n=454)
[DEBUG, 1510361577.1947188]: PiCamera image received: ImageMessage(t=1510361577.194703, n=455)
[DEBUG, 1510361577.2650301]: PiCamera image received: ImageMessage(t=1510361577.2650144, n=456)
[DEBUG, 1510361577.308165]: PiCamera image received: ImageMessage(t=1510361577.3081498, n=457)
[DEBUG, 1510361577.3416114]: PiCamera image received: ImageMessage(t=1510361577.341596, n=458)
[DEBUG, 1510361577.4105833]: PiCamera image received: ImageMessage(t=1510361577.410568, n=459)
[DEBUG, 1510361577.477551]: PiCamera image received: ImageMessage(t=1510361577.477534, n=460)
[DEBUG, 1510361577.5425055]: PiCamera image received: ImageMessage(t=1510361577.5424905, n=461)
[DEBUG, 1510361577.575068]: PiCamera image received: ImageMessage(t=1510361577.5750523, n=462)
[DEBUG, 1510361577.69549]: PiCamera image received: ImageMessage(t=1510361577.6954734, n=463)
[DEBUG, 1510361577.7695155]: PiCamera image received: ImageMessage(t=1510361577.7694995, n=464)
[DEBUG, 1510361577.8731577]: PiCamera image received: ImageMessage(t=1510361577.8731399, n=465)
[DEBUG, 1510361577.9065986]: PiCamera image received: ImageMessage(t=1510361577.9065826, n=466)
[DEBUG, 1510361577.9407434]: PiCamera image received: ImageMessage(t=1510361577.9407277, n=467)
[DEBUG, 1510361578.0088887]: PiCamera image received: ImageMessage(t=1510361578.0088725, n=468)
[DEBUG, 1510361578.106468]: PiCamera image received: ImageMessage(t=1510361578.106452, n=469)
[DEBUG, 1510361578.1406066]: PiCamera image received: ImageMessage(t=1510361578.1405916, n=470)
[DEBUG, 1510361578.1737301]: PiCamera image received: ImageMessage(t=1510361578.1737144, n=471)
[DEBUG, 1510361578.272434]: PiCamera image received: ImageMessage(t=1510361578.2724185, n=472)
[DEBUG, 1510361578.3762064]: PiCamera image received: ImageMessage(t=1510361578.376187, n=474)
[DEBUG, 1510361578.4504251]: PiCamera image received: ImageMessage(t=1510361578.4504108, n=475)
[DEBUG, 1510361578.518651]: PiCamera image received: ImageMessage(t=1510361578.5186377, n=476)
[DEBUG, 1510361578.6239357]: PiCamera image received: ImageMessage(t=1510361578.6239204, n=478)
[DEBUG, 1510361578.6573942]: PiCamera image received: ImageMessage(t=1510361578.6573784, n=479)
[DEBUG, 1510361578.7570727]: PiCamera image received: ImageMessage(t=1510361578.7570567, n=480)
[DEBUG, 1510361578.8229835]: PiCamera image received: ImageMessage(t=1510361578.8229678, n=481)
[DEBUG, 1510361578.8922274]: PiCamera image received: ImageMessage(t=1510361578.8922122, n=482)
[DEBUG, 1510361578.961144]: PiCamera image received: ImageMessage(t=1510361578.9611287, n=483)
[DEBUG, 1510361579.0297363]: PiCamera image received: ImageMessage(t=1510361579.0297203, n=484)
[DEBUG, 1510361579.0642703]: PiCamera image received: ImageMessage(t=1510361579.0642548, n=486)
[DEBUG, 1510361579.162281]: PiCamera image received: ImageMessage(t=1510361579.1622655, n=487)
[DEBUG, 1510361579.2277088]: PiCamera image received: ImageMessage(t=1510361579.2276933, n=488)
[DEBUG, 1510361579.2932987]: PiCamera image received: ImageMessage(t=1510361579.2932825, n=489)
[DEBUG, 1510361579.326354]: PiCamera image received: ImageMessage(t=1510361579.3263388, n=490)
[DEBUG, 1510361579.4231744]: PiCamera image received: ImageMessage(t=1510361579.423158, n=491)
[DEBUG, 1510361579.4561365]: PiCamera image received: ImageMessage(t=1510361579.456121, n=492)
[DEBUG, 1510361579.5620775]: PiCamera image received: ImageMessage(t=1510361579.5620584, n=494)
[DEBUG, 1510361579.5958679]: PiCamera image received: ImageMessage(t=1510361579.5958521, n=495)
[DEBUG, 1510361579.6292021]: PiCamera image received: ImageMessage(t=1510361579.6291862, n=496)
[DEBUG, 1510361579.6634178]: PiCamera image received: ImageMessage(t=1510361579.6634026, n=497)
[DEBUG, 1510361579.76565]: PiCamera image received: ImageMessage(t=1510361579.7656345, n=498)
[DEBUG, 1510361579.8626587]: PiCamera image received: ImageMessage(t=1510361579.8626442, n=499)
[DEBUG, 1510361579.8965118]: PiCamera image received: ImageMessage(t=1510361579.8964334, n=500)
[DEBUG, 1510361579.9320803]: PiCamera image received: ImageMessage(t=1510361579.932066, n=501)
[DEBUG, 1510361579.9667723]: PiCamera image received: ImageMessage(t=1510361579.966757, n=502)
[DEBUG, 1510361580.0353825]: PiCamera image received: ImageMessage(t=1510361580.0353675, n=503)
[DEBUG, 1510361580.0685344]: PiCamera image received: ImageMessage(t=1510361580.068518, n=504)
[DEBUG, 1510361580.1020384]: PiCamera image received: ImageMessage(t=1510361580.102023, n=505)
[DEBUG, 1510361580.2017558]: PiCamera image received: ImageMessage(t=1510361580.2017403, n=506)
[DEBUG, 1510361580.3006308]: PiCamera image received: ImageMessage(t=1510361580.300615, n=507)
[DEBUG, 1510361580.3361168]: PiCamera image received: ImageMessage(t=1510361580.336101, n=508)
[DEBUG, 1510361580.443352]: PiCamera image received: ImageMessage(t=1510361580.443336, n=509)
[DEBUG, 1510361580.480459]: PiCamera image received: ImageMessage(t=1510361580.4804432, n=510)
[DEBUG, 1510361580.5154269]: PiCamera image received: ImageMessage(t=1510361580.5154119, n=511)
[DEBUG, 1510361580.6226094]: PiCamera image received: ImageMessage(t=1510361580.6225936, n=512)
[DEBUG, 1510361580.656526]: PiCamera image received: ImageMessage(t=1510361580.65651, n=513)
[DEBUG, 1510361580.723188]: PiCamera image received: ImageMessage(t=1510361580.7231727, n=514)
[DEBUG, 1510361580.7554905]: PiCamera image received: ImageMessage(t=1510361580.7554758, n=515)
[DEBUG, 1510361580.8333437]: PiCamera image received: ImageMessage(t=1510361580.8333282, n=516)
[DEBUG, 1510361580.9384594]: PiCamera image received: ImageMessage(t=1510361580.9384434, n=517)
[DEBUG, 1510361581.0045152]: PiCamera image received: ImageMessage(t=1510361581.0044997, n=518)
[DEBUG, 1510361581.039672]: PiCamera image received: ImageMessage(t=1510361581.0396564, n=519)
[DEBUG, 1510361581.072647]: PiCamera image received: ImageMessage(t=1510361581.0726318, n=520)
[DEBUG, 1510361581.1726007]: PiCamera image received: ImageMessage(t=1510361581.1725848, n=521)
[DEBUG, 1510361581.2064667]: PiCamera image received: ImageMessage(t=1510361581.206452, n=522)
[DEBUG, 1510361581.239666]: PiCamera image received: ImageMessage(t=1510361581.2396514, n=523)
[DEBUG, 1510361581.2803607]: PiCamera image received: ImageMessage(t=1510361581.2803447, n=524)
[DEBUG, 1510361581.321106]: PiCamera image received: ImageMessage(t=1510361581.3210912, n=525)
[DEBUG, 1510361581.4224575]: PiCamera image received: ImageMessage(t=1510361581.4224424, n=526)
[DEBUG, 1510361581.4882593]: PiCamera image received: ImageMessage(t=1510361581.4882443, n=527)
[DEBUG, 1510361581.5938954]: PiCamera image received: ImageMessage(t=1510361581.5938802, n=528)
[DEBUG, 1510361581.626991]: PiCamera image received: ImageMessage(t=1510361581.6269755, n=529)
[DEBUG, 1510361581.6609557]: PiCamera image received: ImageMessage(t=1510361581.6609411, n=530)
[DEBUG, 1510361581.6938956]: PiCamera image received: ImageMessage(t=1510361581.6938813, n=531)
[DEBUG, 1510361581.7289467]: PiCamera image received: ImageMessage(t=1510361581.7289321, n=532)
[DEBUG, 1510361581.7622178]: PiCamera image received: ImageMessage(t=1510361581.7622032, n=533)
[DEBUG, 1510361581.7950528]: PiCamera image received: ImageMessage(t=1510361581.7950375, n=534)
[DEBUG, 1510361581.8459444]: PiCamera image received: ImageMessage(t=1510361581.8459294, n=535)
[DEBUG, 1510361581.8809052]: PiCamera image received: ImageMessage(t=1510361581.880886, n=536)
[log buffer end]
[PiCamera @ node.py:81][DEBUG] 2017-11-10 19:53:01,886: logging message buffer (len=16460)
[PiCamera @ node.py:79][DEBUG] 2017-11-10 19:53:12,973: [log buffer start]
[DEBUG, 1510361581.924141]: PiCamera image received: ImageMessage(t=1510361581.9241242, n=537)
[DEBUG, 1510361581.9575608]: PiCamera image received: ImageMessage(t=1510361581.9575453, n=538)
[DEBUG, 1510361582.0674007]: PiCamera image received: ImageMessage(t=1510361582.0673852, n=539)
[DEBUG, 1510361582.1690466]: PiCamera image received: ImageMessage(t=1510361582.1690295, n=540)
[DEBUG, 1510361582.2152874]: PiCamera image received: ImageMessage(t=1510361582.2152705, n=541)
[DEBUG, 1510361582.2610292]: PiCamera image received: ImageMessage(t=1510361582.2610142, n=542)
[DEBUG, 1510361582.3973079]: PiCamera image received: ImageMessage(t=1510361582.3972929, n=543)
[DEBUG, 1510361582.4375591]: PiCamera image received: ImageMessage(t=1510361582.4375439, n=544)
[DEBUG, 1510361582.472378]: PiCamera image received: ImageMessage(t=1510361582.472362, n=545)
[DEBUG, 1510361582.572755]: PiCamera image received: ImageMessage(t=1510361582.5727398, n=546)
[DEBUG, 1510361582.6061547]: PiCamera image received: ImageMessage(t=1510361582.6061387, n=547)
[DEBUG, 1510361582.6398423]: PiCamera image received: ImageMessage(t=1510361582.6398263, n=548)
[DEBUG, 1510361582.6726367]: PiCamera image received: ImageMessage(t=1510361582.6726208, n=549)
[DEBUG, 1510361582.7076654]: PiCamera image received: ImageMessage(t=1510361582.7076483, n=550)
[DEBUG, 1510361582.8147588]: PiCamera image received: ImageMessage(t=1510361582.8147433, n=552)
[DEBUG, 1510361582.8474452]: PiCamera image received: ImageMessage(t=1510361582.8474307, n=553)
[DEBUG, 1510361582.8805678]: PiCamera image received: ImageMessage(t=1510361582.8805528, n=554)
[DEBUG, 1510361582.9479804]: PiCamera image received: ImageMessage(t=1510361582.9479651, n=555)
[DEBUG, 1510361583.013521]: PiCamera image received: ImageMessage(t=1510361583.013505, n=556)
[DEBUG, 1510361583.0788207]: PiCamera image received: ImageMessage(t=1510361583.0788062, n=557)
[DEBUG, 1510361583.1532037]: PiCamera image received: ImageMessage(t=1510361583.153188, n=558)
[DEBUG, 1510361583.1875079]: PiCamera image received: ImageMessage(t=1510361583.1874921, n=559)
[DEBUG, 1510361583.28805]: PiCamera image received: ImageMessage(t=1510361583.2880352, n=560)
[DEBUG, 1510361583.3971553]: PiCamera image received: ImageMessage(t=1510361583.3971395, n=561)
[DEBUG, 1510361583.4706507]: PiCamera image received: ImageMessage(t=1510361583.4706347, n=562)
[DEBUG, 1510361583.5769346]: PiCamera image received: ImageMessage(t=1510361583.5769196, n=563)
[DEBUG, 1510361583.6569784]: PiCamera image received: ImageMessage(t=1510361583.6569626, n=564)
[DEBUG, 1510361583.7269473]: PiCamera image received: ImageMessage(t=1510361583.7269328, n=565)
[DEBUG, 1510361583.7593582]: PiCamera image received: ImageMessage(t=1510361583.7593431, n=566)
[DEBUG, 1510361583.7949512]: PiCamera image received: ImageMessage(t=1510361583.7949367, n=567)
[DEBUG, 1510361583.829406]: PiCamera image received: ImageMessage(t=1510361583.8293912, n=568)
[DEBUG, 1510361583.86256]: PiCamera image received: ImageMessage(t=1510361583.862545, n=569)
[DEBUG, 1510361583.965468]: PiCamera image received: ImageMessage(t=1510361583.9654527, n=570)
[DEBUG, 1510361584.0226953]: PiCamera image received: ImageMessage(t=1510361584.0226805, n=571)
[DEBUG, 1510361584.1273835]: PiCamera image received: ImageMessage(t=1510361584.127368, n=572)
[DEBUG, 1510361584.194375]: PiCamera image received: ImageMessage(t=1510361584.194359, n=573)
[DEBUG, 1510361584.2923841]: PiCamera image received: ImageMessage(t=1510361584.292369, n=574)
[DEBUG, 1510361584.325576]: PiCamera image received: ImageMessage(t=1510361584.3255606, n=575)
[DEBUG, 1510361584.3592257]: PiCamera image received: ImageMessage(t=1510361584.3592105, n=576)
[DEBUG, 1510361584.459212]: PiCamera image received: ImageMessage(t=1510361584.4591968, n=577)
[DEBUG, 1510361584.5679631]: PiCamera image received: ImageMessage(t=1510361584.567947, n=578)
[DEBUG, 1510361584.6015034]: PiCamera image received: ImageMessage(t=1510361584.6014879, n=579)
[DEBUG, 1510361584.673398]: PiCamera image received: ImageMessage(t=1510361584.6733835, n=580)
[DEBUG, 1510361584.7809348]: PiCamera image received: ImageMessage(t=1510361584.780919, n=581)
[DEBUG, 1510361584.8463907]: PiCamera image received: ImageMessage(t=1510361584.8463752, n=582)
[DEBUG, 1510361584.8807628]: PiCamera image received: ImageMessage(t=1510361584.880748, n=583)
[DEBUG, 1510361584.91339]: PiCamera image received: ImageMessage(t=1510361584.9133751, n=584)
[DEBUG, 1510361584.945819]: PiCamera image received: ImageMessage(t=1510361584.9458039, n=585)
[DEBUG, 1510361585.012067]: PiCamera image received: ImageMessage(t=1510361585.0120506, n=586)
[DEBUG, 1510361585.0455785]: PiCamera image received: ImageMessage(t=1510361585.0455625, n=587)
[DEBUG, 1510361585.0786855]: PiCamera image received: ImageMessage(t=1510361585.0786695, n=588)
[DEBUG, 1510361585.1849103]: PiCamera image received: ImageMessage(t=1510361585.184895, n=589)
[DEBUG, 1510361585.258193]: PiCamera image received: ImageMessage(t=1510361585.2581778, n=590)
[DEBUG, 1510361585.358066]: PiCamera image received: ImageMessage(t=1510361585.3580506, n=591)
[DEBUG, 1510361585.3915205]: PiCamera image received: ImageMessage(t=1510361585.391506, n=592)
[DEBUG, 1510361585.4239156]: PiCamera image received: ImageMessage(t=1510361585.4239004, n=593)
[DEBUG, 1510361585.5337667]: PiCamera image received: ImageMessage(t=1510361585.5337508, n=594)
[DEBUG, 1510361585.602169]: PiCamera image received: ImageMessage(t=1510361585.6021526, n=595)
[DEBUG, 1510361585.7016068]: PiCamera image received: ImageMessage(t=1510361585.7015908, n=596)
[DEBUG, 1510361585.799976]: PiCamera image received: ImageMessage(t=1510361585.7999601, n=597)
[DEBUG, 1510361585.9019992]: PiCamera image received: ImageMessage(t=1510361585.901984, n=598)
[DEBUG, 1510361586.0018942]: PiCamera image received: ImageMessage(t=1510361586.0018792, n=599)
[DEBUG, 1510361586.1022134]: PiCamera image received: ImageMessage(t=1510361586.1021984, n=600)
[DEBUG, 1510361586.172411]: PiCamera image received: ImageMessage(t=1510361586.1723964, n=601)
[DEBUG, 1510361586.2059872]: PiCamera image received: ImageMessage(t=1510361586.2059705, n=602)
[DEBUG, 1510361586.2742999]: PiCamera image received: ImageMessage(t=1510361586.274283, n=603)
[DEBUG, 1510361586.3738797]: PiCamera image received: ImageMessage(t=1510361586.3738644, n=604)
[DEBUG, 1510361586.4771929]: PiCamera image received: ImageMessage(t=1510361586.4771771, n=605)
[DEBUG, 1510361586.5772977]: PiCamera image received: ImageMessage(t=1510361586.577283, n=606)
[DEBUG, 1510361586.6421099]: PiCamera image received: ImageMessage(t=1510361586.6420934, n=607)
[DEBUG, 1510361586.7405064]: PiCamera image received: ImageMessage(t=1510361586.7404914, n=608)
[DEBUG, 1510361586.84446]: PiCamera image received: ImageMessage(t=1510361586.844444, n=609)
[DEBUG, 1510361586.9094248]: PiCamera image received: ImageMessage(t=1510361586.909409, n=610)
[DEBUG, 1510361586.942774]: PiCamera image received: ImageMessage(t=1510361586.942759, n=611)
[DEBUG, 1510361586.975863]: PiCamera image received: ImageMessage(t=1510361586.9758477, n=612)
[DEBUG, 1510361587.0412285]: PiCamera image received: ImageMessage(t=1510361587.0412135, n=613)
[DEBUG, 1510361587.109766]: PiCamera image received: ImageMessage(t=1510361587.109751, n=614)
[DEBUG, 1510361587.219491]: PiCamera image received: ImageMessage(t=1510361587.2194753, n=615)
[DEBUG, 1510361587.2863803]: PiCamera image received: ImageMessage(t=1510361587.2863636, n=616)
[DEBUG, 1510361587.386104]: PiCamera image received: ImageMessage(t=1510361587.386088, n=617)
[DEBUG, 1510361587.4185448]: PiCamera image received: ImageMessage(t=1510361587.4185293, n=618)
[DEBUG, 1510361587.4520845]: PiCamera image received: ImageMessage(t=1510361587.452069, n=619)
[DEBUG, 1510361587.4856904]: PiCamera image received: ImageMessage(t=1510361587.4856749, n=620)
[DEBUG, 1510361587.5526414]: PiCamera image received: ImageMessage(t=1510361587.5526252, n=621)
[DEBUG, 1510361587.6208656]: PiCamera image received: ImageMessage(t=1510361587.6208506, n=622)
[DEBUG, 1510361587.7201486]: PiCamera image received: ImageMessage(t=1510361587.7201335, n=623)
[DEBUG, 1510361587.7560189]: PiCamera image received: ImageMessage(t=1510361587.7560034, n=624)
[DEBUG, 1510361587.8563995]: PiCamera image received: ImageMessage(t=1510361587.8563836, n=625)
[DEBUG, 1510361587.9557312]: PiCamera image received: ImageMessage(t=1510361587.9557164, n=626)
[DEBUG, 1510361587.9882765]: PiCamera image received: ImageMessage(t=1510361587.9882627, n=627)
[DEBUG, 1510361588.0305264]: PiCamera image received: ImageMessage(t=1510361588.0305116, n=628)
[DEBUG, 1510361588.0956972]: PiCamera image received: ImageMessage(t=1510361588.0956821, n=629)
[DEBUG, 1510361588.1297998]: PiCamera image received: ImageMessage(t=1510361588.129785, n=630)
[DEBUG, 1510361588.162773]: PiCamera image received: ImageMessage(t=1510361588.162758, n=631)
[DEBUG, 1510361588.1958842]: PiCamera image received: ImageMessage(t=1510361588.1958687, n=632)
[DEBUG, 1510361588.2979884]: PiCamera image received: ImageMessage(t=1510361588.2979724, n=633)
[DEBUG, 1510361588.332662]: PiCamera image received: ImageMessage(t=1510361588.3326461, n=634)
[DEBUG, 1510361588.3724728]: PiCamera image received: ImageMessage(t=1510361588.3724382, n=635)
[DEBUG, 1510361588.4396899]: PiCamera image received: ImageMessage(t=1510361588.439674, n=636)
[DEBUG, 1510361588.4732475]: PiCamera image received: ImageMessage(t=1510361588.473232, n=637)
[DEBUG, 1510361588.5062864]: PiCamera image received: ImageMessage(t=1510361588.506271, n=638)
[DEBUG, 1510361588.605233]: PiCamera image received: ImageMessage(t=1510361588.605218, n=639)
[DEBUG, 1510361588.7065778]: PiCamera image received: ImageMessage(t=1510361588.706552, n=640)
[DEBUG, 1510361588.7818415]: PiCamera image received: ImageMessage(t=1510361588.7818263, n=641)
[DEBUG, 1510361588.818252]: PiCamera image received: ImageMessage(t=1510361588.8182364, n=642)
[DEBUG, 1510361588.9210155]: PiCamera image received: ImageMessage(t=1510361588.9210005, n=643)
[DEBUG, 1510361588.972319]: PiCamera image received: ImageMessage(t=1510361588.972304, n=644)
[DEBUG, 1510361589.0076063]: PiCamera image received: ImageMessage(t=1510361589.0075893, n=645)
[DEBUG, 1510361589.0748398]: PiCamera image received: ImageMessage(t=1510361589.0748246, n=646)
[DEBUG, 1510361589.1739569]: PiCamera image received: ImageMessage(t=1510361589.1739404, n=647)
[DEBUG, 1510361589.20892]: PiCamera image received: ImageMessage(t=1510361589.2089047, n=648)
[DEBUG, 1510361589.2510853]: PiCamera image received: ImageMessage(t=1510361589.2510705, n=649)
[DEBUG, 1510361589.2882547]: PiCamera image received: ImageMessage(t=1510361589.288239, n=650)
[DEBUG, 1510361589.3220363]: PiCamera image received: ImageMessage(t=1510361589.322019, n=651)
[DEBUG, 1510361589.3551428]: PiCamera image received: ImageMessage(t=1510361589.3551269, n=652)
[DEBUG, 1510361589.4519114]: PiCamera image received: ImageMessage(t=1510361589.451896, n=653)
[DEBUG, 1510361589.5504365]: PiCamera image received: ImageMessage(t=1510361589.5504203, n=654)
[DEBUG, 1510361589.583751]: PiCamera image received: ImageMessage(t=1510361589.5837355, n=655)
[DEBUG, 1510361589.685605]: PiCamera image received: ImageMessage(t=1510361589.6855698, n=656)
[DEBUG, 1510361589.721235]: PiCamera image received: ImageMessage(t=1510361589.7212198, n=657)
[DEBUG, 1510361589.7542026]: PiCamera image received: ImageMessage(t=1510361589.7541876, n=658)
[DEBUG, 1510361589.819285]: PiCamera image received: ImageMessage(t=1510361589.81927, n=659)
[DEBUG, 1510361589.8850918]: PiCamera image received: ImageMessage(t=1510361589.8850765, n=660)
[DEBUG, 1510361589.9711645]: PiCamera image received: ImageMessage(t=1510361589.9711485, n=661)
[DEBUG, 1510361590.036954]: PiCamera image received: ImageMessage(t=1510361590.036932, n=662)
[DEBUG, 1510361590.0696735]: PiCamera image received: ImageMessage(t=1510361590.069659, n=663)
[DEBUG, 1510361590.1688855]: PiCamera image received: ImageMessage(t=1510361590.1688704, n=664)
[DEBUG, 1510361590.2044394]: PiCamera image received: ImageMessage(t=1510361590.2044234, n=665)
[DEBUG, 1510361590.2420855]: PiCamera image received: ImageMessage(t=1510361590.2420702, n=666)
[DEBUG, 1510361590.3438876]: PiCamera image received: ImageMessage(t=1510361590.3438718, n=667)
[DEBUG, 1510361590.4436991]: PiCamera image received: ImageMessage(t=1510361590.4436717, n=668)
[DEBUG, 1510361590.5107043]: PiCamera image received: ImageMessage(t=1510361590.5106888, n=669)
[DEBUG, 1510361590.544745]: PiCamera image received: ImageMessage(t=1510361590.5447292, n=670)
[DEBUG, 1510361590.5787964]: PiCamera image received: ImageMessage(t=1510361590.5787818, n=671)
[DEBUG, 1510361590.6815996]: PiCamera image received: ImageMessage(t=1510361590.6815836, n=672)
[DEBUG, 1510361590.7212672]: PiCamera image received: ImageMessage(t=1510361590.7212508, n=673)
[DEBUG, 1510361590.7893345]: PiCamera image received: ImageMessage(t=1510361590.7893188, n=674)
[DEBUG, 1510361590.8593621]: PiCamera image received: ImageMessage(t=1510361590.8593447, n=675)
[DEBUG, 1510361590.8984675]: PiCamera image received: ImageMessage(t=1510361590.89845, n=676)
[DEBUG, 1510361591.009177]: PiCamera image received: ImageMessage(t=1510361591.00916, n=677)
[DEBUG, 1510361591.0462484]: PiCamera image received: ImageMessage(t=1510361591.0462306, n=678)
[DEBUG, 1510361591.0789514]: PiCamera image received: ImageMessage(t=1510361591.0789356, n=679)
[DEBUG, 1510361591.1125836]: PiCamera image received: ImageMessage(t=1510361591.1125681, n=680)
[DEBUG, 1510361591.1458669]: PiCamera image received: ImageMessage(t=1510361591.1458504, n=681)
[DEBUG, 1510361591.2485971]: PiCamera image received: ImageMessage(t=1510361591.2485812, n=682)
[DEBUG, 1510361591.2869015]: PiCamera image received: ImageMessage(t=1510361591.2868855, n=683)
[DEBUG, 1510361591.421968]: PiCamera image received: ImageMessage(t=1510361591.4219527, n=684)
[DEBUG, 1510361591.5209162]: PiCamera image received: ImageMessage(t=1510361591.5209005, n=685)
[DEBUG, 1510361591.587798]: PiCamera image received: ImageMessage(t=1510361591.5877826, n=686)
[DEBUG, 1510361591.622909]: PiCamera image received: ImageMessage(t=1510361591.6228936, n=687)
[DEBUG, 1510361591.6608179]: PiCamera image received: ImageMessage(t=1510361591.6608024, n=688)
[DEBUG, 1510361591.6947997]: PiCamera image received: ImageMessage(t=1510361591.6947834, n=689)
[DEBUG, 1510361591.763322]: PiCamera image received: ImageMessage(t=1510361591.7633066, n=690)
[DEBUG, 1510361591.8298156]: PiCamera image received: ImageMessage(t=1510361591.8298, n=691)
[DEBUG, 1510361591.8963363]: PiCamera image received: ImageMessage(t=1510361591.8963203, n=692)
[DEBUG, 1510361591.9653385]: PiCamera image received: ImageMessage(t=1510361591.9653234, n=693)
[DEBUG, 1510361592.0039334]: PiCamera image received: ImageMessage(t=1510361592.003917, n=694)
[DEBUG, 1510361592.0379481]: PiCamera image received: ImageMessage(t=1510361592.0379314, n=695)
[DEBUG, 1510361592.104467]: PiCamera image received: ImageMessage(t=1510361592.1044514, n=696)
[DEBUG, 1510361592.2014546]: PiCamera image received: ImageMessage(t=1510361592.2014394, n=697)
[DEBUG, 1510361592.2373238]: PiCamera image received: ImageMessage(t=1510361592.237308, n=698)
[DEBUG, 1510361592.2794302]: PiCamera image received: ImageMessage(t=1510361592.2794154, n=699)
[DEBUG, 1510361592.3884487]: PiCamera image received: ImageMessage(t=1510361592.3884318, n=700)
[DEBUG, 1510361592.4248674]: PiCamera image received: ImageMessage(t=1510361592.4248521, n=701)
[DEBUG, 1510361592.526079]: PiCamera image received: ImageMessage(t=1510361592.5260634, n=702)
[DEBUG, 1510361592.599395]: PiCamera image received: ImageMessage(t=1510361592.5993795, n=703)
[DEBUG, 1510361592.6644192]: PiCamera image received: ImageMessage(t=1510361592.664403, n=704)
[DEBUG, 1510361592.7674367]: PiCamera image received: ImageMessage(t=1510361592.7674222, n=705)
[DEBUG, 1510361592.836306]: PiCamera image received: ImageMessage(t=1510361592.8362904, n=706)
[DEBUG, 1510361592.9040039]: PiCamera image received: ImageMessage(t=1510361592.9039884, n=707)
[DEBUG, 1510361592.9406774]: PiCamera image received: ImageMessage(t=1510361592.940662, n=708)
[DEBUG, 1510361592.9736028]: PiCamera image received: ImageMessage(t=1510361592.9735873, n=709)
[log buffer end]
[PiCamera @ node.py:81][DEBUG] 2017-11-10 19:53:12,975: logging message buffer (len=16448)
[PiCamera @ node.py:79][DEBUG] 2017-11-10 19:53:17,033: [log buffer start]
[DEBUG, 1510361593.0412056]: PiCamera image received: ImageMessage(t=1510361593.0411904, n=710)
[DEBUG, 1510361593.0754476]: PiCamera image received: ImageMessage(t=1510361593.075432, n=711)
[DEBUG, 1510361593.1080468]: PiCamera image received: ImageMessage(t=1510361593.107978, n=712)
[DEBUG, 1510361593.140537]: PiCamera image received: ImageMessage(t=1510361593.1405218, n=713)
[DEBUG, 1510361593.2374935]: PiCamera image received: ImageMessage(t=1510361593.2374787, n=714)
[DEBUG, 1510361593.3443997]: PiCamera image received: ImageMessage(t=1510361593.3443828, n=715)
[DEBUG, 1510361593.4441686]: PiCamera image received: ImageMessage(t=1510361593.4441535, n=717)
[DEBUG, 1510361593.5167248]: PiCamera image received: ImageMessage(t=1510361593.516709, n=718)
[DEBUG, 1510361593.584594]: PiCamera image received: ImageMessage(t=1510361593.5845788, n=719)
[DEBUG, 1510361593.6181033]: PiCamera image received: ImageMessage(t=1510361593.618087, n=720)
[DEBUG, 1510361593.7205286]: PiCamera image received: ImageMessage(t=1510361593.7205136, n=721)
[DEBUG, 1510361593.8222961]: PiCamera image received: ImageMessage(t=1510361593.8222816, n=722)
[DEBUG, 1510361593.8877618]: PiCamera image received: ImageMessage(t=1510361593.8877456, n=723)
[DEBUG, 1510361593.9218252]: PiCamera image received: ImageMessage(t=1510361593.9218097, n=724)
[DEBUG, 1510361594.0334783]: PiCamera image received: ImageMessage(t=1510361594.033463, n=725)
[DEBUG, 1510361594.0663822]: PiCamera image received: ImageMessage(t=1510361594.0663667, n=726)
[DEBUG, 1510361594.1672244]: PiCamera image received: ImageMessage(t=1510361594.16721, n=727)
[DEBUG, 1510361594.2328796]: PiCamera image received: ImageMessage(t=1510361594.2328634, n=728)
[DEBUG, 1510361594.2667363]: PiCamera image received: ImageMessage(t=1510361594.2667208, n=729)
[DEBUG, 1510361594.3074906]: PiCamera image received: ImageMessage(t=1510361594.307474, n=730)
[DEBUG, 1510361594.34385]: PiCamera image received: ImageMessage(t=1510361594.3438346, n=732)
[DEBUG, 1510361594.443876]: PiCamera image received: ImageMessage(t=1510361594.4438608, n=733)
[DEBUG, 1510361594.4777706]: PiCamera image received: ImageMessage(t=1510361594.4777548, n=734)
[DEBUG, 1510361594.510507]: PiCamera image received: ImageMessage(t=1510361594.5104918, n=735)
[DEBUG, 1510361594.5434973]: PiCamera image received: ImageMessage(t=1510361594.5434816, n=736)
[DEBUG, 1510361594.5780563]: PiCamera image received: ImageMessage(t=1510361594.5780404, n=737)
[DEBUG, 1510361594.6170535]: PiCamera image received: ImageMessage(t=1510361594.6170366, n=738)
[DEBUG, 1510361594.6529524]: PiCamera image received: ImageMessage(t=1510361594.652938, n=739)
[DEBUG, 1510361594.6875398]: PiCamera image received: ImageMessage(t=1510361594.6875231, n=740)
[DEBUG, 1510361594.72091]: PiCamera image received: ImageMessage(t=1510361594.720894, n=741)
[DEBUG, 1510361594.7538853]: PiCamera image received: ImageMessage(t=1510361594.75387, n=742)
[DEBUG, 1510361594.7879446]: PiCamera image received: ImageMessage(t=1510361594.7879286, n=743)
[DEBUG, 1510361594.8559017]: PiCamera image received: ImageMessage(t=1510361594.855885, n=744)
[DEBUG, 1510361594.8913388]: PiCamera image received: ImageMessage(t=1510361594.8913226, n=745)
[DEBUG, 1510361594.994734]: PiCamera image received: ImageMessage(t=1510361594.9947183, n=746)
[DEBUG, 1510361595.028199]: PiCamera image received: ImageMessage(t=1510361595.0281827, n=747)
[DEBUG, 1510361595.0622697]: PiCamera image received: ImageMessage(t=1510361595.062254, n=748)
[DEBUG, 1510361595.095555]: PiCamera image received: ImageMessage(t=1510361595.0955284, n=749)
[DEBUG, 1510361595.1611145]: PiCamera image received: ImageMessage(t=1510361595.1610985, n=750)
[DEBUG, 1510361595.1941085]: PiCamera image received: ImageMessage(t=1510361595.1940935, n=751)
[DEBUG, 1510361595.227426]: PiCamera image received: ImageMessage(t=1510361595.2274106, n=752)
[DEBUG, 1510361595.325515]: PiCamera image received: ImageMessage(t=1510361595.3254976, n=753)
[DEBUG, 1510361595.3604736]: PiCamera image received: ImageMessage(t=1510361595.3604581, n=754)
[DEBUG, 1510361595.3946023]: PiCamera image received: ImageMessage(t=1510361595.394587, n=755)
[DEBUG, 1510361595.4986994]: PiCamera image received: ImageMessage(t=1510361595.4986806, n=757)
[DEBUG, 1510361595.5323522]: PiCamera image received: ImageMessage(t=1510361595.5323365, n=758)
[DEBUG, 1510361595.5977888]: PiCamera image received: ImageMessage(t=1510361595.5977733, n=759)
[DEBUG, 1510361595.6307678]: PiCamera image received: ImageMessage(t=1510361595.630751, n=760)
[DEBUG, 1510361595.6646256]: PiCamera image received: ImageMessage(t=1510361595.6646101, n=761)
[DEBUG, 1510361595.7638364]: PiCamera image received: ImageMessage(t=1510361595.7638204, n=762)
[DEBUG, 1510361595.7983696]: PiCamera image received: ImageMessage(t=1510361595.7983532, n=763)
[DEBUG, 1510361595.8333652]: PiCamera image received: ImageMessage(t=1510361595.8333492, n=764)
[DEBUG, 1510361595.868345]: PiCamera image received: ImageMessage(t=1510361595.86833, n=765)
[DEBUG, 1510361595.9379559]: PiCamera image received: ImageMessage(t=1510361595.9379406, n=766)
[DEBUG, 1510361596.037742]: PiCamera image received: ImageMessage(t=1510361596.0377257, n=767)
[DEBUG, 1510361596.1381636]: PiCamera image received: ImageMessage(t=1510361596.1381474, n=768)
[DEBUG, 1510361596.1733737]: PiCamera image received: ImageMessage(t=1510361596.173358, n=769)
[DEBUG, 1510361596.278288]: PiCamera image received: ImageMessage(t=1510361596.2782722, n=770)
[DEBUG, 1510361596.3135881]: PiCamera image received: ImageMessage(t=1510361596.3135734, n=772)
[DEBUG, 1510361596.412294]: PiCamera image received: ImageMessage(t=1510361596.4122777, n=773)
[DEBUG, 1510361596.4469626]: PiCamera image received: ImageMessage(t=1510361596.446948, n=774)
[DEBUG, 1510361596.480869]: PiCamera image received: ImageMessage(t=1510361596.480854, n=775)
[DEBUG, 1510361596.5803325]: PiCamera image received: ImageMessage(t=1510361596.5803168, n=776)
[DEBUG, 1510361596.6145813]: PiCamera image received: ImageMessage(t=1510361596.6145656, n=777)
[DEBUG, 1510361596.6816254]: PiCamera image received: ImageMessage(t=1510361596.6816156, n=778)
[DEBUG, 1510361596.7145047]: PiCamera image received: ImageMessage(t=1510361596.714496, n=779)
[DEBUG, 1510361596.7475302]: PiCamera image received: ImageMessage(t=1510361596.7475216, n=780)
[DEBUG, 1510361596.7797475]: PiCamera image received: ImageMessage(t=1510361596.779738, n=781)
[DEBUG, 1510361596.8118656]: PiCamera image received: ImageMessage(t=1510361596.8118572, n=782)
[DEBUG, 1510361596.8476124]: PiCamera image received: ImageMessage(t=1510361596.847604, n=783)
[DEBUG, 1510361596.8804178]: PiCamera image received: ImageMessage(t=1510361596.880409, n=784)
[DEBUG, 1510361596.9137325]: PiCamera image received: ImageMessage(t=1510361596.9137228, n=785)
[DEBUG, 1510361596.948568]: PiCamera image received: ImageMessage(t=1510361596.948559, n=786)
[DEBUG, 1510361596.982791]: PiCamera image received: ImageMessage(t=1510361596.9827816, n=787)
[DEBUG, 1510361597.0182955]: PiCamera image received: ImageMessage(t=1510361597.018286, n=788)
[log buffer end]
[PiCamera @ node.py:81][DEBUG] 2017-11-10 19:53:17,033: logging message buffer (len=7188)
[PiCamera @ node.py:102][INFO] 2017-11-10 19:53:17,034: Node took 51.36762881278992s to run
[PiCamera @ picamera.py:207][DEBUG] 2017-11-10 19:53:17,038: Tearing down
[PiCamera @ picamera.py:157][DEBUG] 2017-11-10 19:53:17,053: Breaking out of picamera loop
[PiCamera @ picamera.py:166][DEBUG] 2017-11-10 19:53:17,054: Closing capture
[PiCamera @ picamera.py:167][DEBUG] 2017-11-10 19:53:17,097: Closed
