[PiCamera @ factory.py:85][DEBUG] 2017-10-27 15:47:23,499: Logging to: logs/2017_Oct_27/PiCamera/15_47_23.log
[PiCamera @ picamera.py:49][DEBUG] 2017-10-27 15:47:23,542: PiCamera setup
[PiCamera @ picamera.py:60][INFO] 2017-10-27 15:47:23,808: PiCamera initialized: <picamera.camera.PiCamera object at 0x6ff52ac0>
[PiCamera @ picamera.py:137][INFO] 2017-10-27 15:47:23,810: Warming up camera
[PiCamera @ picamera.py:91][INFO] 2017-10-27 15:47:25,844: Recording video on 'videos/2017_Oct_27/NaborisOrchestrator/15_47_23.mp4.h264'
[PiCamera @ node.py:64][DEBUG] 2017-10-27 15:47:34,717: [log buffer start]
[DEBUG, 1509133647.5949507]: PiCamera image received: ImageMessage(t=1509133647.5949304, n=2)
[DEBUG, 1509133647.6336763]: PiCamera image received: ImageMessage(t=1509133647.633665, n=3)
[DEBUG, 1509133647.7014592]: PiCamera image received: ImageMessage(t=1509133647.7014458, n=4)
[DEBUG, 1509133647.7344222]: PiCamera image received: ImageMessage(t=1509133647.7344134, n=5)
[DEBUG, 1509133647.7666864]: PiCamera image received: ImageMessage(t=1509133647.766678, n=6)
[DEBUG, 1509133647.798806]: PiCamera image received: ImageMessage(t=1509133647.7987905, n=7)
[DEBUG, 1509133647.8320403]: PiCamera image received: ImageMessage(t=1509133647.8320255, n=8)
[DEBUG, 1509133647.8650417]: PiCamera image received: ImageMessage(t=1509133647.8650265, n=9)
[DEBUG, 1509133647.8986392]: PiCamera image received: ImageMessage(t=1509133647.8986242, n=10)
[DEBUG, 1509133647.9321]: PiCamera image received: ImageMessage(t=1509133647.9320853, n=11)
[DEBUG, 1509133647.9977157]: PiCamera image received: ImageMessage(t=1509133647.997701, n=12)
[DEBUG, 1509133648.0307827]: PiCamera image received: ImageMessage(t=1509133648.030768, n=13)
[DEBUG, 1509133648.0638762]: PiCamera image received: ImageMessage(t=1509133648.0638604, n=14)
[DEBUG, 1509133648.0973094]: PiCamera image received: ImageMessage(t=1509133648.0972922, n=15)
[DEBUG, 1509133648.1348825]: PiCamera image received: ImageMessage(t=1509133648.1348681, n=16)
[DEBUG, 1509133648.169153]: PiCamera image received: ImageMessage(t=1509133648.169139, n=17)
[DEBUG, 1509133648.2045739]: PiCamera image received: ImageMessage(t=1509133648.2045593, n=18)
[DEBUG, 1509133648.2368863]: PiCamera image received: ImageMessage(t=1509133648.23687, n=19)
[DEBUG, 1509133648.302601]: PiCamera image received: ImageMessage(t=1509133648.3025866, n=20)
[DEBUG, 1509133648.3351662]: PiCamera image received: ImageMessage(t=1509133648.3351521, n=21)
[DEBUG, 1509133648.3679082]: PiCamera image received: ImageMessage(t=1509133648.3678932, n=22)
[DEBUG, 1509133648.43315]: PiCamera image received: ImageMessage(t=1509133648.433136, n=23)
[DEBUG, 1509133648.4703305]: PiCamera image received: ImageMessage(t=1509133648.4703166, n=24)
[DEBUG, 1509133648.5025136]: PiCamera image received: ImageMessage(t=1509133648.5024993, n=25)
[DEBUG, 1509133648.5349617]: PiCamera image received: ImageMessage(t=1509133648.5349474, n=26)
[DEBUG, 1509133648.609439]: PiCamera image received: ImageMessage(t=1509133648.609424, n=27)
[DEBUG, 1509133648.6416516]: PiCamera image received: ImageMessage(t=1509133648.6416373, n=29)
[DEBUG, 1509133648.706253]: PiCamera image received: ImageMessage(t=1509133648.706238, n=30)
[DEBUG, 1509133648.7390587]: PiCamera image received: ImageMessage(t=1509133648.739044, n=31)
[DEBUG, 1509133648.7713056]: PiCamera image received: ImageMessage(t=1509133648.771291, n=32)
[DEBUG, 1509133648.8039324]: PiCamera image received: ImageMessage(t=1509133648.803918, n=33)
[DEBUG, 1509133648.8362048]: PiCamera image received: ImageMessage(t=1509133648.8361897, n=34)
[DEBUG, 1509133648.9030633]: PiCamera image received: ImageMessage(t=1509133648.9030492, n=35)
[DEBUG, 1509133648.9355574]: PiCamera image received: ImageMessage(t=1509133648.9355414, n=36)
[DEBUG, 1509133648.9687886]: PiCamera image received: ImageMessage(t=1509133648.9687707, n=37)
[DEBUG, 1509133649.0013866]: PiCamera image received: ImageMessage(t=1509133649.0013723, n=38)
[DEBUG, 1509133649.0724962]: PiCamera image received: ImageMessage(t=1509133649.0724792, n=39)
[DEBUG, 1509133649.104817]: PiCamera image received: ImageMessage(t=1509133649.1048028, n=40)
[DEBUG, 1509133649.1403458]: PiCamera image received: ImageMessage(t=1509133649.1403306, n=41)
[DEBUG, 1509133649.1731815]: PiCamera image received: ImageMessage(t=1509133649.173166, n=42)
[DEBUG, 1509133649.2065172]: PiCamera image received: ImageMessage(t=1509133649.2065022, n=43)
[DEBUG, 1509133649.2394755]: PiCamera image received: ImageMessage(t=1509133649.2394612, n=44)
[DEBUG, 1509133649.271763]: PiCamera image received: ImageMessage(t=1509133649.2717474, n=45)
[DEBUG, 1509133649.304586]: PiCamera image received: ImageMessage(t=1509133649.3045719, n=46)
[DEBUG, 1509133649.337686]: PiCamera image received: ImageMessage(t=1509133649.3376713, n=47)
[DEBUG, 1509133649.3712842]: PiCamera image received: ImageMessage(t=1509133649.3712697, n=48)
[DEBUG, 1509133649.403768]: PiCamera image received: ImageMessage(t=1509133649.4037528, n=49)
[DEBUG, 1509133649.4362946]: PiCamera image received: ImageMessage(t=1509133649.4362803, n=50)
[DEBUG, 1509133649.4687319]: PiCamera image received: ImageMessage(t=1509133649.4687166, n=51)
[DEBUG, 1509133649.5008857]: PiCamera image received: ImageMessage(t=1509133649.500871, n=52)
[DEBUG, 1509133649.5414543]: PiCamera image received: ImageMessage(t=1509133649.5414398, n=53)
[DEBUG, 1509133649.5737076]: PiCamera image received: ImageMessage(t=1509133649.5736923, n=54)
[DEBUG, 1509133649.6086268]: PiCamera image received: ImageMessage(t=1509133649.6086123, n=55)
[DEBUG, 1509133649.6425526]: PiCamera image received: ImageMessage(t=1509133649.6425369, n=57)
[DEBUG, 1509133649.6752565]: PiCamera image received: ImageMessage(t=1509133649.675242, n=58)
[DEBUG, 1509133649.7086656]: PiCamera image received: ImageMessage(t=1509133649.7086487, n=59)
[DEBUG, 1509133649.7435267]: PiCamera image received: ImageMessage(t=1509133649.7435088, n=60)
[DEBUG, 1509133649.8106675]: PiCamera image received: ImageMessage(t=1509133649.8106525, n=61)
[DEBUG, 1509133649.8752975]: PiCamera image received: ImageMessage(t=1509133649.8752823, n=62)
[DEBUG, 1509133649.9088368]: PiCamera image received: ImageMessage(t=1509133649.9088225, n=63)
[DEBUG, 1509133649.9419043]: PiCamera image received: ImageMessage(t=1509133649.9418898, n=64)
[DEBUG, 1509133649.9812045]: PiCamera image received: ImageMessage(t=1509133649.9811895, n=65)
[DEBUG, 1509133650.014219]: PiCamera image received: ImageMessage(t=1509133650.0142055, n=66)
[DEBUG, 1509133650.046703]: PiCamera image received: ImageMessage(t=1509133650.0466897, n=67)
[DEBUG, 1509133650.0795107]: PiCamera image received: ImageMessage(t=1509133650.0794961, n=68)
[DEBUG, 1509133650.1126738]: PiCamera image received: ImageMessage(t=1509133650.11266, n=69)
[DEBUG, 1509133650.1455348]: PiCamera image received: ImageMessage(t=1509133650.14552, n=70)
[DEBUG, 1509133650.1782696]: PiCamera image received: ImageMessage(t=1509133650.178255, n=71)
[DEBUG, 1509133650.210733]: PiCamera image received: ImageMessage(t=1509133650.2107186, n=72)
[DEBUG, 1509133650.2430444]: PiCamera image received: ImageMessage(t=1509133650.2430294, n=73)
[DEBUG, 1509133650.2760518]: PiCamera image received: ImageMessage(t=1509133650.2760375, n=74)
[DEBUG, 1509133650.3092813]: PiCamera image received: ImageMessage(t=1509133650.3092673, n=75)
[DEBUG, 1509133650.3418589]: PiCamera image received: ImageMessage(t=1509133650.3418443, n=76)
[DEBUG, 1509133650.3741605]: PiCamera image received: ImageMessage(t=1509133650.374146, n=77)
[DEBUG, 1509133650.407012]: PiCamera image received: ImageMessage(t=1509133650.4069974, n=78)
[DEBUG, 1509133650.4397743]: PiCamera image received: ImageMessage(t=1509133650.43976, n=79)
[DEBUG, 1509133650.473832]: PiCamera image received: ImageMessage(t=1509133650.4738095, n=80)
[DEBUG, 1509133650.5458953]: PiCamera image received: ImageMessage(t=1509133650.54588, n=81)
[DEBUG, 1509133650.5786273]: PiCamera image received: ImageMessage(t=1509133650.5786135, n=82)
[DEBUG, 1509133650.611478]: PiCamera image received: ImageMessage(t=1509133650.6114638, n=83)
[DEBUG, 1509133650.64456]: PiCamera image received: ImageMessage(t=1509133650.6445458, n=84)
[DEBUG, 1509133650.677345]: PiCamera image received: ImageMessage(t=1509133650.677331, n=85)
[DEBUG, 1509133650.7164109]: PiCamera image received: ImageMessage(t=1509133650.7163935, n=86)
[DEBUG, 1509133650.9007778]: PiCamera image received: ImageMessage(t=1509133650.900762, n=87)
[DEBUG, 1509133651.0188355]: PiCamera image received: ImageMessage(t=1509133651.0188198, n=88)
[DEBUG, 1509133651.0620673]: PiCamera image received: ImageMessage(t=1509133651.062053, n=89)
[DEBUG, 1509133651.1552377]: PiCamera image received: ImageMessage(t=1509133651.155222, n=90)
[DEBUG, 1509133651.2264688]: PiCamera image received: ImageMessage(t=1509133651.2264538, n=91)
[DEBUG, 1509133651.2941923]: PiCamera image received: ImageMessage(t=1509133651.2941675, n=92)
[DEBUG, 1509133651.3671744]: PiCamera image received: ImageMessage(t=1509133651.3671649, n=93)
[DEBUG, 1509133651.3994453]: PiCamera image received: ImageMessage(t=1509133651.3994365, n=94)
[DEBUG, 1509133651.431854]: PiCamera image received: ImageMessage(t=1509133651.4318447, n=95)
[DEBUG, 1509133651.464548]: PiCamera image received: ImageMessage(t=1509133651.4645402, n=96)
[DEBUG, 1509133651.4973457]: PiCamera image received: ImageMessage(t=1509133651.497337, n=97)
[DEBUG, 1509133651.5340562]: PiCamera image received: ImageMessage(t=1509133651.5340483, n=98)
[DEBUG, 1509133651.567984]: PiCamera image received: ImageMessage(t=1509133651.5679765, n=100)
[DEBUG, 1509133651.600008]: PiCamera image received: ImageMessage(t=1509133651.6000001, n=101)
[DEBUG, 1509133651.6654952]: PiCamera image received: ImageMessage(t=1509133651.665487, n=103)
[DEBUG, 1509133651.6975796]: PiCamera image received: ImageMessage(t=1509133651.6975715, n=104)
[DEBUG, 1509133651.7298226]: PiCamera image received: ImageMessage(t=1509133651.7298152, n=105)
[DEBUG, 1509133651.7638626]: PiCamera image received: ImageMessage(t=1509133651.7637575, n=106)
[DEBUG, 1509133651.7965043]: PiCamera image received: ImageMessage(t=1509133651.7964957, n=107)
[DEBUG, 1509133651.8313813]: PiCamera image received: ImageMessage(t=1509133651.8313718, n=108)
[DEBUG, 1509133651.8643117]: PiCamera image received: ImageMessage(t=1509133651.8643026, n=109)
[DEBUG, 1509133651.8967624]: PiCamera image received: ImageMessage(t=1509133651.8967505, n=110)
[DEBUG, 1509133651.960529]: PiCamera image received: ImageMessage(t=1509133651.9605207, n=111)
[DEBUG, 1509133651.992652]: PiCamera image received: ImageMessage(t=1509133651.9926429, n=112)
[DEBUG, 1509133652.0250847]: PiCamera image received: ImageMessage(t=1509133652.0250607, n=113)
[DEBUG, 1509133652.0580435]: PiCamera image received: ImageMessage(t=1509133652.0580347, n=114)
[DEBUG, 1509133652.0903728]: PiCamera image received: ImageMessage(t=1509133652.0903647, n=115)
[DEBUG, 1509133652.1271837]: PiCamera image received: ImageMessage(t=1509133652.1271749, n=116)
[DEBUG, 1509133652.1607432]: PiCamera image received: ImageMessage(t=1509133652.1607344, n=117)
[DEBUG, 1509133652.193207]: PiCamera image received: ImageMessage(t=1509133652.1931992, n=118)
[DEBUG, 1509133652.225616]: PiCamera image received: ImageMessage(t=1509133652.2256079, n=119)
[DEBUG, 1509133652.2627652]: PiCamera image received: ImageMessage(t=1509133652.26275, n=120)
[DEBUG, 1509133652.2959218]: PiCamera image received: ImageMessage(t=1509133652.2959065, n=121)
[DEBUG, 1509133652.3292067]: PiCamera image received: ImageMessage(t=1509133652.329192, n=122)
[DEBUG, 1509133652.3623059]: PiCamera image received: ImageMessage(t=1509133652.362297, n=123)
[DEBUG, 1509133652.3952732]: PiCamera image received: ImageMessage(t=1509133652.395264, n=124)
[DEBUG, 1509133652.4271402]: PiCamera image received: ImageMessage(t=1509133652.4271324, n=125)
[DEBUG, 1509133652.4599903]: PiCamera image received: ImageMessage(t=1509133652.459981, n=126)
[DEBUG, 1509133652.4928844]: PiCamera image received: ImageMessage(t=1509133652.4928749, n=127)
[DEBUG, 1509133652.52588]: PiCamera image received: ImageMessage(t=1509133652.5258708, n=128)
[DEBUG, 1509133652.5586705]: PiCamera image received: ImageMessage(t=1509133652.5586615, n=129)
[DEBUG, 1509133652.5913641]: PiCamera image received: ImageMessage(t=1509133652.5913548, n=130)
[DEBUG, 1509133652.6281898]: PiCamera image received: ImageMessage(t=1509133652.628181, n=131)
[DEBUG, 1509133652.6613834]: PiCamera image received: ImageMessage(t=1509133652.661375, n=132)
[DEBUG, 1509133652.6939294]: PiCamera image received: ImageMessage(t=1509133652.6939113, n=134)
[DEBUG, 1509133652.7586799]: PiCamera image received: ImageMessage(t=1509133652.758671, n=136)
[DEBUG, 1509133652.7919478]: PiCamera image received: ImageMessage(t=1509133652.791939, n=137)
[DEBUG, 1509133652.8239799]: PiCamera image received: ImageMessage(t=1509133652.8239713, n=138)
[DEBUG, 1509133652.8567505]: PiCamera image received: ImageMessage(t=1509133652.8567424, n=139)
[DEBUG, 1509133652.8894203]: PiCamera image received: ImageMessage(t=1509133652.8894117, n=140)
[DEBUG, 1509133652.9302921]: PiCamera image received: ImageMessage(t=1509133652.9302833, n=141)
[DEBUG, 1509133652.9627583]: PiCamera image received: ImageMessage(t=1509133652.962748, n=142)
[DEBUG, 1509133652.9953635]: PiCamera image received: ImageMessage(t=1509133652.9953551, n=143)
[DEBUG, 1509133653.0281138]: PiCamera image received: ImageMessage(t=1509133653.028106, n=144)
[DEBUG, 1509133653.0616286]: PiCamera image received: ImageMessage(t=1509133653.0616121, n=145)
[DEBUG, 1509133653.0946045]: PiCamera image received: ImageMessage(t=1509133653.0945892, n=146)
[DEBUG, 1509133653.1279027]: PiCamera image received: ImageMessage(t=1509133653.127871, n=147)
[DEBUG, 1509133653.1949418]: PiCamera image received: ImageMessage(t=1509133653.194933, n=148)
[DEBUG, 1509133653.2275674]: PiCamera image received: ImageMessage(t=1509133653.2275596, n=149)
[DEBUG, 1509133653.2599995]: PiCamera image received: ImageMessage(t=1509133653.2599905, n=151)
[DEBUG, 1509133653.3292742]: PiCamera image received: ImageMessage(t=1509133653.3292325, n=153)
[DEBUG, 1509133653.3627715]: PiCamera image received: ImageMessage(t=1509133653.362757, n=154)
[DEBUG, 1509133653.3955956]: PiCamera image received: ImageMessage(t=1509133653.39558, n=155)
[DEBUG, 1509133653.4337776]: PiCamera image received: ImageMessage(t=1509133653.4337437, n=156)
[DEBUG, 1509133653.4746282]: PiCamera image received: ImageMessage(t=1509133653.4746032, n=157)
[DEBUG, 1509133653.5086427]: PiCamera image received: ImageMessage(t=1509133653.5086272, n=158)
[DEBUG, 1509133653.582126]: PiCamera image received: ImageMessage(t=1509133653.582111, n=159)
[DEBUG, 1509133653.617864]: PiCamera image received: ImageMessage(t=1509133653.6178503, n=160)
[DEBUG, 1509133653.652017]: PiCamera image received: ImageMessage(t=1509133653.652002, n=161)
[DEBUG, 1509133653.7174215]: PiCamera image received: ImageMessage(t=1509133653.7174065, n=162)
[DEBUG, 1509133653.7820952]: PiCamera image received: ImageMessage(t=1509133653.78208, n=163)
[DEBUG, 1509133653.8516498]: PiCamera image received: ImageMessage(t=1509133653.8516347, n=164)
[DEBUG, 1509133653.8962054]: PiCamera image received: ImageMessage(t=1509133653.8961906, n=165)
[DEBUG, 1509133653.9293368]: PiCamera image received: ImageMessage(t=1509133653.9293222, n=166)
[DEBUG, 1509133653.9953628]: PiCamera image received: ImageMessage(t=1509133653.995348, n=167)
[DEBUG, 1509133654.0607696]: PiCamera image received: ImageMessage(t=1509133654.0607545, n=168)
[DEBUG, 1509133654.0934656]: PiCamera image received: ImageMessage(t=1509133654.0934508, n=169)
[DEBUG, 1509133654.1576712]: PiCamera image received: ImageMessage(t=1509133654.1576564, n=170)
[DEBUG, 1509133654.1906967]: PiCamera image received: ImageMessage(t=1509133654.190682, n=171)
[DEBUG, 1509133654.2297785]: PiCamera image received: ImageMessage(t=1509133654.229763, n=172)
[DEBUG, 1509133654.2622678]: PiCamera image received: ImageMessage(t=1509133654.2622535, n=173)
[DEBUG, 1509133654.33401]: PiCamera image received: ImageMessage(t=1509133654.333994, n=174)
[DEBUG, 1509133654.3991632]: PiCamera image received: ImageMessage(t=1509133654.3991475, n=175)
[DEBUG, 1509133654.431766]: PiCamera image received: ImageMessage(t=1509133654.43175, n=176)
[DEBUG, 1509133654.5129046]: PiCamera image received: ImageMessage(t=1509133654.5128446, n=177)
[DEBUG, 1509133654.5531056]: PiCamera image received: ImageMessage(t=1509133654.553091, n=178)
[DEBUG, 1509133654.585568]: PiCamera image received: ImageMessage(t=1509133654.5855532, n=179)
[DEBUG, 1509133654.6506906]: PiCamera image received: ImageMessage(t=1509133654.6506763, n=180)
[DEBUG, 1509133654.6840913]: PiCamera image received: ImageMessage(t=1509133654.6840765, n=181)
[DEBUG, 1509133654.716749]: PiCamera image received: ImageMessage(t=1509133654.716733, n=182)
[log buffer end]
[PiCamera @ node.py:66][DEBUG] 2017-10-27 15:47:34,718: logging message buffer (len=16437)
[PiCamera @ node.py:64][DEBUG] 2017-10-27 15:47:42,716: [log buffer start]
[DEBUG, 1509133654.7518077]: PiCamera image received: ImageMessage(t=1509133654.7517838, n=183)
[DEBUG, 1509133654.8314626]: PiCamera image received: ImageMessage(t=1509133654.8314476, n=184)
[DEBUG, 1509133654.8643467]: PiCamera image received: ImageMessage(t=1509133654.8643324, n=185)
[DEBUG, 1509133654.9320831]: PiCamera image received: ImageMessage(t=1509133654.932069, n=186)
[DEBUG, 1509133655.0006874]: PiCamera image received: ImageMessage(t=1509133655.0006592, n=187)
[DEBUG, 1509133655.0373554]: PiCamera image received: ImageMessage(t=1509133655.0373425, n=188)
[DEBUG, 1509133655.1105947]: PiCamera image received: ImageMessage(t=1509133655.1105802, n=189)
[DEBUG, 1509133655.1451044]: PiCamera image received: ImageMessage(t=1509133655.1450896, n=190)
[DEBUG, 1509133655.220143]: PiCamera image received: ImageMessage(t=1509133655.2201257, n=191)
[DEBUG, 1509133655.253296]: PiCamera image received: ImageMessage(t=1509133655.253281, n=192)
[DEBUG, 1509133655.3294013]: PiCamera image received: ImageMessage(t=1509133655.3293862, n=193)
[DEBUG, 1509133655.3979223]: PiCamera image received: ImageMessage(t=1509133655.3979075, n=194)
[DEBUG, 1509133655.4315662]: PiCamera image received: ImageMessage(t=1509133655.4315517, n=195)
[DEBUG, 1509133655.5009923]: PiCamera image received: ImageMessage(t=1509133655.500976, n=196)
[DEBUG, 1509133655.5718298]: PiCamera image received: ImageMessage(t=1509133655.5717504, n=197)
[DEBUG, 1509133655.6092274]: PiCamera image received: ImageMessage(t=1509133655.6092145, n=198)
[DEBUG, 1509133655.641645]: PiCamera image received: ImageMessage(t=1509133655.6416297, n=199)
[DEBUG, 1509133655.7088718]: PiCamera image received: ImageMessage(t=1509133655.7088566, n=200)
[DEBUG, 1509133655.7415278]: PiCamera image received: ImageMessage(t=1509133655.7415125, n=201)
[DEBUG, 1509133655.7748024]: PiCamera image received: ImageMessage(t=1509133655.774786, n=202)
[DEBUG, 1509133655.8100119]: PiCamera image received: ImageMessage(t=1509133655.8099976, n=203)
[DEBUG, 1509133655.842806]: PiCamera image received: ImageMessage(t=1509133655.8427913, n=204)
[DEBUG, 1509133655.8753138]: PiCamera image received: ImageMessage(t=1509133655.8752985, n=205)
[DEBUG, 1509133655.9078078]: PiCamera image received: ImageMessage(t=1509133655.9077938, n=206)
[DEBUG, 1509133655.9411333]: PiCamera image received: ImageMessage(t=1509133655.9411147, n=207)
[DEBUG, 1509133655.983423]: PiCamera image received: ImageMessage(t=1509133655.9834085, n=208)
[DEBUG, 1509133656.0288794]: PiCamera image received: ImageMessage(t=1509133656.0288649, n=209)
[DEBUG, 1509133656.0959759]: PiCamera image received: ImageMessage(t=1509133656.0959609, n=210)
[DEBUG, 1509133656.1392665]: PiCamera image received: ImageMessage(t=1509133656.139253, n=211)
[DEBUG, 1509133656.2096689]: PiCamera image received: ImageMessage(t=1509133656.2096539, n=212)
[DEBUG, 1509133656.2419524]: PiCamera image received: ImageMessage(t=1509133656.2419388, n=213)
[DEBUG, 1509133656.2754116]: PiCamera image received: ImageMessage(t=1509133656.2753966, n=214)
[DEBUG, 1509133656.3082833]: PiCamera image received: ImageMessage(t=1509133656.3082688, n=215)
[DEBUG, 1509133656.3734784]: PiCamera image received: ImageMessage(t=1509133656.3734624, n=216)
[DEBUG, 1509133656.4383242]: PiCamera image received: ImageMessage(t=1509133656.4383087, n=217)
[DEBUG, 1509133656.545253]: PiCamera image received: ImageMessage(t=1509133656.5452383, n=218)
[DEBUG, 1509133656.5811725]: PiCamera image received: ImageMessage(t=1509133656.5811582, n=219)
[DEBUG, 1509133656.613708]: PiCamera image received: ImageMessage(t=1509133656.6136928, n=220)
[DEBUG, 1509133656.6549478]: PiCamera image received: ImageMessage(t=1509133656.6549332, n=221)
[DEBUG, 1509133656.7251344]: PiCamera image received: ImageMessage(t=1509133656.7251198, n=222)
[DEBUG, 1509133656.7990038]: PiCamera image received: ImageMessage(t=1509133656.7989876, n=223)
[DEBUG, 1509133656.832177]: PiCamera image received: ImageMessage(t=1509133656.8321621, n=224)
[DEBUG, 1509133656.8655453]: PiCamera image received: ImageMessage(t=1509133656.86553, n=225)
[DEBUG, 1509133656.8983548]: PiCamera image received: ImageMessage(t=1509133656.8983393, n=226)
[DEBUG, 1509133656.931447]: PiCamera image received: ImageMessage(t=1509133656.9314315, n=227)
[DEBUG, 1509133656.963938]: PiCamera image received: ImageMessage(t=1509133656.9639235, n=228)
[DEBUG, 1509133657.0751772]: PiCamera image received: ImageMessage(t=1509133657.0751624, n=229)
[DEBUG, 1509133657.1420624]: PiCamera image received: ImageMessage(t=1509133657.1420467, n=230)
[DEBUG, 1509133657.1743073]: PiCamera image received: ImageMessage(t=1509133657.1742923, n=231)
[DEBUG, 1509133657.2402813]: PiCamera image received: ImageMessage(t=1509133657.240267, n=232)
[DEBUG, 1509133657.2726722]: PiCamera image received: ImageMessage(t=1509133657.2726574, n=233)
[DEBUG, 1509133657.3709242]: PiCamera image received: ImageMessage(t=1509133657.3709087, n=234)
[DEBUG, 1509133657.4363596]: PiCamera image received: ImageMessage(t=1509133657.436344, n=235)
[DEBUG, 1509133657.4699965]: PiCamera image received: ImageMessage(t=1509133657.4699821, n=236)
[DEBUG, 1509133657.536197]: PiCamera image received: ImageMessage(t=1509133657.5361812, n=237)
[DEBUG, 1509133657.6005595]: PiCamera image received: ImageMessage(t=1509133657.600542, n=238)
[DEBUG, 1509133657.673476]: PiCamera image received: ImageMessage(t=1509133657.6734605, n=239)
[DEBUG, 1509133657.7066472]: PiCamera image received: ImageMessage(t=1509133657.7066336, n=240)
[DEBUG, 1509133657.7745938]: PiCamera image received: ImageMessage(t=1509133657.774578, n=241)
[DEBUG, 1509133657.8108225]: PiCamera image received: ImageMessage(t=1509133657.8108072, n=242)
[DEBUG, 1509133657.843977]: PiCamera image received: ImageMessage(t=1509133657.8439624, n=243)
[DEBUG, 1509133657.9087865]: PiCamera image received: ImageMessage(t=1509133657.908772, n=244)
[DEBUG, 1509133657.978945]: PiCamera image received: ImageMessage(t=1509133657.978929, n=245)
[DEBUG, 1509133658.013547]: PiCamera image received: ImageMessage(t=1509133658.0135326, n=246)
[DEBUG, 1509133658.0473666]: PiCamera image received: ImageMessage(t=1509133658.0473516, n=247)
[DEBUG, 1509133658.0804083]: PiCamera image received: ImageMessage(t=1509133658.0803938, n=248)
[DEBUG, 1509133658.1128993]: PiCamera image received: ImageMessage(t=1509133658.1128843, n=249)
[DEBUG, 1509133658.1498072]: PiCamera image received: ImageMessage(t=1509133658.1497319, n=250)
[DEBUG, 1509133658.2145884]: PiCamera image received: ImageMessage(t=1509133658.2145715, n=251)
[DEBUG, 1509133658.2796922]: PiCamera image received: ImageMessage(t=1509133658.279677, n=252)
[DEBUG, 1509133658.3448844]: PiCamera image received: ImageMessage(t=1509133658.34487, n=253)
[DEBUG, 1509133658.3774517]: PiCamera image received: ImageMessage(t=1509133658.3774364, n=254)
[DEBUG, 1509133658.4631283]: PiCamera image received: ImageMessage(t=1509133658.4631138, n=255)
[DEBUG, 1509133658.5073872]: PiCamera image received: ImageMessage(t=1509133658.5073721, n=256)
[DEBUG, 1509133658.5397148]: PiCamera image received: ImageMessage(t=1509133658.5396998, n=257)
[DEBUG, 1509133658.6079347]: PiCamera image received: ImageMessage(t=1509133658.6079187, n=258)
[DEBUG, 1509133658.6466146]: PiCamera image received: ImageMessage(t=1509133658.6465995, n=259)
[DEBUG, 1509133658.6797287]: PiCamera image received: ImageMessage(t=1509133658.6797125, n=260)
[DEBUG, 1509133658.7229042]: PiCamera image received: ImageMessage(t=1509133658.7228897, n=261)
[DEBUG, 1509133658.7560341]: PiCamera image received: ImageMessage(t=1509133658.7560184, n=262)
[DEBUG, 1509133658.790337]: PiCamera image received: ImageMessage(t=1509133658.7903218, n=263)
[DEBUG, 1509133658.8595614]: PiCamera image received: ImageMessage(t=1509133658.8595462, n=264)
[DEBUG, 1509133658.8928533]: PiCamera image received: ImageMessage(t=1509133658.8928385, n=265)
[DEBUG, 1509133658.9259944]: PiCamera image received: ImageMessage(t=1509133658.9259803, n=266)
[DEBUG, 1509133658.9593437]: PiCamera image received: ImageMessage(t=1509133658.9593284, n=267)
[DEBUG, 1509133658.9920263]: PiCamera image received: ImageMessage(t=1509133658.9920113, n=268)
[DEBUG, 1509133659.056843]: PiCamera image received: ImageMessage(t=1509133659.0568297, n=269)
[DEBUG, 1509133659.089439]: PiCamera image received: ImageMessage(t=1509133659.0894048, n=270)
[DEBUG, 1509133659.1606262]: PiCamera image received: ImageMessage(t=1509133659.1606116, n=271)
[DEBUG, 1509133659.1937714]: PiCamera image received: ImageMessage(t=1509133659.1937551, n=272)
[DEBUG, 1509133659.2650793]: PiCamera image received: ImageMessage(t=1509133659.2650645, n=273)
[DEBUG, 1509133659.298052]: PiCamera image received: ImageMessage(t=1509133659.2980373, n=274)
[DEBUG, 1509133659.3703432]: PiCamera image received: ImageMessage(t=1509133659.3703294, n=275)
[DEBUG, 1509133659.4032001]: PiCamera image received: ImageMessage(t=1509133659.4031858, n=276)
[DEBUG, 1509133659.4363544]: PiCamera image received: ImageMessage(t=1509133659.4363396, n=277)
[DEBUG, 1509133659.46895]: PiCamera image received: ImageMessage(t=1509133659.4689357, n=278)
[DEBUG, 1509133659.5354853]: PiCamera image received: ImageMessage(t=1509133659.5354705, n=279)
[DEBUG, 1509133659.601883]: PiCamera image received: ImageMessage(t=1509133659.6018665, n=280)
[DEBUG, 1509133659.6343648]: PiCamera image received: ImageMessage(t=1509133659.6343496, n=281)
[DEBUG, 1509133659.7033017]: PiCamera image received: ImageMessage(t=1509133659.703287, n=282)
[DEBUG, 1509133659.7365427]: PiCamera image received: ImageMessage(t=1509133659.7365274, n=283)
[DEBUG, 1509133659.8138301]: PiCamera image received: ImageMessage(t=1509133659.813814, n=284)
[DEBUG, 1509133659.8829234]: PiCamera image received: ImageMessage(t=1509133659.8829067, n=285)
[DEBUG, 1509133659.915164]: PiCamera image received: ImageMessage(t=1509133659.9151492, n=286)
[DEBUG, 1509133659.9863138]: PiCamera image received: ImageMessage(t=1509133659.9862983, n=287)
[DEBUG, 1509133660.0187078]: PiCamera image received: ImageMessage(t=1509133660.0186934, n=288)
[DEBUG, 1509133660.0514674]: PiCamera image received: ImageMessage(t=1509133660.0514529, n=289)
[DEBUG, 1509133660.083858]: PiCamera image received: ImageMessage(t=1509133660.0838432, n=290)
[DEBUG, 1509133660.1483657]: PiCamera image received: ImageMessage(t=1509133660.1483502, n=291)
[DEBUG, 1509133660.1813202]: PiCamera image received: ImageMessage(t=1509133660.1813052, n=292)
[DEBUG, 1509133660.24845]: PiCamera image received: ImageMessage(t=1509133660.248435, n=293)
[DEBUG, 1509133660.3148763]: PiCamera image received: ImageMessage(t=1509133660.314861, n=294)
[DEBUG, 1509133660.388839]: PiCamera image received: ImageMessage(t=1509133660.3888235, n=295)
[DEBUG, 1509133660.4539623]: PiCamera image received: ImageMessage(t=1509133660.453946, n=296)
[DEBUG, 1509133660.487274]: PiCamera image received: ImageMessage(t=1509133660.4872582, n=297)
[DEBUG, 1509133660.519943]: PiCamera image received: ImageMessage(t=1509133660.519928, n=298)
[DEBUG, 1509133660.63995]: PiCamera image received: ImageMessage(t=1509133660.6399348, n=299)
[DEBUG, 1509133660.673001]: PiCamera image received: ImageMessage(t=1509133660.6729863, n=300)
[DEBUG, 1509133660.7378566]: PiCamera image received: ImageMessage(t=1509133660.7378414, n=301)
[DEBUG, 1509133660.7702446]: PiCamera image received: ImageMessage(t=1509133660.7702296, n=302)
[DEBUG, 1509133660.8368955]: PiCamera image received: ImageMessage(t=1509133660.836794, n=303)
[DEBUG, 1509133660.8707745]: PiCamera image received: ImageMessage(t=1509133660.8707602, n=304)
[DEBUG, 1509133660.9349198]: PiCamera image received: ImageMessage(t=1509133660.9349046, n=305)
[DEBUG, 1509133660.9672923]: PiCamera image received: ImageMessage(t=1509133660.9672768, n=306)
[DEBUG, 1509133660.9998982]: PiCamera image received: ImageMessage(t=1509133660.999883, n=307)
[DEBUG, 1509133661.0323658]: PiCamera image received: ImageMessage(t=1509133661.0323513, n=308)
[DEBUG, 1509133661.0718071]: PiCamera image received: ImageMessage(t=1509133661.0717926, n=309)
[DEBUG, 1509133661.1048083]: PiCamera image received: ImageMessage(t=1509133661.1047947, n=310)
[DEBUG, 1509133661.1394994]: PiCamera image received: ImageMessage(t=1509133661.1394863, n=312)
[DEBUG, 1509133661.1722486]: PiCamera image received: ImageMessage(t=1509133661.1722336, n=313)
[DEBUG, 1509133661.2058878]: PiCamera image received: ImageMessage(t=1509133661.2057605, n=314)
[DEBUG, 1509133661.2393272]: PiCamera image received: ImageMessage(t=1509133661.2393112, n=315)
[DEBUG, 1509133661.2749755]: PiCamera image received: ImageMessage(t=1509133661.2749608, n=316)
[DEBUG, 1509133661.308379]: PiCamera image received: ImageMessage(t=1509133661.3083644, n=317)
[DEBUG, 1509133661.34119]: PiCamera image received: ImageMessage(t=1509133661.3411753, n=318)
[DEBUG, 1509133661.407263]: PiCamera image received: ImageMessage(t=1509133661.4072473, n=319)
[DEBUG, 1509133661.4459693]: PiCamera image received: ImageMessage(t=1509133661.4459553, n=320)
[DEBUG, 1509133661.4793143]: PiCamera image received: ImageMessage(t=1509133661.4792995, n=321)
[DEBUG, 1509133661.5145373]: PiCamera image received: ImageMessage(t=1509133661.5145228, n=322)
[DEBUG, 1509133661.5497658]: PiCamera image received: ImageMessage(t=1509133661.5497513, n=323)
[DEBUG, 1509133661.5820296]: PiCamera image received: ImageMessage(t=1509133661.582015, n=324)
[DEBUG, 1509133661.6152709]: PiCamera image received: ImageMessage(t=1509133661.6152565, n=325)
[DEBUG, 1509133661.6474652]: PiCamera image received: ImageMessage(t=1509133661.6474512, n=326)
[DEBUG, 1509133661.712712]: PiCamera image received: ImageMessage(t=1509133661.7126975, n=327)
[DEBUG, 1509133661.7449632]: PiCamera image received: ImageMessage(t=1509133661.7449481, n=328)
[DEBUG, 1509133661.7774024]: PiCamera image received: ImageMessage(t=1509133661.777388, n=329)
[DEBUG, 1509133661.8102865]: PiCamera image received: ImageMessage(t=1509133661.8102705, n=330)
[DEBUG, 1509133661.8750687]: PiCamera image received: ImageMessage(t=1509133661.8750536, n=331)
[DEBUG, 1509133661.9109035]: PiCamera image received: ImageMessage(t=1509133661.9108896, n=332)
[DEBUG, 1509133661.982148]: PiCamera image received: ImageMessage(t=1509133661.9821322, n=333)
[DEBUG, 1509133662.0175247]: PiCamera image received: ImageMessage(t=1509133662.0175104, n=334)
[DEBUG, 1509133662.081925]: PiCamera image received: ImageMessage(t=1509133662.0819101, n=335)
[DEBUG, 1509133662.1142726]: PiCamera image received: ImageMessage(t=1509133662.1142585, n=336)
[DEBUG, 1509133662.1487176]: PiCamera image received: ImageMessage(t=1509133662.1487036, n=337)
[DEBUG, 1509133662.1812458]: PiCamera image received: ImageMessage(t=1509133662.1812313, n=338)
[DEBUG, 1509133662.2473447]: PiCamera image received: ImageMessage(t=1509133662.2473266, n=339)
[DEBUG, 1509133662.2808878]: PiCamera image received: ImageMessage(t=1509133662.2808723, n=340)
[DEBUG, 1509133662.3143365]: PiCamera image received: ImageMessage(t=1509133662.3143187, n=341)
[DEBUG, 1509133662.3473353]: PiCamera image received: ImageMessage(t=1509133662.3473206, n=342)
[DEBUG, 1509133662.4229748]: PiCamera image received: ImageMessage(t=1509133662.422961, n=343)
[DEBUG, 1509133662.4567235]: PiCamera image received: ImageMessage(t=1509133662.4567091, n=344)
[DEBUG, 1509133662.4914715]: PiCamera image received: ImageMessage(t=1509133662.491414, n=345)
[DEBUG, 1509133662.5592098]: PiCamera image received: ImageMessage(t=1509133662.5591948, n=346)
[DEBUG, 1509133662.6243942]: PiCamera image received: ImageMessage(t=1509133662.6243787, n=347)
[DEBUG, 1509133662.6617436]: PiCamera image received: ImageMessage(t=1509133662.6617298, n=348)
[log buffer end]
[PiCamera @ node.py:66][DEBUG] 2017-10-27 15:47:42,717: logging message buffer (len=15808)
[PiCamera @ node.py:87][INFO] 2017-10-27 15:47:42,717: Node took 19.2180495262146s to run
[PiCamera @ picamera.py:185][DEBUG] 2017-10-27 15:47:42,815: AVC-H264 import - frame size 640 x 480 at 25.000 FPS
[PiCamera @ picamera.py:185][DEBUG] 2017-10-27 15:47:42,823: Importing AVC-H264: |                    | (01/100)
[PiCamera @ picamera.py:185][DEBUG] 2017-10-27 15:47:42,825: Importing AVC-H264: |                    | (02/100)
[PiCamera @ picamera.py:185][DEBUG] 2017-10-27 15:47:42,831: Importing AVC-H264: |                    | (03/100)
[PiCamera @ picamera.py:185][DEBUG] 2017-10-27 15:47:42,833: Importing AVC-H264: |                    | (04/100)
[PiCamera @ picamera.py:185][DEBUG] 2017-10-27 15:47:42,835: Importing AVC-H264: |=                   | (05/100)
[PiCamera @ picamera.py:185][DEBUG] 2017-10-27 15:47:42,837: Importing AVC-H264: |=                   | (06/100)
[PiCamera @ picamera.py:185][DEBUG] 2017-10-27 15:47:42,840: Importing AVC-H264: |=                   | (07/100)
[PiCamera @ picamera.py:185][DEBUG] 2017-10-27 15:47:42,843: Importing AVC-H264: |=                   | (08/100)
[PiCamera @ picamera.py:185][DEBUG] 2017-10-27 15:47:42,845: Importing AVC-H264: |=                   | (09/100)
[PiCamera @ picamera.py:185][DEBUG] 2017-10-27 15:47:42,847: Importing AVC-H264: |==                  | (10/100)
[PiCamera @ picamera.py:185][DEBUG] 2017-10-27 15:47:42,849: Importing AVC-H264: |==                  | (11/100)
[PiCamera @ picamera.py:185][DEBUG] 2017-10-27 15:47:42,851: Importing AVC-H264: |==                  | (12/100)
[PiCamera @ picamera.py:185][DEBUG] 2017-10-27 15:47:42,854: Importing AVC-H264: |==                  | (13/100)
[PiCamera @ picamera.py:185][DEBUG] 2017-10-27 15:47:42,855: Importing AVC-H264: |==                  | (14/100)
[PiCamera @ picamera.py:185][DEBUG] 2017-10-27 15:47:42,857: Importing AVC-H264: |===                 | (15/100)
[PiCamera @ picamera.py:185][DEBUG] 2017-10-27 15:47:42,860: Importing AVC-H264: |===                 | (16/100)
[PiCamera @ picamera.py:185][DEBUG] 2017-10-27 15:47:42,862: Importing AVC-H264: |===                 | (17/100)
[PiCamera @ picamera.py:185][DEBUG] 2017-10-27 15:47:42,864: Importing AVC-H264: |===                 | (18/100)
[PiCamera @ picamera.py:185][DEBUG] 2017-10-27 15:47:42,866: Importing AVC-H264: |===                 | (19/100)
[PiCamera @ picamera.py:185][DEBUG] 2017-10-27 15:47:42,867: Importing AVC-H264: |====                | (20/100)
[PiCamera @ picamera.py:185][DEBUG] 2017-10-27 15:47:42,869: Importing AVC-H264: |====                | (21/100)
[PiCamera @ picamera.py:185][DEBUG] 2017-10-27 15:47:42,870: Importing AVC-H264: |====                | (22/100)
[PiCamera @ picamera.py:185][DEBUG] 2017-10-27 15:47:42,872: Importing AVC-H264: |====                | (23/100)
[PiCamera @ picamera.py:185][DEBUG] 2017-10-27 15:47:42,873: Importing AVC-H264: |====                | (24/100)
[PiCamera @ picamera.py:185][DEBUG] 2017-10-27 15:47:42,874: Importing AVC-H264: |=====               | (25/100)
[PiCamera @ picamera.py:185][DEBUG] 2017-10-27 15:47:42,877: Importing AVC-H264: |=====               | (26/100)
[PiCamera @ picamera.py:185][DEBUG] 2017-10-27 15:47:42,878: Importing AVC-H264: |=====               | (27/100)
[PiCamera @ picamera.py:185][DEBUG] 2017-10-27 15:47:42,879: Importing AVC-H264: |=====               | (28/100)
[PiCamera @ picamera.py:185][DEBUG] 2017-10-27 15:47:42,880: Importing AVC-H264: |=====               | (29/100)
[PiCamera @ picamera.py:185][DEBUG] 2017-10-27 15:47:42,881: Importing AVC-H264: |======              | (30/100)
[PiCamera @ picamera.py:185][DEBUG] 2017-10-27 15:47:42,883: Importing AVC-H264: |======              | (31/100)
[PiCamera @ picamera.py:185][DEBUG] 2017-10-27 15:47:42,884: Importing AVC-H264: |======              | (32/100)
[PiCamera @ picamera.py:185][DEBUG] 2017-10-27 15:47:42,885: Importing AVC-H264: |======              | (33/100)
[PiCamera @ picamera.py:185][DEBUG] 2017-10-27 15:47:42,887: Importing AVC-H264: |======              | (34/100)
[PiCamera @ picamera.py:185][DEBUG] 2017-10-27 15:47:42,888: Importing AVC-H264: |=======             | (35/100)
[PiCamera @ picamera.py:185][DEBUG] 2017-10-27 15:47:42,890: Importing AVC-H264: |=======             | (36/100)
[PiCamera @ picamera.py:185][DEBUG] 2017-10-27 15:47:42,891: Importing AVC-H264: |=======             | (37/100)
[PiCamera @ picamera.py:185][DEBUG] 2017-10-27 15:47:42,892: Importing AVC-H264: |=======             | (38/100)
[PiCamera @ picamera.py:185][DEBUG] 2017-10-27 15:47:42,894: Importing AVC-H264: |=======             | (39/100)
[PiCamera @ picamera.py:185][DEBUG] 2017-10-27 15:47:42,895: Importing AVC-H264: |========            | (40/100)
[PiCamera @ picamera.py:185][DEBUG] 2017-10-27 15:47:42,897: Importing AVC-H264: |========            | (41/100)
[PiCamera @ picamera.py:185][DEBUG] 2017-10-27 15:47:42,898: Importing AVC-H264: |========            | (42/100)
[PiCamera @ picamera.py:185][DEBUG] 2017-10-27 15:47:42,899: Importing AVC-H264: |========            | (43/100)
[PiCamera @ picamera.py:185][DEBUG] 2017-10-27 15:47:42,901: Importing AVC-H264: |========            | (44/100)
[PiCamera @ picamera.py:185][DEBUG] 2017-10-27 15:47:42,903: Importing AVC-H264: |=========           | (45/100)
[PiCamera @ picamera.py:185][DEBUG] 2017-10-27 15:47:42,904: Importing AVC-H264: |=========           | (46/100)
[PiCamera @ picamera.py:185][DEBUG] 2017-10-27 15:47:42,906: Importing AVC-H264: |=========           | (47/100)
[PiCamera @ picamera.py:185][DEBUG] 2017-10-27 15:47:42,910: Importing AVC-H264: |=========           | (48/100)
[PiCamera @ picamera.py:185][DEBUG] 2017-10-27 15:47:42,918: Importing AVC-H264: |=========           | (49/100)
[PiCamera @ picamera.py:185][DEBUG] 2017-10-27 15:47:42,920: Importing AVC-H264: |==========          | (50/100)
[PiCamera @ picamera.py:185][DEBUG] 2017-10-27 15:47:42,922: Importing AVC-H264: |==========          | (51/100)
[PiCamera @ picamera.py:185][DEBUG] 2017-10-27 15:47:42,924: Importing AVC-H264: |==========          | (52/100)
[PiCamera @ picamera.py:185][DEBUG] 2017-10-27 15:47:42,925: Importing AVC-H264: |==========          | (53/100)
[PiCamera @ picamera.py:185][DEBUG] 2017-10-27 15:47:42,925: Importing AVC-H264: |==========          | (54/100)
[PiCamera @ picamera.py:185][DEBUG] 2017-10-27 15:47:42,926: Importing AVC-H264: |===========         | (55/100)
[PiCamera @ picamera.py:185][DEBUG] 2017-10-27 15:47:42,927: Importing AVC-H264: |===========         | (56/100)
[PiCamera @ picamera.py:185][DEBUG] 2017-10-27 15:47:42,927: Importing AVC-H264: |===========         | (57/100)
[PiCamera @ picamera.py:185][DEBUG] 2017-10-27 15:47:42,928: Importing AVC-H264: |===========         | (58/100)
[PiCamera @ picamera.py:185][DEBUG] 2017-10-27 15:47:42,929: Importing AVC-H264: |===========         | (59/100)
[PiCamera @ picamera.py:185][DEBUG] 2017-10-27 15:47:42,931: Importing AVC-H264: |============        | (60/100)
[PiCamera @ picamera.py:185][DEBUG] 2017-10-27 15:47:42,932: Importing AVC-H264: |============        | (61/100)
[PiCamera @ picamera.py:185][DEBUG] 2017-10-27 15:47:42,933: Importing AVC-H264: |============        | (62/100)
[PiCamera @ picamera.py:185][DEBUG] 2017-10-27 15:47:42,934: Importing AVC-H264: |============        | (63/100)
[PiCamera @ picamera.py:185][DEBUG] 2017-10-27 15:47:42,936: Importing AVC-H264: |============        | (64/100)
[PiCamera @ picamera.py:185][DEBUG] 2017-10-27 15:47:42,938: Importing AVC-H264: |=============       | (65/100)
[PiCamera @ picamera.py:185][DEBUG] 2017-10-27 15:47:42,939: Importing AVC-H264: |=============       | (66/100)
[PiCamera @ picamera.py:185][DEBUG] 2017-10-27 15:47:42,942: Importing AVC-H264: |=============       | (67/100)
[PiCamera @ picamera.py:185][DEBUG] 2017-10-27 15:47:42,943: Importing AVC-H264: |=============       | (68/100)
[PiCamera @ picamera.py:185][DEBUG] 2017-10-27 15:47:42,944: Importing AVC-H264: |=============       | (69/100)
[PiCamera @ picamera.py:185][DEBUG] 2017-10-27 15:47:42,945: Importing AVC-H264: |==============      | (70/100)
[PiCamera @ picamera.py:185][DEBUG] 2017-10-27 15:47:42,946: Importing AVC-H264: |==============      | (71/100)
[PiCamera @ picamera.py:185][DEBUG] 2017-10-27 15:47:42,947: Importing AVC-H264: |==============      | (72/100)
[PiCamera @ picamera.py:185][DEBUG] 2017-10-27 15:47:42,949: Importing AVC-H264: |==============      | (73/100)
[PiCamera @ picamera.py:185][DEBUG] 2017-10-27 15:47:42,950: Importing AVC-H264: |==============      | (74/100)
[PiCamera @ picamera.py:185][DEBUG] 2017-10-27 15:47:42,951: Importing AVC-H264: |===============     | (75/100)
[PiCamera @ picamera.py:185][DEBUG] 2017-10-27 15:47:42,953: Importing AVC-H264: |===============     | (76/100)
[PiCamera @ picamera.py:185][DEBUG] 2017-10-27 15:47:42,954: Importing AVC-H264: |===============     | (77/100)
[PiCamera @ picamera.py:185][DEBUG] 2017-10-27 15:47:42,956: Importing AVC-H264: |===============     | (78/100)
[PiCamera @ picamera.py:185][DEBUG] 2017-10-27 15:47:42,957: Importing AVC-H264: |===============     | (79/100)
[PiCamera @ picamera.py:185][DEBUG] 2017-10-27 15:47:42,958: Importing AVC-H264: |================    | (80/100)
[PiCamera @ picamera.py:185][DEBUG] 2017-10-27 15:47:42,959: Importing AVC-H264: |================    | (81/100)
[PiCamera @ picamera.py:185][DEBUG] 2017-10-27 15:47:42,961: Importing AVC-H264: |================    | (82/100)
[PiCamera @ picamera.py:185][DEBUG] 2017-10-27 15:47:42,962: Importing AVC-H264: |================    | (83/100)
[PiCamera @ picamera.py:185][DEBUG] 2017-10-27 15:47:42,964: Importing AVC-H264: |================    | (84/100)
[PiCamera @ picamera.py:185][DEBUG] 2017-10-27 15:47:42,965: Importing AVC-H264: |=================   | (85/100)
[PiCamera @ picamera.py:185][DEBUG] 2017-10-27 15:47:42,966: Importing AVC-H264: |=================   | (86/100)
[PiCamera @ picamera.py:185][DEBUG] 2017-10-27 15:47:42,967: Importing AVC-H264: |=================   | (87/100)
[PiCamera @ picamera.py:185][DEBUG] 2017-10-27 15:47:42,969: Importing AVC-H264: |=================   | (88/100)
[PiCamera @ picamera.py:185][DEBUG] 2017-10-27 15:47:42,970: Importing AVC-H264: |=================   | (89/100)
[PiCamera @ picamera.py:185][DEBUG] 2017-10-27 15:47:42,972: Importing AVC-H264: |==================  | (90/100)
[PiCamera @ picamera.py:185][DEBUG] 2017-10-27 15:47:42,973: Importing AVC-H264: |==================  | (91/100)
[PiCamera @ picamera.py:185][DEBUG] 2017-10-27 15:47:42,976: Importing AVC-H264: |==================  | (92/100)
[PiCamera @ picamera.py:185][DEBUG] 2017-10-27 15:47:42,977: Importing AVC-H264: |==================  | (93/100)
[PiCamera @ picamera.py:185][DEBUG] 2017-10-27 15:47:42,978: Importing AVC-H264: |==================  | (94/100)
[PiCamera @ picamera.py:185][DEBUG] 2017-10-27 15:47:42,980: Importing AVC-H264: |=================== | (95/100)
[PiCamera @ picamera.py:185][DEBUG] 2017-10-27 15:47:42,981: Importing AVC-H264: |=================== | (96/100)
[PiCamera @ picamera.py:185][DEBUG] 2017-10-27 15:47:42,983: Importing AVC-H264: |=================== | (97/100)
[PiCamera @ picamera.py:185][DEBUG] 2017-10-27 15:47:42,985: Importing AVC-H264: |=================== | (98/100)
[PiCamera @ picamera.py:185][DEBUG] 2017-10-27 15:47:42,987: Importing AVC-H264: |=================== | (99/100)
[PiCamera @ picamera.py:185][DEBUG] 2017-10-27 15:47:42,988: 
[PiCamera @ picamera.py:185][DEBUG] 2017-10-27 15:47:42,989: AVC Import results: 525 samples - Slices: 9 I 516 P 0 B - 0 SEI - 9 IDR
[PiCamera @ picamera.py:185][DEBUG] 2017-10-27 15:47:42,990: Saving to videos/2017_Oct_27/NaborisOrchestrator/15_47_23.mp4: 0.500 secs Interleaving
[PiCamera @ picamera.py:185][DEBUG] 2017-10-27 15:47:42,991: ISO File Writing: |                    | (01/100)
[PiCamera @ picamera.py:185][DEBUG] 2017-10-27 15:47:42,991: ISO File Writing: |                    | (02/100)
[PiCamera @ picamera.py:185][DEBUG] 2017-10-27 15:47:42,993: ISO File Writing: |                    | (03/100)
[PiCamera @ picamera.py:185][DEBUG] 2017-10-27 15:47:42,993: ISO File Writing: |                    | (04/100)
[PiCamera @ picamera.py:185][DEBUG] 2017-10-27 15:47:42,994: ISO File Writing: |=                   | (05/100)
[PiCamera @ picamera.py:185][DEBUG] 2017-10-27 15:47:42,995: ISO File Writing: |=                   | (06/100)
[PiCamera @ picamera.py:185][DEBUG] 2017-10-27 15:47:42,997: ISO File Writing: |=                   | (07/100)
[PiCamera @ picamera.py:185][DEBUG] 2017-10-27 15:47:42,998: ISO File Writing: |=                   | (08/100)
[PiCamera @ picamera.py:185][DEBUG] 2017-10-27 15:47:42,998: ISO File Writing: |=                   | (09/100)
[PiCamera @ picamera.py:185][DEBUG] 2017-10-27 15:47:42,999: ISO File Writing: |==                  | (10/100)
[PiCamera @ picamera.py:185][DEBUG] 2017-10-27 15:47:42,999: ISO File Writing: |==                  | (11/100)
[PiCamera @ picamera.py:185][DEBUG] 2017-10-27 15:47:43,000: ISO File Writing: |==                  | (12/100)
[PiCamera @ picamera.py:185][DEBUG] 2017-10-27 15:47:43,001: ISO File Writing: |==                  | (13/100)
[PiCamera @ picamera.py:185][DEBUG] 2017-10-27 15:47:43,002: ISO File Writing: |==                  | (14/100)
[PiCamera @ picamera.py:185][DEBUG] 2017-10-27 15:47:43,002: ISO File Writing: |===                 | (15/100)
[PiCamera @ picamera.py:185][DEBUG] 2017-10-27 15:47:43,003: ISO File Writing: |===                 | (16/100)
[PiCamera @ picamera.py:185][DEBUG] 2017-10-27 15:47:43,004: ISO File Writing: |===                 | (17/100)
[PiCamera @ picamera.py:185][DEBUG] 2017-10-27 15:47:43,005: ISO File Writing: |===                 | (18/100)
[PiCamera @ picamera.py:185][DEBUG] 2017-10-27 15:47:43,005: ISO File Writing: |===                 | (19/100)
[PiCamera @ picamera.py:185][DEBUG] 2017-10-27 15:47:43,006: ISO File Writing: |====                | (20/100)
[PiCamera @ picamera.py:185][DEBUG] 2017-10-27 15:47:43,009: ISO File Writing: |====                | (21/100)
[PiCamera @ picamera.py:185][DEBUG] 2017-10-27 15:47:43,018: ISO File Writing: |====                | (22/100)
[PiCamera @ picamera.py:185][DEBUG] 2017-10-27 15:47:43,020: ISO File Writing: |====                | (23/100)
[PiCamera @ picamera.py:185][DEBUG] 2017-10-27 15:47:43,021: ISO File Writing: |====                | (24/100)
[PiCamera @ picamera.py:185][DEBUG] 2017-10-27 15:47:43,021: ISO File Writing: |=====               | (25/100)
[PiCamera @ picamera.py:185][DEBUG] 2017-10-27 15:47:43,022: ISO File Writing: |=====               | (26/100)
[PiCamera @ picamera.py:185][DEBUG] 2017-10-27 15:47:43,023: ISO File Writing: |=====               | (27/100)
[PiCamera @ picamera.py:185][DEBUG] 2017-10-27 15:47:43,024: ISO File Writing: |=====               | (28/100)
[PiCamera @ picamera.py:185][DEBUG] 2017-10-27 15:47:43,024: ISO File Writing: |=====               | (29/100)
[PiCamera @ picamera.py:185][DEBUG] 2017-10-27 15:47:43,025: ISO File Writing: |======              | (30/100)
[PiCamera @ picamera.py:185][DEBUG] 2017-10-27 15:47:43,025: ISO File Writing: |======              | (31/100)
[PiCamera @ picamera.py:185][DEBUG] 2017-10-27 15:47:43,026: ISO File Writing: |======              | (32/100)
[PiCamera @ picamera.py:185][DEBUG] 2017-10-27 15:47:43,027: ISO File Writing: |======              | (33/100)
[PiCamera @ picamera.py:185][DEBUG] 2017-10-27 15:47:43,028: ISO File Writing: |======              | (34/100)
[PiCamera @ picamera.py:185][DEBUG] 2017-10-27 15:47:43,030: ISO File Writing: |=======             | (35/100)
[PiCamera @ picamera.py:185][DEBUG] 2017-10-27 15:47:43,033: ISO File Writing: |=======             | (36/100)
[PiCamera @ picamera.py:185][DEBUG] 2017-10-27 15:47:43,034: ISO File Writing: |=======             | (37/100)
[PiCamera @ picamera.py:185][DEBUG] 2017-10-27 15:47:43,034: ISO File Writing: |=======             | (38/100)
[PiCamera @ picamera.py:185][DEBUG] 2017-10-27 15:47:43,035: ISO File Writing: |=======             | (39/100)
[PiCamera @ picamera.py:185][DEBUG] 2017-10-27 15:47:43,035: ISO File Writing: |========            | (40/100)
[PiCamera @ picamera.py:185][DEBUG] 2017-10-27 15:47:43,036: ISO File Writing: |========            | (41/100)
[PiCamera @ picamera.py:185][DEBUG] 2017-10-27 15:47:43,037: ISO File Writing: |========            | (42/100)
[PiCamera @ picamera.py:185][DEBUG] 2017-10-27 15:47:43,038: ISO File Writing: |========            | (43/100)
[PiCamera @ picamera.py:185][DEBUG] 2017-10-27 15:47:43,039: ISO File Writing: |========            | (44/100)
[PiCamera @ picamera.py:185][DEBUG] 2017-10-27 15:47:43,041: ISO File Writing: |=========           | (45/100)
[PiCamera @ picamera.py:185][DEBUG] 2017-10-27 15:47:43,042: ISO File Writing: |=========           | (46/100)
[PiCamera @ picamera.py:185][DEBUG] 2017-10-27 15:47:43,043: ISO File Writing: |=========           | (47/100)
[PiCamera @ picamera.py:185][DEBUG] 2017-10-27 15:47:43,044: ISO File Writing: |=========           | (48/100)
[PiCamera @ picamera.py:185][DEBUG] 2017-10-27 15:47:43,044: ISO File Writing: |=========           | (49/100)
[PiCamera @ picamera.py:185][DEBUG] 2017-10-27 15:47:43,045: ISO File Writing: |==========          | (50/100)
[PiCamera @ picamera.py:185][DEBUG] 2017-10-27 15:47:43,045: ISO File Writing: |==========          | (51/100)
[PiCamera @ picamera.py:185][DEBUG] 2017-10-27 15:47:43,046: ISO File Writing: |==========          | (52/100)
[PiCamera @ picamera.py:185][DEBUG] 2017-10-27 15:47:43,046: ISO File Writing: |==========          | (53/100)
[PiCamera @ picamera.py:185][DEBUG] 2017-10-27 15:47:43,047: ISO File Writing: |==========          | (54/100)
[PiCamera @ picamera.py:185][DEBUG] 2017-10-27 15:47:43,047: ISO File Writing: |===========         | (55/100)
[PiCamera @ picamera.py:185][DEBUG] 2017-10-27 15:47:43,048: ISO File Writing: |===========         | (56/100)
[PiCamera @ picamera.py:185][DEBUG] 2017-10-27 15:47:43,048: ISO File Writing: |===========         | (57/100)
[PiCamera @ picamera.py:185][DEBUG] 2017-10-27 15:47:43,049: ISO File Writing: |===========         | (58/100)
[PiCamera @ picamera.py:185][DEBUG] 2017-10-27 15:47:43,049: ISO File Writing: |===========         | (59/100)
[PiCamera @ picamera.py:185][DEBUG] 2017-10-27 15:47:43,050: ISO File Writing: |============        | (60/100)
[PiCamera @ picamera.py:185][DEBUG] 2017-10-27 15:47:43,051: ISO File Writing: |============        | (61/100)
[PiCamera @ picamera.py:185][DEBUG] 2017-10-27 15:47:43,052: ISO File Writing: |============        | (62/100)
[PiCamera @ picamera.py:185][DEBUG] 2017-10-27 15:47:43,053: ISO File Writing: |============        | (63/100)
[PiCamera @ picamera.py:185][DEBUG] 2017-10-27 15:47:43,053: ISO File Writing: |============        | (64/100)
[PiCamera @ picamera.py:185][DEBUG] 2017-10-27 15:47:43,054: ISO File Writing: |=============       | (65/100)
[PiCamera @ picamera.py:185][DEBUG] 2017-10-27 15:47:43,054: ISO File Writing: |=============       | (66/100)
[PiCamera @ picamera.py:185][DEBUG] 2017-10-27 15:47:43,055: ISO File Writing: |=============       | (67/100)
[PiCamera @ picamera.py:185][DEBUG] 2017-10-27 15:47:43,055: ISO File Writing: |=============       | (68/100)
[PiCamera @ picamera.py:185][DEBUG] 2017-10-27 15:47:43,056: ISO File Writing: |=============       | (69/100)
[PiCamera @ picamera.py:185][DEBUG] 2017-10-27 15:47:43,056: ISO File Writing: |==============      | (70/100)
[PiCamera @ picamera.py:185][DEBUG] 2017-10-27 15:47:43,057: ISO File Writing: |==============      | (71/100)
[PiCamera @ picamera.py:185][DEBUG] 2017-10-27 15:47:43,058: ISO File Writing: |==============      | (72/100)
[PiCamera @ picamera.py:185][DEBUG] 2017-10-27 15:47:43,058: ISO File Writing: |==============      | (73/100)
[PiCamera @ picamera.py:185][DEBUG] 2017-10-27 15:47:43,059: ISO File Writing: |==============      | (74/100)
[PiCamera @ picamera.py:185][DEBUG] 2017-10-27 15:47:43,059: ISO File Writing: |===============     | (75/100)
[PiCamera @ picamera.py:185][DEBUG] 2017-10-27 15:47:43,068: ISO File Writing: |===============     | (76/100)
[PiCamera @ picamera.py:185][DEBUG] 2017-10-27 15:47:43,069: ISO File Writing: |===============     | (77/100)
[PiCamera @ picamera.py:185][DEBUG] 2017-10-27 15:47:43,070: ISO File Writing: |===============     | (78/100)
[PiCamera @ picamera.py:185][DEBUG] 2017-10-27 15:47:43,072: ISO File Writing: |===============     | (79/100)
[PiCamera @ picamera.py:185][DEBUG] 2017-10-27 15:47:43,073: ISO File Writing: |================    | (80/100)
[PiCamera @ picamera.py:185][DEBUG] 2017-10-27 15:47:43,074: ISO File Writing: |================    | (81/100)
[PiCamera @ picamera.py:185][DEBUG] 2017-10-27 15:47:43,075: ISO File Writing: |================    | (82/100)
[PiCamera @ picamera.py:185][DEBUG] 2017-10-27 15:47:43,075: ISO File Writing: |================    | (83/100)
[PiCamera @ picamera.py:185][DEBUG] 2017-10-27 15:47:43,076: ISO File Writing: |================    | (84/100)
[PiCamera @ picamera.py:185][DEBUG] 2017-10-27 15:47:43,076: ISO File Writing: |=================   | (85/100)
[PiCamera @ picamera.py:185][DEBUG] 2017-10-27 15:47:43,077: ISO File Writing: |=================   | (86/100)
[PiCamera @ picamera.py:185][DEBUG] 2017-10-27 15:47:43,078: ISO File Writing: |=================   | (87/100)
[PiCamera @ picamera.py:185][DEBUG] 2017-10-27 15:47:43,079: ISO File Writing: |=================   | (88/100)
[PiCamera @ picamera.py:185][DEBUG] 2017-10-27 15:47:43,079: ISO File Writing: |=================   | (89/100)
[PiCamera @ picamera.py:185][DEBUG] 2017-10-27 15:47:43,080: ISO File Writing: |==================  | (90/100)
[PiCamera @ picamera.py:185][DEBUG] 2017-10-27 15:47:43,081: ISO File Writing: |==================  | (91/100)
[PiCamera @ picamera.py:185][DEBUG] 2017-10-27 15:47:43,081: ISO File Writing: |==================  | (92/100)
[PiCamera @ picamera.py:185][DEBUG] 2017-10-27 15:47:43,082: ISO File Writing: |==================  | (93/100)
[PiCamera @ picamera.py:185][DEBUG] 2017-10-27 15:47:43,082: ISO File Writing: |==================  | (94/100)
[PiCamera @ picamera.py:185][DEBUG] 2017-10-27 15:47:43,084: ISO File Writing: |=================== | (95/100)
[PiCamera @ picamera.py:185][DEBUG] 2017-10-27 15:47:43,085: ISO File Writing: |=================== | (96/100)
[PiCamera @ picamera.py:185][DEBUG] 2017-10-27 15:47:43,086: ISO File Writing: |=================== | (97/100)
[PiCamera @ picamera.py:185][DEBUG] 2017-10-27 15:47:43,086: ISO File Writing: |=================== | (98/100)
[PiCamera @ picamera.py:185][DEBUG] 2017-10-27 15:47:43,087: ISO File Writing: |=================== | (99/100)
[PiCamera @ picamera.py:185][DEBUG] 2017-10-27 15:47:43,088: 
[PiCamera @ picamera.py:189][DEBUG] 2017-10-27 15:47:43,090: Conversion complete! Removing temp file: 'videos/2017_Oct_27/NaborisOrchestrator/15_47_23.mp4.h264'
[PiCamera @ picamera.py:194][INFO] 2017-10-27 15:47:43,091: Wrote video to 'videos/2017_Oct_27/NaborisOrchestrator/15_47_23.mp4.h264'
