[PiCamera @ factory.py:85][DEBUG] 2017-10-27 15:48:30,950: Logging to: logs/2017_Oct_27/PiCamera/15_48_30.log
[PiCamera @ picamera.py:49][DEBUG] 2017-10-27 15:48:30,992: PiCamera setup
[PiCamera @ picamera.py:60][INFO] 2017-10-27 15:48:31,258: PiCamera initialized: <picamera.camera.PiCamera object at 0x6ff00ac0>
[PiCamera @ picamera.py:137][INFO] 2017-10-27 15:48:31,259: Warming up camera
[PiCamera @ picamera.py:91][INFO] 2017-10-27 15:48:33,291: Recording video on 'videos/2017_Oct_27/NaborisOrchestrator/15_48_30.mp4.h264'
[PiCamera @ node.py:64][DEBUG] 2017-10-27 15:48:43,236: [log buffer start]
[DEBUG, 1509133715.0908947]: PiCamera image received: ImageMessage(t=1509133715.0908744, n=0)
[DEBUG, 1509133715.1238608]: PiCamera image received: ImageMessage(t=1509133715.1238527, n=1)
[DEBUG, 1509133715.1567059]: PiCamera image received: ImageMessage(t=1509133715.1566954, n=2)
[DEBUG, 1509133715.1888874]: PiCamera image received: ImageMessage(t=1509133715.188878, n=3)
[DEBUG, 1509133715.221572]: PiCamera image received: ImageMessage(t=1509133715.2215629, n=4)
[DEBUG, 1509133715.2538314]: PiCamera image received: ImageMessage(t=1509133715.2538228, n=5)
[DEBUG, 1509133715.2865717]: PiCamera image received: ImageMessage(t=1509133715.2865634, n=6)
[DEBUG, 1509133715.3194144]: PiCamera image received: ImageMessage(t=1509133715.3193986, n=7)
[DEBUG, 1509133715.353943]: PiCamera image received: ImageMessage(t=1509133715.3539279, n=8)
[DEBUG, 1509133715.4207292]: PiCamera image received: ImageMessage(t=1509133715.4206488, n=9)
[DEBUG, 1509133715.4590194]: PiCamera image received: ImageMessage(t=1509133715.459004, n=10)
[DEBUG, 1509133715.4968088]: PiCamera image received: ImageMessage(t=1509133715.4967937, n=11)
[DEBUG, 1509133715.5292327]: PiCamera image received: ImageMessage(t=1509133715.5292182, n=12)
[DEBUG, 1509133715.5620587]: PiCamera image received: ImageMessage(t=1509133715.562044, n=13)
[DEBUG, 1509133715.594451]: PiCamera image received: ImageMessage(t=1509133715.594434, n=14)
[DEBUG, 1509133715.6274166]: PiCamera image received: ImageMessage(t=1509133715.6274025, n=15)
[DEBUG, 1509133715.6599123]: PiCamera image received: ImageMessage(t=1509133715.659899, n=16)
[DEBUG, 1509133715.6926186]: PiCamera image received: ImageMessage(t=1509133715.6926038, n=17)
[DEBUG, 1509133715.7263176]: PiCamera image received: ImageMessage(t=1509133715.7263036, n=18)
[DEBUG, 1509133715.758594]: PiCamera image received: ImageMessage(t=1509133715.7585754, n=19)
[DEBUG, 1509133715.8234715]: PiCamera image received: ImageMessage(t=1509133715.8234582, n=20)
[DEBUG, 1509133715.8556564]: PiCamera image received: ImageMessage(t=1509133715.8556428, n=21)
[DEBUG, 1509133715.8887014]: PiCamera image received: ImageMessage(t=1509133715.8886871, n=22)
[DEBUG, 1509133715.9217708]: PiCamera image received: ImageMessage(t=1509133715.9217565, n=23)
[DEBUG, 1509133715.95395]: PiCamera image received: ImageMessage(t=1509133715.953935, n=24)
[DEBUG, 1509133715.9865184]: PiCamera image received: ImageMessage(t=1509133715.9865038, n=25)
[DEBUG, 1509133716.0254018]: PiCamera image received: ImageMessage(t=1509133716.0253885, n=26)
[DEBUG, 1509133716.0583105]: PiCamera image received: ImageMessage(t=1509133716.0582962, n=27)
[DEBUG, 1509133716.091123]: PiCamera image received: ImageMessage(t=1509133716.0911093, n=28)
[DEBUG, 1509133716.1564145]: PiCamera image received: ImageMessage(t=1509133716.1563997, n=29)
[DEBUG, 1509133716.1893394]: PiCamera image received: ImageMessage(t=1509133716.1893249, n=30)
[DEBUG, 1509133716.2273908]: PiCamera image received: ImageMessage(t=1509133716.2273765, n=31)
[DEBUG, 1509133716.3439803]: PiCamera image received: ImageMessage(t=1509133716.343964, n=32)
[DEBUG, 1509133716.4183114]: PiCamera image received: ImageMessage(t=1509133716.4182951, n=33)
[DEBUG, 1509133716.5146573]: PiCamera image received: ImageMessage(t=1509133716.5146396, n=34)
[DEBUG, 1509133716.605196]: PiCamera image received: ImageMessage(t=1509133716.6051807, n=35)
[DEBUG, 1509133716.638246]: PiCamera image received: ImageMessage(t=1509133716.6382315, n=36)
[DEBUG, 1509133716.6710532]: PiCamera image received: ImageMessage(t=1509133716.671037, n=37)
[DEBUG, 1509133716.7034261]: PiCamera image received: ImageMessage(t=1509133716.703411, n=38)
[DEBUG, 1509133716.7765753]: PiCamera image received: ImageMessage(t=1509133716.776461, n=39)
[DEBUG, 1509133716.8096685]: PiCamera image received: ImageMessage(t=1509133716.8096542, n=40)
[DEBUG, 1509133716.8426576]: PiCamera image received: ImageMessage(t=1509133716.8426416, n=41)
[DEBUG, 1509133716.8769836]: PiCamera image received: ImageMessage(t=1509133716.8769646, n=42)
[DEBUG, 1509133716.9430394]: PiCamera image received: ImageMessage(t=1509133716.9430223, n=43)
[DEBUG, 1509133717.0884247]: PiCamera image received: ImageMessage(t=1509133717.0884106, n=44)
[DEBUG, 1509133717.120776]: PiCamera image received: ImageMessage(t=1509133717.1207614, n=45)
[DEBUG, 1509133717.155113]: PiCamera image received: ImageMessage(t=1509133717.1550958, n=46)
[DEBUG, 1509133717.18803]: PiCamera image received: ImageMessage(t=1509133717.1880145, n=47)
[DEBUG, 1509133717.2204132]: PiCamera image received: ImageMessage(t=1509133717.2203991, n=48)
[DEBUG, 1509133717.2873223]: PiCamera image received: ImageMessage(t=1509133717.2873068, n=49)
[DEBUG, 1509133717.3527749]: PiCamera image received: ImageMessage(t=1509133717.35276, n=50)
[DEBUG, 1509133717.418346]: PiCamera image received: ImageMessage(t=1509133717.4183297, n=51)
[DEBUG, 1509133717.489067]: PiCamera image received: ImageMessage(t=1509133717.4890525, n=52)
[DEBUG, 1509133717.527227]: PiCamera image received: ImageMessage(t=1509133717.5272117, n=53)
[DEBUG, 1509133717.5609498]: PiCamera image received: ImageMessage(t=1509133717.5609283, n=54)
[DEBUG, 1509133717.593895]: PiCamera image received: ImageMessage(t=1509133717.5938802, n=55)
[DEBUG, 1509133717.6261923]: PiCamera image received: ImageMessage(t=1509133717.626178, n=56)
[DEBUG, 1509133717.6917567]: PiCamera image received: ImageMessage(t=1509133717.6917412, n=57)
[DEBUG, 1509133717.7247703]: PiCamera image received: ImageMessage(t=1509133717.7247536, n=58)
[DEBUG, 1509133717.7573445]: PiCamera image received: ImageMessage(t=1509133717.7573307, n=59)
[DEBUG, 1509133717.7895215]: PiCamera image received: ImageMessage(t=1509133717.7895062, n=60)
[DEBUG, 1509133717.8233085]: PiCamera image received: ImageMessage(t=1509133717.8232944, n=61)
[DEBUG, 1509133717.8939984]: PiCamera image received: ImageMessage(t=1509133717.8939836, n=62)
[DEBUG, 1509133717.9673712]: PiCamera image received: ImageMessage(t=1509133717.9673564, n=63)
[DEBUG, 1509133718.0483506]: PiCamera image received: ImageMessage(t=1509133718.0483353, n=64)
[DEBUG, 1509133718.1176517]: PiCamera image received: ImageMessage(t=1509133718.117637, n=65)
[DEBUG, 1509133718.1511889]: PiCamera image received: ImageMessage(t=1509133718.1511736, n=66)
[DEBUG, 1509133718.1840641]: PiCamera image received: ImageMessage(t=1509133718.1840496, n=67)
[DEBUG, 1509133718.2192764]: PiCamera image received: ImageMessage(t=1509133718.2192614, n=68)
[DEBUG, 1509133718.2853806]: PiCamera image received: ImageMessage(t=1509133718.2853658, n=69)
[DEBUG, 1509133718.3185859]: PiCamera image received: ImageMessage(t=1509133718.3185718, n=70)
[DEBUG, 1509133718.352258]: PiCamera image received: ImageMessage(t=1509133718.3522422, n=71)
[DEBUG, 1509133718.3861678]: PiCamera image received: ImageMessage(t=1509133718.3861532, n=72)
[DEBUG, 1509133718.451346]: PiCamera image received: ImageMessage(t=1509133718.4513295, n=73)
[DEBUG, 1509133718.4844904]: PiCamera image received: ImageMessage(t=1509133718.4844763, n=74)
[DEBUG, 1509133718.5536587]: PiCamera image received: ImageMessage(t=1509133718.5536506, n=76)
[DEBUG, 1509133718.5857334]: PiCamera image received: ImageMessage(t=1509133718.585726, n=77)
[DEBUG, 1509133718.65331]: PiCamera image received: ImageMessage(t=1509133718.6533022, n=78)
[DEBUG, 1509133718.685906]: PiCamera image received: ImageMessage(t=1509133718.6858978, n=79)
[DEBUG, 1509133718.718151]: PiCamera image received: ImageMessage(t=1509133718.718144, n=80)
[DEBUG, 1509133718.7501242]: PiCamera image received: ImageMessage(t=1509133718.7501166, n=81)
[DEBUG, 1509133718.78387]: PiCamera image received: ImageMessage(t=1509133718.7838619, n=82)
[DEBUG, 1509133718.816259]: PiCamera image received: ImageMessage(t=1509133718.8162513, n=83)
[DEBUG, 1509133718.849941]: PiCamera image received: ImageMessage(t=1509133718.8499331, n=84)
[DEBUG, 1509133718.8832474]: PiCamera image received: ImageMessage(t=1509133718.8832383, n=85)
[DEBUG, 1509133718.9153073]: PiCamera image received: ImageMessage(t=1509133718.9152994, n=86)
[DEBUG, 1509133718.9478095]: PiCamera image received: ImageMessage(t=1509133718.947795, n=87)
[DEBUG, 1509133718.9809594]: PiCamera image received: ImageMessage(t=1509133718.9809444, n=88)
[DEBUG, 1509133719.0138617]: PiCamera image received: ImageMessage(t=1509133719.0138474, n=89)
[DEBUG, 1509133719.1109307]: PiCamera image received: ImageMessage(t=1509133719.1109145, n=90)
[DEBUG, 1509133719.1435635]: PiCamera image received: ImageMessage(t=1509133719.1435487, n=91)
[DEBUG, 1509133719.2136533]: PiCamera image received: ImageMessage(t=1509133719.2136378, n=92)
[DEBUG, 1509133719.2486744]: PiCamera image received: ImageMessage(t=1509133719.2486587, n=93)
[DEBUG, 1509133719.2818952]: PiCamera image received: ImageMessage(t=1509133719.2818806, n=94)
[DEBUG, 1509133719.3273957]: PiCamera image received: ImageMessage(t=1509133719.3273795, n=95)
[DEBUG, 1509133719.3920927]: PiCamera image received: ImageMessage(t=1509133719.3920765, n=96)
[DEBUG, 1509133719.4246757]: PiCamera image received: ImageMessage(t=1509133719.4246602, n=97)
[DEBUG, 1509133719.4970634]: PiCamera image received: ImageMessage(t=1509133719.4970484, n=98)
[DEBUG, 1509133719.5649]: PiCamera image received: ImageMessage(t=1509133719.5648847, n=99)
[DEBUG, 1509133719.5978613]: PiCamera image received: ImageMessage(t=1509133719.5978465, n=100)
[DEBUG, 1509133719.663408]: PiCamera image received: ImageMessage(t=1509133719.6633945, n=101)
[DEBUG, 1509133719.695638]: PiCamera image received: ImageMessage(t=1509133719.6956232, n=102)
[DEBUG, 1509133719.7325113]: PiCamera image received: ImageMessage(t=1509133719.7324932, n=103)
[DEBUG, 1509133719.8112047]: PiCamera image received: ImageMessage(t=1509133719.8111885, n=104)
[DEBUG, 1509133719.8434074]: PiCamera image received: ImageMessage(t=1509133719.843393, n=105)
[DEBUG, 1509133719.920234]: PiCamera image received: ImageMessage(t=1509133719.9202197, n=106)
[DEBUG, 1509133719.9957638]: PiCamera image received: ImageMessage(t=1509133719.9957492, n=107)
[DEBUG, 1509133720.0285058]: PiCamera image received: ImageMessage(t=1509133720.0284905, n=108)
[DEBUG, 1509133720.0612278]: PiCamera image received: ImageMessage(t=1509133720.061213, n=109)
[DEBUG, 1509133720.158023]: PiCamera image received: ImageMessage(t=1509133720.1580093, n=110)
[DEBUG, 1509133720.1903825]: PiCamera image received: ImageMessage(t=1509133720.1903675, n=111)
[DEBUG, 1509133720.2573645]: PiCamera image received: ImageMessage(t=1509133720.2573502, n=112)
[DEBUG, 1509133720.2979991]: PiCamera image received: ImageMessage(t=1509133720.297984, n=113)
[DEBUG, 1509133720.3708622]: PiCamera image received: ImageMessage(t=1509133720.3708098, n=114)
[DEBUG, 1509133720.403938]: PiCamera image received: ImageMessage(t=1509133720.4039235, n=115)
[DEBUG, 1509133720.4789627]: PiCamera image received: ImageMessage(t=1509133720.4789474, n=116)
[DEBUG, 1509133720.517275]: PiCamera image received: ImageMessage(t=1509133720.5172606, n=117)
[DEBUG, 1509133720.593583]: PiCamera image received: ImageMessage(t=1509133720.5935686, n=118)
[DEBUG, 1509133720.6267495]: PiCamera image received: ImageMessage(t=1509133720.6267347, n=119)
[DEBUG, 1509133720.6599772]: PiCamera image received: ImageMessage(t=1509133720.6599622, n=120)
[DEBUG, 1509133720.7246509]: PiCamera image received: ImageMessage(t=1509133720.7246351, n=121)
[DEBUG, 1509133720.7900503]: PiCamera image received: ImageMessage(t=1509133720.790036, n=122)
[DEBUG, 1509133720.8230507]: PiCamera image received: ImageMessage(t=1509133720.8230367, n=123)
[DEBUG, 1509133720.8878717]: PiCamera image received: ImageMessage(t=1509133720.8878572, n=124)
[DEBUG, 1509133720.9206865]: PiCamera image received: ImageMessage(t=1509133720.9206712, n=125)
[DEBUG, 1509133720.9529963]: PiCamera image received: ImageMessage(t=1509133720.9529817, n=126)
[DEBUG, 1509133720.9921615]: PiCamera image received: ImageMessage(t=1509133720.9921196, n=127)
[DEBUG, 1509133721.0591664]: PiCamera image received: ImageMessage(t=1509133721.0591512, n=128)
[DEBUG, 1509133721.0924742]: PiCamera image received: ImageMessage(t=1509133721.0924585, n=129)
[DEBUG, 1509133721.1259198]: PiCamera image received: ImageMessage(t=1509133721.1259048, n=130)
[DEBUG, 1509133721.1921754]: PiCamera image received: ImageMessage(t=1509133721.1921608, n=131)
[DEBUG, 1509133721.2605941]: PiCamera image received: ImageMessage(t=1509133721.2605784, n=132)
[DEBUG, 1509133721.2940943]: PiCamera image received: ImageMessage(t=1509133721.29408, n=133)
[DEBUG, 1509133721.3791711]: PiCamera image received: ImageMessage(t=1509133721.3791544, n=134)
[DEBUG, 1509133721.412949]: PiCamera image received: ImageMessage(t=1509133721.4129343, n=135)
[DEBUG, 1509133721.4799926]: PiCamera image received: ImageMessage(t=1509133721.4799767, n=136)
[DEBUG, 1509133721.512591]: PiCamera image received: ImageMessage(t=1509133721.5125751, n=137)
[DEBUG, 1509133721.5451534]: PiCamera image received: ImageMessage(t=1509133721.5451381, n=138)
[DEBUG, 1509133721.5777516]: PiCamera image received: ImageMessage(t=1509133721.5777342, n=139)
[DEBUG, 1509133721.6457596]: PiCamera image received: ImageMessage(t=1509133721.6457448, n=140)
[DEBUG, 1509133721.7154877]: PiCamera image received: ImageMessage(t=1509133721.7154722, n=141)
[DEBUG, 1509133721.7843273]: PiCamera image received: ImageMessage(t=1509133721.7843132, n=142)
[DEBUG, 1509133721.8168883]: PiCamera image received: ImageMessage(t=1509133721.8168721, n=143)
[DEBUG, 1509133721.8493247]: PiCamera image received: ImageMessage(t=1509133721.8493097, n=144)
[DEBUG, 1509133721.881602]: PiCamera image received: ImageMessage(t=1509133721.8815875, n=145)
[DEBUG, 1509133721.9141488]: PiCamera image received: ImageMessage(t=1509133721.914135, n=146)
[DEBUG, 1509133721.9785337]: PiCamera image received: ImageMessage(t=1509133721.978519, n=147)
[DEBUG, 1509133722.011521]: PiCamera image received: ImageMessage(t=1509133722.0115058, n=148)
[DEBUG, 1509133722.044843]: PiCamera image received: ImageMessage(t=1509133722.0448284, n=149)
[DEBUG, 1509133722.0782816]: PiCamera image received: ImageMessage(t=1509133722.0782676, n=150)
[DEBUG, 1509133722.1523504]: PiCamera image received: ImageMessage(t=1509133722.1523356, n=151)
[DEBUG, 1509133722.217441]: PiCamera image received: ImageMessage(t=1509133722.217426, n=152)
[DEBUG, 1509133722.2497509]: PiCamera image received: ImageMessage(t=1509133722.2497358, n=153)
[DEBUG, 1509133722.2827036]: PiCamera image received: ImageMessage(t=1509133722.282689, n=154)
[DEBUG, 1509133722.315663]: PiCamera image received: ImageMessage(t=1509133722.3156478, n=155)
[DEBUG, 1509133722.384162]: PiCamera image received: ImageMessage(t=1509133722.3841486, n=156)
[DEBUG, 1509133722.4260726]: PiCamera image received: ImageMessage(t=1509133722.426054, n=157)
[DEBUG, 1509133722.4926722]: PiCamera image received: ImageMessage(t=1509133722.4926574, n=158)
[DEBUG, 1509133722.571512]: PiCamera image received: ImageMessage(t=1509133722.571497, n=159)
[DEBUG, 1509133722.6045995]: PiCamera image received: ImageMessage(t=1509133722.604585, n=160)
[DEBUG, 1509133722.6413724]: PiCamera image received: ImageMessage(t=1509133722.6413577, n=161)
[DEBUG, 1509133722.7140183]: PiCamera image received: ImageMessage(t=1509133722.714003, n=162)
[DEBUG, 1509133722.7842598]: PiCamera image received: ImageMessage(t=1509133722.7842383, n=163)
[DEBUG, 1509133722.818752]: PiCamera image received: ImageMessage(t=1509133722.8187382, n=164)
[DEBUG, 1509133722.8853247]: PiCamera image received: ImageMessage(t=1509133722.8852503, n=165)
[DEBUG, 1509133722.9184794]: PiCamera image received: ImageMessage(t=1509133722.9183967, n=166)
[DEBUG, 1509133722.9507513]: PiCamera image received: ImageMessage(t=1509133722.950737, n=167)
[DEBUG, 1509133722.9857893]: PiCamera image received: ImageMessage(t=1509133722.985773, n=168)
[DEBUG, 1509133723.0234425]: PiCamera image received: ImageMessage(t=1509133723.0234277, n=169)
[DEBUG, 1509133723.0654762]: PiCamera image received: ImageMessage(t=1509133723.0654614, n=170)
[DEBUG, 1509133723.1356943]: PiCamera image received: ImageMessage(t=1509133723.1356788, n=171)
[DEBUG, 1509133723.1690857]: PiCamera image received: ImageMessage(t=1509133723.169072, n=172)
[DEBUG, 1509133723.2359908]: PiCamera image received: ImageMessage(t=1509133723.235959, n=173)
[log buffer end]
[PiCamera @ node.py:66][DEBUG] 2017-10-27 15:48:43,238: logging message buffer (len=16452)
[PiCamera @ node.py:64][DEBUG] 2017-10-27 15:48:51,816: [log buffer start]
[DEBUG, 1509133723.3164732]: PiCamera image received: ImageMessage(t=1509133723.3164587, n=174)
[DEBUG, 1509133723.3489618]: PiCamera image received: ImageMessage(t=1509133723.3489475, n=175)
[DEBUG, 1509133723.3811831]: PiCamera image received: ImageMessage(t=1509133723.3811688, n=176)
[DEBUG, 1509133723.4132571]: PiCamera image received: ImageMessage(t=1509133723.413243, n=177)
[DEBUG, 1509133723.4483225]: PiCamera image received: ImageMessage(t=1509133723.4483082, n=178)
[DEBUG, 1509133723.5155704]: PiCamera image received: ImageMessage(t=1509133723.5155554, n=179)
[DEBUG, 1509133723.5836403]: PiCamera image received: ImageMessage(t=1509133723.5836253, n=180)
[DEBUG, 1509133723.6229138]: PiCamera image received: ImageMessage(t=1509133723.6228979, n=181)
[DEBUG, 1509133723.6573343]: PiCamera image received: ImageMessage(t=1509133723.657321, n=182)
[DEBUG, 1509133723.7217362]: PiCamera image received: ImageMessage(t=1509133723.7217193, n=183)
[DEBUG, 1509133723.7870479]: PiCamera image received: ImageMessage(t=1509133723.78703, n=184)
[DEBUG, 1509133723.8195608]: PiCamera image received: ImageMessage(t=1509133723.8195457, n=185)
[DEBUG, 1509133723.8858812]: PiCamera image received: ImageMessage(t=1509133723.8858647, n=186)
[DEBUG, 1509133723.919074]: PiCamera image received: ImageMessage(t=1509133723.9190583, n=187)
[DEBUG, 1509133723.9526987]: PiCamera image received: ImageMessage(t=1509133723.952675, n=188)
[DEBUG, 1509133723.9856093]: PiCamera image received: ImageMessage(t=1509133723.9855933, n=189)
[DEBUG, 1509133724.026006]: PiCamera image received: ImageMessage(t=1509133724.0259929, n=190)
[DEBUG, 1509133724.0590003]: PiCamera image received: ImageMessage(t=1509133724.0589857, n=191)
[DEBUG, 1509133724.1326246]: PiCamera image received: ImageMessage(t=1509133724.1326106, n=192)
[DEBUG, 1509133724.1648328]: PiCamera image received: ImageMessage(t=1509133724.1648169, n=193)
[DEBUG, 1509133724.240615]: PiCamera image received: ImageMessage(t=1509133724.2405996, n=194)
[DEBUG, 1509133724.2736883]: PiCamera image received: ImageMessage(t=1509133724.273674, n=195)
[DEBUG, 1509133724.340009]: PiCamera image received: ImageMessage(t=1509133724.3399947, n=196)
[DEBUG, 1509133724.3731785]: PiCamera image received: ImageMessage(t=1509133724.373164, n=197)
[DEBUG, 1509133724.4055667]: PiCamera image received: ImageMessage(t=1509133724.4055521, n=198)
[DEBUG, 1509133724.471663]: PiCamera image received: ImageMessage(t=1509133724.4716477, n=199)
[DEBUG, 1509133724.5046504]: PiCamera image received: ImageMessage(t=1509133724.5046346, n=200)
[DEBUG, 1509133724.5384033]: PiCamera image received: ImageMessage(t=1509133724.538388, n=201)
[DEBUG, 1509133724.6068652]: PiCamera image received: ImageMessage(t=1509133724.6068501, n=202)
[DEBUG, 1509133724.6809897]: PiCamera image received: ImageMessage(t=1509133724.680975, n=203)
[DEBUG, 1509133724.721109]: PiCamera image received: ImageMessage(t=1509133724.721095, n=204)
[DEBUG, 1509133724.753532]: PiCamera image received: ImageMessage(t=1509133724.7535162, n=205)
[DEBUG, 1509133724.8312821]: PiCamera image received: ImageMessage(t=1509133724.831267, n=206)
[DEBUG, 1509133724.8669324]: PiCamera image received: ImageMessage(t=1509133724.8669171, n=207)
[DEBUG, 1509133724.9009879]: PiCamera image received: ImageMessage(t=1509133724.9009726, n=208)
[DEBUG, 1509133724.9367328]: PiCamera image received: ImageMessage(t=1509133724.9367163, n=209)
[DEBUG, 1509133725.0016892]: PiCamera image received: ImageMessage(t=1509133725.001675, n=210)
[DEBUG, 1509133725.0361142]: PiCamera image received: ImageMessage(t=1509133725.0360987, n=211)
[DEBUG, 1509133725.1006613]: PiCamera image received: ImageMessage(t=1509133725.1006474, n=212)
[DEBUG, 1509133725.1332483]: PiCamera image received: ImageMessage(t=1509133725.1332333, n=213)
[DEBUG, 1509133725.2000597]: PiCamera image received: ImageMessage(t=1509133725.2000453, n=214)
[DEBUG, 1509133725.265798]: PiCamera image received: ImageMessage(t=1509133725.265783, n=215)
[DEBUG, 1509133725.2984703]: PiCamera image received: ImageMessage(t=1509133725.2984555, n=216)
[DEBUG, 1509133725.3644185]: PiCamera image received: ImageMessage(t=1509133725.3644032, n=217)
[DEBUG, 1509133725.4363987]: PiCamera image received: ImageMessage(t=1509133725.4363837, n=218)
[DEBUG, 1509133725.4691682]: PiCamera image received: ImageMessage(t=1509133725.4691546, n=219)
[DEBUG, 1509133725.5020843]: PiCamera image received: ImageMessage(t=1509133725.5020695, n=220)
[DEBUG, 1509133725.5686789]: PiCamera image received: ImageMessage(t=1509133725.5686634, n=221)
[DEBUG, 1509133725.6335027]: PiCamera image received: ImageMessage(t=1509133725.6334884, n=222)
[DEBUG, 1509133725.7328622]: PiCamera image received: ImageMessage(t=1509133725.7328453, n=223)
[DEBUG, 1509133725.7671463]: PiCamera image received: ImageMessage(t=1509133725.7671297, n=224)
[DEBUG, 1509133725.8411543]: PiCamera image received: ImageMessage(t=1509133725.8411398, n=225)
[DEBUG, 1509133725.8736997]: PiCamera image received: ImageMessage(t=1509133725.873685, n=226)
[DEBUG, 1509133725.9715168]: PiCamera image received: ImageMessage(t=1509133725.9715025, n=227)
[DEBUG, 1509133726.0066319]: PiCamera image received: ImageMessage(t=1509133726.0066178, n=228)
[DEBUG, 1509133726.0388505]: PiCamera image received: ImageMessage(t=1509133726.038837, n=229)
[DEBUG, 1509133726.0709417]: PiCamera image received: ImageMessage(t=1509133726.0709276, n=230)
[DEBUG, 1509133726.1037273]: PiCamera image received: ImageMessage(t=1509133726.103711, n=231)
[DEBUG, 1509133726.1366103]: PiCamera image received: ImageMessage(t=1509133726.1365957, n=232)
[DEBUG, 1509133726.2068374]: PiCamera image received: ImageMessage(t=1509133726.2068214, n=233)
[DEBUG, 1509133726.2922218]: PiCamera image received: ImageMessage(t=1509133726.2922063, n=234)
[DEBUG, 1509133726.327981]: PiCamera image received: ImageMessage(t=1509133726.3279662, n=235)
[DEBUG, 1509133726.392815]: PiCamera image received: ImageMessage(t=1509133726.3928003, n=236)
[DEBUG, 1509133726.4569755]: PiCamera image received: ImageMessage(t=1509133726.456961, n=237)
[DEBUG, 1509133726.52573]: PiCamera image received: ImageMessage(t=1509133726.525715, n=238)
[DEBUG, 1509133726.558702]: PiCamera image received: ImageMessage(t=1509133726.5586872, n=239)
[DEBUG, 1509133726.5915947]: PiCamera image received: ImageMessage(t=1509133726.5915797, n=240)
[DEBUG, 1509133726.656139]: PiCamera image received: ImageMessage(t=1509133726.6561239, n=241)
[DEBUG, 1509133726.6890047]: PiCamera image received: ImageMessage(t=1509133726.688989, n=242)
[DEBUG, 1509133726.7216275]: PiCamera image received: ImageMessage(t=1509133726.7216127, n=243)
[DEBUG, 1509133726.7866492]: PiCamera image received: ImageMessage(t=1509133726.786634, n=244)
[DEBUG, 1509133726.818977]: PiCamera image received: ImageMessage(t=1509133726.8189623, n=245)
[DEBUG, 1509133726.8835287]: PiCamera image received: ImageMessage(t=1509133726.883515, n=246)
[DEBUG, 1509133726.9502213]: PiCamera image received: ImageMessage(t=1509133726.950204, n=247)
[DEBUG, 1509133726.9842114]: PiCamera image received: ImageMessage(t=1509133726.9841175, n=248)
[DEBUG, 1509133727.0189612]: PiCamera image received: ImageMessage(t=1509133727.0189435, n=249)
[DEBUG, 1509133727.0842547]: PiCamera image received: ImageMessage(t=1509133727.0842397, n=250)
[DEBUG, 1509133727.1533933]: PiCamera image received: ImageMessage(t=1509133727.1533797, n=251)
[DEBUG, 1509133727.1855407]: PiCamera image received: ImageMessage(t=1509133727.1855261, n=252)
[DEBUG, 1509133727.217791]: PiCamera image received: ImageMessage(t=1509133727.217777, n=253)
[DEBUG, 1509133727.2512865]: PiCamera image received: ImageMessage(t=1509133727.2512732, n=254)
[DEBUG, 1509133727.3178778]: PiCamera image received: ImageMessage(t=1509133727.3178635, n=255)
[DEBUG, 1509133727.3895535]: PiCamera image received: ImageMessage(t=1509133727.3895385, n=256)
[DEBUG, 1509133727.4557016]: PiCamera image received: ImageMessage(t=1509133727.4556875, n=257)
[DEBUG, 1509133727.501843]: PiCamera image received: ImageMessage(t=1509133727.5018282, n=258)
[DEBUG, 1509133727.567866]: PiCamera image received: ImageMessage(t=1509133727.567851, n=259)
[DEBUG, 1509133727.6327863]: PiCamera image received: ImageMessage(t=1509133727.6327722, n=260)
[DEBUG, 1509133727.6650722]: PiCamera image received: ImageMessage(t=1509133727.6650572, n=261)
[DEBUG, 1509133727.700423]: PiCamera image received: ImageMessage(t=1509133727.700408, n=262)
[DEBUG, 1509133727.7330737]: PiCamera image received: ImageMessage(t=1509133727.7330582, n=263)
[DEBUG, 1509133727.7652876]: PiCamera image received: ImageMessage(t=1509133727.7652729, n=264)
[DEBUG, 1509133727.8379374]: PiCamera image received: ImageMessage(t=1509133727.8379223, n=265)
[DEBUG, 1509133727.8765233]: PiCamera image received: ImageMessage(t=1509133727.8765094, n=266)
[DEBUG, 1509133727.9091136]: PiCamera image received: ImageMessage(t=1509133727.909097, n=267)
[DEBUG, 1509133727.9426315]: PiCamera image received: ImageMessage(t=1509133727.9426138, n=268)
[DEBUG, 1509133728.008893]: PiCamera image received: ImageMessage(t=1509133728.0088782, n=269)
[DEBUG, 1509133728.0740519]: PiCamera image received: ImageMessage(t=1509133728.0740368, n=270)
[DEBUG, 1509133728.1068223]: PiCamera image received: ImageMessage(t=1509133728.106807, n=271)
[DEBUG, 1509133728.1396303]: PiCamera image received: ImageMessage(t=1509133728.1396155, n=272)
[DEBUG, 1509133728.2135842]: PiCamera image received: ImageMessage(t=1509133728.2135696, n=274)
[DEBUG, 1509133728.246805]: PiCamera image received: ImageMessage(t=1509133728.2467904, n=275)
[DEBUG, 1509133728.2795203]: PiCamera image received: ImageMessage(t=1509133728.2795057, n=276)
[DEBUG, 1509133728.3480427]: PiCamera image received: ImageMessage(t=1509133728.3480275, n=277)
[DEBUG, 1509133728.381987]: PiCamera image received: ImageMessage(t=1509133728.3819737, n=278)
[DEBUG, 1509133728.4471493]: PiCamera image received: ImageMessage(t=1509133728.4471347, n=279)
[DEBUG, 1509133728.4802918]: PiCamera image received: ImageMessage(t=1509133728.4802773, n=280)
[DEBUG, 1509133728.5577147]: PiCamera image received: ImageMessage(t=1509133728.5577004, n=281)
[DEBUG, 1509133728.5899806]: PiCamera image received: ImageMessage(t=1509133728.589967, n=282)
[DEBUG, 1509133728.6700246]: PiCamera image received: ImageMessage(t=1509133728.6700084, n=283)
[DEBUG, 1509133728.703618]: PiCamera image received: ImageMessage(t=1509133728.703604, n=284)
[DEBUG, 1509133728.7704418]: PiCamera image received: ImageMessage(t=1509133728.770427, n=285)
[DEBUG, 1509133728.8403435]: PiCamera image received: ImageMessage(t=1509133728.840329, n=286)
[DEBUG, 1509133728.873041]: PiCamera image received: ImageMessage(t=1509133728.8730266, n=287)
[DEBUG, 1509133728.9419596]: PiCamera image received: ImageMessage(t=1509133728.9419453, n=288)
[DEBUG, 1509133728.9750936]: PiCamera image received: ImageMessage(t=1509133728.9750788, n=289)
[DEBUG, 1509133729.0085971]: PiCamera image received: ImageMessage(t=1509133729.0085824, n=290)
[DEBUG, 1509133729.1061718]: PiCamera image received: ImageMessage(t=1509133729.1061575, n=291)
[DEBUG, 1509133729.1447918]: PiCamera image received: ImageMessage(t=1509133729.1447768, n=292)
[DEBUG, 1509133729.1849282]: PiCamera image received: ImageMessage(t=1509133729.1849048, n=293)
[DEBUG, 1509133729.2180681]: PiCamera image received: ImageMessage(t=1509133729.2180533, n=294)
[DEBUG, 1509133729.2830474]: PiCamera image received: ImageMessage(t=1509133729.2830307, n=295)
[DEBUG, 1509133729.3160508]: PiCamera image received: ImageMessage(t=1509133729.3159683, n=296)
[DEBUG, 1509133729.348773]: PiCamera image received: ImageMessage(t=1509133729.3487587, n=297)
[DEBUG, 1509133729.3812382]: PiCamera image received: ImageMessage(t=1509133729.3812244, n=298)
[DEBUG, 1509133729.4479322]: PiCamera image received: ImageMessage(t=1509133729.4479163, n=299)
[DEBUG, 1509133729.4809835]: PiCamera image received: ImageMessage(t=1509133729.4809685, n=300)
[DEBUG, 1509133729.5139523]: PiCamera image received: ImageMessage(t=1509133729.5139117, n=301)
[DEBUG, 1509133729.5800025]: PiCamera image received: ImageMessage(t=1509133729.5799875, n=302)
[DEBUG, 1509133729.6510808]: PiCamera image received: ImageMessage(t=1509133729.6510658, n=303)
[DEBUG, 1509133729.684508]: PiCamera image received: ImageMessage(t=1509133729.6844928, n=304)
[DEBUG, 1509133729.7183828]: PiCamera image received: ImageMessage(t=1509133729.7183685, n=305)
[DEBUG, 1509133729.763065]: PiCamera image received: ImageMessage(t=1509133729.7630494, n=306)
[DEBUG, 1509133729.8435209]: PiCamera image received: ImageMessage(t=1509133729.8435051, n=307)
[DEBUG, 1509133729.9137475]: PiCamera image received: ImageMessage(t=1509133729.9137335, n=308)
[DEBUG, 1509133729.9842186]: PiCamera image received: ImageMessage(t=1509133729.9842017, n=309)
[DEBUG, 1509133730.0266187]: PiCamera image received: ImageMessage(t=1509133730.026601, n=310)
[DEBUG, 1509133730.0945203]: PiCamera image received: ImageMessage(t=1509133730.0945039, n=311)
[DEBUG, 1509133730.1273549]: PiCamera image received: ImageMessage(t=1509133730.1273406, n=312)
[DEBUG, 1509133730.2252624]: PiCamera image received: ImageMessage(t=1509133730.2252464, n=313)
[DEBUG, 1509133730.2582948]: PiCamera image received: ImageMessage(t=1509133730.2582793, n=314)
[DEBUG, 1509133730.2912858]: PiCamera image received: ImageMessage(t=1509133730.2912712, n=315)
[DEBUG, 1509133730.3239226]: PiCamera image received: ImageMessage(t=1509133730.3239086, n=316)
[DEBUG, 1509133730.3561]: PiCamera image received: ImageMessage(t=1509133730.3560858, n=317)
[DEBUG, 1509133730.4017005]: PiCamera image received: ImageMessage(t=1509133730.4016874, n=318)
[DEBUG, 1509133730.44006]: PiCamera image received: ImageMessage(t=1509133730.4400458, n=319)
[DEBUG, 1509133730.539241]: PiCamera image received: ImageMessage(t=1509133730.5392268, n=320)
[DEBUG, 1509133730.5734384]: PiCamera image received: ImageMessage(t=1509133730.5734236, n=321)
[DEBUG, 1509133730.6066008]: PiCamera image received: ImageMessage(t=1509133730.606585, n=322)
[DEBUG, 1509133730.640237]: PiCamera image received: ImageMessage(t=1509133730.6402214, n=323)
[DEBUG, 1509133730.6728055]: PiCamera image received: ImageMessage(t=1509133730.6727917, n=324)
[DEBUG, 1509133730.7130642]: PiCamera image received: ImageMessage(t=1509133730.7130504, n=325)
[DEBUG, 1509133730.7465868]: PiCamera image received: ImageMessage(t=1509133730.746572, n=326)
[DEBUG, 1509133730.7798047]: PiCamera image received: ImageMessage(t=1509133730.7797902, n=327)
[DEBUG, 1509133730.8492608]: PiCamera image received: ImageMessage(t=1509133730.849246, n=328)
[DEBUG, 1509133730.8819811]: PiCamera image received: ImageMessage(t=1509133730.8819656, n=329)
[DEBUG, 1509133730.9476526]: PiCamera image received: ImageMessage(t=1509133730.947637, n=330)
[DEBUG, 1509133731.0195346]: PiCamera image received: ImageMessage(t=1509133731.0195193, n=331)
[DEBUG, 1509133731.0567362]: PiCamera image received: ImageMessage(t=1509133731.0567212, n=332)
[DEBUG, 1509133731.097019]: PiCamera image received: ImageMessage(t=1509133731.0970047, n=333)
[DEBUG, 1509133731.1637816]: PiCamera image received: ImageMessage(t=1509133731.1637678, n=334)
[DEBUG, 1509133731.1969388]: PiCamera image received: ImageMessage(t=1509133731.1969252, n=335)
[DEBUG, 1509133731.2631214]: PiCamera image received: ImageMessage(t=1509133731.263107, n=336)
[DEBUG, 1509133731.3348098]: PiCamera image received: ImageMessage(t=1509133731.3347952, n=337)
[DEBUG, 1509133731.3681617]: PiCamera image received: ImageMessage(t=1509133731.368147, n=338)
[DEBUG, 1509133731.4006076]: PiCamera image received: ImageMessage(t=1509133731.4005935, n=339)
[DEBUG, 1509133731.4720094]: PiCamera image received: ImageMessage(t=1509133731.4719944, n=340)
[DEBUG, 1509133731.5055165]: PiCamera image received: ImageMessage(t=1509133731.505502, n=341)
[DEBUG, 1509133731.5754185]: PiCamera image received: ImageMessage(t=1509133731.5754037, n=342)
[DEBUG, 1509133731.641029]: PiCamera image received: ImageMessage(t=1509133731.641014, n=343)
[DEBUG, 1509133731.7151155]: PiCamera image received: ImageMessage(t=1509133731.7151, n=344)
[DEBUG, 1509133731.782267]: PiCamera image received: ImageMessage(t=1509133731.7822514, n=345)
[DEBUG, 1509133731.8160567]: PiCamera image received: ImageMessage(t=1509133731.8160415, n=346)
[log buffer end]
[PiCamera @ node.py:66][DEBUG] 2017-10-27 15:48:51,851: logging message buffer (len=16467)
[PiCamera @ node.py:64][DEBUG] 2017-10-27 15:48:55,788: [log buffer start]
[DEBUG, 1509133731.8858976]: PiCamera image received: ImageMessage(t=1509133731.8858814, n=347)
[DEBUG, 1509133731.9266045]: PiCamera image received: ImageMessage(t=1509133731.926589, n=348)
[DEBUG, 1509133731.9646244]: PiCamera image received: ImageMessage(t=1509133731.96461, n=349)
[DEBUG, 1509133731.9967985]: PiCamera image received: ImageMessage(t=1509133731.996784, n=350)
[DEBUG, 1509133732.0297472]: PiCamera image received: ImageMessage(t=1509133732.0297332, n=351)
[DEBUG, 1509133732.0966368]: PiCamera image received: ImageMessage(t=1509133732.0966208, n=352)
[DEBUG, 1509133732.1306987]: PiCamera image received: ImageMessage(t=1509133732.1306846, n=353)
[DEBUG, 1509133732.1636639]: PiCamera image received: ImageMessage(t=1509133732.163649, n=354)
[DEBUG, 1509133732.229066]: PiCamera image received: ImageMessage(t=1509133732.229051, n=355)
[DEBUG, 1509133732.295197]: PiCamera image received: ImageMessage(t=1509133732.2951813, n=356)
[DEBUG, 1509133732.3278365]: PiCamera image received: ImageMessage(t=1509133732.3278215, n=357)
[DEBUG, 1509133732.3993118]: PiCamera image received: ImageMessage(t=1509133732.399297, n=359)
[DEBUG, 1509133732.4643033]: PiCamera image received: ImageMessage(t=1509133732.464288, n=361)
[DEBUG, 1509133732.4988077]: PiCamera image received: ImageMessage(t=1509133732.498793, n=362)
[DEBUG, 1509133732.5645492]: PiCamera image received: ImageMessage(t=1509133732.5645325, n=363)
[DEBUG, 1509133732.5977802]: PiCamera image received: ImageMessage(t=1509133732.597765, n=364)
[DEBUG, 1509133732.6631596]: PiCamera image received: ImageMessage(t=1509133732.663145, n=365)
[DEBUG, 1509133732.6971989]: PiCamera image received: ImageMessage(t=1509133732.6971848, n=366)
[DEBUG, 1509133732.7629006]: PiCamera image received: ImageMessage(t=1509133732.7628858, n=367)
[DEBUG, 1509133732.8386102]: PiCamera image received: ImageMessage(t=1509133732.8385954, n=368)
[DEBUG, 1509133732.874187]: PiCamera image received: ImageMessage(t=1509133732.8741722, n=369)
[DEBUG, 1509133732.910582]: PiCamera image received: ImageMessage(t=1509133732.9105659, n=370)
[DEBUG, 1509133732.942905]: PiCamera image received: ImageMessage(t=1509133732.9428914, n=371)
[DEBUG, 1509133732.9757733]: PiCamera image received: ImageMessage(t=1509133732.975758, n=372)
[DEBUG, 1509133733.0082066]: PiCamera image received: ImageMessage(t=1509133733.008192, n=373)
[DEBUG, 1509133733.0742996]: PiCamera image received: ImageMessage(t=1509133733.0742817, n=374)
[DEBUG, 1509133733.1074443]: PiCamera image received: ImageMessage(t=1509133733.107429, n=375)
[DEBUG, 1509133733.1735945]: PiCamera image received: ImageMessage(t=1509133733.173551, n=376)
[DEBUG, 1509133733.2477217]: PiCamera image received: ImageMessage(t=1509133733.2477064, n=377)
[DEBUG, 1509133733.284094]: PiCamera image received: ImageMessage(t=1509133733.2840633, n=378)
[DEBUG, 1509133733.349308]: PiCamera image received: ImageMessage(t=1509133733.3492947, n=379)
[DEBUG, 1509133733.3822155]: PiCamera image received: ImageMessage(t=1509133733.382202, n=380)
[DEBUG, 1509133733.4146178]: PiCamera image received: ImageMessage(t=1509133733.4146032, n=381)
[DEBUG, 1509133733.4476793]: PiCamera image received: ImageMessage(t=1509133733.447664, n=382)
[DEBUG, 1509133733.4800005]: PiCamera image received: ImageMessage(t=1509133733.4799867, n=383)
[DEBUG, 1509133733.5647857]: PiCamera image received: ImageMessage(t=1509133733.5647519, n=384)
[DEBUG, 1509133733.598095]: PiCamera image received: ImageMessage(t=1509133733.5980792, n=385)
[DEBUG, 1509133733.6307046]: PiCamera image received: ImageMessage(t=1509133733.6306896, n=386)
[DEBUG, 1509133733.6959288]: PiCamera image received: ImageMessage(t=1509133733.695915, n=387)
[DEBUG, 1509133733.7282307]: PiCamera image received: ImageMessage(t=1509133733.7282155, n=388)
[DEBUG, 1509133733.7640502]: PiCamera image received: ImageMessage(t=1509133733.7640364, n=389)
[DEBUG, 1509133733.8394756]: PiCamera image received: ImageMessage(t=1509133733.8394625, n=390)
[DEBUG, 1509133733.8831027]: PiCamera image received: ImageMessage(t=1509133733.883081, n=391)
[DEBUG, 1509133733.9169128]: PiCamera image received: ImageMessage(t=1509133733.916897, n=392)
[DEBUG, 1509133734.005942]: PiCamera image received: ImageMessage(t=1509133734.0059254, n=393)
[DEBUG, 1509133734.0381546]: PiCamera image received: ImageMessage(t=1509133734.038141, n=394)
[DEBUG, 1509133734.104196]: PiCamera image received: ImageMessage(t=1509133734.104181, n=395)
[DEBUG, 1509133734.1370492]: PiCamera image received: ImageMessage(t=1509133734.1370342, n=396)
[DEBUG, 1509133734.213744]: PiCamera image received: ImageMessage(t=1509133734.2137296, n=397)
[DEBUG, 1509133734.246369]: PiCamera image received: ImageMessage(t=1509133734.2463534, n=398)
[DEBUG, 1509133734.315528]: PiCamera image received: ImageMessage(t=1509133734.3155122, n=399)
[DEBUG, 1509133734.3500726]: PiCamera image received: ImageMessage(t=1509133734.3500578, n=400)
[DEBUG, 1509133734.4158006]: PiCamera image received: ImageMessage(t=1509133734.4157856, n=401)
[DEBUG, 1509133734.4819076]: PiCamera image received: ImageMessage(t=1509133734.4818923, n=402)
[DEBUG, 1509133734.5221193]: PiCamera image received: ImageMessage(t=1509133734.5221047, n=403)
[DEBUG, 1509133734.5544338]: PiCamera image received: ImageMessage(t=1509133734.5544198, n=404)
[DEBUG, 1509133734.5873349]: PiCamera image received: ImageMessage(t=1509133734.58732, n=405)
[DEBUG, 1509133734.6212885]: PiCamera image received: ImageMessage(t=1509133734.6212745, n=406)
[DEBUG, 1509133734.6542306]: PiCamera image received: ImageMessage(t=1509133734.6542156, n=407)
[DEBUG, 1509133734.6869478]: PiCamera image received: ImageMessage(t=1509133734.6869333, n=408)
[DEBUG, 1509133734.7900655]: PiCamera image received: ImageMessage(t=1509133734.7900484, n=409)
[DEBUG, 1509133734.8566086]: PiCamera image received: ImageMessage(t=1509133734.8565931, n=410)
[DEBUG, 1509133734.8892832]: PiCamera image received: ImageMessage(t=1509133734.8892689, n=411)
[DEBUG, 1509133734.961755]: PiCamera image received: ImageMessage(t=1509133734.9617412, n=412)
[DEBUG, 1509133734.9941366]: PiCamera image received: ImageMessage(t=1509133734.9941213, n=413)
[DEBUG, 1509133735.026674]: PiCamera image received: ImageMessage(t=1509133735.0266593, n=414)
[DEBUG, 1509133735.0940285]: PiCamera image received: ImageMessage(t=1509133735.0940182, n=415)
[DEBUG, 1509133735.1264021]: PiCamera image received: ImageMessage(t=1509133735.1263926, n=416)
[DEBUG, 1509133735.1603584]: PiCamera image received: ImageMessage(t=1509133735.1603496, n=417)
[DEBUG, 1509133735.1926854]: PiCamera image received: ImageMessage(t=1509133735.1926765, n=418)
[DEBUG, 1509133735.22624]: PiCamera image received: ImageMessage(t=1509133735.2262318, n=419)
[DEBUG, 1509133735.2597547]: PiCamera image received: ImageMessage(t=1509133735.259746, n=420)
[DEBUG, 1509133735.295065]: PiCamera image received: ImageMessage(t=1509133735.2950568, n=421)
[DEBUG, 1509133735.331257]: PiCamera image received: ImageMessage(t=1509133735.3312492, n=422)
[DEBUG, 1509133735.3632936]: PiCamera image received: ImageMessage(t=1509133735.363285, n=424)
[DEBUG, 1509133735.3954961]: PiCamera image received: ImageMessage(t=1509133735.395489, n=425)
[DEBUG, 1509133735.4273374]: PiCamera image received: ImageMessage(t=1509133735.4273303, n=426)
[DEBUG, 1509133735.4600704]: PiCamera image received: ImageMessage(t=1509133735.460061, n=427)
[DEBUG, 1509133735.4920654]: PiCamera image received: ImageMessage(t=1509133735.492056, n=428)
[DEBUG, 1509133735.5253835]: PiCamera image received: ImageMessage(t=1509133735.5253766, n=429)
[DEBUG, 1509133735.5580606]: PiCamera image received: ImageMessage(t=1509133735.5580513, n=430)
[DEBUG, 1509133735.5905662]: PiCamera image received: ImageMessage(t=1509133735.5905588, n=431)
[DEBUG, 1509133735.6241221]: PiCamera image received: ImageMessage(t=1509133735.6241148, n=432)
[DEBUG, 1509133735.6577234]: PiCamera image received: ImageMessage(t=1509133735.6577146, n=433)
[DEBUG, 1509133735.68984]: PiCamera image received: ImageMessage(t=1509133735.6898303, n=434)
[DEBUG, 1509133735.721916]: PiCamera image received: ImageMessage(t=1509133735.7219076, n=435)
[DEBUG, 1509133735.754125]: PiCamera image received: ImageMessage(t=1509133735.7541168, n=436)
[log buffer end]
[PiCamera @ node.py:66][DEBUG] 2017-10-27 15:48:55,789: logging message buffer (len=8335)
[PiCamera @ node.py:87][INFO] 2017-10-27 15:48:55,790: Node took 24.839061498641968s to run
[PiCamera @ picamera.py:185][DEBUG] 2017-10-27 15:48:55,878: AVC-H264 import - frame size 640 x 480 at 25.000 FPS
[PiCamera @ picamera.py:185][DEBUG] 2017-10-27 15:48:55,884: Importing AVC-H264: |                    | (01/100)
[PiCamera @ picamera.py:185][DEBUG] 2017-10-27 15:48:55,893: Importing AVC-H264: |                    | (02/100)
[PiCamera @ picamera.py:185][DEBUG] 2017-10-27 15:48:55,895: Importing AVC-H264: |                    | (03/100)
[PiCamera @ picamera.py:185][DEBUG] 2017-10-27 15:48:55,898: Importing AVC-H264: |                    | (04/100)
[PiCamera @ picamera.py:185][DEBUG] 2017-10-27 15:48:55,900: Importing AVC-H264: |=                   | (05/100)
[PiCamera @ picamera.py:185][DEBUG] 2017-10-27 15:48:55,902: Importing AVC-H264: |=                   | (06/100)
[PiCamera @ picamera.py:185][DEBUG] 2017-10-27 15:48:55,904: Importing AVC-H264: |=                   | (07/100)
[PiCamera @ picamera.py:185][DEBUG] 2017-10-27 15:48:55,907: Importing AVC-H264: |=                   | (08/100)
[PiCamera @ picamera.py:185][DEBUG] 2017-10-27 15:48:55,909: Importing AVC-H264: |=                   | (09/100)
[PiCamera @ picamera.py:185][DEBUG] 2017-10-27 15:48:55,918: Importing AVC-H264: |==                  | (10/100)
[PiCamera @ picamera.py:185][DEBUG] 2017-10-27 15:48:55,920: Importing AVC-H264: |==                  | (11/100)
[PiCamera @ picamera.py:185][DEBUG] 2017-10-27 15:48:55,923: Importing AVC-H264: |==                  | (12/100)
[PiCamera @ picamera.py:185][DEBUG] 2017-10-27 15:48:55,925: Importing AVC-H264: |==                  | (13/100)
[PiCamera @ picamera.py:185][DEBUG] 2017-10-27 15:48:55,927: Importing AVC-H264: |==                  | (14/100)
[PiCamera @ picamera.py:185][DEBUG] 2017-10-27 15:48:55,929: Importing AVC-H264: |===                 | (15/100)
[PiCamera @ picamera.py:185][DEBUG] 2017-10-27 15:48:55,931: Importing AVC-H264: |===                 | (16/100)
[PiCamera @ picamera.py:185][DEBUG] 2017-10-27 15:48:55,933: Importing AVC-H264: |===                 | (17/100)
[PiCamera @ picamera.py:185][DEBUG] 2017-10-27 15:48:55,934: Importing AVC-H264: |===                 | (18/100)
[PiCamera @ picamera.py:185][DEBUG] 2017-10-27 15:48:55,936: Importing AVC-H264: |===                 | (19/100)
[PiCamera @ picamera.py:185][DEBUG] 2017-10-27 15:48:55,938: Importing AVC-H264: |====                | (20/100)
[PiCamera @ picamera.py:185][DEBUG] 2017-10-27 15:48:55,940: Importing AVC-H264: |====                | (21/100)
[PiCamera @ picamera.py:185][DEBUG] 2017-10-27 15:48:55,941: Importing AVC-H264: |====                | (22/100)
[PiCamera @ picamera.py:185][DEBUG] 2017-10-27 15:48:55,942: Importing AVC-H264: |====                | (23/100)
[PiCamera @ picamera.py:185][DEBUG] 2017-10-27 15:48:55,943: Importing AVC-H264: |====                | (24/100)
[PiCamera @ picamera.py:185][DEBUG] 2017-10-27 15:48:55,944: Importing AVC-H264: |=====               | (25/100)
[PiCamera @ picamera.py:185][DEBUG] 2017-10-27 15:48:55,946: Importing AVC-H264: |=====               | (26/100)
[PiCamera @ picamera.py:185][DEBUG] 2017-10-27 15:48:55,948: Importing AVC-H264: |=====               | (27/100)
[PiCamera @ picamera.py:185][DEBUG] 2017-10-27 15:48:55,949: Importing AVC-H264: |=====               | (28/100)
[PiCamera @ picamera.py:185][DEBUG] 2017-10-27 15:48:55,955: Importing AVC-H264: |=====               | (29/100)
[PiCamera @ picamera.py:185][DEBUG] 2017-10-27 15:48:55,956: Importing AVC-H264: |======              | (30/100)
[PiCamera @ picamera.py:185][DEBUG] 2017-10-27 15:48:55,957: Importing AVC-H264: |======              | (31/100)
[PiCamera @ picamera.py:185][DEBUG] 2017-10-27 15:48:55,958: Importing AVC-H264: |======              | (32/100)
[PiCamera @ picamera.py:185][DEBUG] 2017-10-27 15:48:55,960: Importing AVC-H264: |======              | (33/100)
[PiCamera @ picamera.py:185][DEBUG] 2017-10-27 15:48:55,960: Importing AVC-H264: |======              | (34/100)
[PiCamera @ picamera.py:185][DEBUG] 2017-10-27 15:48:55,960: Importing AVC-H264: |=======             | (35/100)
[PiCamera @ picamera.py:185][DEBUG] 2017-10-27 15:48:55,961: Importing AVC-H264: |=======             | (36/100)
[PiCamera @ picamera.py:185][DEBUG] 2017-10-27 15:48:55,961: Importing AVC-H264: |=======             | (37/100)
[PiCamera @ picamera.py:185][DEBUG] 2017-10-27 15:48:55,962: Importing AVC-H264: |=======             | (38/100)
[PiCamera @ picamera.py:185][DEBUG] 2017-10-27 15:48:55,964: Importing AVC-H264: |=======             | (39/100)
[PiCamera @ picamera.py:185][DEBUG] 2017-10-27 15:48:55,965: Importing AVC-H264: |========            | (40/100)
[PiCamera @ picamera.py:185][DEBUG] 2017-10-27 15:48:55,966: Importing AVC-H264: |========            | (41/100)
[PiCamera @ picamera.py:185][DEBUG] 2017-10-27 15:48:55,967: Importing AVC-H264: |========            | (42/100)
[PiCamera @ picamera.py:185][DEBUG] 2017-10-27 15:48:55,970: Importing AVC-H264: |========            | (43/100)
[PiCamera @ picamera.py:185][DEBUG] 2017-10-27 15:48:55,971: Importing AVC-H264: |========            | (44/100)
[PiCamera @ picamera.py:185][DEBUG] 2017-10-27 15:48:55,972: Importing AVC-H264: |=========           | (45/100)
[PiCamera @ picamera.py:185][DEBUG] 2017-10-27 15:48:55,974: Importing AVC-H264: |=========           | (46/100)
[PiCamera @ picamera.py:185][DEBUG] 2017-10-27 15:48:55,975: Importing AVC-H264: |=========           | (47/100)
[PiCamera @ picamera.py:185][DEBUG] 2017-10-27 15:48:55,976: Importing AVC-H264: |=========           | (48/100)
[PiCamera @ picamera.py:185][DEBUG] 2017-10-27 15:48:55,977: Importing AVC-H264: |=========           | (49/100)
[PiCamera @ picamera.py:185][DEBUG] 2017-10-27 15:48:55,978: Importing AVC-H264: |==========          | (50/100)
[PiCamera @ picamera.py:185][DEBUG] 2017-10-27 15:48:55,985: Importing AVC-H264: |==========          | (51/100)
[PiCamera @ picamera.py:185][DEBUG] 2017-10-27 15:48:55,986: Importing AVC-H264: |==========          | (52/100)
[PiCamera @ picamera.py:185][DEBUG] 2017-10-27 15:48:55,987: Importing AVC-H264: |==========          | (53/100)
[PiCamera @ picamera.py:185][DEBUG] 2017-10-27 15:48:55,987: Importing AVC-H264: |==========          | (54/100)
[PiCamera @ picamera.py:185][DEBUG] 2017-10-27 15:48:55,989: Importing AVC-H264: |===========         | (55/100)
[PiCamera @ picamera.py:185][DEBUG] 2017-10-27 15:48:55,990: Importing AVC-H264: |===========         | (56/100)
[PiCamera @ picamera.py:185][DEBUG] 2017-10-27 15:48:55,990: Importing AVC-H264: |===========         | (57/100)
[PiCamera @ picamera.py:185][DEBUG] 2017-10-27 15:48:55,990: Importing AVC-H264: |===========         | (58/100)
[PiCamera @ picamera.py:185][DEBUG] 2017-10-27 15:48:55,991: Importing AVC-H264: |===========         | (59/100)
[PiCamera @ picamera.py:185][DEBUG] 2017-10-27 15:48:55,993: Importing AVC-H264: |============        | (60/100)
[PiCamera @ picamera.py:185][DEBUG] 2017-10-27 15:48:55,994: Importing AVC-H264: |============        | (61/100)
[PiCamera @ picamera.py:185][DEBUG] 2017-10-27 15:48:55,996: Importing AVC-H264: |============        | (62/100)
[PiCamera @ picamera.py:185][DEBUG] 2017-10-27 15:48:55,996: Importing AVC-H264: |============        | (63/100)
[PiCamera @ picamera.py:185][DEBUG] 2017-10-27 15:48:55,998: Importing AVC-H264: |============        | (64/100)
[PiCamera @ picamera.py:185][DEBUG] 2017-10-27 15:48:55,999: Importing AVC-H264: |=============       | (65/100)
[PiCamera @ picamera.py:185][DEBUG] 2017-10-27 15:48:56,000: Importing AVC-H264: |=============       | (66/100)
[PiCamera @ picamera.py:185][DEBUG] 2017-10-27 15:48:56,003: Importing AVC-H264: |=============       | (67/100)
[PiCamera @ picamera.py:185][DEBUG] 2017-10-27 15:48:56,004: Importing AVC-H264: |=============       | (68/100)
[PiCamera @ picamera.py:185][DEBUG] 2017-10-27 15:48:56,005: Importing AVC-H264: |=============       | (69/100)
[PiCamera @ picamera.py:185][DEBUG] 2017-10-27 15:48:56,011: Importing AVC-H264: |==============      | (70/100)
[PiCamera @ picamera.py:185][DEBUG] 2017-10-27 15:48:56,012: Importing AVC-H264: |==============      | (71/100)
[PiCamera @ picamera.py:185][DEBUG] 2017-10-27 15:48:56,013: Importing AVC-H264: |==============      | (72/100)
[PiCamera @ picamera.py:185][DEBUG] 2017-10-27 15:48:56,014: Importing AVC-H264: |==============      | (73/100)
[PiCamera @ picamera.py:185][DEBUG] 2017-10-27 15:48:56,015: Importing AVC-H264: |==============      | (74/100)
[PiCamera @ picamera.py:185][DEBUG] 2017-10-27 15:48:56,016: Importing AVC-H264: |===============     | (75/100)
[PiCamera @ picamera.py:185][DEBUG] 2017-10-27 15:48:56,017: Importing AVC-H264: |===============     | (76/100)
[PiCamera @ picamera.py:185][DEBUG] 2017-10-27 15:48:56,018: Importing AVC-H264: |===============     | (77/100)
[PiCamera @ picamera.py:185][DEBUG] 2017-10-27 15:48:56,018: Importing AVC-H264: |===============     | (78/100)
[PiCamera @ picamera.py:185][DEBUG] 2017-10-27 15:48:56,019: Importing AVC-H264: |===============     | (79/100)
[PiCamera @ picamera.py:185][DEBUG] 2017-10-27 15:48:56,020: Importing AVC-H264: |================    | (80/100)
[PiCamera @ picamera.py:185][DEBUG] 2017-10-27 15:48:56,021: Importing AVC-H264: |================    | (81/100)
[PiCamera @ picamera.py:185][DEBUG] 2017-10-27 15:48:56,022: Importing AVC-H264: |================    | (82/100)
[PiCamera @ picamera.py:185][DEBUG] 2017-10-27 15:48:56,024: Importing AVC-H264: |================    | (83/100)
[PiCamera @ picamera.py:185][DEBUG] 2017-10-27 15:48:56,025: Importing AVC-H264: |================    | (84/100)
[PiCamera @ picamera.py:185][DEBUG] 2017-10-27 15:48:56,026: Importing AVC-H264: |=================   | (85/100)
[PiCamera @ picamera.py:185][DEBUG] 2017-10-27 15:48:56,027: Importing AVC-H264: |=================   | (86/100)
[PiCamera @ picamera.py:185][DEBUG] 2017-10-27 15:48:56,029: Importing AVC-H264: |=================   | (87/100)
[PiCamera @ picamera.py:185][DEBUG] 2017-10-27 15:48:56,030: Importing AVC-H264: |=================   | (88/100)
[PiCamera @ picamera.py:185][DEBUG] 2017-10-27 15:48:56,032: Importing AVC-H264: |=================   | (89/100)
[PiCamera @ picamera.py:185][DEBUG] 2017-10-27 15:48:56,034: Importing AVC-H264: |==================  | (90/100)
[PiCamera @ picamera.py:185][DEBUG] 2017-10-27 15:48:56,036: Importing AVC-H264: |==================  | (91/100)
[PiCamera @ picamera.py:185][DEBUG] 2017-10-27 15:48:56,037: Importing AVC-H264: |==================  | (92/100)
[PiCamera @ picamera.py:185][DEBUG] 2017-10-27 15:48:56,042: Importing AVC-H264: |==================  | (93/100)
[PiCamera @ picamera.py:185][DEBUG] 2017-10-27 15:48:56,043: Importing AVC-H264: |==================  | (94/100)
[PiCamera @ picamera.py:185][DEBUG] 2017-10-27 15:48:56,045: Importing AVC-H264: |=================== | (95/100)
[PiCamera @ picamera.py:185][DEBUG] 2017-10-27 15:48:56,045: Importing AVC-H264: |=================== | (96/100)
[PiCamera @ picamera.py:185][DEBUG] 2017-10-27 15:48:56,047: Importing AVC-H264: |=================== | (97/100)
[PiCamera @ picamera.py:185][DEBUG] 2017-10-27 15:48:56,048: Importing AVC-H264: |=================== | (98/100)
[PiCamera @ picamera.py:185][DEBUG] 2017-10-27 15:48:56,048: Importing AVC-H264: |=================== | (99/100)
[PiCamera @ picamera.py:185][DEBUG] 2017-10-27 15:48:56,048: 
[PiCamera @ picamera.py:185][DEBUG] 2017-10-27 15:48:56,049: AVC Import results: 671 samples - Slices: 12 I 659 P 0 B - 0 SEI - 12 IDR
[PiCamera @ picamera.py:185][DEBUG] 2017-10-27 15:48:56,049: Saving to videos/2017_Oct_27/NaborisOrchestrator/15_48_30.mp4: 0.500 secs Interleaving
[PiCamera @ picamera.py:185][DEBUG] 2017-10-27 15:48:56,050: ISO File Writing: |                    | (01/100)
[PiCamera @ picamera.py:185][DEBUG] 2017-10-27 15:48:56,050: ISO File Writing: |                    | (02/100)
[PiCamera @ picamera.py:185][DEBUG] 2017-10-27 15:48:56,051: ISO File Writing: |                    | (03/100)
[PiCamera @ picamera.py:185][DEBUG] 2017-10-27 15:48:56,052: ISO File Writing: |                    | (04/100)
[PiCamera @ picamera.py:185][DEBUG] 2017-10-27 15:48:56,053: ISO File Writing: |=                   | (05/100)
[PiCamera @ picamera.py:185][DEBUG] 2017-10-27 15:48:56,053: ISO File Writing: |=                   | (06/100)
[PiCamera @ picamera.py:185][DEBUG] 2017-10-27 15:48:56,054: ISO File Writing: |=                   | (07/100)
[PiCamera @ picamera.py:185][DEBUG] 2017-10-27 15:48:56,054: ISO File Writing: |=                   | (08/100)
[PiCamera @ picamera.py:185][DEBUG] 2017-10-27 15:48:56,055: ISO File Writing: |=                   | (09/100)
[PiCamera @ picamera.py:185][DEBUG] 2017-10-27 15:48:56,055: ISO File Writing: |==                  | (10/100)
[PiCamera @ picamera.py:185][DEBUG] 2017-10-27 15:48:56,056: ISO File Writing: |==                  | (11/100)
[PiCamera @ picamera.py:185][DEBUG] 2017-10-27 15:48:56,056: ISO File Writing: |==                  | (12/100)
[PiCamera @ picamera.py:185][DEBUG] 2017-10-27 15:48:56,056: ISO File Writing: |==                  | (13/100)
[PiCamera @ picamera.py:185][DEBUG] 2017-10-27 15:48:56,057: ISO File Writing: |==                  | (14/100)
[PiCamera @ picamera.py:185][DEBUG] 2017-10-27 15:48:56,057: ISO File Writing: |===                 | (15/100)
[PiCamera @ picamera.py:185][DEBUG] 2017-10-27 15:48:56,057: ISO File Writing: |===                 | (16/100)
[PiCamera @ picamera.py:185][DEBUG] 2017-10-27 15:48:56,058: ISO File Writing: |===                 | (17/100)
[PiCamera @ picamera.py:185][DEBUG] 2017-10-27 15:48:56,058: ISO File Writing: |===                 | (18/100)
[PiCamera @ picamera.py:185][DEBUG] 2017-10-27 15:48:56,059: ISO File Writing: |===                 | (19/100)
[PiCamera @ picamera.py:185][DEBUG] 2017-10-27 15:48:56,059: ISO File Writing: |====                | (20/100)
[PiCamera @ picamera.py:185][DEBUG] 2017-10-27 15:48:56,059: ISO File Writing: |====                | (21/100)
[PiCamera @ picamera.py:185][DEBUG] 2017-10-27 15:48:56,060: ISO File Writing: |====                | (22/100)
[PiCamera @ picamera.py:185][DEBUG] 2017-10-27 15:48:56,060: ISO File Writing: |====                | (23/100)
[PiCamera @ picamera.py:185][DEBUG] 2017-10-27 15:48:56,061: ISO File Writing: |====                | (24/100)
[PiCamera @ picamera.py:185][DEBUG] 2017-10-27 15:48:56,061: ISO File Writing: |=====               | (25/100)
[PiCamera @ picamera.py:185][DEBUG] 2017-10-27 15:48:56,062: ISO File Writing: |=====               | (26/100)
[PiCamera @ picamera.py:185][DEBUG] 2017-10-27 15:48:56,062: ISO File Writing: |=====               | (27/100)
[PiCamera @ picamera.py:185][DEBUG] 2017-10-27 15:48:56,062: ISO File Writing: |=====               | (28/100)
[PiCamera @ picamera.py:185][DEBUG] 2017-10-27 15:48:56,063: ISO File Writing: |=====               | (29/100)
[PiCamera @ picamera.py:185][DEBUG] 2017-10-27 15:48:56,063: ISO File Writing: |======              | (30/100)
[PiCamera @ picamera.py:185][DEBUG] 2017-10-27 15:48:56,064: ISO File Writing: |======              | (31/100)
[PiCamera @ picamera.py:185][DEBUG] 2017-10-27 15:48:56,064: ISO File Writing: |======              | (32/100)
[PiCamera @ picamera.py:185][DEBUG] 2017-10-27 15:48:56,065: ISO File Writing: |======              | (33/100)
[PiCamera @ picamera.py:185][DEBUG] 2017-10-27 15:48:56,065: ISO File Writing: |======              | (34/100)
[PiCamera @ picamera.py:185][DEBUG] 2017-10-27 15:48:56,066: ISO File Writing: |=======             | (35/100)
[PiCamera @ picamera.py:185][DEBUG] 2017-10-27 15:48:56,066: ISO File Writing: |=======             | (36/100)
[PiCamera @ picamera.py:185][DEBUG] 2017-10-27 15:48:56,067: ISO File Writing: |=======             | (37/100)
[PiCamera @ picamera.py:185][DEBUG] 2017-10-27 15:48:56,067: ISO File Writing: |=======             | (38/100)
[PiCamera @ picamera.py:185][DEBUG] 2017-10-27 15:48:56,068: ISO File Writing: |=======             | (39/100)
[PiCamera @ picamera.py:185][DEBUG] 2017-10-27 15:48:56,068: ISO File Writing: |========            | (40/100)
[PiCamera @ picamera.py:185][DEBUG] 2017-10-27 15:48:56,069: ISO File Writing: |========            | (41/100)
[PiCamera @ picamera.py:185][DEBUG] 2017-10-27 15:48:56,069: ISO File Writing: |========            | (42/100)
[PiCamera @ picamera.py:185][DEBUG] 2017-10-27 15:48:56,070: ISO File Writing: |========            | (43/100)
[PiCamera @ picamera.py:185][DEBUG] 2017-10-27 15:48:56,075: ISO File Writing: |========            | (44/100)
[PiCamera @ picamera.py:185][DEBUG] 2017-10-27 15:48:56,076: ISO File Writing: |=========           | (45/100)
[PiCamera @ picamera.py:185][DEBUG] 2017-10-27 15:48:56,077: ISO File Writing: |=========           | (46/100)
[PiCamera @ picamera.py:185][DEBUG] 2017-10-27 15:48:56,078: ISO File Writing: |=========           | (47/100)
[PiCamera @ picamera.py:185][DEBUG] 2017-10-27 15:48:56,079: ISO File Writing: |=========           | (48/100)
[PiCamera @ picamera.py:185][DEBUG] 2017-10-27 15:48:56,081: ISO File Writing: |=========           | (49/100)
[PiCamera @ picamera.py:185][DEBUG] 2017-10-27 15:48:56,082: ISO File Writing: |==========          | (50/100)
[PiCamera @ picamera.py:185][DEBUG] 2017-10-27 15:48:56,083: ISO File Writing: |==========          | (51/100)
[PiCamera @ picamera.py:185][DEBUG] 2017-10-27 15:48:56,084: ISO File Writing: |==========          | (52/100)
[PiCamera @ picamera.py:185][DEBUG] 2017-10-27 15:48:56,084: ISO File Writing: |==========          | (53/100)
[PiCamera @ picamera.py:185][DEBUG] 2017-10-27 15:48:56,085: ISO File Writing: |==========          | (54/100)
[PiCamera @ picamera.py:185][DEBUG] 2017-10-27 15:48:56,086: ISO File Writing: |===========         | (55/100)
[PiCamera @ picamera.py:185][DEBUG] 2017-10-27 15:48:56,087: ISO File Writing: |===========         | (56/100)
[PiCamera @ picamera.py:185][DEBUG] 2017-10-27 15:48:56,088: ISO File Writing: |===========         | (57/100)
[PiCamera @ picamera.py:185][DEBUG] 2017-10-27 15:48:56,089: ISO File Writing: |===========         | (58/100)
[PiCamera @ picamera.py:185][DEBUG] 2017-10-27 15:48:56,090: ISO File Writing: |===========         | (59/100)
[PiCamera @ picamera.py:185][DEBUG] 2017-10-27 15:48:56,091: ISO File Writing: |============        | (60/100)
[PiCamera @ picamera.py:185][DEBUG] 2017-10-27 15:48:56,091: ISO File Writing: |============        | (61/100)
[PiCamera @ picamera.py:185][DEBUG] 2017-10-27 15:48:56,092: ISO File Writing: |============        | (62/100)
[PiCamera @ picamera.py:185][DEBUG] 2017-10-27 15:48:56,092: ISO File Writing: |============        | (63/100)
[PiCamera @ picamera.py:185][DEBUG] 2017-10-27 15:48:56,092: ISO File Writing: |============        | (64/100)
[PiCamera @ picamera.py:185][DEBUG] 2017-10-27 15:48:56,093: ISO File Writing: |=============       | (65/100)
[PiCamera @ picamera.py:185][DEBUG] 2017-10-27 15:48:56,094: ISO File Writing: |=============       | (66/100)
[PiCamera @ picamera.py:185][DEBUG] 2017-10-27 15:48:56,094: ISO File Writing: |=============       | (67/100)
[PiCamera @ picamera.py:185][DEBUG] 2017-10-27 15:48:56,094: ISO File Writing: |=============       | (68/100)
[PiCamera @ picamera.py:185][DEBUG] 2017-10-27 15:48:56,095: ISO File Writing: |=============       | (69/100)
[PiCamera @ picamera.py:185][DEBUG] 2017-10-27 15:48:56,095: ISO File Writing: |==============      | (70/100)
[PiCamera @ picamera.py:185][DEBUG] 2017-10-27 15:48:56,096: ISO File Writing: |==============      | (71/100)
[PiCamera @ picamera.py:185][DEBUG] 2017-10-27 15:48:56,098: ISO File Writing: |==============      | (72/100)
[PiCamera @ picamera.py:185][DEBUG] 2017-10-27 15:48:56,098: ISO File Writing: |==============      | (73/100)
[PiCamera @ picamera.py:185][DEBUG] 2017-10-27 15:48:56,100: ISO File Writing: |==============      | (74/100)
[PiCamera @ picamera.py:185][DEBUG] 2017-10-27 15:48:56,100: ISO File Writing: |===============     | (75/100)
[PiCamera @ picamera.py:185][DEBUG] 2017-10-27 15:48:56,101: ISO File Writing: |===============     | (76/100)
[PiCamera @ picamera.py:185][DEBUG] 2017-10-27 15:48:56,102: ISO File Writing: |===============     | (77/100)
[PiCamera @ picamera.py:185][DEBUG] 2017-10-27 15:48:56,102: ISO File Writing: |===============     | (78/100)
[PiCamera @ picamera.py:185][DEBUG] 2017-10-27 15:48:56,103: ISO File Writing: |===============     | (79/100)
[PiCamera @ picamera.py:185][DEBUG] 2017-10-27 15:48:56,103: ISO File Writing: |================    | (80/100)
[PiCamera @ picamera.py:185][DEBUG] 2017-10-27 15:48:56,103: ISO File Writing: |================    | (81/100)
[PiCamera @ picamera.py:185][DEBUG] 2017-10-27 15:48:56,104: ISO File Writing: |================    | (82/100)
[PiCamera @ picamera.py:185][DEBUG] 2017-10-27 15:48:56,104: ISO File Writing: |================    | (83/100)
[PiCamera @ picamera.py:185][DEBUG] 2017-10-27 15:48:56,104: ISO File Writing: |================    | (84/100)
[PiCamera @ picamera.py:185][DEBUG] 2017-10-27 15:48:56,105: ISO File Writing: |=================   | (85/100)
[PiCamera @ picamera.py:185][DEBUG] 2017-10-27 15:48:56,105: ISO File Writing: |=================   | (86/100)
[PiCamera @ picamera.py:185][DEBUG] 2017-10-27 15:48:56,106: ISO File Writing: |=================   | (87/100)
[PiCamera @ picamera.py:185][DEBUG] 2017-10-27 15:48:56,106: ISO File Writing: |=================   | (88/100)
[PiCamera @ picamera.py:185][DEBUG] 2017-10-27 15:48:56,113: ISO File Writing: |=================   | (89/100)
[PiCamera @ picamera.py:185][DEBUG] 2017-10-27 15:48:56,114: ISO File Writing: |==================  | (90/100)
[PiCamera @ picamera.py:185][DEBUG] 2017-10-27 15:48:56,114: ISO File Writing: |==================  | (91/100)
[PiCamera @ picamera.py:185][DEBUG] 2017-10-27 15:48:56,116: ISO File Writing: |==================  | (92/100)
[PiCamera @ picamera.py:185][DEBUG] 2017-10-27 15:48:56,116: ISO File Writing: |==================  | (93/100)
[PiCamera @ picamera.py:185][DEBUG] 2017-10-27 15:48:56,117: ISO File Writing: |==================  | (94/100)
[PiCamera @ picamera.py:185][DEBUG] 2017-10-27 15:48:56,117: ISO File Writing: |=================== | (95/100)
[PiCamera @ picamera.py:185][DEBUG] 2017-10-27 15:48:56,118: ISO File Writing: |=================== | (96/100)
[PiCamera @ picamera.py:185][DEBUG] 2017-10-27 15:48:56,118: ISO File Writing: |=================== | (97/100)
[PiCamera @ picamera.py:185][DEBUG] 2017-10-27 15:48:56,120: ISO File Writing: |=================== | (98/100)
[PiCamera @ picamera.py:185][DEBUG] 2017-10-27 15:48:56,120: ISO File Writing: |=================== | (99/100)
[PiCamera @ picamera.py:185][DEBUG] 2017-10-27 15:48:56,122: 
[PiCamera @ picamera.py:189][DEBUG] 2017-10-27 15:48:56,124: Conversion complete! Removing temp file: 'videos/2017_Oct_27/NaborisOrchestrator/15_48_30.mp4.h264'
[PiCamera @ picamera.py:194][INFO] 2017-10-27 15:48:56,125: Wrote video to 'videos/2017_Oct_27/NaborisOrchestrator/15_48_30.mp4.h264'
