[PiCamera @ factory.py:85][DEBUG] 2017-10-27 15:49:28,257: Logging to: logs/2017_Oct_27/PiCamera/15_49_28.log
[PiCamera @ picamera.py:49][DEBUG] 2017-10-27 15:49:28,299: PiCamera setup
[PiCamera @ picamera.py:60][INFO] 2017-10-27 15:49:28,566: PiCamera initialized: <picamera.camera.PiCamera object at 0x6feb2ac0>
[PiCamera @ picamera.py:137][INFO] 2017-10-27 15:49:28,567: Warming up camera
[PiCamera @ picamera.py:91][INFO] 2017-10-27 15:49:30,597: Recording video on 'videos/2017_Oct_27/NaborisOrchestrator/15_49_28.mp4.h264'
[PiCamera @ node.py:64][DEBUG] 2017-10-27 15:49:40,523: [log buffer start]
[DEBUG, 1509133772.3454535]: PiCamera image received: ImageMessage(t=1509133772.3454256, n=4)
[DEBUG, 1509133772.387534]: PiCamera image received: ImageMessage(t=1509133772.3875237, n=5)
[DEBUG, 1509133772.4233325]: PiCamera image received: ImageMessage(t=1509133772.4233239, n=6)
[DEBUG, 1509133772.4562068]: PiCamera image received: ImageMessage(t=1509133772.4561987, n=7)
[DEBUG, 1509133772.4885128]: PiCamera image received: ImageMessage(t=1509133772.4885046, n=8)
[DEBUG, 1509133772.5214207]: PiCamera image received: ImageMessage(t=1509133772.5214062, n=9)
[DEBUG, 1509133772.5542448]: PiCamera image received: ImageMessage(t=1509133772.554231, n=10)
[DEBUG, 1509133772.586793]: PiCamera image received: ImageMessage(t=1509133772.5867782, n=11)
[DEBUG, 1509133772.6197236]: PiCamera image received: ImageMessage(t=1509133772.6197097, n=12)
[DEBUG, 1509133772.6525722]: PiCamera image received: ImageMessage(t=1509133772.6525571, n=13)
[DEBUG, 1509133772.717293]: PiCamera image received: ImageMessage(t=1509133772.7172778, n=14)
[DEBUG, 1509133772.7505236]: PiCamera image received: ImageMessage(t=1509133772.7505085, n=15)
[DEBUG, 1509133772.783496]: PiCamera image received: ImageMessage(t=1509133772.7834811, n=16)
[DEBUG, 1509133772.8162742]: PiCamera image received: ImageMessage(t=1509133772.8162596, n=17)
[DEBUG, 1509133772.9143224]: PiCamera image received: ImageMessage(t=1509133772.9143074, n=18)
[DEBUG, 1509133772.9468899]: PiCamera image received: ImageMessage(t=1509133772.946876, n=19)
[DEBUG, 1509133773.0251753]: PiCamera image received: ImageMessage(t=1509133773.0251608, n=20)
[DEBUG, 1509133773.0578253]: PiCamera image received: ImageMessage(t=1509133773.0578105, n=21)
[DEBUG, 1509133773.0901256]: PiCamera image received: ImageMessage(t=1509133773.0901113, n=22)
[DEBUG, 1509133773.1233342]: PiCamera image received: ImageMessage(t=1509133773.1233184, n=23)
[DEBUG, 1509133773.1555567]: PiCamera image received: ImageMessage(t=1509133773.1555429, n=24)
[DEBUG, 1509133773.188011]: PiCamera image received: ImageMessage(t=1509133773.1879961, n=25)
[DEBUG, 1509133773.2207778]: PiCamera image received: ImageMessage(t=1509133773.2207634, n=26)
[DEBUG, 1509133773.253441]: PiCamera image received: ImageMessage(t=1509133773.2534268, n=27)
[DEBUG, 1509133773.2863703]: PiCamera image received: ImageMessage(t=1509133773.286356, n=28)
[DEBUG, 1509133773.3186665]: PiCamera image received: ImageMessage(t=1509133773.3186529, n=29)
[DEBUG, 1509133773.3516533]: PiCamera image received: ImageMessage(t=1509133773.3516393, n=30)
[DEBUG, 1509133773.3842723]: PiCamera image received: ImageMessage(t=1509133773.3842585, n=31)
[DEBUG, 1509133773.4298217]: PiCamera image received: ImageMessage(t=1509133773.4298077, n=32)
[DEBUG, 1509133773.4621751]: PiCamera image received: ImageMessage(t=1509133773.4621608, n=33)
[DEBUG, 1509133773.4959598]: PiCamera image received: ImageMessage(t=1509133773.495946, n=34)
[DEBUG, 1509133773.5615826]: PiCamera image received: ImageMessage(t=1509133773.5615683, n=35)
[DEBUG, 1509133773.5945303]: PiCamera image received: ImageMessage(t=1509133773.5945158, n=36)
[DEBUG, 1509133773.627482]: PiCamera image received: ImageMessage(t=1509133773.6274679, n=37)
[DEBUG, 1509133773.6605294]: PiCamera image received: ImageMessage(t=1509133773.660515, n=38)
[DEBUG, 1509133773.7258334]: PiCamera image received: ImageMessage(t=1509133773.725819, n=39)
[DEBUG, 1509133773.758725]: PiCamera image received: ImageMessage(t=1509133773.758711, n=40)
[DEBUG, 1509133773.8298645]: PiCamera image received: ImageMessage(t=1509133773.82985, n=41)
[DEBUG, 1509133773.8664825]: PiCamera image received: ImageMessage(t=1509133773.8664682, n=42)
[DEBUG, 1509133773.9000728]: PiCamera image received: ImageMessage(t=1509133773.9000583, n=43)
[DEBUG, 1509133773.9328132]: PiCamera image received: ImageMessage(t=1509133773.9327981, n=44)
[DEBUG, 1509133773.965406]: PiCamera image received: ImageMessage(t=1509133773.9653919, n=45)
[DEBUG, 1509133773.9981318]: PiCamera image received: ImageMessage(t=1509133773.998117, n=46)
[DEBUG, 1509133774.0688176]: PiCamera image received: ImageMessage(t=1509133774.0688033, n=47)
[DEBUG, 1509133774.1890342]: PiCamera image received: ImageMessage(t=1509133774.1890192, n=48)
[DEBUG, 1509133774.346772]: PiCamera image received: ImageMessage(t=1509133774.3467586, n=49)
[DEBUG, 1509133774.417476]: PiCamera image received: ImageMessage(t=1509133774.4174476, n=50)
[DEBUG, 1509133774.5098588]: PiCamera image received: ImageMessage(t=1509133774.5098455, n=51)
[DEBUG, 1509133774.5425444]: PiCamera image received: ImageMessage(t=1509133774.5425296, n=52)
[DEBUG, 1509133774.611034]: PiCamera image received: ImageMessage(t=1509133774.6110196, n=53)
[DEBUG, 1509133774.6786466]: PiCamera image received: ImageMessage(t=1509133774.6786306, n=54)
[DEBUG, 1509133774.7445827]: PiCamera image received: ImageMessage(t=1509133774.7445612, n=55)
[DEBUG, 1509133774.813664]: PiCamera image received: ImageMessage(t=1509133774.813647, n=56)
[DEBUG, 1509133774.849198]: PiCamera image received: ImageMessage(t=1509133774.8491805, n=57)
[DEBUG, 1509133774.9179735]: PiCamera image received: ImageMessage(t=1509133774.9179537, n=58)
[DEBUG, 1509133774.9875586]: PiCamera image received: ImageMessage(t=1509133774.987545, n=59)
[DEBUG, 1509133775.0523474]: PiCamera image received: ImageMessage(t=1509133775.052333, n=60)
[DEBUG, 1509133775.086004]: PiCamera image received: ImageMessage(t=1509133775.0859888, n=61)
[DEBUG, 1509133775.1512299]: PiCamera image received: ImageMessage(t=1509133775.1512156, n=62)
[DEBUG, 1509133775.1840885]: PiCamera image received: ImageMessage(t=1509133775.1840737, n=63)
[DEBUG, 1509133775.2493706]: PiCamera image received: ImageMessage(t=1509133775.2493567, n=64)
[DEBUG, 1509133775.2835836]: PiCamera image received: ImageMessage(t=1509133775.2835686, n=65)
[DEBUG, 1509133775.31612]: PiCamera image received: ImageMessage(t=1509133775.3161058, n=66)
[DEBUG, 1509133775.3490849]: PiCamera image received: ImageMessage(t=1509133775.3490722, n=67)
[DEBUG, 1509133775.382006]: PiCamera image received: ImageMessage(t=1509133775.3819923, n=68)
[DEBUG, 1509133775.4144022]: PiCamera image received: ImageMessage(t=1509133775.4143867, n=69)
[DEBUG, 1509133775.467693]: PiCamera image received: ImageMessage(t=1509133775.4676785, n=71)
[DEBUG, 1509133775.533455]: PiCamera image received: ImageMessage(t=1509133775.5334373, n=72)
[DEBUG, 1509133775.5656807]: PiCamera image received: ImageMessage(t=1509133775.5656667, n=73)
[DEBUG, 1509133775.5997517]: PiCamera image received: ImageMessage(t=1509133775.5997367, n=74)
[DEBUG, 1509133775.6319485]: PiCamera image received: ImageMessage(t=1509133775.631934, n=75)
[DEBUG, 1509133775.6961205]: PiCamera image received: ImageMessage(t=1509133775.6961052, n=76)
[DEBUG, 1509133775.7289488]: PiCamera image received: ImageMessage(t=1509133775.7289338, n=77)
[DEBUG, 1509133775.799057]: PiCamera image received: ImageMessage(t=1509133775.7990427, n=78)
[DEBUG, 1509133775.866618]: PiCamera image received: ImageMessage(t=1509133775.8666034, n=79)
[DEBUG, 1509133775.8998878]: PiCamera image received: ImageMessage(t=1509133775.8998713, n=80)
[DEBUG, 1509133775.9324913]: PiCamera image received: ImageMessage(t=1509133775.9324768, n=81)
[DEBUG, 1509133775.9648652]: PiCamera image received: ImageMessage(t=1509133775.964851, n=82)
[DEBUG, 1509133776.0297]: PiCamera image received: ImageMessage(t=1509133776.0296857, n=83)
[DEBUG, 1509133776.0700185]: PiCamera image received: ImageMessage(t=1509133776.07001, n=84)
[DEBUG, 1509133776.135236]: PiCamera image received: ImageMessage(t=1509133776.1352277, n=85)
[DEBUG, 1509133776.1734958]: PiCamera image received: ImageMessage(t=1509133776.173482, n=86)
[DEBUG, 1509133776.2165275]: PiCamera image received: ImageMessage(t=1509133776.2164943, n=88)
[DEBUG, 1509133776.2817483]: PiCamera image received: ImageMessage(t=1509133776.281734, n=89)
[DEBUG, 1509133776.3147955]: PiCamera image received: ImageMessage(t=1509133776.3147814, n=90)
[DEBUG, 1509133776.3795724]: PiCamera image received: ImageMessage(t=1509133776.3795593, n=91)
[DEBUG, 1509133776.4145935]: PiCamera image received: ImageMessage(t=1509133776.4145787, n=92)
[DEBUG, 1509133776.4483798]: PiCamera image received: ImageMessage(t=1509133776.448365, n=93)
[DEBUG, 1509133776.4831975]: PiCamera image received: ImageMessage(t=1509133776.4831839, n=94)
[DEBUG, 1509133776.520496]: PiCamera image received: ImageMessage(t=1509133776.52048, n=95)
[DEBUG, 1509133776.5528178]: PiCamera image received: ImageMessage(t=1509133776.5528045, n=96)
[DEBUG, 1509133776.6248622]: PiCamera image received: ImageMessage(t=1509133776.624845, n=97)
[DEBUG, 1509133776.6664298]: PiCamera image received: ImageMessage(t=1509133776.6664145, n=98)
[DEBUG, 1509133776.6989543]: PiCamera image received: ImageMessage(t=1509133776.6989396, n=99)
[DEBUG, 1509133776.770927]: PiCamera image received: ImageMessage(t=1509133776.7709117, n=100)
[DEBUG, 1509133776.8037252]: PiCamera image received: ImageMessage(t=1509133776.803711, n=101)
[DEBUG, 1509133776.836661]: PiCamera image received: ImageMessage(t=1509133776.8366466, n=102)
[DEBUG, 1509133776.869112]: PiCamera image received: ImageMessage(t=1509133776.86908, n=103)
[DEBUG, 1509133776.908463]: PiCamera image received: ImageMessage(t=1509133776.9084477, n=104)
[DEBUG, 1509133776.9740565]: PiCamera image received: ImageMessage(t=1509133776.9740417, n=105)
[DEBUG, 1509133777.0100229]: PiCamera image received: ImageMessage(t=1509133777.0100076, n=106)
[DEBUG, 1509133777.0455031]: PiCamera image received: ImageMessage(t=1509133777.0454879, n=107)
[DEBUG, 1509133777.1172464]: PiCamera image received: ImageMessage(t=1509133777.117232, n=108)
[DEBUG, 1509133777.1500442]: PiCamera image received: ImageMessage(t=1509133777.1500297, n=109)
[DEBUG, 1509133777.2223125]: PiCamera image received: ImageMessage(t=1509133777.2222977, n=110)
[DEBUG, 1509133777.257296]: PiCamera image received: ImageMessage(t=1509133777.2572827, n=111)
[DEBUG, 1509133777.3294206]: PiCamera image received: ImageMessage(t=1509133777.3294063, n=112)
[DEBUG, 1509133777.3718026]: PiCamera image received: ImageMessage(t=1509133777.3717892, n=113)
[DEBUG, 1509133777.4045389]: PiCamera image received: ImageMessage(t=1509133777.4045236, n=114)
[DEBUG, 1509133777.4370582]: PiCamera image received: ImageMessage(t=1509133777.4370432, n=115)
[DEBUG, 1509133777.4700377]: PiCamera image received: ImageMessage(t=1509133777.4700234, n=116)
[DEBUG, 1509133777.502596]: PiCamera image received: ImageMessage(t=1509133777.5025816, n=117)
[DEBUG, 1509133777.5707932]: PiCamera image received: ImageMessage(t=1509133777.5707784, n=118)
[DEBUG, 1509133777.650244]: PiCamera image received: ImageMessage(t=1509133777.6502302, n=120)
[DEBUG, 1509133777.6832504]: PiCamera image received: ImageMessage(t=1509133777.6832364, n=121)
[DEBUG, 1509133777.7156322]: PiCamera image received: ImageMessage(t=1509133777.7156188, n=122)
[DEBUG, 1509133777.7477176]: PiCamera image received: ImageMessage(t=1509133777.7477043, n=123)
[DEBUG, 1509133777.8130686]: PiCamera image received: ImageMessage(t=1509133777.8130527, n=124)
[DEBUG, 1509133777.8456945]: PiCamera image received: ImageMessage(t=1509133777.8456802, n=125)
[DEBUG, 1509133777.9102068]: PiCamera image received: ImageMessage(t=1509133777.910193, n=126)
[DEBUG, 1509133777.9431565]: PiCamera image received: ImageMessage(t=1509133777.9431436, n=127)
[DEBUG, 1509133777.9754279]: PiCamera image received: ImageMessage(t=1509133777.975413, n=128)
[DEBUG, 1509133778.0076616]: PiCamera image received: ImageMessage(t=1509133778.0076454, n=129)
[DEBUG, 1509133778.040914]: PiCamera image received: ImageMessage(t=1509133778.0408995, n=130)
[DEBUG, 1509133778.1166413]: PiCamera image received: ImageMessage(t=1509133778.116627, n=131)
[DEBUG, 1509133778.1488826]: PiCamera image received: ImageMessage(t=1509133778.1488686, n=132)
[DEBUG, 1509133778.2140884]: PiCamera image received: ImageMessage(t=1509133778.2140744, n=133)
[DEBUG, 1509133778.2504945]: PiCamera image received: ImageMessage(t=1509133778.2504795, n=134)
[DEBUG, 1509133778.2861326]: PiCamera image received: ImageMessage(t=1509133778.2861197, n=135)
[DEBUG, 1509133778.350999]: PiCamera image received: ImageMessage(t=1509133778.3509839, n=136)
[DEBUG, 1509133778.3843877]: PiCamera image received: ImageMessage(t=1509133778.3843713, n=137)
[DEBUG, 1509133778.417798]: PiCamera image received: ImageMessage(t=1509133778.4177837, n=138)
[DEBUG, 1509133778.4563227]: PiCamera image received: ImageMessage(t=1509133778.4563074, n=139)
[DEBUG, 1509133778.4888604]: PiCamera image received: ImageMessage(t=1509133778.488846, n=140)
[DEBUG, 1509133778.5215416]: PiCamera image received: ImageMessage(t=1509133778.5215268, n=141)
[DEBUG, 1509133778.5885308]: PiCamera image received: ImageMessage(t=1509133778.588517, n=143)
[DEBUG, 1509133778.653555]: PiCamera image received: ImageMessage(t=1509133778.653541, n=144)
[DEBUG, 1509133778.6862767]: PiCamera image received: ImageMessage(t=1509133778.6862628, n=145)
[DEBUG, 1509133778.7886522]: PiCamera image received: ImageMessage(t=1509133778.788636, n=146)
[DEBUG, 1509133778.8557003]: PiCamera image received: ImageMessage(t=1509133778.8556843, n=147)
[DEBUG, 1509133778.926972]: PiCamera image received: ImageMessage(t=1509133778.926957, n=148)
[DEBUG, 1509133778.9594865]: PiCamera image received: ImageMessage(t=1509133778.9594717, n=149)
[DEBUG, 1509133778.9943206]: PiCamera image received: ImageMessage(t=1509133778.994306, n=150)
[DEBUG, 1509133779.0637422]: PiCamera image received: ImageMessage(t=1509133779.0637274, n=151)
[DEBUG, 1509133779.0958064]: PiCamera image received: ImageMessage(t=1509133779.0957932, n=152)
[DEBUG, 1509133779.163073]: PiCamera image received: ImageMessage(t=1509133779.1630573, n=153)
[DEBUG, 1509133779.1966443]: PiCamera image received: ImageMessage(t=1509133779.1966293, n=154)
[DEBUG, 1509133779.2299259]: PiCamera image received: ImageMessage(t=1509133779.2299125, n=155)
[DEBUG, 1509133779.3030412]: PiCamera image received: ImageMessage(t=1509133779.3030279, n=156)
[DEBUG, 1509133779.371655]: PiCamera image received: ImageMessage(t=1509133779.3716416, n=157)
[DEBUG, 1509133779.4048817]: PiCamera image received: ImageMessage(t=1509133779.4048681, n=158)
[DEBUG, 1509133779.436955]: PiCamera image received: ImageMessage(t=1509133779.4369411, n=159)
[DEBUG, 1509133779.5042908]: PiCamera image received: ImageMessage(t=1509133779.5042768, n=160)
[DEBUG, 1509133779.5367613]: PiCamera image received: ImageMessage(t=1509133779.5367477, n=161)
[DEBUG, 1509133779.5690887]: PiCamera image received: ImageMessage(t=1509133779.5690749, n=162)
[DEBUG, 1509133779.602355]: PiCamera image received: ImageMessage(t=1509133779.602342, n=163)
[DEBUG, 1509133779.6346838]: PiCamera image received: ImageMessage(t=1509133779.6346695, n=164)
[DEBUG, 1509133779.7022893]: PiCamera image received: ImageMessage(t=1509133779.702272, n=165)
[DEBUG, 1509133779.7688103]: PiCamera image received: ImageMessage(t=1509133779.7687955, n=166)
[DEBUG, 1509133779.844402]: PiCamera image received: ImageMessage(t=1509133779.8443866, n=167)
[DEBUG, 1509133779.917083]: PiCamera image received: ImageMessage(t=1509133779.9170663, n=168)
[DEBUG, 1509133779.9500768]: PiCamera image received: ImageMessage(t=1509133779.950063, n=169)
[DEBUG, 1509133780.021902]: PiCamera image received: ImageMessage(t=1509133780.0218873, n=170)
[DEBUG, 1509133780.0930586]: PiCamera image received: ImageMessage(t=1509133780.0930436, n=171)
[DEBUG, 1509133780.125427]: PiCamera image received: ImageMessage(t=1509133780.125412, n=172)
[DEBUG, 1509133780.158432]: PiCamera image received: ImageMessage(t=1509133780.1584175, n=173)
[DEBUG, 1509133780.2239857]: PiCamera image received: ImageMessage(t=1509133780.2239718, n=174)
[DEBUG, 1509133780.2571259]: PiCamera image received: ImageMessage(t=1509133780.2571115, n=175)
[DEBUG, 1509133780.290217]: PiCamera image received: ImageMessage(t=1509133780.2902021, n=176)
[DEBUG, 1509133780.3234742]: PiCamera image received: ImageMessage(t=1509133780.32346, n=177)
[DEBUG, 1509133780.388424]: PiCamera image received: ImageMessage(t=1509133780.3884091, n=178)
[DEBUG, 1509133780.4573226]: PiCamera image received: ImageMessage(t=1509133780.4573088, n=179)
[DEBUG, 1509133780.5234847]: PiCamera image received: ImageMessage(t=1509133780.5234704, n=180)
[log buffer end]
[PiCamera @ node.py:66][DEBUG] 2017-10-27 15:49:40,525: logging message buffer (len=16451)
[PiCamera @ node.py:64][DEBUG] 2017-10-27 15:49:49,337: [log buffer start]
[DEBUG, 1509133780.5599878]: PiCamera image received: ImageMessage(t=1509133780.559973, n=181)
[DEBUG, 1509133780.5936103]: PiCamera image received: ImageMessage(t=1509133780.593595, n=182)
[DEBUG, 1509133780.6268003]: PiCamera image received: ImageMessage(t=1509133780.626786, n=183)
[DEBUG, 1509133780.6592782]: PiCamera image received: ImageMessage(t=1509133780.6592627, n=184)
[DEBUG, 1509133780.692197]: PiCamera image received: ImageMessage(t=1509133780.692183, n=185)
[DEBUG, 1509133780.775492]: PiCamera image received: ImageMessage(t=1509133780.775477, n=186)
[DEBUG, 1509133780.808459]: PiCamera image received: ImageMessage(t=1509133780.808445, n=187)
[DEBUG, 1509133780.9094398]: PiCamera image received: ImageMessage(t=1509133780.9094238, n=188)
[DEBUG, 1509133780.9751353]: PiCamera image received: ImageMessage(t=1509133780.975118, n=189)
[DEBUG, 1509133781.0077515]: PiCamera image received: ImageMessage(t=1509133781.007736, n=190)
[DEBUG, 1509133781.0733607]: PiCamera image received: ImageMessage(t=1509133781.0733416, n=191)
[DEBUG, 1509133781.1066341]: PiCamera image received: ImageMessage(t=1509133781.1066191, n=192)
[DEBUG, 1509133781.1931813]: PiCamera image received: ImageMessage(t=1509133781.193165, n=193)
[DEBUG, 1509133781.2278414]: PiCamera image received: ImageMessage(t=1509133781.2278264, n=194)
[DEBUG, 1509133781.2927992]: PiCamera image received: ImageMessage(t=1509133781.2927852, n=195)
[DEBUG, 1509133781.325514]: PiCamera image received: ImageMessage(t=1509133781.325498, n=196)
[DEBUG, 1509133781.3945189]: PiCamera image received: ImageMessage(t=1509133781.3945043, n=197)
[DEBUG, 1509133781.4611602]: PiCamera image received: ImageMessage(t=1509133781.4611454, n=198)
[DEBUG, 1509133781.4941611]: PiCamera image received: ImageMessage(t=1509133781.4941468, n=199)
[DEBUG, 1509133781.5276043]: PiCamera image received: ImageMessage(t=1509133781.5275881, n=200)
[DEBUG, 1509133781.5609531]: PiCamera image received: ImageMessage(t=1509133781.560938, n=201)
[DEBUG, 1509133781.6299245]: PiCamera image received: ImageMessage(t=1509133781.6299102, n=202)
[DEBUG, 1509133781.6627572]: PiCamera image received: ImageMessage(t=1509133781.662743, n=203)
[DEBUG, 1509133781.7273412]: PiCamera image received: ImageMessage(t=1509133781.7273266, n=204)
[DEBUG, 1509133781.759844]: PiCamera image received: ImageMessage(t=1509133781.759829, n=205)
[DEBUG, 1509133781.7923582]: PiCamera image received: ImageMessage(t=1509133781.7923431, n=206)
[DEBUG, 1509133781.8663476]: PiCamera image received: ImageMessage(t=1509133781.8663335, n=207)
[DEBUG, 1509133781.8988533]: PiCamera image received: ImageMessage(t=1509133781.898839, n=208)
[DEBUG, 1509133781.9320245]: PiCamera image received: ImageMessage(t=1509133781.9320102, n=209)
[DEBUG, 1509133781.965402]: PiCamera image received: ImageMessage(t=1509133781.9653878, n=210)
[DEBUG, 1509133782.0342767]: PiCamera image received: ImageMessage(t=1509133782.0342622, n=211)
[DEBUG, 1509133782.1007705]: PiCamera image received: ImageMessage(t=1509133782.1007552, n=212)
[DEBUG, 1509133782.1415992]: PiCamera image received: ImageMessage(t=1509133782.1415849, n=213)
[DEBUG, 1509133782.176377]: PiCamera image received: ImageMessage(t=1509133782.1763625, n=214)
[DEBUG, 1509133782.209228]: PiCamera image received: ImageMessage(t=1509133782.2092142, n=215)
[DEBUG, 1509133782.2753081]: PiCamera image received: ImageMessage(t=1509133782.2752943, n=216)
[DEBUG, 1509133782.3083344]: PiCamera image received: ImageMessage(t=1509133782.308321, n=217)
[DEBUG, 1509133782.3450408]: PiCamera image received: ImageMessage(t=1509133782.3450265, n=218)
[DEBUG, 1509133782.4114404]: PiCamera image received: ImageMessage(t=1509133782.4114258, n=219)
[DEBUG, 1509133782.446851]: PiCamera image received: ImageMessage(t=1509133782.4468365, n=220)
[DEBUG, 1509133782.4803889]: PiCamera image received: ImageMessage(t=1509133782.480374, n=221)
[DEBUG, 1509133782.5141628]: PiCamera image received: ImageMessage(t=1509133782.5141487, n=222)
[DEBUG, 1509133782.587245]: PiCamera image received: ImageMessage(t=1509133782.5872304, n=223)
[DEBUG, 1509133782.6205082]: PiCamera image received: ImageMessage(t=1509133782.6204946, n=224)
[DEBUG, 1509133782.6886597]: PiCamera image received: ImageMessage(t=1509133782.6886456, n=225)
[DEBUG, 1509133782.7218785]: PiCamera image received: ImageMessage(t=1509133782.7218647, n=226)
[DEBUG, 1509133782.787138]: PiCamera image received: ImageMessage(t=1509133782.7871232, n=227)
[DEBUG, 1509133782.8194573]: PiCamera image received: ImageMessage(t=1509133782.819443, n=228)
[DEBUG, 1509133782.8840082]: PiCamera image received: ImageMessage(t=1509133782.8839939, n=229)
[DEBUG, 1509133782.9503543]: PiCamera image received: ImageMessage(t=1509133782.9503396, n=230)
[DEBUG, 1509133783.021562]: PiCamera image received: ImageMessage(t=1509133783.0215278, n=231)
[DEBUG, 1509133783.0936842]: PiCamera image received: ImageMessage(t=1509133783.0936687, n=232)
[DEBUG, 1509133783.127637]: PiCamera image received: ImageMessage(t=1509133783.1276226, n=233)
[DEBUG, 1509133783.1932147]: PiCamera image received: ImageMessage(t=1509133783.1932003, n=234)
[DEBUG, 1509133783.2662241]: PiCamera image received: ImageMessage(t=1509133783.2662096, n=235)
[DEBUG, 1509133783.3038967]: PiCamera image received: ImageMessage(t=1509133783.3038821, n=236)
[DEBUG, 1509133783.3370454]: PiCamera image received: ImageMessage(t=1509133783.3370297, n=237)
[DEBUG, 1509133783.4042025]: PiCamera image received: ImageMessage(t=1509133783.4041874, n=238)
[DEBUG, 1509133783.437023]: PiCamera image received: ImageMessage(t=1509133783.4370081, n=239)
[DEBUG, 1509133783.5019953]: PiCamera image received: ImageMessage(t=1509133783.5019808, n=240)
[DEBUG, 1509133783.5691535]: PiCamera image received: ImageMessage(t=1509133783.5691397, n=241)
[DEBUG, 1509133783.602239]: PiCamera image received: ImageMessage(t=1509133783.6022234, n=242)
[DEBUG, 1509133783.6354303]: PiCamera image received: ImageMessage(t=1509133783.635416, n=243)
[DEBUG, 1509133783.7003593]: PiCamera image received: ImageMessage(t=1509133783.7003455, n=244)
[DEBUG, 1509133783.7725947]: PiCamera image received: ImageMessage(t=1509133783.7725806, n=245)
[DEBUG, 1509133783.8049648]: PiCamera image received: ImageMessage(t=1509133783.8049517, n=246)
[DEBUG, 1509133783.8379316]: PiCamera image received: ImageMessage(t=1509133783.8379178, n=247)
[DEBUG, 1509133783.913347]: PiCamera image received: ImageMessage(t=1509133783.9133327, n=248)
[DEBUG, 1509133783.9833493]: PiCamera image received: ImageMessage(t=1509133783.9833345, n=249)
[DEBUG, 1509133784.0157645]: PiCamera image received: ImageMessage(t=1509133784.0157502, n=250)
[DEBUG, 1509133784.0922878]: PiCamera image received: ImageMessage(t=1509133784.0922732, n=251)
[DEBUG, 1509133784.1586661]: PiCamera image received: ImageMessage(t=1509133784.1586518, n=252)
[DEBUG, 1509133784.1918325]: PiCamera image received: ImageMessage(t=1509133784.1918185, n=253)
[DEBUG, 1509133784.2240627]: PiCamera image received: ImageMessage(t=1509133784.224049, n=254)
[DEBUG, 1509133784.3017108]: PiCamera image received: ImageMessage(t=1509133784.301696, n=255)
[DEBUG, 1509133784.3345513]: PiCamera image received: ImageMessage(t=1509133784.3345382, n=256)
[DEBUG, 1509133784.3667586]: PiCamera image received: ImageMessage(t=1509133784.366744, n=257)
[DEBUG, 1509133784.4009895]: PiCamera image received: ImageMessage(t=1509133784.4009745, n=258)
[DEBUG, 1509133784.468835]: PiCamera image received: ImageMessage(t=1509133784.4688182, n=259)
[DEBUG, 1509133784.5340588]: PiCamera image received: ImageMessage(t=1509133784.5340452, n=260)
[DEBUG, 1509133784.5721788]: PiCamera image received: ImageMessage(t=1509133784.5721648, n=261)
[DEBUG, 1509133784.6494586]: PiCamera image received: ImageMessage(t=1509133784.649419, n=262)
[DEBUG, 1509133784.6822035]: PiCamera image received: ImageMessage(t=1509133784.6821904, n=263)
[DEBUG, 1509133784.7146125]: PiCamera image received: ImageMessage(t=1509133784.7145984, n=264)
[DEBUG, 1509133784.760198]: PiCamera image received: ImageMessage(t=1509133784.7601836, n=265)
[DEBUG, 1509133784.838503]: PiCamera image received: ImageMessage(t=1509133784.8384874, n=266)
[DEBUG, 1509133784.8716037]: PiCamera image received: ImageMessage(t=1509133784.8715897, n=267)
[DEBUG, 1509133784.9046838]: PiCamera image received: ImageMessage(t=1509133784.9046698, n=268)
[DEBUG, 1509133784.9704776]: PiCamera image received: ImageMessage(t=1509133784.9704623, n=269)
[DEBUG, 1509133785.007788]: PiCamera image received: ImageMessage(t=1509133785.0077744, n=270)
[DEBUG, 1509133785.0731]: PiCamera image received: ImageMessage(t=1509133785.073085, n=271)
[DEBUG, 1509133785.145983]: PiCamera image received: ImageMessage(t=1509133785.1459682, n=273)
[DEBUG, 1509133785.2139394]: PiCamera image received: ImageMessage(t=1509133785.2139032, n=274)
[DEBUG, 1509133785.246748]: PiCamera image received: ImageMessage(t=1509133785.246733, n=275)
[DEBUG, 1509133785.3206177]: PiCamera image received: ImageMessage(t=1509133785.3206024, n=276)
[DEBUG, 1509133785.3859208]: PiCamera image received: ImageMessage(t=1509133785.3859065, n=277)
[DEBUG, 1509133785.4585576]: PiCamera image received: ImageMessage(t=1509133785.4585428, n=279)
[DEBUG, 1509133785.5230298]: PiCamera image received: ImageMessage(t=1509133785.5230153, n=280)
[DEBUG, 1509133785.5569303]: PiCamera image received: ImageMessage(t=1509133785.5569165, n=281)
[DEBUG, 1509133785.6268976]: PiCamera image received: ImageMessage(t=1509133785.626883, n=282)
[DEBUG, 1509133785.6934114]: PiCamera image received: ImageMessage(t=1509133785.6933968, n=283)
[DEBUG, 1509133785.7582583]: PiCamera image received: ImageMessage(t=1509133785.7582452, n=284)
[DEBUG, 1509133785.7914164]: PiCamera image received: ImageMessage(t=1509133785.7914026, n=285)
[DEBUG, 1509133785.8238282]: PiCamera image received: ImageMessage(t=1509133785.8238144, n=286)
[DEBUG, 1509133785.8964174]: PiCamera image received: ImageMessage(t=1509133785.8964026, n=288)
[DEBUG, 1509133785.9322634]: PiCamera image received: ImageMessage(t=1509133785.93225, n=289)
[DEBUG, 1509133786.00604]: PiCamera image received: ImageMessage(t=1509133786.0060253, n=290)
[DEBUG, 1509133786.073226]: PiCamera image received: ImageMessage(t=1509133786.0732114, n=291)
[DEBUG, 1509133786.1469665]: PiCamera image received: ImageMessage(t=1509133786.1469517, n=292)
[DEBUG, 1509133786.1795197]: PiCamera image received: ImageMessage(t=1509133786.1795049, n=293)
[DEBUG, 1509133786.227513]: PiCamera image received: ImageMessage(t=1509133786.2274983, n=294)
[DEBUG, 1509133786.2634137]: PiCamera image received: ImageMessage(t=1509133786.2633991, n=295)
[DEBUG, 1509133786.333916]: PiCamera image received: ImageMessage(t=1509133786.333902, n=296)
[DEBUG, 1509133786.399314]: PiCamera image received: ImageMessage(t=1509133786.3992994, n=297)
[DEBUG, 1509133786.466823]: PiCamera image received: ImageMessage(t=1509133786.4668095, n=298)
[DEBUG, 1509133786.500715]: PiCamera image received: ImageMessage(t=1509133786.500699, n=299)
[DEBUG, 1509133786.5343108]: PiCamera image received: ImageMessage(t=1509133786.5342968, n=300)
[DEBUG, 1509133786.5992475]: PiCamera image received: ImageMessage(t=1509133786.599232, n=301)
[DEBUG, 1509133786.632501]: PiCamera image received: ImageMessage(t=1509133786.632481, n=302)
[DEBUG, 1509133786.7075539]: PiCamera image received: ImageMessage(t=1509133786.7075377, n=303)
[DEBUG, 1509133786.7403717]: PiCamera image received: ImageMessage(t=1509133786.7403572, n=304)
[DEBUG, 1509133786.8078196]: PiCamera image received: ImageMessage(t=1509133786.8078053, n=305)
[DEBUG, 1509133786.841099]: PiCamera image received: ImageMessage(t=1509133786.8410845, n=306)
[DEBUG, 1509133786.8734758]: PiCamera image received: ImageMessage(t=1509133786.873461, n=307)
[DEBUG, 1509133786.905725]: PiCamera image received: ImageMessage(t=1509133786.9057102, n=308)
[DEBUG, 1509133786.938729]: PiCamera image received: ImageMessage(t=1509133786.9387147, n=309)
[DEBUG, 1509133787.011688]: PiCamera image received: ImageMessage(t=1509133787.0116744, n=310)
[DEBUG, 1509133787.0578766]: PiCamera image received: ImageMessage(t=1509133787.0578628, n=311)
[DEBUG, 1509133787.132999]: PiCamera image received: ImageMessage(t=1509133787.1329823, n=312)
[DEBUG, 1509133787.1669958]: PiCamera image received: ImageMessage(t=1509133787.1669643, n=313)
[DEBUG, 1509133787.233234]: PiCamera image received: ImageMessage(t=1509133787.2332191, n=314)
[DEBUG, 1509133787.2761178]: PiCamera image received: ImageMessage(t=1509133787.276104, n=315)
[DEBUG, 1509133787.3459926]: PiCamera image received: ImageMessage(t=1509133787.3459778, n=316)
[DEBUG, 1509133787.3782172]: PiCamera image received: ImageMessage(t=1509133787.3782032, n=317)
[DEBUG, 1509133787.4562118]: PiCamera image received: ImageMessage(t=1509133787.4561973, n=318)
[DEBUG, 1509133787.5218375]: PiCamera image received: ImageMessage(t=1509133787.5218236, n=319)
[DEBUG, 1509133787.5557296]: PiCamera image received: ImageMessage(t=1509133787.5557153, n=320)
[DEBUG, 1509133787.6541715]: PiCamera image received: ImageMessage(t=1509133787.6541562, n=321)
[DEBUG, 1509133787.6874177]: PiCamera image received: ImageMessage(t=1509133787.6874044, n=322)
[DEBUG, 1509133787.7201998]: PiCamera image received: ImageMessage(t=1509133787.7201858, n=323)
[DEBUG, 1509133787.7532525]: PiCamera image received: ImageMessage(t=1509133787.7532382, n=324)
[DEBUG, 1509133787.8179815]: PiCamera image received: ImageMessage(t=1509133787.8179672, n=325)
[DEBUG, 1509133787.8833933]: PiCamera image received: ImageMessage(t=1509133787.8833785, n=326)
[DEBUG, 1509133787.9532044]: PiCamera image received: ImageMessage(t=1509133787.9531894, n=327)
[DEBUG, 1509133787.9904628]: PiCamera image received: ImageMessage(t=1509133787.990449, n=329)
[DEBUG, 1509133788.0558467]: PiCamera image received: ImageMessage(t=1509133788.0558326, n=330)
[DEBUG, 1509133788.0888152]: PiCamera image received: ImageMessage(t=1509133788.0888004, n=331)
[DEBUG, 1509133788.1215098]: PiCamera image received: ImageMessage(t=1509133788.1214955, n=332)
[DEBUG, 1509133788.1537418]: PiCamera image received: ImageMessage(t=1509133788.153727, n=333)
[DEBUG, 1509133788.1893976]: PiCamera image received: ImageMessage(t=1509133788.189383, n=334)
[DEBUG, 1509133788.2537165]: PiCamera image received: ImageMessage(t=1509133788.2537029, n=335)
[DEBUG, 1509133788.319794]: PiCamera image received: ImageMessage(t=1509133788.3197792, n=336)
[DEBUG, 1509133788.3528092]: PiCamera image received: ImageMessage(t=1509133788.3527954, n=337)
[DEBUG, 1509133788.4258647]: PiCamera image received: ImageMessage(t=1509133788.42585, n=338)
[DEBUG, 1509133788.4597673]: PiCamera image received: ImageMessage(t=1509133788.4597514, n=340)
[DEBUG, 1509133788.540535]: PiCamera image received: ImageMessage(t=1509133788.5405207, n=341)
[DEBUG, 1509133788.5737188]: PiCamera image received: ImageMessage(t=1509133788.573703, n=342)
[DEBUG, 1509133788.6516356]: PiCamera image received: ImageMessage(t=1509133788.651621, n=343)
[DEBUG, 1509133788.7179968]: PiCamera image received: ImageMessage(t=1509133788.7179806, n=344)
[DEBUG, 1509133788.7881165]: PiCamera image received: ImageMessage(t=1509133788.788102, n=345)
[DEBUG, 1509133788.823371]: PiCamera image received: ImageMessage(t=1509133788.8233564, n=346)
[DEBUG, 1509133788.896346]: PiCamera image received: ImageMessage(t=1509133788.8963315, n=347)
[DEBUG, 1509133788.9284027]: PiCamera image received: ImageMessage(t=1509133788.9283879, n=348)
[DEBUG, 1509133788.9606287]: PiCamera image received: ImageMessage(t=1509133788.9606144, n=349)
[DEBUG, 1509133788.99371]: PiCamera image received: ImageMessage(t=1509133788.9936957, n=350)
[DEBUG, 1509133789.025972]: PiCamera image received: ImageMessage(t=1509133789.025958, n=351)
[DEBUG, 1509133789.058938]: PiCamera image received: ImageMessage(t=1509133789.0589237, n=352)
[DEBUG, 1509133789.1246092]: PiCamera image received: ImageMessage(t=1509133789.124594, n=353)
[DEBUG, 1509133789.1964252]: PiCamera image received: ImageMessage(t=1509133789.1964016, n=354)
[DEBUG, 1509133789.2291594]: PiCamera image received: ImageMessage(t=1509133789.2291453, n=355)
[DEBUG, 1509133789.3041513]: PiCamera image received: ImageMessage(t=1509133789.3041353, n=357)
[DEBUG, 1509133789.3372374]: PiCamera image received: ImageMessage(t=1509133789.3372228, n=358)
[log buffer end]
[PiCamera @ node.py:66][DEBUG] 2017-10-27 15:49:49,339: logging message buffer (len=16456)
[PiCamera @ node.py:64][DEBUG] 2017-10-27 15:49:54,748: [log buffer start]
[DEBUG, 1509133789.4046786]: PiCamera image received: ImageMessage(t=1509133789.4046628, n=359)
[DEBUG, 1509133789.4378273]: PiCamera image received: ImageMessage(t=1509133789.4378133, n=360)
[DEBUG, 1509133789.5022128]: PiCamera image received: ImageMessage(t=1509133789.5021987, n=361)
[DEBUG, 1509133789.5353208]: PiCamera image received: ImageMessage(t=1509133789.535308, n=362)
[DEBUG, 1509133789.5679076]: PiCamera image received: ImageMessage(t=1509133789.567894, n=363)
[DEBUG, 1509133789.6001549]: PiCamera image received: ImageMessage(t=1509133789.600141, n=364)
[DEBUG, 1509133789.6332557]: PiCamera image received: ImageMessage(t=1509133789.6332421, n=365)
[DEBUG, 1509133789.697902]: PiCamera image received: ImageMessage(t=1509133789.6978874, n=366)
[DEBUG, 1509133789.7328706]: PiCamera image received: ImageMessage(t=1509133789.7328556, n=367)
[DEBUG, 1509133789.8305192]: PiCamera image received: ImageMessage(t=1509133789.8305042, n=368)
[DEBUG, 1509133789.913517]: PiCamera image received: ImageMessage(t=1509133789.9134467, n=369)
[DEBUG, 1509133789.9479704]: PiCamera image received: ImageMessage(t=1509133789.9479523, n=370)
[DEBUG, 1509133789.9890416]: PiCamera image received: ImageMessage(t=1509133789.9890258, n=371)
[DEBUG, 1509133790.0220094]: PiCamera image received: ImageMessage(t=1509133790.0219963, n=372)
[DEBUG, 1509133790.0555894]: PiCamera image received: ImageMessage(t=1509133790.0555756, n=373)
[DEBUG, 1509133790.0880773]: PiCamera image received: ImageMessage(t=1509133790.0880632, n=374)
[DEBUG, 1509133790.1208322]: PiCamera image received: ImageMessage(t=1509133790.1208184, n=375)
[DEBUG, 1509133790.1965997]: PiCamera image received: ImageMessage(t=1509133790.1965861, n=376)
[DEBUG, 1509133790.265494]: PiCamera image received: ImageMessage(t=1509133790.2654784, n=377)
[DEBUG, 1509133790.3403313]: PiCamera image received: ImageMessage(t=1509133790.3403182, n=378)
[DEBUG, 1509133790.4102712]: PiCamera image received: ImageMessage(t=1509133790.4102557, n=379)
[DEBUG, 1509133790.4433744]: PiCamera image received: ImageMessage(t=1509133790.4433591, n=380)
[DEBUG, 1509133790.511372]: PiCamera image received: ImageMessage(t=1509133790.5113578, n=381)
[DEBUG, 1509133790.584582]: PiCamera image received: ImageMessage(t=1509133790.5845685, n=382)
[DEBUG, 1509133790.656168]: PiCamera image received: ImageMessage(t=1509133790.6561544, n=383)
[DEBUG, 1509133790.7250962]: PiCamera image received: ImageMessage(t=1509133790.7250803, n=384)
[DEBUG, 1509133790.800412]: PiCamera image received: ImageMessage(t=1509133790.8003964, n=385)
[DEBUG, 1509133790.8337245]: PiCamera image received: ImageMessage(t=1509133790.8337092, n=386)
[DEBUG, 1509133790.8707826]: PiCamera image received: ImageMessage(t=1509133790.8707683, n=387)
[DEBUG, 1509133790.9051678]: PiCamera image received: ImageMessage(t=1509133790.9051135, n=388)
[DEBUG, 1509133790.9722352]: PiCamera image received: ImageMessage(t=1509133790.9722197, n=389)
[DEBUG, 1509133791.0366116]: PiCamera image received: ImageMessage(t=1509133791.0365963, n=390)
[DEBUG, 1509133791.069232]: PiCamera image received: ImageMessage(t=1509133791.069217, n=391)
[DEBUG, 1509133791.1017747]: PiCamera image received: ImageMessage(t=1509133791.1017606, n=392)
[DEBUG, 1509133791.1353846]: PiCamera image received: ImageMessage(t=1509133791.13537, n=393)
[DEBUG, 1509133791.167469]: PiCamera image received: ImageMessage(t=1509133791.167455, n=394)
[DEBUG, 1509133791.2414765]: PiCamera image received: ImageMessage(t=1509133791.241462, n=395)
[DEBUG, 1509133791.274672]: PiCamera image received: ImageMessage(t=1509133791.2746577, n=396)
[DEBUG, 1509133791.3095956]: PiCamera image received: ImageMessage(t=1509133791.3095818, n=397)
[DEBUG, 1509133791.3430307]: PiCamera image received: ImageMessage(t=1509133791.3430169, n=398)
[DEBUG, 1509133791.378407]: PiCamera image received: ImageMessage(t=1509133791.3783925, n=399)
[DEBUG, 1509133791.4488256]: PiCamera image received: ImageMessage(t=1509133791.4488125, n=400)
[DEBUG, 1509133791.5259776]: PiCamera image received: ImageMessage(t=1509133791.5259628, n=401)
[DEBUG, 1509133791.568091]: PiCamera image received: ImageMessage(t=1509133791.5680761, n=402)
[DEBUG, 1509133791.604657]: PiCamera image received: ImageMessage(t=1509133791.6046414, n=403)
[DEBUG, 1509133791.674346]: PiCamera image received: ImageMessage(t=1509133791.6743317, n=404)
[DEBUG, 1509133791.7072263]: PiCamera image received: ImageMessage(t=1509133791.7072127, n=405)
[DEBUG, 1509133791.7745574]: PiCamera image received: ImageMessage(t=1509133791.774543, n=406)
[DEBUG, 1509133791.807038]: PiCamera image received: ImageMessage(t=1509133791.8070242, n=407)
[DEBUG, 1509133791.8753002]: PiCamera image received: ImageMessage(t=1509133791.8752863, n=408)
[DEBUG, 1509133791.9079127]: PiCamera image received: ImageMessage(t=1509133791.907897, n=409)
[DEBUG, 1509133791.9756293]: PiCamera image received: ImageMessage(t=1509133791.9756136, n=410)
[DEBUG, 1509133792.0083501]: PiCamera image received: ImageMessage(t=1509133792.0083356, n=411)
[DEBUG, 1509133792.0729249]: PiCamera image received: ImageMessage(t=1509133792.0729096, n=412)
[DEBUG, 1509133792.1061003]: PiCamera image received: ImageMessage(t=1509133792.1060863, n=413)
[DEBUG, 1509133792.1768365]: PiCamera image received: ImageMessage(t=1509133792.1768224, n=414)
[DEBUG, 1509133792.2090085]: PiCamera image received: ImageMessage(t=1509133792.2089949, n=415)
[DEBUG, 1509133792.2852566]: PiCamera image received: ImageMessage(t=1509133792.2852423, n=416)
[DEBUG, 1509133792.3173892]: PiCamera image received: ImageMessage(t=1509133792.3173752, n=417)
[DEBUG, 1509133792.3833723]: PiCamera image received: ImageMessage(t=1509133792.3833568, n=418)
[DEBUG, 1509133792.4535246]: PiCamera image received: ImageMessage(t=1509133792.45351, n=419)
[DEBUG, 1509133792.4887698]: PiCamera image received: ImageMessage(t=1509133792.488755, n=420)
[DEBUG, 1509133792.521382]: PiCamera image received: ImageMessage(t=1509133792.5213673, n=421)
[DEBUG, 1509133792.58828]: PiCamera image received: ImageMessage(t=1509133792.5882654, n=422)
[DEBUG, 1509133792.6213584]: PiCamera image received: ImageMessage(t=1509133792.621344, n=423)
[DEBUG, 1509133792.6947107]: PiCamera image received: ImageMessage(t=1509133792.6946964, n=424)
[DEBUG, 1509133792.7637084]: PiCamera image received: ImageMessage(t=1509133792.7636933, n=425)
[DEBUG, 1509133792.8349953]: PiCamera image received: ImageMessage(t=1509133792.8349795, n=426)
[DEBUG, 1509133792.9003217]: PiCamera image received: ImageMessage(t=1509133792.9003077, n=427)
[DEBUG, 1509133792.9332473]: PiCamera image received: ImageMessage(t=1509133792.9332335, n=428)
[DEBUG, 1509133793.002006]: PiCamera image received: ImageMessage(t=1509133793.0019915, n=429)
[DEBUG, 1509133793.0361736]: PiCamera image received: ImageMessage(t=1509133793.036161, n=430)
[DEBUG, 1509133793.1010687]: PiCamera image received: ImageMessage(t=1509133793.101054, n=431)
[DEBUG, 1509133793.1340184]: PiCamera image received: ImageMessage(t=1509133793.1340034, n=432)
[DEBUG, 1509133793.1669502]: PiCamera image received: ImageMessage(t=1509133793.166936, n=433)
[DEBUG, 1509133793.1998978]: PiCamera image received: ImageMessage(t=1509133793.1998842, n=434)
[DEBUG, 1509133793.2714028]: PiCamera image received: ImageMessage(t=1509133793.2713885, n=436)
[DEBUG, 1509133793.339181]: PiCamera image received: ImageMessage(t=1509133793.3391669, n=437)
[DEBUG, 1509133793.371562]: PiCamera image received: ImageMessage(t=1509133793.3715472, n=438)
[DEBUG, 1509133793.4374046]: PiCamera image received: ImageMessage(t=1509133793.4373906, n=439)
[DEBUG, 1509133793.5025582]: PiCamera image received: ImageMessage(t=1509133793.5025437, n=440)
[DEBUG, 1509133793.5348144]: PiCamera image received: ImageMessage(t=1509133793.5348005, n=441)
[DEBUG, 1509133793.5671444]: PiCamera image received: ImageMessage(t=1509133793.5671303, n=442)
[DEBUG, 1509133793.631664]: PiCamera image received: ImageMessage(t=1509133793.6316478, n=443)
[DEBUG, 1509133793.6643617]: PiCamera image received: ImageMessage(t=1509133793.664336, n=444)
[DEBUG, 1509133793.729601]: PiCamera image received: ImageMessage(t=1509133793.7295876, n=445)
[DEBUG, 1509133793.8031666]: PiCamera image received: ImageMessage(t=1509133793.803151, n=446)
[DEBUG, 1509133793.8357844]: PiCamera image received: ImageMessage(t=1509133793.8357701, n=447)
[DEBUG, 1509133793.868662]: PiCamera image received: ImageMessage(t=1509133793.8686473, n=448)
[DEBUG, 1509133793.9026234]: PiCamera image received: ImageMessage(t=1509133793.9026105, n=449)
[DEBUG, 1509133793.9676576]: PiCamera image received: ImageMessage(t=1509133793.9676418, n=450)
[DEBUG, 1509133794.0332158]: PiCamera image received: ImageMessage(t=1509133794.0332012, n=451)
[DEBUG, 1509133794.065393]: PiCamera image received: ImageMessage(t=1509133794.0653794, n=452)
[DEBUG, 1509133794.098227]: PiCamera image received: ImageMessage(t=1509133794.098212, n=453)
[DEBUG, 1509133794.1312482]: PiCamera image received: ImageMessage(t=1509133794.131234, n=454)
[DEBUG, 1509133794.2055776]: PiCamera image received: ImageMessage(t=1509133794.2055626, n=455)
[DEBUG, 1509133794.2396073]: PiCamera image received: ImageMessage(t=1509133794.2395933, n=456)
[DEBUG, 1509133794.2736018]: PiCamera image received: ImageMessage(t=1509133794.2735872, n=457)
[DEBUG, 1509133794.3065305]: PiCamera image received: ImageMessage(t=1509133794.306517, n=458)
[DEBUG, 1509133794.3396327]: PiCamera image received: ImageMessage(t=1509133794.339618, n=459)
[DEBUG, 1509133794.3718882]: PiCamera image received: ImageMessage(t=1509133794.371874, n=460)
[DEBUG, 1509133794.4690936]: PiCamera image received: ImageMessage(t=1509133794.4690795, n=461)
[DEBUG, 1509133794.506281]: PiCamera image received: ImageMessage(t=1509133794.5062668, n=462)
[DEBUG, 1509133794.5817037]: PiCamera image received: ImageMessage(t=1509133794.581689, n=463)
[DEBUG, 1509133794.6151836]: PiCamera image received: ImageMessage(t=1509133794.6151693, n=464)
[DEBUG, 1509133794.6478913]: PiCamera image received: ImageMessage(t=1509133794.6478772, n=465)
[DEBUG, 1509133794.6807222]: PiCamera image received: ImageMessage(t=1509133794.6807072, n=466)
[DEBUG, 1509133794.7133486]: PiCamera image received: ImageMessage(t=1509133794.7133348, n=467)
[log buffer end]
[PiCamera @ node.py:66][DEBUG] 2017-10-27 15:49:54,749: logging message buffer (len=10351)
[PiCamera @ node.py:87][INFO] 2017-10-27 15:49:54,750: Node took 26.492459774017334s to run
[PiCamera @ picamera.py:185][DEBUG] 2017-10-27 15:49:54,846: AVC-H264 import - frame size 640 x 480 at 25.000 FPS
[PiCamera @ picamera.py:185][DEBUG] 2017-10-27 15:49:54,862: Importing AVC-H264: |                    | (01/100)
[PiCamera @ picamera.py:185][DEBUG] 2017-10-27 15:49:54,864: Importing AVC-H264: |                    | (02/100)
[PiCamera @ picamera.py:185][DEBUG] 2017-10-27 15:49:54,865: Importing AVC-H264: |                    | (03/100)
[PiCamera @ picamera.py:185][DEBUG] 2017-10-27 15:49:54,868: Importing AVC-H264: |                    | (04/100)
[PiCamera @ picamera.py:185][DEBUG] 2017-10-27 15:49:54,871: Importing AVC-H264: |=                   | (05/100)
[PiCamera @ picamera.py:185][DEBUG] 2017-10-27 15:49:54,876: Importing AVC-H264: |=                   | (06/100)
[PiCamera @ picamera.py:185][DEBUG] 2017-10-27 15:49:54,879: Importing AVC-H264: |=                   | (07/100)
[PiCamera @ picamera.py:185][DEBUG] 2017-10-27 15:49:54,883: Importing AVC-H264: |=                   | (08/100)
[PiCamera @ picamera.py:185][DEBUG] 2017-10-27 15:49:54,887: Importing AVC-H264: |=                   | (09/100)
[PiCamera @ picamera.py:185][DEBUG] 2017-10-27 15:49:54,890: Importing AVC-H264: |==                  | (10/100)
[PiCamera @ picamera.py:185][DEBUG] 2017-10-27 15:49:54,893: Importing AVC-H264: |==                  | (11/100)
[PiCamera @ picamera.py:185][DEBUG] 2017-10-27 15:49:54,897: Importing AVC-H264: |==                  | (12/100)
[PiCamera @ picamera.py:185][DEBUG] 2017-10-27 15:49:54,900: Importing AVC-H264: |==                  | (13/100)
[PiCamera @ picamera.py:185][DEBUG] 2017-10-27 15:49:54,902: Importing AVC-H264: |==                  | (14/100)
[PiCamera @ picamera.py:185][DEBUG] 2017-10-27 15:49:54,906: Importing AVC-H264: |===                 | (15/100)
[PiCamera @ picamera.py:185][DEBUG] 2017-10-27 15:49:54,909: Importing AVC-H264: |===                 | (16/100)
[PiCamera @ picamera.py:185][DEBUG] 2017-10-27 15:49:54,911: Importing AVC-H264: |===                 | (17/100)
[PiCamera @ picamera.py:185][DEBUG] 2017-10-27 15:49:54,914: Importing AVC-H264: |===                 | (18/100)
[PiCamera @ picamera.py:185][DEBUG] 2017-10-27 15:49:54,918: Importing AVC-H264: |===                 | (19/100)
[PiCamera @ picamera.py:185][DEBUG] 2017-10-27 15:49:54,922: Importing AVC-H264: |====                | (20/100)
[PiCamera @ picamera.py:185][DEBUG] 2017-10-27 15:49:54,925: Importing AVC-H264: |====                | (21/100)
[PiCamera @ picamera.py:185][DEBUG] 2017-10-27 15:49:54,929: Importing AVC-H264: |====                | (22/100)
[PiCamera @ picamera.py:185][DEBUG] 2017-10-27 15:49:54,932: Importing AVC-H264: |====                | (23/100)
[PiCamera @ picamera.py:185][DEBUG] 2017-10-27 15:49:54,934: Importing AVC-H264: |====                | (24/100)
[PiCamera @ picamera.py:185][DEBUG] 2017-10-27 15:49:54,936: Importing AVC-H264: |=====               | (25/100)
[PiCamera @ picamera.py:185][DEBUG] 2017-10-27 15:49:54,939: Importing AVC-H264: |=====               | (26/100)
[PiCamera @ picamera.py:185][DEBUG] 2017-10-27 15:49:54,943: Importing AVC-H264: |=====               | (27/100)
[PiCamera @ picamera.py:185][DEBUG] 2017-10-27 15:49:54,944: Importing AVC-H264: |=====               | (28/100)
[PiCamera @ picamera.py:185][DEBUG] 2017-10-27 15:49:54,954: Importing AVC-H264: |=====               | (29/100)
[PiCamera @ picamera.py:185][DEBUG] 2017-10-27 15:49:54,955: Importing AVC-H264: |======              | (30/100)
[PiCamera @ picamera.py:185][DEBUG] 2017-10-27 15:49:54,958: Importing AVC-H264: |======              | (31/100)
[PiCamera @ picamera.py:185][DEBUG] 2017-10-27 15:49:54,959: Importing AVC-H264: |======              | (32/100)
[PiCamera @ picamera.py:185][DEBUG] 2017-10-27 15:49:54,960: Importing AVC-H264: |======              | (33/100)
[PiCamera @ picamera.py:185][DEBUG] 2017-10-27 15:49:54,961: Importing AVC-H264: |======              | (34/100)
[PiCamera @ picamera.py:185][DEBUG] 2017-10-27 15:49:54,963: Importing AVC-H264: |=======             | (35/100)
[PiCamera @ picamera.py:185][DEBUG] 2017-10-27 15:49:54,966: Importing AVC-H264: |=======             | (36/100)
[PiCamera @ picamera.py:185][DEBUG] 2017-10-27 15:49:54,968: Importing AVC-H264: |=======             | (37/100)
[PiCamera @ picamera.py:185][DEBUG] 2017-10-27 15:49:54,970: Importing AVC-H264: |=======             | (38/100)
[PiCamera @ picamera.py:185][DEBUG] 2017-10-27 15:49:54,974: Importing AVC-H264: |=======             | (39/100)
[PiCamera @ picamera.py:185][DEBUG] 2017-10-27 15:49:54,983: Importing AVC-H264: |========            | (40/100)
[PiCamera @ picamera.py:185][DEBUG] 2017-10-27 15:49:54,985: Importing AVC-H264: |========            | (41/100)
[PiCamera @ picamera.py:185][DEBUG] 2017-10-27 15:49:54,987: Importing AVC-H264: |========            | (42/100)
[PiCamera @ picamera.py:185][DEBUG] 2017-10-27 15:49:54,988: Importing AVC-H264: |========            | (43/100)
[PiCamera @ picamera.py:185][DEBUG] 2017-10-27 15:49:54,989: Importing AVC-H264: |========            | (44/100)
[PiCamera @ picamera.py:185][DEBUG] 2017-10-27 15:49:54,990: Importing AVC-H264: |=========           | (45/100)
[PiCamera @ picamera.py:185][DEBUG] 2017-10-27 15:49:54,992: Importing AVC-H264: |=========           | (46/100)
[PiCamera @ picamera.py:185][DEBUG] 2017-10-27 15:49:54,995: Importing AVC-H264: |=========           | (47/100)
[PiCamera @ picamera.py:185][DEBUG] 2017-10-27 15:49:54,997: Importing AVC-H264: |=========           | (48/100)
[PiCamera @ picamera.py:185][DEBUG] 2017-10-27 15:49:55,000: Importing AVC-H264: |=========           | (49/100)
[PiCamera @ picamera.py:185][DEBUG] 2017-10-27 15:49:55,002: Importing AVC-H264: |==========          | (50/100)
[PiCamera @ picamera.py:185][DEBUG] 2017-10-27 15:49:55,005: Importing AVC-H264: |==========          | (51/100)
[PiCamera @ picamera.py:185][DEBUG] 2017-10-27 15:49:55,007: Importing AVC-H264: |==========          | (52/100)
[PiCamera @ picamera.py:185][DEBUG] 2017-10-27 15:49:55,010: Importing AVC-H264: |==========          | (53/100)
[PiCamera @ picamera.py:185][DEBUG] 2017-10-27 15:49:55,012: Importing AVC-H264: |==========          | (54/100)
[PiCamera @ picamera.py:185][DEBUG] 2017-10-27 15:49:55,014: Importing AVC-H264: |===========         | (55/100)
[PiCamera @ picamera.py:185][DEBUG] 2017-10-27 15:49:55,023: Importing AVC-H264: |===========         | (56/100)
[PiCamera @ picamera.py:185][DEBUG] 2017-10-27 15:49:55,024: Importing AVC-H264: |===========         | (57/100)
[PiCamera @ picamera.py:185][DEBUG] 2017-10-27 15:49:55,026: Importing AVC-H264: |===========         | (58/100)
[PiCamera @ picamera.py:185][DEBUG] 2017-10-27 15:49:55,028: Importing AVC-H264: |===========         | (59/100)
[PiCamera @ picamera.py:185][DEBUG] 2017-10-27 15:49:55,030: Importing AVC-H264: |============        | (60/100)
[PiCamera @ picamera.py:185][DEBUG] 2017-10-27 15:49:55,032: Importing AVC-H264: |============        | (61/100)
[PiCamera @ picamera.py:185][DEBUG] 2017-10-27 15:49:55,034: Importing AVC-H264: |============        | (62/100)
[PiCamera @ picamera.py:185][DEBUG] 2017-10-27 15:49:55,037: Importing AVC-H264: |============        | (63/100)
[PiCamera @ picamera.py:185][DEBUG] 2017-10-27 15:49:55,040: Importing AVC-H264: |============        | (64/100)
[PiCamera @ picamera.py:185][DEBUG] 2017-10-27 15:49:55,043: Importing AVC-H264: |=============       | (65/100)
[PiCamera @ picamera.py:185][DEBUG] 2017-10-27 15:49:55,045: Importing AVC-H264: |=============       | (66/100)
[PiCamera @ picamera.py:185][DEBUG] 2017-10-27 15:49:55,049: Importing AVC-H264: |=============       | (67/100)
[PiCamera @ picamera.py:185][DEBUG] 2017-10-27 15:49:55,052: Importing AVC-H264: |=============       | (68/100)
[PiCamera @ picamera.py:185][DEBUG] 2017-10-27 15:49:55,054: Importing AVC-H264: |=============       | (69/100)
[PiCamera @ picamera.py:185][DEBUG] 2017-10-27 15:49:55,056: Importing AVC-H264: |==============      | (70/100)
[PiCamera @ picamera.py:185][DEBUG] 2017-10-27 15:49:55,060: Importing AVC-H264: |==============      | (71/100)
[PiCamera @ picamera.py:185][DEBUG] 2017-10-27 15:49:55,063: Importing AVC-H264: |==============      | (72/100)
[PiCamera @ picamera.py:185][DEBUG] 2017-10-27 15:49:55,065: Importing AVC-H264: |==============      | (73/100)
[PiCamera @ picamera.py:185][DEBUG] 2017-10-27 15:49:55,066: Importing AVC-H264: |==============      | (74/100)
[PiCamera @ picamera.py:185][DEBUG] 2017-10-27 15:49:55,069: Importing AVC-H264: |===============     | (75/100)
[PiCamera @ picamera.py:185][DEBUG] 2017-10-27 15:49:55,071: Importing AVC-H264: |===============     | (76/100)
[PiCamera @ picamera.py:185][DEBUG] 2017-10-27 15:49:55,074: Importing AVC-H264: |===============     | (77/100)
[PiCamera @ picamera.py:185][DEBUG] 2017-10-27 15:49:55,076: Importing AVC-H264: |===============     | (78/100)
[PiCamera @ picamera.py:185][DEBUG] 2017-10-27 15:49:55,078: Importing AVC-H264: |===============     | (79/100)
[PiCamera @ picamera.py:185][DEBUG] 2017-10-27 15:49:55,079: Importing AVC-H264: |================    | (80/100)
[PiCamera @ picamera.py:185][DEBUG] 2017-10-27 15:49:55,082: Importing AVC-H264: |================    | (81/100)
[PiCamera @ picamera.py:185][DEBUG] 2017-10-27 15:49:55,085: Importing AVC-H264: |================    | (82/100)
[PiCamera @ picamera.py:185][DEBUG] 2017-10-27 15:49:55,087: Importing AVC-H264: |================    | (83/100)
[PiCamera @ picamera.py:185][DEBUG] 2017-10-27 15:49:55,088: Importing AVC-H264: |================    | (84/100)
[PiCamera @ picamera.py:185][DEBUG] 2017-10-27 15:49:55,091: Importing AVC-H264: |=================   | (85/100)
[PiCamera @ picamera.py:185][DEBUG] 2017-10-27 15:49:55,097: Importing AVC-H264: |=================   | (86/100)
[PiCamera @ picamera.py:185][DEBUG] 2017-10-27 15:49:55,100: Importing AVC-H264: |=================   | (87/100)
[PiCamera @ picamera.py:185][DEBUG] 2017-10-27 15:49:55,102: Importing AVC-H264: |=================   | (88/100)
[PiCamera @ picamera.py:185][DEBUG] 2017-10-27 15:49:55,103: Importing AVC-H264: |=================   | (89/100)
[PiCamera @ picamera.py:185][DEBUG] 2017-10-27 15:49:55,111: Importing AVC-H264: |==================  | (90/100)
[PiCamera @ picamera.py:185][DEBUG] 2017-10-27 15:49:55,115: Importing AVC-H264: |==================  | (91/100)
[PiCamera @ picamera.py:185][DEBUG] 2017-10-27 15:49:55,116: Importing AVC-H264: |==================  | (92/100)
[PiCamera @ picamera.py:185][DEBUG] 2017-10-27 15:49:55,118: Importing AVC-H264: |==================  | (93/100)
[PiCamera @ picamera.py:185][DEBUG] 2017-10-27 15:49:55,121: Importing AVC-H264: |==================  | (94/100)
[PiCamera @ picamera.py:185][DEBUG] 2017-10-27 15:49:55,124: Importing AVC-H264: |=================== | (95/100)
[PiCamera @ picamera.py:185][DEBUG] 2017-10-27 15:49:55,127: Importing AVC-H264: |=================== | (96/100)
[PiCamera @ picamera.py:185][DEBUG] 2017-10-27 15:49:55,129: Importing AVC-H264: |=================== | (97/100)
[PiCamera @ picamera.py:185][DEBUG] 2017-10-27 15:49:55,133: Importing AVC-H264: |=================== | (98/100)
[PiCamera @ picamera.py:185][DEBUG] 2017-10-27 15:49:55,145: Importing AVC-H264: |=================== | (99/100)
[PiCamera @ picamera.py:185][DEBUG] 2017-10-27 15:49:55,147: 
[PiCamera @ picamera.py:185][DEBUG] 2017-10-27 15:49:55,151: AVC Import results: 772 samples - Slices: 13 I 759 P 0 B - 0 SEI - 13 IDR
[PiCamera @ picamera.py:185][DEBUG] 2017-10-27 15:49:55,152: Saving to videos/2017_Oct_27/NaborisOrchestrator/15_49_28.mp4: 0.500 secs Interleaving
[PiCamera @ picamera.py:185][DEBUG] 2017-10-27 15:49:55,153: ISO File Writing: |                    | (01/100)
[PiCamera @ picamera.py:185][DEBUG] 2017-10-27 15:49:55,154: ISO File Writing: |                    | (02/100)
[PiCamera @ picamera.py:185][DEBUG] 2017-10-27 15:49:55,154: ISO File Writing: |                    | (03/100)
[PiCamera @ picamera.py:185][DEBUG] 2017-10-27 15:49:55,155: ISO File Writing: |                    | (04/100)
[PiCamera @ picamera.py:185][DEBUG] 2017-10-27 15:49:55,156: ISO File Writing: |=                   | (05/100)
[PiCamera @ picamera.py:185][DEBUG] 2017-10-27 15:49:55,157: ISO File Writing: |=                   | (06/100)
[PiCamera @ picamera.py:185][DEBUG] 2017-10-27 15:49:55,157: ISO File Writing: |=                   | (07/100)
[PiCamera @ picamera.py:185][DEBUG] 2017-10-27 15:49:55,158: ISO File Writing: |=                   | (08/100)
[PiCamera @ picamera.py:185][DEBUG] 2017-10-27 15:49:55,160: ISO File Writing: |=                   | (09/100)
[PiCamera @ picamera.py:185][DEBUG] 2017-10-27 15:49:55,161: ISO File Writing: |==                  | (10/100)
[PiCamera @ picamera.py:185][DEBUG] 2017-10-27 15:49:55,162: ISO File Writing: |==                  | (11/100)
[PiCamera @ picamera.py:185][DEBUG] 2017-10-27 15:49:55,163: ISO File Writing: |==                  | (12/100)
[PiCamera @ picamera.py:185][DEBUG] 2017-10-27 15:49:55,163: ISO File Writing: |==                  | (13/100)
[PiCamera @ picamera.py:185][DEBUG] 2017-10-27 15:49:55,164: ISO File Writing: |==                  | (14/100)
[PiCamera @ picamera.py:185][DEBUG] 2017-10-27 15:49:55,165: ISO File Writing: |===                 | (15/100)
[PiCamera @ picamera.py:185][DEBUG] 2017-10-27 15:49:55,165: ISO File Writing: |===                 | (16/100)
[PiCamera @ picamera.py:185][DEBUG] 2017-10-27 15:49:55,166: ISO File Writing: |===                 | (17/100)
[PiCamera @ picamera.py:185][DEBUG] 2017-10-27 15:49:55,167: ISO File Writing: |===                 | (18/100)
[PiCamera @ picamera.py:185][DEBUG] 2017-10-27 15:49:55,168: ISO File Writing: |===                 | (19/100)
[PiCamera @ picamera.py:185][DEBUG] 2017-10-27 15:49:55,169: ISO File Writing: |====                | (20/100)
[PiCamera @ picamera.py:185][DEBUG] 2017-10-27 15:49:55,170: ISO File Writing: |====                | (21/100)
[PiCamera @ picamera.py:185][DEBUG] 2017-10-27 15:49:55,170: ISO File Writing: |====                | (22/100)
[PiCamera @ picamera.py:185][DEBUG] 2017-10-27 15:49:55,171: ISO File Writing: |====                | (23/100)
[PiCamera @ picamera.py:185][DEBUG] 2017-10-27 15:49:55,171: ISO File Writing: |====                | (24/100)
[PiCamera @ picamera.py:185][DEBUG] 2017-10-27 15:49:55,172: ISO File Writing: |=====               | (25/100)
[PiCamera @ picamera.py:185][DEBUG] 2017-10-27 15:49:55,173: ISO File Writing: |=====               | (26/100)
[PiCamera @ picamera.py:185][DEBUG] 2017-10-27 15:49:55,173: ISO File Writing: |=====               | (27/100)
[PiCamera @ picamera.py:185][DEBUG] 2017-10-27 15:49:55,174: ISO File Writing: |=====               | (28/100)
[PiCamera @ picamera.py:185][DEBUG] 2017-10-27 15:49:55,175: ISO File Writing: |=====               | (29/100)
[PiCamera @ picamera.py:185][DEBUG] 2017-10-27 15:49:55,175: ISO File Writing: |======              | (30/100)
[PiCamera @ picamera.py:185][DEBUG] 2017-10-27 15:49:55,176: ISO File Writing: |======              | (31/100)
[PiCamera @ picamera.py:185][DEBUG] 2017-10-27 15:49:55,177: ISO File Writing: |======              | (32/100)
[PiCamera @ picamera.py:185][DEBUG] 2017-10-27 15:49:55,177: ISO File Writing: |======              | (33/100)
[PiCamera @ picamera.py:185][DEBUG] 2017-10-27 15:49:55,178: ISO File Writing: |======              | (34/100)
[PiCamera @ picamera.py:185][DEBUG] 2017-10-27 15:49:55,179: ISO File Writing: |=======             | (35/100)
[PiCamera @ picamera.py:185][DEBUG] 2017-10-27 15:49:55,179: ISO File Writing: |=======             | (36/100)
[PiCamera @ picamera.py:185][DEBUG] 2017-10-27 15:49:55,180: ISO File Writing: |=======             | (37/100)
[PiCamera @ picamera.py:185][DEBUG] 2017-10-27 15:49:55,181: ISO File Writing: |=======             | (38/100)
[PiCamera @ picamera.py:185][DEBUG] 2017-10-27 15:49:55,181: ISO File Writing: |=======             | (39/100)
[PiCamera @ picamera.py:185][DEBUG] 2017-10-27 15:49:55,182: ISO File Writing: |========            | (40/100)
[PiCamera @ picamera.py:185][DEBUG] 2017-10-27 15:49:55,183: ISO File Writing: |========            | (41/100)
[PiCamera @ picamera.py:185][DEBUG] 2017-10-27 15:49:55,183: ISO File Writing: |========            | (42/100)
[PiCamera @ picamera.py:185][DEBUG] 2017-10-27 15:49:55,184: ISO File Writing: |========            | (43/100)
[PiCamera @ picamera.py:185][DEBUG] 2017-10-27 15:49:55,185: ISO File Writing: |========            | (44/100)
[PiCamera @ picamera.py:185][DEBUG] 2017-10-27 15:49:55,186: ISO File Writing: |=========           | (45/100)
[PiCamera @ picamera.py:185][DEBUG] 2017-10-27 15:49:55,186: ISO File Writing: |=========           | (46/100)
[PiCamera @ picamera.py:185][DEBUG] 2017-10-27 15:49:55,187: ISO File Writing: |=========           | (47/100)
[PiCamera @ picamera.py:185][DEBUG] 2017-10-27 15:49:55,188: ISO File Writing: |=========           | (48/100)
[PiCamera @ picamera.py:185][DEBUG] 2017-10-27 15:49:55,188: ISO File Writing: |=========           | (49/100)
[PiCamera @ picamera.py:185][DEBUG] 2017-10-27 15:49:55,189: ISO File Writing: |==========          | (50/100)
[PiCamera @ picamera.py:185][DEBUG] 2017-10-27 15:49:55,190: ISO File Writing: |==========          | (51/100)
[PiCamera @ picamera.py:185][DEBUG] 2017-10-27 15:49:55,190: ISO File Writing: |==========          | (52/100)
[PiCamera @ picamera.py:185][DEBUG] 2017-10-27 15:49:55,191: ISO File Writing: |==========          | (53/100)
[PiCamera @ picamera.py:185][DEBUG] 2017-10-27 15:49:55,192: ISO File Writing: |==========          | (54/100)
[PiCamera @ picamera.py:185][DEBUG] 2017-10-27 15:49:55,193: ISO File Writing: |===========         | (55/100)
[PiCamera @ picamera.py:185][DEBUG] 2017-10-27 15:49:55,193: ISO File Writing: |===========         | (56/100)
[PiCamera @ picamera.py:185][DEBUG] 2017-10-27 15:49:55,194: ISO File Writing: |===========         | (57/100)
[PiCamera @ picamera.py:185][DEBUG] 2017-10-27 15:49:55,195: ISO File Writing: |===========         | (58/100)
[PiCamera @ picamera.py:185][DEBUG] 2017-10-27 15:49:55,195: ISO File Writing: |===========         | (59/100)
[PiCamera @ picamera.py:185][DEBUG] 2017-10-27 15:49:55,196: ISO File Writing: |============        | (60/100)
[PiCamera @ picamera.py:185][DEBUG] 2017-10-27 15:49:55,197: ISO File Writing: |============        | (61/100)
[PiCamera @ picamera.py:185][DEBUG] 2017-10-27 15:49:55,198: ISO File Writing: |============        | (62/100)
[PiCamera @ picamera.py:185][DEBUG] 2017-10-27 15:49:55,198: ISO File Writing: |============        | (63/100)
[PiCamera @ picamera.py:185][DEBUG] 2017-10-27 15:49:55,200: ISO File Writing: |============        | (64/100)
[PiCamera @ picamera.py:185][DEBUG] 2017-10-27 15:49:55,200: ISO File Writing: |=============       | (65/100)
[PiCamera @ picamera.py:185][DEBUG] 2017-10-27 15:49:55,202: ISO File Writing: |=============       | (66/100)
[PiCamera @ picamera.py:185][DEBUG] 2017-10-27 15:49:55,202: ISO File Writing: |=============       | (67/100)
[PiCamera @ picamera.py:185][DEBUG] 2017-10-27 15:49:55,203: ISO File Writing: |=============       | (68/100)
[PiCamera @ picamera.py:185][DEBUG] 2017-10-27 15:49:55,204: ISO File Writing: |=============       | (69/100)
[PiCamera @ picamera.py:185][DEBUG] 2017-10-27 15:49:55,205: ISO File Writing: |==============      | (70/100)
[PiCamera @ picamera.py:185][DEBUG] 2017-10-27 15:49:55,205: ISO File Writing: |==============      | (71/100)
[PiCamera @ picamera.py:185][DEBUG] 2017-10-27 15:49:55,206: ISO File Writing: |==============      | (72/100)
[PiCamera @ picamera.py:185][DEBUG] 2017-10-27 15:49:55,206: ISO File Writing: |==============      | (73/100)
[PiCamera @ picamera.py:185][DEBUG] 2017-10-27 15:49:55,207: ISO File Writing: |==============      | (74/100)
[PiCamera @ picamera.py:185][DEBUG] 2017-10-27 15:49:55,208: ISO File Writing: |===============     | (75/100)
[PiCamera @ picamera.py:185][DEBUG] 2017-10-27 15:49:55,208: ISO File Writing: |===============     | (76/100)
[PiCamera @ picamera.py:185][DEBUG] 2017-10-27 15:49:55,209: ISO File Writing: |===============     | (77/100)
[PiCamera @ picamera.py:185][DEBUG] 2017-10-27 15:49:55,210: ISO File Writing: |===============     | (78/100)
[PiCamera @ picamera.py:185][DEBUG] 2017-10-27 15:49:55,210: ISO File Writing: |===============     | (79/100)
[PiCamera @ picamera.py:185][DEBUG] 2017-10-27 15:49:55,211: ISO File Writing: |================    | (80/100)
[PiCamera @ picamera.py:185][DEBUG] 2017-10-27 15:49:55,211: ISO File Writing: |================    | (81/100)
[PiCamera @ picamera.py:185][DEBUG] 2017-10-27 15:49:55,212: ISO File Writing: |================    | (82/100)
[PiCamera @ picamera.py:185][DEBUG] 2017-10-27 15:49:55,212: ISO File Writing: |================    | (83/100)
[PiCamera @ picamera.py:185][DEBUG] 2017-10-27 15:49:55,213: ISO File Writing: |================    | (84/100)
[PiCamera @ picamera.py:185][DEBUG] 2017-10-27 15:49:55,214: ISO File Writing: |=================   | (85/100)
[PiCamera @ picamera.py:185][DEBUG] 2017-10-27 15:49:55,214: ISO File Writing: |=================   | (86/100)
[PiCamera @ picamera.py:185][DEBUG] 2017-10-27 15:49:55,215: ISO File Writing: |=================   | (87/100)
[PiCamera @ picamera.py:185][DEBUG] 2017-10-27 15:49:55,215: ISO File Writing: |=================   | (88/100)
[PiCamera @ picamera.py:185][DEBUG] 2017-10-27 15:49:55,216: ISO File Writing: |=================   | (89/100)
[PiCamera @ picamera.py:185][DEBUG] 2017-10-27 15:49:55,216: ISO File Writing: |==================  | (90/100)
[PiCamera @ picamera.py:185][DEBUG] 2017-10-27 15:49:55,217: ISO File Writing: |==================  | (91/100)
[PiCamera @ picamera.py:185][DEBUG] 2017-10-27 15:49:55,218: ISO File Writing: |==================  | (92/100)
[PiCamera @ picamera.py:185][DEBUG] 2017-10-27 15:49:55,218: ISO File Writing: |==================  | (93/100)
[PiCamera @ picamera.py:185][DEBUG] 2017-10-27 15:49:55,219: ISO File Writing: |==================  | (94/100)
[PiCamera @ picamera.py:185][DEBUG] 2017-10-27 15:49:55,220: ISO File Writing: |=================== | (95/100)
[PiCamera @ picamera.py:185][DEBUG] 2017-10-27 15:49:55,220: ISO File Writing: |=================== | (96/100)
[PiCamera @ picamera.py:185][DEBUG] 2017-10-27 15:49:55,221: ISO File Writing: |=================== | (97/100)
[PiCamera @ picamera.py:185][DEBUG] 2017-10-27 15:49:55,221: ISO File Writing: |=================== | (98/100)
[PiCamera @ picamera.py:185][DEBUG] 2017-10-27 15:49:55,222: ISO File Writing: |=================== | (99/100)
[PiCamera @ picamera.py:185][DEBUG] 2017-10-27 15:49:55,223: 
[PiCamera @ picamera.py:189][DEBUG] 2017-10-27 15:49:55,225: Conversion complete! Removing temp file: 'videos/2017_Oct_27/NaborisOrchestrator/15_49_28.mp4.h264'
[PiCamera @ picamera.py:194][INFO] 2017-10-27 15:49:55,227: Wrote video to 'videos/2017_Oct_27/NaborisOrchestrator/15_49_28.mp4.h264'
