[PiCamera @ factory.py:85][DEBUG] 2017-10-27 15:49:00,785: Logging to: logs/2017_Oct_27/PiCamera/15_49_00.log
[PiCamera @ picamera.py:49][DEBUG] 2017-10-27 15:49:00,827: PiCamera setup
[PiCamera @ picamera.py:60][INFO] 2017-10-27 15:49:01,094: PiCamera initialized: <picamera.camera.PiCamera object at 0x6fec1ac0>
[PiCamera @ picamera.py:137][INFO] 2017-10-27 15:49:01,095: Warming up camera
[PiCamera @ picamera.py:91][INFO] 2017-10-27 15:49:03,125: Recording video on 'videos/2017_Oct_27/NaborisOrchestrator/15_49_00.mp4.h264'
[PiCamera @ node.py:64][DEBUG] 2017-10-27 15:49:13,284: [log buffer start]
[DEBUG, 1509133744.8827732]: PiCamera image received: ImageMessage(t=1509133744.8827546, n=15)
[DEBUG, 1509133744.9615095]: PiCamera image received: ImageMessage(t=1509133744.9614983, n=16)
[DEBUG, 1509133744.9946256]: PiCamera image received: ImageMessage(t=1509133744.994615, n=17)
[DEBUG, 1509133745.0264535]: PiCamera image received: ImageMessage(t=1509133745.0264456, n=18)
[DEBUG, 1509133745.059131]: PiCamera image received: ImageMessage(t=1509133745.0591218, n=19)
[DEBUG, 1509133745.0913246]: PiCamera image received: ImageMessage(t=1509133745.091316, n=20)
[DEBUG, 1509133745.1243563]: PiCamera image received: ImageMessage(t=1509133745.1243408, n=21)
[DEBUG, 1509133745.1572735]: PiCamera image received: ImageMessage(t=1509133745.1572587, n=22)
[DEBUG, 1509133745.1915329]: PiCamera image received: ImageMessage(t=1509133745.191517, n=23)
[DEBUG, 1509133745.2565336]: PiCamera image received: ImageMessage(t=1509133745.2565172, n=24)
[DEBUG, 1509133745.2890296]: PiCamera image received: ImageMessage(t=1509133745.2890146, n=25)
[DEBUG, 1509133745.3637846]: PiCamera image received: ImageMessage(t=1509133745.3637698, n=26)
[DEBUG, 1509133745.397131]: PiCamera image received: ImageMessage(t=1509133745.3971162, n=27)
[DEBUG, 1509133745.4296637]: PiCamera image received: ImageMessage(t=1509133745.4296489, n=28)
[DEBUG, 1509133745.4627364]: PiCamera image received: ImageMessage(t=1509133745.4627216, n=29)
[DEBUG, 1509133745.4980242]: PiCamera image received: ImageMessage(t=1509133745.4980087, n=30)
[DEBUG, 1509133745.5301]: PiCamera image received: ImageMessage(t=1509133745.5300858, n=31)
[DEBUG, 1509133745.564078]: PiCamera image received: ImageMessage(t=1509133745.5640635, n=32)
[DEBUG, 1509133745.596353]: PiCamera image received: ImageMessage(t=1509133745.596339, n=33)
[DEBUG, 1509133745.629098]: PiCamera image received: ImageMessage(t=1509133745.6290834, n=34)
[DEBUG, 1509133745.6617362]: PiCamera image received: ImageMessage(t=1509133745.6617208, n=35)
[DEBUG, 1509133745.6941416]: PiCamera image received: ImageMessage(t=1509133745.694127, n=36)
[DEBUG, 1509133745.7275443]: PiCamera image received: ImageMessage(t=1509133745.727529, n=37)
[DEBUG, 1509133745.7985816]: PiCamera image received: ImageMessage(t=1509133745.7985668, n=39)
[DEBUG, 1509133745.830989]: PiCamera image received: ImageMessage(t=1509133745.830974, n=40)
[DEBUG, 1509133745.8996685]: PiCamera image received: ImageMessage(t=1509133745.8996534, n=41)
[DEBUG, 1509133745.933985]: PiCamera image received: ImageMessage(t=1509133745.9339712, n=42)
[DEBUG, 1509133745.9680293]: PiCamera image received: ImageMessage(t=1509133745.9680142, n=43)
[DEBUG, 1509133746.0011864]: PiCamera image received: ImageMessage(t=1509133746.0011718, n=44)
[DEBUG, 1509133746.0339065]: PiCamera image received: ImageMessage(t=1509133746.0338905, n=45)
[DEBUG, 1509133746.0676203]: PiCamera image received: ImageMessage(t=1509133746.0676048, n=46)
[DEBUG, 1509133746.1006372]: PiCamera image received: ImageMessage(t=1509133746.100622, n=47)
[DEBUG, 1509133746.1431956]: PiCamera image received: ImageMessage(t=1509133746.143176, n=48)
[DEBUG, 1509133746.2347827]: PiCamera image received: ImageMessage(t=1509133746.2347636, n=49)
[DEBUG, 1509133746.30338]: PiCamera image received: ImageMessage(t=1509133746.3033624, n=50)
[DEBUG, 1509133746.358038]: PiCamera image received: ImageMessage(t=1509133746.3580213, n=51)
[DEBUG, 1509133746.5788956]: PiCamera image received: ImageMessage(t=1509133746.5788786, n=52)
[DEBUG, 1509133746.646129]: PiCamera image received: ImageMessage(t=1509133746.6457937, n=53)
[DEBUG, 1509133746.71554]: PiCamera image received: ImageMessage(t=1509133746.7155192, n=54)
[DEBUG, 1509133746.74909]: PiCamera image received: ImageMessage(t=1509133746.7490723, n=55)
[DEBUG, 1509133746.8155584]: PiCamera image received: ImageMessage(t=1509133746.8155427, n=56)
[DEBUG, 1509133746.848658]: PiCamera image received: ImageMessage(t=1509133746.848642, n=57)
[DEBUG, 1509133746.8895104]: PiCamera image received: ImageMessage(t=1509133746.8894951, n=58)
[DEBUG, 1509133746.9556336]: PiCamera image received: ImageMessage(t=1509133746.9556184, n=59)
[DEBUG, 1509133746.9878707]: PiCamera image received: ImageMessage(t=1509133746.9878557, n=61)
[DEBUG, 1509133747.0200655]: PiCamera image received: ImageMessage(t=1509133747.0200508, n=62)
[DEBUG, 1509133747.0531301]: PiCamera image received: ImageMessage(t=1509133747.0531158, n=63)
[DEBUG, 1509133747.0860205]: PiCamera image received: ImageMessage(t=1509133747.086006, n=64)
[DEBUG, 1509133747.1190624]: PiCamera image received: ImageMessage(t=1509133747.1190476, n=65)
[DEBUG, 1509133747.1863437]: PiCamera image received: ImageMessage(t=1509133747.1862679, n=66)
[DEBUG, 1509133747.2537825]: PiCamera image received: ImageMessage(t=1509133747.2537668, n=67)
[DEBUG, 1509133747.2871835]: PiCamera image received: ImageMessage(t=1509133747.2871685, n=68)
[DEBUG, 1509133747.3527558]: PiCamera image received: ImageMessage(t=1509133747.3527408, n=69)
[DEBUG, 1509133747.3907707]: PiCamera image received: ImageMessage(t=1509133747.3907557, n=70)
[DEBUG, 1509133747.424132]: PiCamera image received: ImageMessage(t=1509133747.424118, n=71)
[DEBUG, 1509133747.4594336]: PiCamera image received: ImageMessage(t=1509133747.4594185, n=72)
[DEBUG, 1509133747.49188]: PiCamera image received: ImageMessage(t=1509133747.4918654, n=73)
[DEBUG, 1509133747.5245986]: PiCamera image received: ImageMessage(t=1509133747.5245843, n=74)
[DEBUG, 1509133747.5585217]: PiCamera image received: ImageMessage(t=1509133747.558506, n=75)
[DEBUG, 1509133747.6250565]: PiCamera image received: ImageMessage(t=1509133747.6250417, n=76)
[DEBUG, 1509133747.657773]: PiCamera image received: ImageMessage(t=1509133747.6577585, n=77)
[DEBUG, 1509133747.6906817]: PiCamera image received: ImageMessage(t=1509133747.6906672, n=78)
[DEBUG, 1509133747.7582245]: PiCamera image received: ImageMessage(t=1509133747.758206, n=79)
[DEBUG, 1509133747.8296382]: PiCamera image received: ImageMessage(t=1509133747.8296223, n=80)
[DEBUG, 1509133747.8626864]: PiCamera image received: ImageMessage(t=1509133747.862671, n=81)
[DEBUG, 1509133747.9057512]: PiCamera image received: ImageMessage(t=1509133747.9057376, n=82)
[DEBUG, 1509133747.9732294]: PiCamera image received: ImageMessage(t=1509133747.9732137, n=83)
[DEBUG, 1509133748.0106993]: PiCamera image received: ImageMessage(t=1509133748.0106835, n=84)
[DEBUG, 1509133748.043799]: PiCamera image received: ImageMessage(t=1509133748.0437844, n=85)
[DEBUG, 1509133748.115736]: PiCamera image received: ImageMessage(t=1509133748.1157215, n=86)
[DEBUG, 1509133748.148744]: PiCamera image received: ImageMessage(t=1509133748.1487277, n=87)
[DEBUG, 1509133748.1814153]: PiCamera image received: ImageMessage(t=1509133748.1814015, n=88)
[DEBUG, 1509133748.2491438]: PiCamera image received: ImageMessage(t=1509133748.2491238, n=89)
[DEBUG, 1509133748.288695]: PiCamera image received: ImageMessage(t=1509133748.2886777, n=90)
[DEBUG, 1509133748.3674684]: PiCamera image received: ImageMessage(t=1509133748.3674529, n=91)
[DEBUG, 1509133748.4012554]: PiCamera image received: ImageMessage(t=1509133748.4012408, n=92)
[DEBUG, 1509133748.4998438]: PiCamera image received: ImageMessage(t=1509133748.4998283, n=93)
[DEBUG, 1509133748.5371141]: PiCamera image received: ImageMessage(t=1509133748.5370984, n=94)
[DEBUG, 1509133748.5738926]: PiCamera image received: ImageMessage(t=1509133748.5738773, n=95)
[DEBUG, 1509133748.6062086]: PiCamera image received: ImageMessage(t=1509133748.6061938, n=96)
[DEBUG, 1509133748.6752017]: PiCamera image received: ImageMessage(t=1509133748.6751866, n=97)
[DEBUG, 1509133748.7074678]: PiCamera image received: ImageMessage(t=1509133748.7074516, n=99)
[DEBUG, 1509133748.7402122]: PiCamera image received: ImageMessage(t=1509133748.7401955, n=100)
[DEBUG, 1509133748.7730198]: PiCamera image received: ImageMessage(t=1509133748.7730048, n=101)
[DEBUG, 1509133748.8056502]: PiCamera image received: ImageMessage(t=1509133748.8056357, n=102)
[DEBUG, 1509133748.838762]: PiCamera image received: ImageMessage(t=1509133748.8387434, n=103)
[DEBUG, 1509133748.8713832]: PiCamera image received: ImageMessage(t=1509133748.8713686, n=104)
[DEBUG, 1509133748.939323]: PiCamera image received: ImageMessage(t=1509133748.9393053, n=105)
[DEBUG, 1509133749.0133126]: PiCamera image received: ImageMessage(t=1509133749.013297, n=106)
[DEBUG, 1509133749.0474358]: PiCamera image received: ImageMessage(t=1509133749.0474205, n=107)
[DEBUG, 1509133749.080549]: PiCamera image received: ImageMessage(t=1509133749.0805342, n=108)
[DEBUG, 1509133749.150622]: PiCamera image received: ImageMessage(t=1509133749.1506078, n=109)
[DEBUG, 1509133749.1831331]: PiCamera image received: ImageMessage(t=1509133749.1831183, n=110)
[DEBUG, 1509133749.2157686]: PiCamera image received: ImageMessage(t=1509133749.215753, n=111)
[DEBUG, 1509133749.248751]: PiCamera image received: ImageMessage(t=1509133749.2487352, n=112)
[DEBUG, 1509133749.3141575]: PiCamera image received: ImageMessage(t=1509133749.31414, n=113)
[DEBUG, 1509133749.346915]: PiCamera image received: ImageMessage(t=1509133749.3469005, n=114)
[DEBUG, 1509133749.4241316]: PiCamera image received: ImageMessage(t=1509133749.4241173, n=116)
[DEBUG, 1509133749.4894774]: PiCamera image received: ImageMessage(t=1509133749.4894614, n=117)
[DEBUG, 1509133749.5253544]: PiCamera image received: ImageMessage(t=1509133749.5253031, n=118)
[DEBUG, 1509133749.5604358]: PiCamera image received: ImageMessage(t=1509133749.5604205, n=119)
[DEBUG, 1509133749.6269176]: PiCamera image received: ImageMessage(t=1509133749.6269038, n=120)
[DEBUG, 1509133749.6621134]: PiCamera image received: ImageMessage(t=1509133749.662099, n=121)
[DEBUG, 1509133749.7286258]: PiCamera image received: ImageMessage(t=1509133749.7286043, n=122)
[DEBUG, 1509133749.8393872]: PiCamera image received: ImageMessage(t=1509133749.8393674, n=123)
[DEBUG, 1509133749.8730073]: PiCamera image received: ImageMessage(t=1509133749.87299, n=124)
[DEBUG, 1509133749.9412723]: PiCamera image received: ImageMessage(t=1509133749.9412532, n=125)
[DEBUG, 1509133750.007114]: PiCamera image received: ImageMessage(t=1509133750.007098, n=126)
[DEBUG, 1509133750.0397122]: PiCamera image received: ImageMessage(t=1509133750.0396972, n=127)
[DEBUG, 1509133750.1051192]: PiCamera image received: ImageMessage(t=1509133750.1051044, n=128)
[DEBUG, 1509133750.1745758]: PiCamera image received: ImageMessage(t=1509133750.174561, n=129)
[DEBUG, 1509133750.2074835]: PiCamera image received: ImageMessage(t=1509133750.207469, n=130)
[DEBUG, 1509133750.2400334]: PiCamera image received: ImageMessage(t=1509133750.2400186, n=131)
[DEBUG, 1509133750.2725832]: PiCamera image received: ImageMessage(t=1509133750.2725685, n=132)
[DEBUG, 1509133750.3429074]: PiCamera image received: ImageMessage(t=1509133750.3428874, n=133)
[DEBUG, 1509133750.3752654]: PiCamera image received: ImageMessage(t=1509133750.3752506, n=134)
[DEBUG, 1509133750.4076462]: PiCamera image received: ImageMessage(t=1509133750.407632, n=135)
[DEBUG, 1509133750.5057163]: PiCamera image received: ImageMessage(t=1509133750.5057008, n=136)
[DEBUG, 1509133750.5384948]: PiCamera image received: ImageMessage(t=1509133750.5384798, n=137)
[DEBUG, 1509133750.6105351]: PiCamera image received: ImageMessage(t=1509133750.6105201, n=138)
[DEBUG, 1509133750.6434932]: PiCamera image received: ImageMessage(t=1509133750.6434782, n=139)
[DEBUG, 1509133750.7145753]: PiCamera image received: ImageMessage(t=1509133750.714542, n=140)
[DEBUG, 1509133750.7514555]: PiCamera image received: ImageMessage(t=1509133750.7514374, n=141)
[DEBUG, 1509133750.7870054]: PiCamera image received: ImageMessage(t=1509133750.7869895, n=142)
[DEBUG, 1509133750.8197935]: PiCamera image received: ImageMessage(t=1509133750.8197777, n=143)
[DEBUG, 1509133750.8860471]: PiCamera image received: ImageMessage(t=1509133750.8860283, n=144)
[DEBUG, 1509133750.9587662]: PiCamera image received: ImageMessage(t=1509133750.9587307, n=145)
[DEBUG, 1509133750.99231]: PiCamera image received: ImageMessage(t=1509133750.9922724, n=146)
[DEBUG, 1509133751.0585659]: PiCamera image received: ImageMessage(t=1509133751.0585303, n=147)
[DEBUG, 1509133751.091643]: PiCamera image received: ImageMessage(t=1509133751.0916288, n=148)
[DEBUG, 1509133751.15572]: PiCamera image received: ImageMessage(t=1509133751.15569, n=149)
[DEBUG, 1509133751.1889203]: PiCamera image received: ImageMessage(t=1509133751.1889045, n=150)
[DEBUG, 1509133751.2555723]: PiCamera image received: ImageMessage(t=1509133751.2555459, n=151)
[DEBUG, 1509133751.288734]: PiCamera image received: ImageMessage(t=1509133751.2887182, n=152)
[DEBUG, 1509133751.3621461]: PiCamera image received: ImageMessage(t=1509133751.3621278, n=153)
[DEBUG, 1509133751.4295034]: PiCamera image received: ImageMessage(t=1509133751.4294894, n=154)
[DEBUG, 1509133751.4632595]: PiCamera image received: ImageMessage(t=1509133751.4632452, n=155)
[DEBUG, 1509133751.4963696]: PiCamera image received: ImageMessage(t=1509133751.4963534, n=156)
[DEBUG, 1509133751.5618849]: PiCamera image received: ImageMessage(t=1509133751.5618668, n=157)
[DEBUG, 1509133751.5951667]: PiCamera image received: ImageMessage(t=1509133751.595152, n=158)
[DEBUG, 1509133751.6951127]: PiCamera image received: ImageMessage(t=1509133751.6950974, n=159)
[DEBUG, 1509133751.728588]: PiCamera image received: ImageMessage(t=1509133751.7285738, n=160)
[DEBUG, 1509133751.8001366]: PiCamera image received: ImageMessage(t=1509133751.800118, n=161)
[DEBUG, 1509133751.8579705]: PiCamera image received: ImageMessage(t=1509133751.8579524, n=162)
[DEBUG, 1509133751.9258745]: PiCamera image received: ImageMessage(t=1509133751.9258585, n=163)
[DEBUG, 1509133751.9960475]: PiCamera image received: ImageMessage(t=1509133751.9960313, n=164)
[DEBUG, 1509133752.061407]: PiCamera image received: ImageMessage(t=1509133752.061391, n=165)
[DEBUG, 1509133752.1001678]: PiCamera image received: ImageMessage(t=1509133752.1001527, n=166)
[DEBUG, 1509133752.1330056]: PiCamera image received: ImageMessage(t=1509133752.132991, n=167)
[DEBUG, 1509133752.2063236]: PiCamera image received: ImageMessage(t=1509133752.2063096, n=168)
[DEBUG, 1509133752.2393854]: PiCamera image received: ImageMessage(t=1509133752.2393703, n=169)
[DEBUG, 1509133752.306347]: PiCamera image received: ImageMessage(t=1509133752.3063328, n=170)
[DEBUG, 1509133752.3400133]: PiCamera image received: ImageMessage(t=1509133752.3399987, n=171)
[DEBUG, 1509133752.4138162]: PiCamera image received: ImageMessage(t=1509133752.4137962, n=172)
[DEBUG, 1509133752.4476233]: PiCamera image received: ImageMessage(t=1509133752.4476085, n=173)
[DEBUG, 1509133752.5240035]: PiCamera image received: ImageMessage(t=1509133752.5239468, n=174)
[DEBUG, 1509133752.5572495]: PiCamera image received: ImageMessage(t=1509133752.5572321, n=175)
[DEBUG, 1509133752.5937693]: PiCamera image received: ImageMessage(t=1509133752.5937555, n=176)
[DEBUG, 1509133752.6376553]: PiCamera image received: ImageMessage(t=1509133752.6376402, n=177)
[DEBUG, 1509133752.6700501]: PiCamera image received: ImageMessage(t=1509133752.6700351, n=178)
[DEBUG, 1509133752.7107396]: PiCamera image received: ImageMessage(t=1509133752.710725, n=179)
[DEBUG, 1509133752.7755566]: PiCamera image received: ImageMessage(t=1509133752.7755423, n=180)
[DEBUG, 1509133752.8117397]: PiCamera image received: ImageMessage(t=1509133752.811722, n=181)
[DEBUG, 1509133752.8796268]: PiCamera image received: ImageMessage(t=1509133752.8796072, n=182)
[DEBUG, 1509133752.91197]: PiCamera image received: ImageMessage(t=1509133752.9119544, n=183)
[DEBUG, 1509133752.9829853]: PiCamera image received: ImageMessage(t=1509133752.98297, n=184)
[DEBUG, 1509133753.017867]: PiCamera image received: ImageMessage(t=1509133753.0178523, n=185)
[DEBUG, 1509133753.0507135]: PiCamera image received: ImageMessage(t=1509133753.0506983, n=186)
[DEBUG, 1509133753.0842113]: PiCamera image received: ImageMessage(t=1509133753.0841968, n=187)
[DEBUG, 1509133753.1491845]: PiCamera image received: ImageMessage(t=1509133753.1491685, n=188)
[DEBUG, 1509133753.181824]: PiCamera image received: ImageMessage(t=1509133753.1818092, n=189)
[DEBUG, 1509133753.2506256]: PiCamera image received: ImageMessage(t=1509133753.250606, n=190)
[DEBUG, 1509133753.283681]: PiCamera image received: ImageMessage(t=1509133753.283666, n=191)
[log buffer end]
[PiCamera @ node.py:66][DEBUG] 2017-10-27 15:49:13,285: logging message buffer (len=16474)
[PiCamera @ node.py:64][DEBUG] 2017-10-27 15:49:20,814: [log buffer start]
[DEBUG, 1509133753.3184323]: PiCamera image received: ImageMessage(t=1509133753.318418, n=192)
[DEBUG, 1509133753.3905087]: PiCamera image received: ImageMessage(t=1509133753.3904932, n=193)
[DEBUG, 1509133753.4238675]: PiCamera image received: ImageMessage(t=1509133753.4238534, n=194)
[DEBUG, 1509133753.461965]: PiCamera image received: ImageMessage(t=1509133753.4619377, n=195)
[DEBUG, 1509133753.4950185]: PiCamera image received: ImageMessage(t=1509133753.4950044, n=196)
[DEBUG, 1509133753.5605137]: PiCamera image received: ImageMessage(t=1509133753.5604968, n=197)
[DEBUG, 1509133753.5936973]: PiCamera image received: ImageMessage(t=1509133753.5936823, n=198)
[DEBUG, 1509133753.625986]: PiCamera image received: ImageMessage(t=1509133753.6259708, n=199)
[DEBUG, 1509133753.6909354]: PiCamera image received: ImageMessage(t=1509133753.6909213, n=200)
[DEBUG, 1509133753.7384205]: PiCamera image received: ImageMessage(t=1509133753.7384033, n=201)
[DEBUG, 1509133753.7732441]: PiCamera image received: ImageMessage(t=1509133753.7732291, n=202)
[DEBUG, 1509133753.805755]: PiCamera image received: ImageMessage(t=1509133753.80574, n=203)
[DEBUG, 1509133753.8726106]: PiCamera image received: ImageMessage(t=1509133753.8725958, n=204)
[DEBUG, 1509133753.90675]: PiCamera image received: ImageMessage(t=1509133753.9067361, n=205)
[DEBUG, 1509133753.9388514]: PiCamera image received: ImageMessage(t=1509133753.938837, n=206)
[DEBUG, 1509133753.971928]: PiCamera image received: ImageMessage(t=1509133753.971913, n=207)
[DEBUG, 1509133754.040322]: PiCamera image received: ImageMessage(t=1509133754.0403068, n=208)
[DEBUG, 1509133754.106789]: PiCamera image received: ImageMessage(t=1509133754.1067703, n=209)
[DEBUG, 1509133754.1779678]: PiCamera image received: ImageMessage(t=1509133754.1779535, n=210)
[DEBUG, 1509133754.210734]: PiCamera image received: ImageMessage(t=1509133754.2107189, n=211)
[DEBUG, 1509133754.2438297]: PiCamera image received: ImageMessage(t=1509133754.2438157, n=212)
[DEBUG, 1509133754.277389]: PiCamera image received: ImageMessage(t=1509133754.2773736, n=213)
[DEBUG, 1509133754.3430607]: PiCamera image received: ImageMessage(t=1509133754.343046, n=214)
[DEBUG, 1509133754.3757217]: PiCamera image received: ImageMessage(t=1509133754.3757074, n=215)
[DEBUG, 1509133754.4238026]: PiCamera image received: ImageMessage(t=1509133754.4237885, n=216)
[DEBUG, 1509133754.460513]: PiCamera image received: ImageMessage(t=1509133754.460498, n=217)
[DEBUG, 1509133754.493323]: PiCamera image received: ImageMessage(t=1509133754.493307, n=218)
[DEBUG, 1509133754.526777]: PiCamera image received: ImageMessage(t=1509133754.5267587, n=219)
[DEBUG, 1509133754.5648155]: PiCamera image received: ImageMessage(t=1509133754.5648015, n=220)
[DEBUG, 1509133754.633832]: PiCamera image received: ImageMessage(t=1509133754.6338074, n=221)
[DEBUG, 1509133754.6662412]: PiCamera image received: ImageMessage(t=1509133754.666227, n=222)
[DEBUG, 1509133754.7380903]: PiCamera image received: ImageMessage(t=1509133754.7380567, n=223)
[DEBUG, 1509133754.8211708]: PiCamera image received: ImageMessage(t=1509133754.8211546, n=224)
[DEBUG, 1509133754.893561]: PiCamera image received: ImageMessage(t=1509133754.8935459, n=225)
[DEBUG, 1509133754.9264033]: PiCamera image received: ImageMessage(t=1509133754.9263887, n=226)
[DEBUG, 1509133754.991803]: PiCamera image received: ImageMessage(t=1509133754.991783, n=227)
[DEBUG, 1509133755.0241652]: PiCamera image received: ImageMessage(t=1509133755.0241501, n=228)
[DEBUG, 1509133755.0899959]: PiCamera image received: ImageMessage(t=1509133755.0899808, n=229)
[DEBUG, 1509133755.1557314]: PiCamera image received: ImageMessage(t=1509133755.1557152, n=230)
[DEBUG, 1509133755.1887255]: PiCamera image received: ImageMessage(t=1509133755.1887105, n=231)
[DEBUG, 1509133755.2543316]: PiCamera image received: ImageMessage(t=1509133755.2543166, n=232)
[DEBUG, 1509133755.2924805]: PiCamera image received: ImageMessage(t=1509133755.2924628, n=233)
[DEBUG, 1509133755.3666558]: PiCamera image received: ImageMessage(t=1509133755.3666408, n=234)
[DEBUG, 1509133755.3989787]: PiCamera image received: ImageMessage(t=1509133755.3989642, n=235)
[DEBUG, 1509133755.4314651]: PiCamera image received: ImageMessage(t=1509133755.4314506, n=236)
[DEBUG, 1509133755.4640112]: PiCamera image received: ImageMessage(t=1509133755.4639964, n=237)
[DEBUG, 1509133755.4974144]: PiCamera image received: ImageMessage(t=1509133755.4973993, n=238)
[DEBUG, 1509133755.5304852]: PiCamera image received: ImageMessage(t=1509133755.5304708, n=239)
[DEBUG, 1509133755.6324794]: PiCamera image received: ImageMessage(t=1509133755.6324556, n=240)
[DEBUG, 1509133755.6728659]: PiCamera image received: ImageMessage(t=1509133755.6728497, n=241)
[DEBUG, 1509133755.7427022]: PiCamera image received: ImageMessage(t=1509133755.7426867, n=242)
[DEBUG, 1509133755.7755747]: PiCamera image received: ImageMessage(t=1509133755.77556, n=243)
[DEBUG, 1509133755.8087964]: PiCamera image received: ImageMessage(t=1509133755.8087814, n=244)
[DEBUG, 1509133755.84474]: PiCamera image received: ImageMessage(t=1509133755.8447244, n=245)
[DEBUG, 1509133755.9200191]: PiCamera image received: ImageMessage(t=1509133755.920004, n=246)
[DEBUG, 1509133755.964162]: PiCamera image received: ImageMessage(t=1509133755.9641438, n=247)
[DEBUG, 1509133755.99857]: PiCamera image received: ImageMessage(t=1509133755.9985554, n=248)
[DEBUG, 1509133756.0327337]: PiCamera image received: ImageMessage(t=1509133756.0327187, n=249)
[DEBUG, 1509133756.1314428]: PiCamera image received: ImageMessage(t=1509133756.1314268, n=250)
[DEBUG, 1509133756.1642044]: PiCamera image received: ImageMessage(t=1509133756.1641884, n=251)
[DEBUG, 1509133756.2406187]: PiCamera image received: ImageMessage(t=1509133756.2406027, n=252)
[DEBUG, 1509133756.2737095]: PiCamera image received: ImageMessage(t=1509133756.2736943, n=253)
[DEBUG, 1509133756.306206]: PiCamera image received: ImageMessage(t=1509133756.3061903, n=254)
[DEBUG, 1509133756.3714943]: PiCamera image received: ImageMessage(t=1509133756.3714724, n=255)
[DEBUG, 1509133756.4071329]: PiCamera image received: ImageMessage(t=1509133756.4071193, n=256)
[DEBUG, 1509133756.4718015]: PiCamera image received: ImageMessage(t=1509133756.4717865, n=257)
[DEBUG, 1509133756.506746]: PiCamera image received: ImageMessage(t=1509133756.5067306, n=258)
[DEBUG, 1509133756.5812151]: PiCamera image received: ImageMessage(t=1509133756.5812013, n=259)
[DEBUG, 1509133756.6155384]: PiCamera image received: ImageMessage(t=1509133756.6155236, n=260)
[DEBUG, 1509133756.6501586]: PiCamera image received: ImageMessage(t=1509133756.6501427, n=261)
[DEBUG, 1509133756.6832912]: PiCamera image received: ImageMessage(t=1509133756.6832752, n=262)
[DEBUG, 1509133756.7209563]: PiCamera image received: ImageMessage(t=1509133756.7209382, n=263)
[DEBUG, 1509133756.786159]: PiCamera image received: ImageMessage(t=1509133756.7861428, n=264)
[DEBUG, 1509133756.818656]: PiCamera image received: ImageMessage(t=1509133756.8186414, n=265)
[DEBUG, 1509133756.894356]: PiCamera image received: ImageMessage(t=1509133756.8943412, n=266)
[DEBUG, 1509133756.9271684]: PiCamera image received: ImageMessage(t=1509133756.9271538, n=267)
[DEBUG, 1509133756.960569]: PiCamera image received: ImageMessage(t=1509133756.9605541, n=268)
[DEBUG, 1509133757.0593297]: PiCamera image received: ImageMessage(t=1509133757.0593147, n=269)
[DEBUG, 1509133757.0923648]: PiCamera image received: ImageMessage(t=1509133757.0923502, n=270)
[DEBUG, 1509133757.1297746]: PiCamera image received: ImageMessage(t=1509133757.1296716, n=271)
[DEBUG, 1509133757.165726]: PiCamera image received: ImageMessage(t=1509133757.1657126, n=272)
[DEBUG, 1509133757.211866]: PiCamera image received: ImageMessage(t=1509133757.211846, n=273)
[DEBUG, 1509133757.3192372]: PiCamera image received: ImageMessage(t=1509133757.3192174, n=274)
[DEBUG, 1509133757.3518124]: PiCamera image received: ImageMessage(t=1509133757.3517973, n=275)
[DEBUG, 1509133757.4169483]: PiCamera image received: ImageMessage(t=1509133757.4169323, n=276)
[DEBUG, 1509133757.4857368]: PiCamera image received: ImageMessage(t=1509133757.485721, n=277)
[DEBUG, 1509133757.5201268]: PiCamera image received: ImageMessage(t=1509133757.5201118, n=278)
[DEBUG, 1509133757.5522609]: PiCamera image received: ImageMessage(t=1509133757.5522463, n=279)
[DEBUG, 1509133757.5854685]: PiCamera image received: ImageMessage(t=1509133757.585454, n=280)
[DEBUG, 1509133757.653107]: PiCamera image received: ImageMessage(t=1509133757.6530898, n=281)
[DEBUG, 1509133757.685987]: PiCamera image received: ImageMessage(t=1509133757.685971, n=282)
[DEBUG, 1509133757.7513201]: PiCamera image received: ImageMessage(t=1509133757.7513056, n=283)
[DEBUG, 1509133757.7840452]: PiCamera image received: ImageMessage(t=1509133757.784031, n=284)
[DEBUG, 1509133757.8490493]: PiCamera image received: ImageMessage(t=1509133757.8490345, n=285)
[DEBUG, 1509133757.9206135]: PiCamera image received: ImageMessage(t=1509133757.9205983, n=286)
[DEBUG, 1509133757.953586]: PiCamera image received: ImageMessage(t=1509133757.953571, n=287)
[DEBUG, 1509133757.9856703]: PiCamera image received: ImageMessage(t=1509133757.9856558, n=288)
[DEBUG, 1509133758.0192251]: PiCamera image received: ImageMessage(t=1509133758.0192106, n=289)
[DEBUG, 1509133758.0902576]: PiCamera image received: ImageMessage(t=1509133758.0902426, n=290)
[DEBUG, 1509133758.1228313]: PiCamera image received: ImageMessage(t=1509133758.1228163, n=291)
[DEBUG, 1509133758.1551287]: PiCamera image received: ImageMessage(t=1509133758.1551135, n=292)
[DEBUG, 1509133758.2209725]: PiCamera image received: ImageMessage(t=1509133758.220958, n=293)
[DEBUG, 1509133758.2874067]: PiCamera image received: ImageMessage(t=1509133758.2873917, n=294)
[DEBUG, 1509133758.3532672]: PiCamera image received: ImageMessage(t=1509133758.3532505, n=295)
[DEBUG, 1509133758.3886633]: PiCamera image received: ImageMessage(t=1509133758.3886487, n=296)
[DEBUG, 1509133758.4580162]: PiCamera image received: ImageMessage(t=1509133758.457998, n=297)
[DEBUG, 1509133758.490278]: PiCamera image received: ImageMessage(t=1509133758.4902632, n=298)
[DEBUG, 1509133758.5261052]: PiCamera image received: ImageMessage(t=1509133758.5260894, n=299)
[DEBUG, 1509133758.5923145]: PiCamera image received: ImageMessage(t=1509133758.5923, n=300)
[DEBUG, 1509133758.62646]: PiCamera image received: ImageMessage(t=1509133758.6264458, n=301)
[DEBUG, 1509133758.6587007]: PiCamera image received: ImageMessage(t=1509133758.6586862, n=302)
[DEBUG, 1509133758.6919885]: PiCamera image received: ImageMessage(t=1509133758.6919723, n=303)
[DEBUG, 1509133758.7699907]: PiCamera image received: ImageMessage(t=1509133758.7699714, n=304)
[DEBUG, 1509133758.8031096]: PiCamera image received: ImageMessage(t=1509133758.803095, n=305)
[DEBUG, 1509133758.8743913]: PiCamera image received: ImageMessage(t=1509133758.8743138, n=306)
[DEBUG, 1509133758.9122]: PiCamera image received: ImageMessage(t=1509133758.9121852, n=307)
[DEBUG, 1509133758.9767303]: PiCamera image received: ImageMessage(t=1509133758.9767148, n=308)
[DEBUG, 1509133759.0517893]: PiCamera image received: ImageMessage(t=1509133759.0517755, n=309)
[DEBUG, 1509133759.084693]: PiCamera image received: ImageMessage(t=1509133759.084678, n=310)
[DEBUG, 1509133759.117321]: PiCamera image received: ImageMessage(t=1509133759.117306, n=311)
[DEBUG, 1509133759.1501997]: PiCamera image received: ImageMessage(t=1509133759.150184, n=312)
[DEBUG, 1509133759.2158601]: PiCamera image received: ImageMessage(t=1509133759.2158453, n=313)
[DEBUG, 1509133759.2485259]: PiCamera image received: ImageMessage(t=1509133759.24851, n=314)
[DEBUG, 1509133759.2807798]: PiCamera image received: ImageMessage(t=1509133759.2807648, n=315)
[DEBUG, 1509133759.3453474]: PiCamera image received: ImageMessage(t=1509133759.3453317, n=316)
[DEBUG, 1509133759.3784328]: PiCamera image received: ImageMessage(t=1509133759.3784177, n=317)
[DEBUG, 1509133759.4147859]: PiCamera image received: ImageMessage(t=1509133759.4147701, n=318)
[DEBUG, 1509133759.4494376]: PiCamera image received: ImageMessage(t=1509133759.449423, n=319)
[DEBUG, 1509133759.5155811]: PiCamera image received: ImageMessage(t=1509133759.5155652, n=320)
[DEBUG, 1509133759.548358]: PiCamera image received: ImageMessage(t=1509133759.5483432, n=321)
[DEBUG, 1509133759.5813282]: PiCamera image received: ImageMessage(t=1509133759.5813138, n=322)
[DEBUG, 1509133759.646783]: PiCamera image received: ImageMessage(t=1509133759.6467683, n=323)
[DEBUG, 1509133759.6792479]: PiCamera image received: ImageMessage(t=1509133759.6792333, n=324)
[DEBUG, 1509133759.712062]: PiCamera image received: ImageMessage(t=1509133759.7120466, n=325)
[DEBUG, 1509133759.7827923]: PiCamera image received: ImageMessage(t=1509133759.782775, n=326)
[DEBUG, 1509133759.8183317]: PiCamera image received: ImageMessage(t=1509133759.8183162, n=327)
[DEBUG, 1509133759.8632185]: PiCamera image received: ImageMessage(t=1509133759.863203, n=328)
[DEBUG, 1509133759.896874]: PiCamera image received: ImageMessage(t=1509133759.8968587, n=329)
[DEBUG, 1509133759.9628956]: PiCamera image received: ImageMessage(t=1509133759.9628792, n=330)
[DEBUG, 1509133759.9962418]: PiCamera image received: ImageMessage(t=1509133759.9962258, n=331)
[DEBUG, 1509133760.030088]: PiCamera image received: ImageMessage(t=1509133760.0300696, n=332)
[DEBUG, 1509133760.0954044]: PiCamera image received: ImageMessage(t=1509133760.0953891, n=333)
[DEBUG, 1509133760.160174]: PiCamera image received: ImageMessage(t=1509133760.1601589, n=334)
[DEBUG, 1509133760.1925719]: PiCamera image received: ImageMessage(t=1509133760.1925566, n=335)
[DEBUG, 1509133760.2655983]: PiCamera image received: ImageMessage(t=1509133760.265582, n=336)
[DEBUG, 1509133760.2989967]: PiCamera image received: ImageMessage(t=1509133760.2989807, n=337)
[DEBUG, 1509133760.3659923]: PiCamera image received: ImageMessage(t=1509133760.3659773, n=338)
[DEBUG, 1509133760.4317605]: PiCamera image received: ImageMessage(t=1509133760.4317448, n=339)
[DEBUG, 1509133760.4647734]: PiCamera image received: ImageMessage(t=1509133760.464758, n=340)
[DEBUG, 1509133760.546392]: PiCamera image received: ImageMessage(t=1509133760.5463762, n=341)
[DEBUG, 1509133760.6110125]: PiCamera image received: ImageMessage(t=1509133760.6109972, n=342)
[DEBUG, 1509133760.643542]: PiCamera image received: ImageMessage(t=1509133760.6435275, n=343)
[DEBUG, 1509133760.6759446]: PiCamera image received: ImageMessage(t=1509133760.67593, n=344)
[DEBUG, 1509133760.708205]: PiCamera image received: ImageMessage(t=1509133760.7081907, n=345)
[DEBUG, 1509133760.741221]: PiCamera image received: ImageMessage(t=1509133760.741206, n=346)
[DEBUG, 1509133760.7744114]: PiCamera image received: ImageMessage(t=1509133760.7743967, n=347)
[log buffer end]
[PiCamera @ node.py:66][DEBUG] 2017-10-27 15:49:20,816: logging message buffer (len=14923)
[PiCamera @ node.py:87][INFO] 2017-10-27 15:49:20,817: Node took 20.03147864341736s to run
[PiCamera @ picamera.py:185][DEBUG] 2017-10-27 15:49:20,914: AVC-H264 import - frame size 640 x 480 at 25.000 FPS
[PiCamera @ picamera.py:185][DEBUG] 2017-10-27 15:49:20,919: Importing AVC-H264: |                    | (01/100)
[PiCamera @ picamera.py:185][DEBUG] 2017-10-27 15:49:20,921: Importing AVC-H264: |                    | (02/100)
[PiCamera @ picamera.py:185][DEBUG] 2017-10-27 15:49:20,924: Importing AVC-H264: |                    | (03/100)
[PiCamera @ picamera.py:185][DEBUG] 2017-10-27 15:49:20,927: Importing AVC-H264: |                    | (04/100)
[PiCamera @ picamera.py:185][DEBUG] 2017-10-27 15:49:20,929: Importing AVC-H264: |=                   | (05/100)
[PiCamera @ picamera.py:185][DEBUG] 2017-10-27 15:49:20,931: Importing AVC-H264: |=                   | (06/100)
[PiCamera @ picamera.py:185][DEBUG] 2017-10-27 15:49:20,933: Importing AVC-H264: |=                   | (07/100)
[PiCamera @ picamera.py:185][DEBUG] 2017-10-27 15:49:20,936: Importing AVC-H264: |=                   | (08/100)
[PiCamera @ picamera.py:185][DEBUG] 2017-10-27 15:49:20,938: Importing AVC-H264: |=                   | (09/100)
[PiCamera @ picamera.py:185][DEBUG] 2017-10-27 15:49:20,940: Importing AVC-H264: |==                  | (10/100)
[PiCamera @ picamera.py:185][DEBUG] 2017-10-27 15:49:20,943: Importing AVC-H264: |==                  | (11/100)
[PiCamera @ picamera.py:185][DEBUG] 2017-10-27 15:49:20,947: Importing AVC-H264: |==                  | (12/100)
[PiCamera @ picamera.py:185][DEBUG] 2017-10-27 15:49:20,949: Importing AVC-H264: |==                  | (13/100)
[PiCamera @ picamera.py:185][DEBUG] 2017-10-27 15:49:20,951: Importing AVC-H264: |==                  | (14/100)
[PiCamera @ picamera.py:185][DEBUG] 2017-10-27 15:49:20,953: Importing AVC-H264: |===                 | (15/100)
[PiCamera @ picamera.py:185][DEBUG] 2017-10-27 15:49:20,956: Importing AVC-H264: |===                 | (16/100)
[PiCamera @ picamera.py:185][DEBUG] 2017-10-27 15:49:20,959: Importing AVC-H264: |===                 | (17/100)
[PiCamera @ picamera.py:185][DEBUG] 2017-10-27 15:49:20,961: Importing AVC-H264: |===                 | (18/100)
[PiCamera @ picamera.py:185][DEBUG] 2017-10-27 15:49:20,963: Importing AVC-H264: |===                 | (19/100)
[PiCamera @ picamera.py:185][DEBUG] 2017-10-27 15:49:20,964: Importing AVC-H264: |====                | (20/100)
[PiCamera @ picamera.py:185][DEBUG] 2017-10-27 15:49:20,966: Importing AVC-H264: |====                | (21/100)
[PiCamera @ picamera.py:185][DEBUG] 2017-10-27 15:49:20,969: Importing AVC-H264: |====                | (22/100)
[PiCamera @ picamera.py:185][DEBUG] 2017-10-27 15:49:20,973: Importing AVC-H264: |====                | (23/100)
[PiCamera @ picamera.py:185][DEBUG] 2017-10-27 15:49:20,975: Importing AVC-H264: |====                | (24/100)
[PiCamera @ picamera.py:185][DEBUG] 2017-10-27 15:49:20,985: Importing AVC-H264: |=====               | (25/100)
[PiCamera @ picamera.py:185][DEBUG] 2017-10-27 15:49:20,986: Importing AVC-H264: |=====               | (26/100)
[PiCamera @ picamera.py:185][DEBUG] 2017-10-27 15:49:20,988: Importing AVC-H264: |=====               | (27/100)
[PiCamera @ picamera.py:185][DEBUG] 2017-10-27 15:49:20,989: Importing AVC-H264: |=====               | (28/100)
[PiCamera @ picamera.py:185][DEBUG] 2017-10-27 15:49:20,991: Importing AVC-H264: |=====               | (29/100)
[PiCamera @ picamera.py:185][DEBUG] 2017-10-27 15:49:20,993: Importing AVC-H264: |======              | (30/100)
[PiCamera @ picamera.py:185][DEBUG] 2017-10-27 15:49:20,994: Importing AVC-H264: |======              | (31/100)
[PiCamera @ picamera.py:185][DEBUG] 2017-10-27 15:49:20,995: Importing AVC-H264: |======              | (32/100)
[PiCamera @ picamera.py:185][DEBUG] 2017-10-27 15:49:20,995: Importing AVC-H264: |======              | (33/100)
[PiCamera @ picamera.py:185][DEBUG] 2017-10-27 15:49:20,996: Importing AVC-H264: |======              | (34/100)
[PiCamera @ picamera.py:185][DEBUG] 2017-10-27 15:49:20,997: Importing AVC-H264: |=======             | (35/100)
[PiCamera @ picamera.py:185][DEBUG] 2017-10-27 15:49:20,998: Importing AVC-H264: |=======             | (36/100)
[PiCamera @ picamera.py:185][DEBUG] 2017-10-27 15:49:21,001: Importing AVC-H264: |=======             | (37/100)
[PiCamera @ picamera.py:185][DEBUG] 2017-10-27 15:49:21,002: Importing AVC-H264: |=======             | (38/100)
[PiCamera @ picamera.py:185][DEBUG] 2017-10-27 15:49:21,004: Importing AVC-H264: |=======             | (39/100)
[PiCamera @ picamera.py:185][DEBUG] 2017-10-27 15:49:21,005: Importing AVC-H264: |========            | (40/100)
[PiCamera @ picamera.py:185][DEBUG] 2017-10-27 15:49:21,007: Importing AVC-H264: |========            | (41/100)
[PiCamera @ picamera.py:185][DEBUG] 2017-10-27 15:49:21,009: Importing AVC-H264: |========            | (42/100)
[PiCamera @ picamera.py:185][DEBUG] 2017-10-27 15:49:21,013: Importing AVC-H264: |========            | (43/100)
[PiCamera @ picamera.py:185][DEBUG] 2017-10-27 15:49:21,014: Importing AVC-H264: |========            | (44/100)
[PiCamera @ picamera.py:185][DEBUG] 2017-10-27 15:49:21,015: Importing AVC-H264: |=========           | (45/100)
[PiCamera @ picamera.py:185][DEBUG] 2017-10-27 15:49:21,017: Importing AVC-H264: |=========           | (46/100)
[PiCamera @ picamera.py:185][DEBUG] 2017-10-27 15:49:21,018: Importing AVC-H264: |=========           | (47/100)
[PiCamera @ picamera.py:185][DEBUG] 2017-10-27 15:49:21,020: Importing AVC-H264: |=========           | (48/100)
[PiCamera @ picamera.py:185][DEBUG] 2017-10-27 15:49:21,022: Importing AVC-H264: |=========           | (49/100)
[PiCamera @ picamera.py:185][DEBUG] 2017-10-27 15:49:21,024: Importing AVC-H264: |==========          | (50/100)
[PiCamera @ picamera.py:185][DEBUG] 2017-10-27 15:49:21,026: Importing AVC-H264: |==========          | (51/100)
[PiCamera @ picamera.py:185][DEBUG] 2017-10-27 15:49:21,028: Importing AVC-H264: |==========          | (52/100)
[PiCamera @ picamera.py:185][DEBUG] 2017-10-27 15:49:21,029: Importing AVC-H264: |==========          | (53/100)
[PiCamera @ picamera.py:185][DEBUG] 2017-10-27 15:49:21,031: Importing AVC-H264: |==========          | (54/100)
[PiCamera @ picamera.py:185][DEBUG] 2017-10-27 15:49:21,034: Importing AVC-H264: |===========         | (55/100)
[PiCamera @ picamera.py:185][DEBUG] 2017-10-27 15:49:21,035: Importing AVC-H264: |===========         | (56/100)
[PiCamera @ picamera.py:185][DEBUG] 2017-10-27 15:49:21,038: Importing AVC-H264: |===========         | (57/100)
[PiCamera @ picamera.py:185][DEBUG] 2017-10-27 15:49:21,039: Importing AVC-H264: |===========         | (58/100)
[PiCamera @ picamera.py:185][DEBUG] 2017-10-27 15:49:21,041: Importing AVC-H264: |===========         | (59/100)
[PiCamera @ picamera.py:185][DEBUG] 2017-10-27 15:49:21,044: Importing AVC-H264: |============        | (60/100)
[PiCamera @ picamera.py:185][DEBUG] 2017-10-27 15:49:21,047: Importing AVC-H264: |============        | (61/100)
[PiCamera @ picamera.py:185][DEBUG] 2017-10-27 15:49:21,049: Importing AVC-H264: |============        | (62/100)
[PiCamera @ picamera.py:185][DEBUG] 2017-10-27 15:49:21,051: Importing AVC-H264: |============        | (63/100)
[PiCamera @ picamera.py:185][DEBUG] 2017-10-27 15:49:21,053: Importing AVC-H264: |============        | (64/100)
[PiCamera @ picamera.py:185][DEBUG] 2017-10-27 15:49:21,056: Importing AVC-H264: |=============       | (65/100)
[PiCamera @ picamera.py:185][DEBUG] 2017-10-27 15:49:21,058: Importing AVC-H264: |=============       | (66/100)
[PiCamera @ picamera.py:185][DEBUG] 2017-10-27 15:49:21,060: Importing AVC-H264: |=============       | (67/100)
[PiCamera @ picamera.py:185][DEBUG] 2017-10-27 15:49:21,061: Importing AVC-H264: |=============       | (68/100)
[PiCamera @ picamera.py:185][DEBUG] 2017-10-27 15:49:21,063: Importing AVC-H264: |=============       | (69/100)
[PiCamera @ picamera.py:185][DEBUG] 2017-10-27 15:49:21,067: Importing AVC-H264: |==============      | (70/100)
[PiCamera @ picamera.py:185][DEBUG] 2017-10-27 15:49:21,075: Importing AVC-H264: |==============      | (71/100)
[PiCamera @ picamera.py:185][DEBUG] 2017-10-27 15:49:21,076: Importing AVC-H264: |==============      | (72/100)
[PiCamera @ picamera.py:185][DEBUG] 2017-10-27 15:49:21,077: Importing AVC-H264: |==============      | (73/100)
[PiCamera @ picamera.py:185][DEBUG] 2017-10-27 15:49:21,078: Importing AVC-H264: |==============      | (74/100)
[PiCamera @ picamera.py:185][DEBUG] 2017-10-27 15:49:21,080: Importing AVC-H264: |===============     | (75/100)
[PiCamera @ picamera.py:185][DEBUG] 2017-10-27 15:49:21,081: Importing AVC-H264: |===============     | (76/100)
[PiCamera @ picamera.py:185][DEBUG] 2017-10-27 15:49:21,083: Importing AVC-H264: |===============     | (77/100)
[PiCamera @ picamera.py:185][DEBUG] 2017-10-27 15:49:21,086: Importing AVC-H264: |===============     | (78/100)
[PiCamera @ picamera.py:185][DEBUG] 2017-10-27 15:49:21,087: Importing AVC-H264: |===============     | (79/100)
[PiCamera @ picamera.py:185][DEBUG] 2017-10-27 15:49:21,088: Importing AVC-H264: |================    | (80/100)
[PiCamera @ picamera.py:185][DEBUG] 2017-10-27 15:49:21,089: Importing AVC-H264: |================    | (81/100)
[PiCamera @ picamera.py:185][DEBUG] 2017-10-27 15:49:21,091: Importing AVC-H264: |================    | (82/100)
[PiCamera @ picamera.py:185][DEBUG] 2017-10-27 15:49:21,092: Importing AVC-H264: |================    | (83/100)
[PiCamera @ picamera.py:185][DEBUG] 2017-10-27 15:49:21,094: Importing AVC-H264: |================    | (84/100)
[PiCamera @ picamera.py:185][DEBUG] 2017-10-27 15:49:21,096: Importing AVC-H264: |=================   | (85/100)
[PiCamera @ picamera.py:185][DEBUG] 2017-10-27 15:49:21,098: Importing AVC-H264: |=================   | (86/100)
[PiCamera @ picamera.py:185][DEBUG] 2017-10-27 15:49:21,101: Importing AVC-H264: |=================   | (87/100)
[PiCamera @ picamera.py:185][DEBUG] 2017-10-27 15:49:21,102: Importing AVC-H264: |=================   | (88/100)
[PiCamera @ picamera.py:185][DEBUG] 2017-10-27 15:49:21,104: Importing AVC-H264: |=================   | (89/100)
[PiCamera @ picamera.py:185][DEBUG] 2017-10-27 15:49:21,105: Importing AVC-H264: |==================  | (90/100)
[PiCamera @ picamera.py:185][DEBUG] 2017-10-27 15:49:21,107: Importing AVC-H264: |==================  | (91/100)
[PiCamera @ picamera.py:185][DEBUG] 2017-10-27 15:49:21,109: Importing AVC-H264: |==================  | (92/100)
[PiCamera @ picamera.py:185][DEBUG] 2017-10-27 15:49:21,111: Importing AVC-H264: |==================  | (93/100)
[PiCamera @ picamera.py:185][DEBUG] 2017-10-27 15:49:21,113: Importing AVC-H264: |==================  | (94/100)
[PiCamera @ picamera.py:185][DEBUG] 2017-10-27 15:49:21,115: Importing AVC-H264: |=================== | (95/100)
[PiCamera @ picamera.py:185][DEBUG] 2017-10-27 15:49:21,117: Importing AVC-H264: |=================== | (96/100)
[PiCamera @ picamera.py:185][DEBUG] 2017-10-27 15:49:21,121: Importing AVC-H264: |=================== | (97/100)
[PiCamera @ picamera.py:185][DEBUG] 2017-10-27 15:49:21,124: Importing AVC-H264: |=================== | (98/100)
[PiCamera @ picamera.py:185][DEBUG] 2017-10-27 15:49:21,126: Importing AVC-H264: |=================== | (99/100)
[PiCamera @ picamera.py:185][DEBUG] 2017-10-27 15:49:21,127: 
[PiCamera @ picamera.py:185][DEBUG] 2017-10-27 15:49:21,128: AVC Import results: 565 samples - Slices: 10 I 555 P 0 B - 0 SEI - 10 IDR
[PiCamera @ picamera.py:185][DEBUG] 2017-10-27 15:49:21,129: Saving to videos/2017_Oct_27/NaborisOrchestrator/15_49_00.mp4: 0.500 secs Interleaving
[PiCamera @ picamera.py:185][DEBUG] 2017-10-27 15:49:21,131: ISO File Writing: |                    | (01/100)
[PiCamera @ picamera.py:185][DEBUG] 2017-10-27 15:49:21,132: ISO File Writing: |                    | (02/100)
[PiCamera @ picamera.py:185][DEBUG] 2017-10-27 15:49:21,133: ISO File Writing: |                    | (03/100)
[PiCamera @ picamera.py:185][DEBUG] 2017-10-27 15:49:21,133: ISO File Writing: |                    | (04/100)
[PiCamera @ picamera.py:185][DEBUG] 2017-10-27 15:49:21,134: ISO File Writing: |=                   | (05/100)
[PiCamera @ picamera.py:185][DEBUG] 2017-10-27 15:49:21,135: ISO File Writing: |=                   | (06/100)
[PiCamera @ picamera.py:185][DEBUG] 2017-10-27 15:49:21,135: ISO File Writing: |=                   | (07/100)
[PiCamera @ picamera.py:185][DEBUG] 2017-10-27 15:49:21,137: ISO File Writing: |=                   | (08/100)
[PiCamera @ picamera.py:185][DEBUG] 2017-10-27 15:49:21,138: ISO File Writing: |=                   | (09/100)
[PiCamera @ picamera.py:185][DEBUG] 2017-10-27 15:49:21,138: ISO File Writing: |==                  | (10/100)
[PiCamera @ picamera.py:185][DEBUG] 2017-10-27 15:49:21,139: ISO File Writing: |==                  | (11/100)
[PiCamera @ picamera.py:185][DEBUG] 2017-10-27 15:49:21,140: ISO File Writing: |==                  | (12/100)
[PiCamera @ picamera.py:185][DEBUG] 2017-10-27 15:49:21,141: ISO File Writing: |==                  | (13/100)
[PiCamera @ picamera.py:185][DEBUG] 2017-10-27 15:49:21,142: ISO File Writing: |==                  | (14/100)
[PiCamera @ picamera.py:185][DEBUG] 2017-10-27 15:49:21,143: ISO File Writing: |===                 | (15/100)
[PiCamera @ picamera.py:185][DEBUG] 2017-10-27 15:49:21,144: ISO File Writing: |===                 | (16/100)
[PiCamera @ picamera.py:185][DEBUG] 2017-10-27 15:49:21,145: ISO File Writing: |===                 | (17/100)
[PiCamera @ picamera.py:185][DEBUG] 2017-10-27 15:49:21,145: ISO File Writing: |===                 | (18/100)
[PiCamera @ picamera.py:185][DEBUG] 2017-10-27 15:49:21,146: ISO File Writing: |===                 | (19/100)
[PiCamera @ picamera.py:185][DEBUG] 2017-10-27 15:49:21,147: ISO File Writing: |====                | (20/100)
[PiCamera @ picamera.py:185][DEBUG] 2017-10-27 15:49:21,147: ISO File Writing: |====                | (21/100)
[PiCamera @ picamera.py:185][DEBUG] 2017-10-27 15:49:21,148: ISO File Writing: |====                | (22/100)
[PiCamera @ picamera.py:185][DEBUG] 2017-10-27 15:49:21,148: ISO File Writing: |====                | (23/100)
[PiCamera @ picamera.py:185][DEBUG] 2017-10-27 15:49:21,149: ISO File Writing: |====                | (24/100)
[PiCamera @ picamera.py:185][DEBUG] 2017-10-27 15:49:21,150: ISO File Writing: |=====               | (25/100)
[PiCamera @ picamera.py:185][DEBUG] 2017-10-27 15:49:21,150: ISO File Writing: |=====               | (26/100)
[PiCamera @ picamera.py:185][DEBUG] 2017-10-27 15:49:21,151: ISO File Writing: |=====               | (27/100)
[PiCamera @ picamera.py:185][DEBUG] 2017-10-27 15:49:21,152: ISO File Writing: |=====               | (28/100)
[PiCamera @ picamera.py:185][DEBUG] 2017-10-27 15:49:21,153: ISO File Writing: |=====               | (29/100)
[PiCamera @ picamera.py:185][DEBUG] 2017-10-27 15:49:21,154: ISO File Writing: |======              | (30/100)
[PiCamera @ picamera.py:185][DEBUG] 2017-10-27 15:49:21,155: ISO File Writing: |======              | (31/100)
[PiCamera @ picamera.py:185][DEBUG] 2017-10-27 15:49:21,156: ISO File Writing: |======              | (32/100)
[PiCamera @ picamera.py:185][DEBUG] 2017-10-27 15:49:21,157: ISO File Writing: |======              | (33/100)
[PiCamera @ picamera.py:185][DEBUG] 2017-10-27 15:49:21,157: ISO File Writing: |======              | (34/100)
[PiCamera @ picamera.py:185][DEBUG] 2017-10-27 15:49:21,161: ISO File Writing: |=======             | (35/100)
[PiCamera @ picamera.py:185][DEBUG] 2017-10-27 15:49:21,162: ISO File Writing: |=======             | (36/100)
[PiCamera @ picamera.py:185][DEBUG] 2017-10-27 15:49:21,171: ISO File Writing: |=======             | (37/100)
[PiCamera @ picamera.py:185][DEBUG] 2017-10-27 15:49:21,172: ISO File Writing: |=======             | (38/100)
[PiCamera @ picamera.py:185][DEBUG] 2017-10-27 15:49:21,181: ISO File Writing: |=======             | (39/100)
[PiCamera @ picamera.py:185][DEBUG] 2017-10-27 15:49:21,183: ISO File Writing: |========            | (40/100)
[PiCamera @ picamera.py:185][DEBUG] 2017-10-27 15:49:21,184: ISO File Writing: |========            | (41/100)
[PiCamera @ picamera.py:185][DEBUG] 2017-10-27 15:49:21,184: ISO File Writing: |========            | (42/100)
[PiCamera @ picamera.py:185][DEBUG] 2017-10-27 15:49:21,185: ISO File Writing: |========            | (43/100)
[PiCamera @ picamera.py:185][DEBUG] 2017-10-27 15:49:21,185: ISO File Writing: |========            | (44/100)
[PiCamera @ picamera.py:185][DEBUG] 2017-10-27 15:49:21,186: ISO File Writing: |=========           | (45/100)
[PiCamera @ picamera.py:185][DEBUG] 2017-10-27 15:49:21,187: ISO File Writing: |=========           | (46/100)
[PiCamera @ picamera.py:185][DEBUG] 2017-10-27 15:49:21,187: ISO File Writing: |=========           | (47/100)
[PiCamera @ picamera.py:185][DEBUG] 2017-10-27 15:49:21,188: ISO File Writing: |=========           | (48/100)
[PiCamera @ picamera.py:185][DEBUG] 2017-10-27 15:49:21,189: ISO File Writing: |=========           | (49/100)
[PiCamera @ picamera.py:185][DEBUG] 2017-10-27 15:49:21,189: ISO File Writing: |==========          | (50/100)
[PiCamera @ picamera.py:185][DEBUG] 2017-10-27 15:49:21,190: ISO File Writing: |==========          | (51/100)
[PiCamera @ picamera.py:185][DEBUG] 2017-10-27 15:49:21,190: ISO File Writing: |==========          | (52/100)
[PiCamera @ picamera.py:185][DEBUG] 2017-10-27 15:49:21,191: ISO File Writing: |==========          | (53/100)
[PiCamera @ picamera.py:185][DEBUG] 2017-10-27 15:49:21,191: ISO File Writing: |==========          | (54/100)
[PiCamera @ picamera.py:185][DEBUG] 2017-10-27 15:49:21,192: ISO File Writing: |===========         | (55/100)
[PiCamera @ picamera.py:185][DEBUG] 2017-10-27 15:49:21,193: ISO File Writing: |===========         | (56/100)
[PiCamera @ picamera.py:185][DEBUG] 2017-10-27 15:49:21,194: ISO File Writing: |===========         | (57/100)
[PiCamera @ picamera.py:185][DEBUG] 2017-10-27 15:49:21,194: ISO File Writing: |===========         | (58/100)
[PiCamera @ picamera.py:185][DEBUG] 2017-10-27 15:49:21,198: ISO File Writing: |===========         | (59/100)
[PiCamera @ picamera.py:185][DEBUG] 2017-10-27 15:49:21,207: ISO File Writing: |============        | (60/100)
[PiCamera @ picamera.py:185][DEBUG] 2017-10-27 15:49:21,208: ISO File Writing: |============        | (61/100)
[PiCamera @ picamera.py:185][DEBUG] 2017-10-27 15:49:21,209: ISO File Writing: |============        | (62/100)
[PiCamera @ picamera.py:185][DEBUG] 2017-10-27 15:49:21,210: ISO File Writing: |============        | (63/100)
[PiCamera @ picamera.py:185][DEBUG] 2017-10-27 15:49:21,211: ISO File Writing: |============        | (64/100)
[PiCamera @ picamera.py:185][DEBUG] 2017-10-27 15:49:21,211: ISO File Writing: |=============       | (65/100)
[PiCamera @ picamera.py:185][DEBUG] 2017-10-27 15:49:21,212: ISO File Writing: |=============       | (66/100)
[PiCamera @ picamera.py:185][DEBUG] 2017-10-27 15:49:21,213: ISO File Writing: |=============       | (67/100)
[PiCamera @ picamera.py:185][DEBUG] 2017-10-27 15:49:21,214: ISO File Writing: |=============       | (68/100)
[PiCamera @ picamera.py:185][DEBUG] 2017-10-27 15:49:21,216: ISO File Writing: |=============       | (69/100)
[PiCamera @ picamera.py:185][DEBUG] 2017-10-27 15:49:21,217: ISO File Writing: |==============      | (70/100)
[PiCamera @ picamera.py:185][DEBUG] 2017-10-27 15:49:21,218: ISO File Writing: |==============      | (71/100)
[PiCamera @ picamera.py:185][DEBUG] 2017-10-27 15:49:21,218: ISO File Writing: |==============      | (72/100)
[PiCamera @ picamera.py:185][DEBUG] 2017-10-27 15:49:21,219: ISO File Writing: |==============      | (73/100)
[PiCamera @ picamera.py:185][DEBUG] 2017-10-27 15:49:21,219: ISO File Writing: |==============      | (74/100)
[PiCamera @ picamera.py:185][DEBUG] 2017-10-27 15:49:21,220: ISO File Writing: |===============     | (75/100)
[PiCamera @ picamera.py:185][DEBUG] 2017-10-27 15:49:21,221: ISO File Writing: |===============     | (76/100)
[PiCamera @ picamera.py:185][DEBUG] 2017-10-27 15:49:21,222: ISO File Writing: |===============     | (77/100)
[PiCamera @ picamera.py:185][DEBUG] 2017-10-27 15:49:21,223: ISO File Writing: |===============     | (78/100)
[PiCamera @ picamera.py:185][DEBUG] 2017-10-27 15:49:21,224: ISO File Writing: |===============     | (79/100)
[PiCamera @ picamera.py:185][DEBUG] 2017-10-27 15:49:21,224: ISO File Writing: |================    | (80/100)
[PiCamera @ picamera.py:185][DEBUG] 2017-10-27 15:49:21,225: ISO File Writing: |================    | (81/100)
[PiCamera @ picamera.py:185][DEBUG] 2017-10-27 15:49:21,225: ISO File Writing: |================    | (82/100)
[PiCamera @ picamera.py:185][DEBUG] 2017-10-27 15:49:21,226: ISO File Writing: |================    | (83/100)
[PiCamera @ picamera.py:185][DEBUG] 2017-10-27 15:49:21,227: ISO File Writing: |================    | (84/100)
[PiCamera @ picamera.py:185][DEBUG] 2017-10-27 15:49:21,227: ISO File Writing: |=================   | (85/100)
[PiCamera @ picamera.py:185][DEBUG] 2017-10-27 15:49:21,228: ISO File Writing: |=================   | (86/100)
[PiCamera @ picamera.py:185][DEBUG] 2017-10-27 15:49:21,229: ISO File Writing: |=================   | (87/100)
[PiCamera @ picamera.py:185][DEBUG] 2017-10-27 15:49:21,229: ISO File Writing: |=================   | (88/100)
[PiCamera @ picamera.py:185][DEBUG] 2017-10-27 15:49:21,230: ISO File Writing: |=================   | (89/100)
[PiCamera @ picamera.py:185][DEBUG] 2017-10-27 15:49:21,230: ISO File Writing: |==================  | (90/100)
[PiCamera @ picamera.py:185][DEBUG] 2017-10-27 15:49:21,231: ISO File Writing: |==================  | (91/100)
[PiCamera @ picamera.py:185][DEBUG] 2017-10-27 15:49:21,231: ISO File Writing: |==================  | (92/100)
[PiCamera @ picamera.py:185][DEBUG] 2017-10-27 15:49:21,232: ISO File Writing: |==================  | (93/100)
[PiCamera @ picamera.py:185][DEBUG] 2017-10-27 15:49:21,233: ISO File Writing: |==================  | (94/100)
[PiCamera @ picamera.py:185][DEBUG] 2017-10-27 15:49:21,233: ISO File Writing: |=================== | (95/100)
[PiCamera @ picamera.py:185][DEBUG] 2017-10-27 15:49:21,234: ISO File Writing: |=================== | (96/100)
[PiCamera @ picamera.py:185][DEBUG] 2017-10-27 15:49:21,234: ISO File Writing: |=================== | (97/100)
[PiCamera @ picamera.py:185][DEBUG] 2017-10-27 15:49:21,235: ISO File Writing: |=================== | (98/100)
[PiCamera @ picamera.py:185][DEBUG] 2017-10-27 15:49:21,235: ISO File Writing: |=================== | (99/100)
[PiCamera @ picamera.py:185][DEBUG] 2017-10-27 15:49:21,236: 
[PiCamera @ picamera.py:189][DEBUG] 2017-10-27 15:49:21,239: Conversion complete! Removing temp file: 'videos/2017_Oct_27/NaborisOrchestrator/15_49_00.mp4.h264'
[PiCamera @ picamera.py:194][INFO] 2017-10-27 15:49:21,240: Wrote video to 'videos/2017_Oct_27/NaborisOrchestrator/15_49_00.mp4.h264'
