[PiCamera @ factory.py:85][DEBUG] 2017-10-27 15:50:30,181: Logging to: logs/2017_Oct_27/PiCamera/15_50_30.log
[PiCamera @ picamera.py:49][DEBUG] 2017-10-27 15:50:30,223: PiCamera setup
[PiCamera @ picamera.py:60][INFO] 2017-10-27 15:50:30,489: PiCamera initialized: <picamera.camera.PiCamera object at 0x6ff10ac0>
[PiCamera @ picamera.py:137][INFO] 2017-10-27 15:50:30,490: Warming up camera
[PiCamera @ picamera.py:91][INFO] 2017-10-27 15:50:32,519: Recording video on 'videos/2017_Oct_27/NaborisOrchestrator/15_50_30.mp4.h264'
[PiCamera @ node.py:64][DEBUG] 2017-10-27 15:50:42,528: [log buffer start]
[DEBUG, 1509133834.2752326]: PiCamera image received: ImageMessage(t=1509133834.2752142, n=5)
[DEBUG, 1509133834.3242333]: PiCamera image received: ImageMessage(t=1509133834.3242202, n=6)
[DEBUG, 1509133834.3579574]: PiCamera image received: ImageMessage(t=1509133834.357948, n=7)
[DEBUG, 1509133834.3910463]: PiCamera image received: ImageMessage(t=1509133834.391035, n=8)
[DEBUG, 1509133834.4238021]: PiCamera image received: ImageMessage(t=1509133834.4237933, n=9)
[DEBUG, 1509133834.4566145]: PiCamera image received: ImageMessage(t=1509133834.4566057, n=10)
[DEBUG, 1509133834.4888408]: PiCamera image received: ImageMessage(t=1509133834.4888313, n=11)
[DEBUG, 1509133834.5222278]: PiCamera image received: ImageMessage(t=1509133834.5222182, n=12)
[DEBUG, 1509133834.5557752]: PiCamera image received: ImageMessage(t=1509133834.5557578, n=13)
[DEBUG, 1509133834.5897634]: PiCamera image received: ImageMessage(t=1509133834.5897477, n=14)
[DEBUG, 1509133834.6238663]: PiCamera image received: ImageMessage(t=1509133834.623852, n=15)
[DEBUG, 1509133834.656562]: PiCamera image received: ImageMessage(t=1509133834.6565475, n=16)
[DEBUG, 1509133834.7245748]: PiCamera image received: ImageMessage(t=1509133834.7245615, n=17)
[DEBUG, 1509133834.757167]: PiCamera image received: ImageMessage(t=1509133834.7571523, n=18)
[DEBUG, 1509133834.8260696]: PiCamera image received: ImageMessage(t=1509133834.8260534, n=19)
[DEBUG, 1509133834.859836]: PiCamera image received: ImageMessage(t=1509133834.8598204, n=20)
[DEBUG, 1509133834.8925066]: PiCamera image received: ImageMessage(t=1509133834.8924901, n=21)
[DEBUG, 1509133834.9249897]: PiCamera image received: ImageMessage(t=1509133834.9249759, n=22)
[DEBUG, 1509133834.9581897]: PiCamera image received: ImageMessage(t=1509133834.958174, n=23)
[DEBUG, 1509133834.9902568]: PiCamera image received: ImageMessage(t=1509133834.9902422, n=24)
[DEBUG, 1509133835.0559447]: PiCamera image received: ImageMessage(t=1509133835.055929, n=25)
[DEBUG, 1509133835.0893884]: PiCamera image received: ImageMessage(t=1509133835.089373, n=26)
[DEBUG, 1509133835.1279113]: PiCamera image received: ImageMessage(t=1509133835.1278973, n=27)
[DEBUG, 1509133835.1657932]: PiCamera image received: ImageMessage(t=1509133835.1657798, n=29)
[DEBUG, 1509133835.1982205]: PiCamera image received: ImageMessage(t=1509133835.1982064, n=30)
[DEBUG, 1509133835.264562]: PiCamera image received: ImageMessage(t=1509133835.2645416, n=31)
[DEBUG, 1509133835.300043]: PiCamera image received: ImageMessage(t=1509133835.3000283, n=32)
[DEBUG, 1509133835.332498]: PiCamera image received: ImageMessage(t=1509133835.332483, n=33)
[DEBUG, 1509133835.3645298]: PiCamera image received: ImageMessage(t=1509133835.3645153, n=34)
[DEBUG, 1509133835.3974879]: PiCamera image received: ImageMessage(t=1509133835.3974733, n=35)
[DEBUG, 1509133835.4303062]: PiCamera image received: ImageMessage(t=1509133835.4302905, n=36)
[DEBUG, 1509133835.4625952]: PiCamera image received: ImageMessage(t=1509133835.4625785, n=37)
[DEBUG, 1509133835.5014782]: PiCamera image received: ImageMessage(t=1509133835.5014634, n=38)
[DEBUG, 1509133835.5372071]: PiCamera image received: ImageMessage(t=1509133835.5371916, n=39)
[DEBUG, 1509133835.570364]: PiCamera image received: ImageMessage(t=1509133835.5703485, n=40)
[DEBUG, 1509133835.6034074]: PiCamera image received: ImageMessage(t=1509133835.6033933, n=42)
[DEBUG, 1509133835.6715026]: PiCamera image received: ImageMessage(t=1509133835.6714852, n=43)
[DEBUG, 1509133835.7578733]: PiCamera image received: ImageMessage(t=1509133835.7578566, n=44)
[DEBUG, 1509133835.797967]: PiCamera image received: ImageMessage(t=1509133835.7979512, n=45)
[DEBUG, 1509133835.8944888]: PiCamera image received: ImageMessage(t=1509133835.8944745, n=46)
[DEBUG, 1509133836.0797844]: PiCamera image received: ImageMessage(t=1509133836.0797684, n=47)
[DEBUG, 1509133836.1437228]: PiCamera image received: ImageMessage(t=1509133836.143706, n=48)
[DEBUG, 1509133836.1771305]: PiCamera image received: ImageMessage(t=1509133836.177114, n=49)
[DEBUG, 1509133836.2432654]: PiCamera image received: ImageMessage(t=1509133836.2432492, n=50)
[DEBUG, 1509133836.2801337]: PiCamera image received: ImageMessage(t=1509133836.2800994, n=51)
[DEBUG, 1509133836.3200676]: PiCamera image received: ImageMessage(t=1509133836.3200502, n=52)
[DEBUG, 1509133836.3548994]: PiCamera image received: ImageMessage(t=1509133836.3548853, n=53)
[DEBUG, 1509133836.4195848]: PiCamera image received: ImageMessage(t=1509133836.4195697, n=54)
[DEBUG, 1509133836.460438]: PiCamera image received: ImageMessage(t=1509133836.460422, n=55)
[DEBUG, 1509133836.492991]: PiCamera image received: ImageMessage(t=1509133836.4929748, n=56)
[DEBUG, 1509133836.5285387]: PiCamera image received: ImageMessage(t=1509133836.5285227, n=57)
[DEBUG, 1509133836.6001487]: PiCamera image received: ImageMessage(t=1509133836.600134, n=58)
[DEBUG, 1509133836.6329043]: PiCamera image received: ImageMessage(t=1509133836.632889, n=60)
[DEBUG, 1509133836.7012439]: PiCamera image received: ImageMessage(t=1509133836.7012284, n=61)
[DEBUG, 1509133836.7351594]: PiCamera image received: ImageMessage(t=1509133836.7351453, n=62)
[DEBUG, 1509133836.7679222]: PiCamera image received: ImageMessage(t=1509133836.767907, n=63)
[DEBUG, 1509133836.8389683]: PiCamera image received: ImageMessage(t=1509133836.838953, n=64)
[DEBUG, 1509133836.8715322]: PiCamera image received: ImageMessage(t=1509133836.8715177, n=65)
[DEBUG, 1509133836.915755]: PiCamera image received: ImageMessage(t=1509133836.9157403, n=66)
[DEBUG, 1509133836.9844072]: PiCamera image received: ImageMessage(t=1509133836.9843912, n=67)
[DEBUG, 1509133837.0176976]: PiCamera image received: ImageMessage(t=1509133837.017681, n=68)
[DEBUG, 1509133837.0865226]: PiCamera image received: ImageMessage(t=1509133837.0865078, n=69)
[DEBUG, 1509133837.1190946]: PiCamera image received: ImageMessage(t=1509133837.119079, n=70)
[DEBUG, 1509133837.1519787]: PiCamera image received: ImageMessage(t=1509133837.1519632, n=71)
[DEBUG, 1509133837.190634]: PiCamera image received: ImageMessage(t=1509133837.1906183, n=72)
[DEBUG, 1509133837.2231908]: PiCamera image received: ImageMessage(t=1509133837.223176, n=73)
[DEBUG, 1509133837.2566488]: PiCamera image received: ImageMessage(t=1509133837.2566345, n=74)
[DEBUG, 1509133837.2902682]: PiCamera image received: ImageMessage(t=1509133837.2902534, n=75)
[DEBUG, 1509133837.3235428]: PiCamera image received: ImageMessage(t=1509133837.323527, n=76)
[DEBUG, 1509133837.389959]: PiCamera image received: ImageMessage(t=1509133837.3899415, n=77)
[DEBUG, 1509133837.42308]: PiCamera image received: ImageMessage(t=1509133837.4230633, n=78)
[DEBUG, 1509133837.4886696]: PiCamera image received: ImageMessage(t=1509133837.4886549, n=79)
[DEBUG, 1509133837.5220187]: PiCamera image received: ImageMessage(t=1509133837.5220037, n=80)
[DEBUG, 1509133837.5930545]: PiCamera image received: ImageMessage(t=1509133837.5930376, n=81)
[DEBUG, 1509133837.625347]: PiCamera image received: ImageMessage(t=1509133837.6253302, n=82)
[DEBUG, 1509133837.696054]: PiCamera image received: ImageMessage(t=1509133837.6960402, n=84)
[DEBUG, 1509133837.761437]: PiCamera image received: ImageMessage(t=1509133837.76142, n=85)
[DEBUG, 1509133837.8270745]: PiCamera image received: ImageMessage(t=1509133837.827054, n=86)
[DEBUG, 1509133837.8943493]: PiCamera image received: ImageMessage(t=1509133837.8943331, n=87)
[DEBUG, 1509133837.975032]: PiCamera image received: ImageMessage(t=1509133837.9750147, n=88)
[DEBUG, 1509133838.0132525]: PiCamera image received: ImageMessage(t=1509133838.013233, n=89)
[DEBUG, 1509133838.0884736]: PiCamera image received: ImageMessage(t=1509133838.0884552, n=90)
[DEBUG, 1509133838.1592293]: PiCamera image received: ImageMessage(t=1509133838.1592138, n=91)
[DEBUG, 1509133838.192043]: PiCamera image received: ImageMessage(t=1509133838.192029, n=92)
[DEBUG, 1509133838.2596552]: PiCamera image received: ImageMessage(t=1509133838.2596416, n=93)
[DEBUG, 1509133838.2928863]: PiCamera image received: ImageMessage(t=1509133838.292872, n=94)
[DEBUG, 1509133838.3263104]: PiCamera image received: ImageMessage(t=1509133838.3262956, n=95)
[DEBUG, 1509133838.359302]: PiCamera image received: ImageMessage(t=1509133838.3592875, n=96)
[DEBUG, 1509133838.4363546]: PiCamera image received: ImageMessage(t=1509133838.4363375, n=97)
[DEBUG, 1509133838.5084949]: PiCamera image received: ImageMessage(t=1509133838.5084772, n=98)
[DEBUG, 1509133838.5417168]: PiCamera image received: ImageMessage(t=1509133838.541698, n=99)
[DEBUG, 1509133838.5740414]: PiCamera image received: ImageMessage(t=1509133838.5740263, n=100)
[DEBUG, 1509133838.60685]: PiCamera image received: ImageMessage(t=1509133838.6068342, n=101)
[DEBUG, 1509133838.6391537]: PiCamera image received: ImageMessage(t=1509133838.6391366, n=102)
[DEBUG, 1509133838.6721625]: PiCamera image received: ImageMessage(t=1509133838.6721475, n=103)
[DEBUG, 1509133838.705332]: PiCamera image received: ImageMessage(t=1509133838.705317, n=104)
[DEBUG, 1509133838.7695577]: PiCamera image received: ImageMessage(t=1509133838.7695422, n=105)
[DEBUG, 1509133838.8034246]: PiCamera image received: ImageMessage(t=1509133838.8034093, n=106)
[DEBUG, 1509133838.8380086]: PiCamera image received: ImageMessage(t=1509133838.8379924, n=107)
[DEBUG, 1509133838.9108214]: PiCamera image received: ImageMessage(t=1509133838.910807, n=108)
[DEBUG, 1509133838.9437106]: PiCamera image received: ImageMessage(t=1509133838.9436965, n=109)
[DEBUG, 1509133838.9765847]: PiCamera image received: ImageMessage(t=1509133838.9765701, n=110)
[DEBUG, 1509133839.0117967]: PiCamera image received: ImageMessage(t=1509133839.0117826, n=111)
[DEBUG, 1509133839.044436]: PiCamera image received: ImageMessage(t=1509133839.0444202, n=112)
[DEBUG, 1509133839.1453493]: PiCamera image received: ImageMessage(t=1509133839.1453302, n=113)
[DEBUG, 1509133839.2112308]: PiCamera image received: ImageMessage(t=1509133839.211215, n=114)
[DEBUG, 1509133839.2509959]: PiCamera image received: ImageMessage(t=1509133839.250981, n=115)
[DEBUG, 1509133839.2871852]: PiCamera image received: ImageMessage(t=1509133839.2871704, n=116)
[DEBUG, 1509133839.3200037]: PiCamera image received: ImageMessage(t=1509133839.3199742, n=117)
[DEBUG, 1509133839.3537807]: PiCamera image received: ImageMessage(t=1509133839.3537672, n=118)
[DEBUG, 1509133839.4195244]: PiCamera image received: ImageMessage(t=1509133839.4195094, n=119)
[DEBUG, 1509133839.452024]: PiCamera image received: ImageMessage(t=1509133839.4520063, n=120)
[DEBUG, 1509133839.4845264]: PiCamera image received: ImageMessage(t=1509133839.4845111, n=121)
[DEBUG, 1509133839.5497522]: PiCamera image received: ImageMessage(t=1509133839.5497348, n=122)
[DEBUG, 1509133839.5844295]: PiCamera image received: ImageMessage(t=1509133839.5844147, n=123)
[DEBUG, 1509133839.6194007]: PiCamera image received: ImageMessage(t=1509133839.6193838, n=124)
[DEBUG, 1509133839.695196]: PiCamera image received: ImageMessage(t=1509133839.6951795, n=125)
[DEBUG, 1509133839.7281625]: PiCamera image received: ImageMessage(t=1509133839.7281413, n=126)
[DEBUG, 1509133839.7726562]: PiCamera image received: ImageMessage(t=1509133839.772636, n=127)
[DEBUG, 1509133839.84533]: PiCamera image received: ImageMessage(t=1509133839.8453095, n=128)
[DEBUG, 1509133839.9009056]: PiCamera image received: ImageMessage(t=1509133839.9008877, n=129)
[DEBUG, 1509133839.9670405]: PiCamera image received: ImageMessage(t=1509133839.9670222, n=130)
[DEBUG, 1509133840.0345511]: PiCamera image received: ImageMessage(t=1509133840.034536, n=131)
[DEBUG, 1509133840.101461]: PiCamera image received: ImageMessage(t=1509133840.1014435, n=132)
[DEBUG, 1509133840.1361597]: PiCamera image received: ImageMessage(t=1509133840.1361442, n=133)
[DEBUG, 1509133840.2010138]: PiCamera image received: ImageMessage(t=1509133840.200999, n=134)
[DEBUG, 1509133840.2355633]: PiCamera image received: ImageMessage(t=1509133840.2355452, n=135)
[DEBUG, 1509133840.2678952]: PiCamera image received: ImageMessage(t=1509133840.2678788, n=136)
[DEBUG, 1509133840.3341897]: PiCamera image received: ImageMessage(t=1509133840.3341742, n=137)
[DEBUG, 1509133840.366663]: PiCamera image received: ImageMessage(t=1509133840.3666484, n=138)
[DEBUG, 1509133840.4317515]: PiCamera image received: ImageMessage(t=1509133840.4317377, n=139)
[DEBUG, 1509133840.4974062]: PiCamera image received: ImageMessage(t=1509133840.4973872, n=140)
[DEBUG, 1509133840.5773036]: PiCamera image received: ImageMessage(t=1509133840.5772836, n=141)
[DEBUG, 1509133840.6115263]: PiCamera image received: ImageMessage(t=1509133840.6115103, n=142)
[DEBUG, 1509133840.6780748]: PiCamera image received: ImageMessage(t=1509133840.6780565, n=143)
[DEBUG, 1509133840.749263]: PiCamera image received: ImageMessage(t=1509133840.7492461, n=144)
[DEBUG, 1509133840.8203778]: PiCamera image received: ImageMessage(t=1509133840.8203623, n=145)
[DEBUG, 1509133840.8867266]: PiCamera image received: ImageMessage(t=1509133840.8867083, n=146)
[DEBUG, 1509133840.9603095]: PiCamera image received: ImageMessage(t=1509133840.960291, n=147)
[DEBUG, 1509133840.993625]: PiCamera image received: ImageMessage(t=1509133840.9936094, n=148)
[DEBUG, 1509133841.0644274]: PiCamera image received: ImageMessage(t=1509133841.064409, n=149)
[DEBUG, 1509133841.136453]: PiCamera image received: ImageMessage(t=1509133841.136434, n=150)
[DEBUG, 1509133841.171931]: PiCamera image received: ImageMessage(t=1509133841.1719153, n=151)
[DEBUG, 1509133841.2140408]: PiCamera image received: ImageMessage(t=1509133841.214022, n=152)
[DEBUG, 1509133841.2470894]: PiCamera image received: ImageMessage(t=1509133841.2470722, n=153)
[DEBUG, 1509133841.3216057]: PiCamera image received: ImageMessage(t=1509133841.3215888, n=154)
[DEBUG, 1509133841.3541663]: PiCamera image received: ImageMessage(t=1509133841.3541517, n=155)
[DEBUG, 1509133841.3866072]: PiCamera image received: ImageMessage(t=1509133841.3865926, n=156)
[DEBUG, 1509133841.419085]: PiCamera image received: ImageMessage(t=1509133841.419071, n=157)
[DEBUG, 1509133841.4519393]: PiCamera image received: ImageMessage(t=1509133841.4519243, n=158)
[DEBUG, 1509133841.4846323]: PiCamera image received: ImageMessage(t=1509133841.484618, n=159)
[DEBUG, 1509133841.5184104]: PiCamera image received: ImageMessage(t=1509133841.518394, n=160)
[DEBUG, 1509133841.587754]: PiCamera image received: ImageMessage(t=1509133841.5877373, n=161)
[DEBUG, 1509133841.6204877]: PiCamera image received: ImageMessage(t=1509133841.620471, n=162)
[DEBUG, 1509133841.6854744]: PiCamera image received: ImageMessage(t=1509133841.6854591, n=163)
[DEBUG, 1509133841.7500017]: PiCamera image received: ImageMessage(t=1509133841.7499874, n=164)
[DEBUG, 1509133841.8231645]: PiCamera image received: ImageMessage(t=1509133841.8231492, n=165)
[DEBUG, 1509133841.856004]: PiCamera image received: ImageMessage(t=1509133841.8559895, n=166)
[DEBUG, 1509133841.8890693]: PiCamera image received: ImageMessage(t=1509133841.8890545, n=167)
[DEBUG, 1509133841.922106]: PiCamera image received: ImageMessage(t=1509133841.922091, n=168)
[DEBUG, 1509133841.9549687]: PiCamera image received: ImageMessage(t=1509133841.954954, n=169)
[DEBUG, 1509133842.0206728]: PiCamera image received: ImageMessage(t=1509133842.0206578, n=170)
[DEBUG, 1509133842.0531206]: PiCamera image received: ImageMessage(t=1509133842.053106, n=171)
[DEBUG, 1509133842.1579893]: PiCamera image received: ImageMessage(t=1509133842.1579719, n=172)
[DEBUG, 1509133842.195315]: PiCamera image received: ImageMessage(t=1509133842.1952877, n=173)
[DEBUG, 1509133842.2279499]: PiCamera image received: ImageMessage(t=1509133842.2279356, n=174)
[DEBUG, 1509133842.2610471]: PiCamera image received: ImageMessage(t=1509133842.2610316, n=175)
[DEBUG, 1509133842.3300385]: PiCamera image received: ImageMessage(t=1509133842.330024, n=176)
[DEBUG, 1509133842.3628356]: PiCamera image received: ImageMessage(t=1509133842.3628201, n=177)
[DEBUG, 1509133842.3967714]: PiCamera image received: ImageMessage(t=1509133842.3967557, n=178)
[DEBUG, 1509133842.4300435]: PiCamera image received: ImageMessage(t=1509133842.430028, n=179)
[DEBUG, 1509133842.4958482]: PiCamera image received: ImageMessage(t=1509133842.4958327, n=180)
[DEBUG, 1509133842.5285408]: PiCamera image received: ImageMessage(t=1509133842.5285268, n=181)
[log buffer end]
[PiCamera @ node.py:66][DEBUG] 2017-10-27 15:50:42,536: logging message buffer (len=16462)
[PiCamera @ node.py:64][DEBUG] 2017-10-27 15:50:51,424: [log buffer start]
[DEBUG, 1509133842.5718205]: PiCamera image received: ImageMessage(t=1509133842.571805, n=182)
[DEBUG, 1509133842.6060371]: PiCamera image received: ImageMessage(t=1509133842.6060212, n=183)
[DEBUG, 1509133842.6509845]: PiCamera image received: ImageMessage(t=1509133842.650967, n=184)
[DEBUG, 1509133842.685544]: PiCamera image received: ImageMessage(t=1509133842.685529, n=185)
[DEBUG, 1509133842.7578719]: PiCamera image received: ImageMessage(t=1509133842.7578535, n=186)
[DEBUG, 1509133842.8234088]: PiCamera image received: ImageMessage(t=1509133842.8233895, n=187)
[DEBUG, 1509133842.8895001]: PiCamera image received: ImageMessage(t=1509133842.889485, n=188)
[DEBUG, 1509133842.92165]: PiCamera image received: ImageMessage(t=1509133842.9216359, n=189)
[DEBUG, 1509133843.021203]: PiCamera image received: ImageMessage(t=1509133843.0211842, n=190)
[DEBUG, 1509133843.0540361]: PiCamera image received: ImageMessage(t=1509133843.054021, n=191)
[DEBUG, 1509133843.127119]: PiCamera image received: ImageMessage(t=1509133843.1271002, n=192)
[DEBUG, 1509133843.1643128]: PiCamera image received: ImageMessage(t=1509133843.1642945, n=193)
[DEBUG, 1509133843.1968343]: PiCamera image received: ImageMessage(t=1509133843.1968188, n=194)
[DEBUG, 1509133843.2589257]: PiCamera image received: ImageMessage(t=1509133843.2589085, n=195)
[DEBUG, 1509133843.326442]: PiCamera image received: ImageMessage(t=1509133843.3264031, n=196)
[DEBUG, 1509133843.3924754]: PiCamera image received: ImageMessage(t=1509133843.392456, n=197)
[DEBUG, 1509133843.4253016]: PiCamera image received: ImageMessage(t=1509133843.4252858, n=198)
[DEBUG, 1509133843.4584477]: PiCamera image received: ImageMessage(t=1509133843.4584172, n=199)
[DEBUG, 1509133843.5291376]: PiCamera image received: ImageMessage(t=1509133843.5291235, n=200)
[DEBUG, 1509133843.5650046]: PiCamera image received: ImageMessage(t=1509133843.5649893, n=201)
[DEBUG, 1509133843.5982175]: PiCamera image received: ImageMessage(t=1509133843.5982032, n=202)
[DEBUG, 1509133843.6440215]: PiCamera image received: ImageMessage(t=1509133843.6440048, n=203)
[DEBUG, 1509133843.6836607]: PiCamera image received: ImageMessage(t=1509133843.683642, n=204)
[DEBUG, 1509133843.7617016]: PiCamera image received: ImageMessage(t=1509133843.7616835, n=205)
[DEBUG, 1509133843.8277256]: PiCamera image received: ImageMessage(t=1509133843.8277063, n=206)
[DEBUG, 1509133843.8615606]: PiCamera image received: ImageMessage(t=1509133843.8615458, n=207)
[DEBUG, 1509133843.926481]: PiCamera image received: ImageMessage(t=1509133843.9264624, n=208)
[DEBUG, 1509133843.9912686]: PiCamera image received: ImageMessage(t=1509133843.9912536, n=209)
[DEBUG, 1509133844.0244746]: PiCamera image received: ImageMessage(t=1509133844.0244553, n=210)
[DEBUG, 1509133844.095027]: PiCamera image received: ImageMessage(t=1509133844.0950084, n=211)
[DEBUG, 1509133844.1609664]: PiCamera image received: ImageMessage(t=1509133844.1609464, n=212)
[DEBUG, 1509133844.1933706]: PiCamera image received: ImageMessage(t=1509133844.1933556, n=213)
[DEBUG, 1509133844.2631917]: PiCamera image received: ImageMessage(t=1509133844.2631752, n=214)
[DEBUG, 1509133844.2974412]: PiCamera image received: ImageMessage(t=1509133844.297426, n=215)
[DEBUG, 1509133844.3655875]: PiCamera image received: ImageMessage(t=1509133844.3655684, n=216)
[DEBUG, 1509133844.4303832]: PiCamera image received: ImageMessage(t=1509133844.4303634, n=217)
[DEBUG, 1509133844.4630013]: PiCamera image received: ImageMessage(t=1509133844.462986, n=218)
[DEBUG, 1509133844.4970639]: PiCamera image received: ImageMessage(t=1509133844.4970472, n=219)
[DEBUG, 1509133844.561885]: PiCamera image received: ImageMessage(t=1509133844.5618706, n=220)
[DEBUG, 1509133844.6291354]: PiCamera image received: ImageMessage(t=1509133844.6291213, n=221)
[DEBUG, 1509133844.6702123]: PiCamera image received: ImageMessage(t=1509133844.6701975, n=222)
[DEBUG, 1509133844.7029872]: PiCamera image received: ImageMessage(t=1509133844.70297, n=223)
[DEBUG, 1509133844.7580884]: PiCamera image received: ImageMessage(t=1509133844.758069, n=224)
[DEBUG, 1509133844.8317282]: PiCamera image received: ImageMessage(t=1509133844.8317113, n=225)
[DEBUG, 1509133844.8738508]: PiCamera image received: ImageMessage(t=1509133844.8738358, n=226)
[DEBUG, 1509133844.9419613]: PiCamera image received: ImageMessage(t=1509133844.9419465, n=227)
[DEBUG, 1509133845.0068657]: PiCamera image received: ImageMessage(t=1509133845.0068502, n=228)
[DEBUG, 1509133845.0397632]: PiCamera image received: ImageMessage(t=1509133845.0397487, n=229)
[DEBUG, 1509133845.1378949]: PiCamera image received: ImageMessage(t=1509133845.1378765, n=230)
[DEBUG, 1509133845.1707153]: PiCamera image received: ImageMessage(t=1509133845.1707, n=231)
[DEBUG, 1509133845.2075367]: PiCamera image received: ImageMessage(t=1509133845.2075224, n=232)
[DEBUG, 1509133845.2406657]: PiCamera image received: ImageMessage(t=1509133845.240649, n=233)
[DEBUG, 1509133845.3175]: PiCamera image received: ImageMessage(t=1509133845.317479, n=234)
[DEBUG, 1509133845.3505013]: PiCamera image received: ImageMessage(t=1509133845.3504865, n=235)
[DEBUG, 1509133845.3829038]: PiCamera image received: ImageMessage(t=1509133845.3828878, n=236)
[DEBUG, 1509133845.4481575]: PiCamera image received: ImageMessage(t=1509133845.4481406, n=237)
[DEBUG, 1509133845.5140195]: PiCamera image received: ImageMessage(t=1509133845.5140042, n=238)
[DEBUG, 1509133845.5468235]: PiCamera image received: ImageMessage(t=1509133845.5468073, n=239)
[DEBUG, 1509133845.614845]: PiCamera image received: ImageMessage(t=1509133845.6148307, n=240)
[DEBUG, 1509133845.647564]: PiCamera image received: ImageMessage(t=1509133845.647549, n=241)
[DEBUG, 1509133845.681401]: PiCamera image received: ImageMessage(t=1509133845.6813862, n=242)
[DEBUG, 1509133845.7268815]: PiCamera image received: ImageMessage(t=1509133845.7268608, n=243)
[DEBUG, 1509133845.7708948]: PiCamera image received: ImageMessage(t=1509133845.770877, n=244)
[DEBUG, 1509133845.8374968]: PiCamera image received: ImageMessage(t=1509133845.8374789, n=245)
[DEBUG, 1509133845.9458773]: PiCamera image received: ImageMessage(t=1509133845.94586, n=246)
[DEBUG, 1509133845.9831765]: PiCamera image received: ImageMessage(t=1509133845.9831572, n=247)
[DEBUG, 1509133846.019588]: PiCamera image received: ImageMessage(t=1509133846.0195725, n=248)
[DEBUG, 1509133846.0521927]: PiCamera image received: ImageMessage(t=1509133846.0521781, n=249)
[DEBUG, 1509133846.137673]: PiCamera image received: ImageMessage(t=1509133846.1376555, n=250)
[DEBUG, 1509133846.1775076]: PiCamera image received: ImageMessage(t=1509133846.1774843, n=251)
[DEBUG, 1509133846.250254]: PiCamera image received: ImageMessage(t=1509133846.2502365, n=252)
[DEBUG, 1509133846.321812]: PiCamera image received: ImageMessage(t=1509133846.3217957, n=253)
[DEBUG, 1509133846.3548064]: PiCamera image received: ImageMessage(t=1509133846.3547885, n=254)
[DEBUG, 1509133846.3873668]: PiCamera image received: ImageMessage(t=1509133846.3873513, n=255)
[DEBUG, 1509133846.4515898]: PiCamera image received: ImageMessage(t=1509133846.4515707, n=256)
[DEBUG, 1509133846.4904418]: PiCamera image received: ImageMessage(t=1509133846.490424, n=257)
[DEBUG, 1509133846.5573425]: PiCamera image received: ImageMessage(t=1509133846.557327, n=258)
[DEBUG, 1509133846.6039464]: PiCamera image received: ImageMessage(t=1509133846.6039321, n=259)
[DEBUG, 1509133846.6364343]: PiCamera image received: ImageMessage(t=1509133846.6364198, n=260)
[DEBUG, 1509133846.7021234]: PiCamera image received: ImageMessage(t=1509133846.702108, n=261)
[DEBUG, 1509133846.7352247]: PiCamera image received: ImageMessage(t=1509133846.73521, n=262)
[DEBUG, 1509133846.8033924]: PiCamera image received: ImageMessage(t=1509133846.8033721, n=263)
[DEBUG, 1509133846.8753834]: PiCamera image received: ImageMessage(t=1509133846.8753653, n=264)
[DEBUG, 1509133846.949908]: PiCamera image received: ImageMessage(t=1509133846.949889, n=265)
[DEBUG, 1509133847.0212693]: PiCamera image received: ImageMessage(t=1509133847.0212514, n=266)
[DEBUG, 1509133847.0551836]: PiCamera image received: ImageMessage(t=1509133847.0551462, n=267)
[DEBUG, 1509133847.088365]: PiCamera image received: ImageMessage(t=1509133847.08835, n=268)
[DEBUG, 1509133847.1208162]: PiCamera image received: ImageMessage(t=1509133847.1208012, n=269)
[DEBUG, 1509133847.2232122]: PiCamera image received: ImageMessage(t=1509133847.2231946, n=270)
[DEBUG, 1509133847.2580378]: PiCamera image received: ImageMessage(t=1509133847.2580233, n=271)
[DEBUG, 1509133847.2905104]: PiCamera image received: ImageMessage(t=1509133847.290493, n=272)
[DEBUG, 1509133847.3308265]: PiCamera image received: ImageMessage(t=1509133847.3308089, n=273)
[DEBUG, 1509133847.395316]: PiCamera image received: ImageMessage(t=1509133847.3953006, n=274)
[DEBUG, 1509133847.4663577]: PiCamera image received: ImageMessage(t=1509133847.4663405, n=275)
[DEBUG, 1509133847.4996758]: PiCamera image received: ImageMessage(t=1509133847.4996583, n=276)
[DEBUG, 1509133847.5653474]: PiCamera image received: ImageMessage(t=1509133847.5653327, n=277)
[DEBUG, 1509133847.640667]: PiCamera image received: ImageMessage(t=1509133847.6406527, n=278)
[DEBUG, 1509133847.7060196]: PiCamera image received: ImageMessage(t=1509133847.7060044, n=279)
[DEBUG, 1509133847.7409348]: PiCamera image received: ImageMessage(t=1509133847.7409196, n=280)
[DEBUG, 1509133847.774097]: PiCamera image received: ImageMessage(t=1509133847.7740815, n=281)
[DEBUG, 1509133847.8534343]: PiCamera image received: ImageMessage(t=1509133847.8534193, n=282)
[DEBUG, 1509133847.9205668]: PiCamera image received: ImageMessage(t=1509133847.9205523, n=283)
[DEBUG, 1509133847.9537134]: PiCamera image received: ImageMessage(t=1509133847.9536967, n=284)
[DEBUG, 1509133848.0200374]: PiCamera image received: ImageMessage(t=1509133848.0200226, n=285)
[DEBUG, 1509133848.054995]: PiCamera image received: ImageMessage(t=1509133848.0549765, n=286)
[DEBUG, 1509133848.1201105]: PiCamera image received: ImageMessage(t=1509133848.1200948, n=287)
[DEBUG, 1509133848.1530933]: PiCamera image received: ImageMessage(t=1509133848.1530783, n=288)
[DEBUG, 1509133848.1861053]: PiCamera image received: ImageMessage(t=1509133848.1860821, n=289)
[DEBUG, 1509133848.2536428]: PiCamera image received: ImageMessage(t=1509133848.2536287, n=290)
[DEBUG, 1509133848.3209457]: PiCamera image received: ImageMessage(t=1509133848.3209302, n=291)
[DEBUG, 1509133848.355207]: PiCamera image received: ImageMessage(t=1509133848.355192, n=292)
[DEBUG, 1509133848.4208508]: PiCamera image received: ImageMessage(t=1509133848.4208338, n=293)
[DEBUG, 1509133848.454257]: PiCamera image received: ImageMessage(t=1509133848.45424, n=294)
[DEBUG, 1509133848.5462418]: PiCamera image received: ImageMessage(t=1509133848.5462234, n=295)
[DEBUG, 1509133848.61134]: PiCamera image received: ImageMessage(t=1509133848.6113236, n=296)
[DEBUG, 1509133848.64445]: PiCamera image received: ImageMessage(t=1509133848.6444302, n=297)
[DEBUG, 1509133848.7090096]: PiCamera image received: ImageMessage(t=1509133848.7089934, n=298)
[DEBUG, 1509133848.7415998]: PiCamera image received: ImageMessage(t=1509133848.741586, n=299)
[DEBUG, 1509133848.7771041]: PiCamera image received: ImageMessage(t=1509133848.7770894, n=300)
[DEBUG, 1509133848.8144088]: PiCamera image received: ImageMessage(t=1509133848.8143938, n=301)
[DEBUG, 1509133848.8547246]: PiCamera image received: ImageMessage(t=1509133848.85471, n=302)
[DEBUG, 1509133848.8884172]: PiCamera image received: ImageMessage(t=1509133848.8883972, n=303)
[DEBUG, 1509133848.967703]: PiCamera image received: ImageMessage(t=1509133848.9676843, n=304)
[DEBUG, 1509133849.0013103]: PiCamera image received: ImageMessage(t=1509133849.0012934, n=305)
[DEBUG, 1509133849.0716639]: PiCamera image received: ImageMessage(t=1509133849.071645, n=306)
[DEBUG, 1509133849.1049066]: PiCamera image received: ImageMessage(t=1509133849.1048923, n=307)
[DEBUG, 1509133849.1707158]: PiCamera image received: ImageMessage(t=1509133849.1706967, n=308)
[DEBUG, 1509133849.2039764]: PiCamera image received: ImageMessage(t=1509133849.2039616, n=309)
[DEBUG, 1509133849.2738285]: PiCamera image received: ImageMessage(t=1509133849.2738132, n=310)
[DEBUG, 1509133849.308348]: PiCamera image received: ImageMessage(t=1509133849.3083286, n=311)
[DEBUG, 1509133849.3859146]: PiCamera image received: ImageMessage(t=1509133849.3858979, n=312)
[DEBUG, 1509133849.4186234]: PiCamera image received: ImageMessage(t=1509133849.4186075, n=313)
[DEBUG, 1509133849.4838543]: PiCamera image received: ImageMessage(t=1509133849.4838364, n=314)
[DEBUG, 1509133849.5264645]: PiCamera image received: ImageMessage(t=1509133849.5264502, n=315)
[DEBUG, 1509133849.6022744]: PiCamera image received: ImageMessage(t=1509133849.6022556, n=316)
[DEBUG, 1509133849.666681]: PiCamera image received: ImageMessage(t=1509133849.6666625, n=317)
[DEBUG, 1509133849.7010014]: PiCamera image received: ImageMessage(t=1509133849.7009861, n=318)
[DEBUG, 1509133849.7349603]: PiCamera image received: ImageMessage(t=1509133849.7349424, n=319)
[DEBUG, 1509133849.7698905]: PiCamera image received: ImageMessage(t=1509133849.7698727, n=320)
[DEBUG, 1509133849.8345325]: PiCamera image received: ImageMessage(t=1509133849.834516, n=321)
[DEBUG, 1509133849.9012709]: PiCamera image received: ImageMessage(t=1509133849.9012568, n=322)
[DEBUG, 1509133849.9422219]: PiCamera image received: ImageMessage(t=1509133849.9422045, n=323)
[DEBUG, 1509133850.01391]: PiCamera image received: ImageMessage(t=1509133850.013891, n=324)
[DEBUG, 1509133850.0468524]: PiCamera image received: ImageMessage(t=1509133850.0468364, n=325)
[DEBUG, 1509133850.0797935]: PiCamera image received: ImageMessage(t=1509133850.079776, n=326)
[DEBUG, 1509133850.1440725]: PiCamera image received: ImageMessage(t=1509133850.1440523, n=327)
[DEBUG, 1509133850.2097247]: PiCamera image received: ImageMessage(t=1509133850.2097068, n=328)
[DEBUG, 1509133850.2426953]: PiCamera image received: ImageMessage(t=1509133850.2426772, n=329)
[DEBUG, 1509133850.3084204]: PiCamera image received: ImageMessage(t=1509133850.308402, n=330)
[DEBUG, 1509133850.379517]: PiCamera image received: ImageMessage(t=1509133850.3795006, n=331)
[DEBUG, 1509133850.4297156]: PiCamera image received: ImageMessage(t=1509133850.4296477, n=332)
[DEBUG, 1509133850.4631612]: PiCamera image received: ImageMessage(t=1509133850.463143, n=333)
[DEBUG, 1509133850.4968243]: PiCamera image received: ImageMessage(t=1509133850.496809, n=334)
[DEBUG, 1509133850.5637813]: PiCamera image received: ImageMessage(t=1509133850.563767, n=335)
[DEBUG, 1509133850.600766]: PiCamera image received: ImageMessage(t=1509133850.6007512, n=336)
[DEBUG, 1509133850.6337898]: PiCamera image received: ImageMessage(t=1509133850.63361, n=337)
[DEBUG, 1509133850.6670864]: PiCamera image received: ImageMessage(t=1509133850.6670702, n=338)
[DEBUG, 1509133850.7628694]: PiCamera image received: ImageMessage(t=1509133850.7628536, n=339)
[DEBUG, 1509133850.795402]: PiCamera image received: ImageMessage(t=1509133850.7953856, n=340)
[DEBUG, 1509133850.8284857]: PiCamera image received: ImageMessage(t=1509133850.8284688, n=341)
[DEBUG, 1509133850.861359]: PiCamera image received: ImageMessage(t=1509133850.861344, n=342)
[DEBUG, 1509133850.9271586]: PiCamera image received: ImageMessage(t=1509133850.9271436, n=343)
[DEBUG, 1509133850.9604945]: PiCamera image received: ImageMessage(t=1509133850.960366, n=344)
[DEBUG, 1509133850.995389]: PiCamera image received: ImageMessage(t=1509133850.995375, n=345)
[DEBUG, 1509133851.0684788]: PiCamera image received: ImageMessage(t=1509133851.068462, n=346)
[DEBUG, 1509133851.1091616]: PiCamera image received: ImageMessage(t=1509133851.1091452, n=347)
[DEBUG, 1509133851.1440794]: PiCamera image received: ImageMessage(t=1509133851.1419184, n=348)
[DEBUG, 1509133851.2261312]: PiCamera image received: ImageMessage(t=1509133851.226112, n=349)
[DEBUG, 1509133851.260836]: PiCamera image received: ImageMessage(t=1509133851.2608218, n=350)
[DEBUG, 1509133851.293536]: PiCamera image received: ImageMessage(t=1509133851.293521, n=351)
[DEBUG, 1509133851.3905232]: PiCamera image received: ImageMessage(t=1509133851.3905082, n=352)
[DEBUG, 1509133851.4241426]: PiCamera image received: ImageMessage(t=1509133851.4241283, n=353)
[log buffer end]
[PiCamera @ node.py:66][DEBUG] 2017-10-27 15:50:51,425: logging message buffer (len=16452)
[PiCamera @ node.py:64][DEBUG] 2017-10-27 15:50:57,295: [log buffer start]
[DEBUG, 1509133851.4593449]: PiCamera image received: ImageMessage(t=1509133851.4593296, n=354)
[DEBUG, 1509133851.4996557]: PiCamera image received: ImageMessage(t=1509133851.4996383, n=355)
[DEBUG, 1509133851.570091]: PiCamera image received: ImageMessage(t=1509133851.5700746, n=356)
[DEBUG, 1509133851.637672]: PiCamera image received: ImageMessage(t=1509133851.637657, n=357)
[DEBUG, 1509133851.70548]: PiCamera image received: ImageMessage(t=1509133851.7054646, n=358)
[DEBUG, 1509133851.7717757]: PiCamera image received: ImageMessage(t=1509133851.7717602, n=359)
[DEBUG, 1509133851.8047845]: PiCamera image received: ImageMessage(t=1509133851.8047693, n=360)
[DEBUG, 1509133851.8378613]: PiCamera image received: ImageMessage(t=1509133851.8378477, n=361)
[DEBUG, 1509133851.909315]: PiCamera image received: ImageMessage(t=1509133851.9093003, n=362)
[DEBUG, 1509133851.9424677]: PiCamera image received: ImageMessage(t=1509133851.9424512, n=363)
[DEBUG, 1509133851.9796593]: PiCamera image received: ImageMessage(t=1509133851.9796448, n=364)
[DEBUG, 1509133852.0122507]: PiCamera image received: ImageMessage(t=1509133852.0122366, n=365)
[DEBUG, 1509133852.0450356]: PiCamera image received: ImageMessage(t=1509133852.0450158, n=366)
[DEBUG, 1509133852.111119]: PiCamera image received: ImageMessage(t=1509133852.111094, n=367)
[DEBUG, 1509133852.1769466]: PiCamera image received: ImageMessage(t=1509133852.176932, n=368)
[DEBUG, 1509133852.21404]: PiCamera image received: ImageMessage(t=1509133852.2140226, n=369)
[DEBUG, 1509133852.246528]: PiCamera image received: ImageMessage(t=1509133852.2465134, n=370)
[DEBUG, 1509133852.3121789]: PiCamera image received: ImageMessage(t=1509133852.3121638, n=371)
[DEBUG, 1509133852.3851116]: PiCamera image received: ImageMessage(t=1509133852.3850968, n=373)
[DEBUG, 1509133852.506689]: PiCamera image received: ImageMessage(t=1509133852.5066714, n=374)
[DEBUG, 1509133852.5391586]: PiCamera image received: ImageMessage(t=1509133852.5391424, n=375)
[DEBUG, 1509133852.5819721]: PiCamera image received: ImageMessage(t=1509133852.5819545, n=376)
[DEBUG, 1509133852.6529539]: PiCamera image received: ImageMessage(t=1509133852.6529338, n=377)
[DEBUG, 1509133852.685413]: PiCamera image received: ImageMessage(t=1509133852.685397, n=378)
[DEBUG, 1509133852.7618682]: PiCamera image received: ImageMessage(t=1509133852.7618284, n=379)
[DEBUG, 1509133852.7994604]: PiCamera image received: ImageMessage(t=1509133852.7994463, n=380)
[DEBUG, 1509133852.835272]: PiCamera image received: ImageMessage(t=1509133852.8352547, n=381)
[DEBUG, 1509133852.9001968]: PiCamera image received: ImageMessage(t=1509133852.9001806, n=382)
[DEBUG, 1509133852.939157]: PiCamera image received: ImageMessage(t=1509133852.9391422, n=383)
[DEBUG, 1509133852.9721613]: PiCamera image received: ImageMessage(t=1509133852.9721472, n=384)
[DEBUG, 1509133853.0042322]: PiCamera image received: ImageMessage(t=1509133853.0042174, n=385)
[DEBUG, 1509133853.0735404]: PiCamera image received: ImageMessage(t=1509133853.0735219, n=386)
[DEBUG, 1509133853.1069458]: PiCamera image received: ImageMessage(t=1509133853.1069264, n=387)
[DEBUG, 1509133853.1410692]: PiCamera image received: ImageMessage(t=1509133853.1410537, n=388)
[DEBUG, 1509133853.1745625]: PiCamera image received: ImageMessage(t=1509133853.1745477, n=389)
[DEBUG, 1509133853.2728722]: PiCamera image received: ImageMessage(t=1509133853.272853, n=390)
[DEBUG, 1509133853.3063629]: PiCamera image received: ImageMessage(t=1509133853.3063478, n=391)
[DEBUG, 1509133853.3400645]: PiCamera image received: ImageMessage(t=1509133853.3399546, n=392)
[DEBUG, 1509133853.3732753]: PiCamera image received: ImageMessage(t=1509133853.37326, n=393)
[DEBUG, 1509133853.4433398]: PiCamera image received: ImageMessage(t=1509133853.4433246, n=394)
[DEBUG, 1509133853.4791765]: PiCamera image received: ImageMessage(t=1509133853.4791625, n=395)
[DEBUG, 1509133853.5775447]: PiCamera image received: ImageMessage(t=1509133853.5775297, n=396)
[DEBUG, 1509133853.6104054]: PiCamera image received: ImageMessage(t=1509133853.6103911, n=397)
[DEBUG, 1509133853.6430924]: PiCamera image received: ImageMessage(t=1509133853.643078, n=398)
[DEBUG, 1509133853.675968]: PiCamera image received: ImageMessage(t=1509133853.6759527, n=399)
[DEBUG, 1509133853.743996]: PiCamera image received: ImageMessage(t=1509133853.7439785, n=400)
[DEBUG, 1509133853.8095143]: PiCamera image received: ImageMessage(t=1509133853.8094356, n=401)
[DEBUG, 1509133853.8808424]: PiCamera image received: ImageMessage(t=1509133853.8808255, n=402)
[DEBUG, 1509133853.9164498]: PiCamera image received: ImageMessage(t=1509133853.916435, n=403)
[DEBUG, 1509133853.9816585]: PiCamera image received: ImageMessage(t=1509133853.9816444, n=404)
[DEBUG, 1509133854.0150347]: PiCamera image received: ImageMessage(t=1509133854.0150194, n=405)
[DEBUG, 1509133854.0473287]: PiCamera image received: ImageMessage(t=1509133854.0473137, n=406)
[DEBUG, 1509133854.079571]: PiCamera image received: ImageMessage(t=1509133854.0795553, n=407)
[DEBUG, 1509133854.1172097]: PiCamera image received: ImageMessage(t=1509133854.1171913, n=408)
[DEBUG, 1509133854.2015035]: PiCamera image received: ImageMessage(t=1509133854.2014868, n=409)
[DEBUG, 1509133854.2343004]: PiCamera image received: ImageMessage(t=1509133854.234282, n=410)
[DEBUG, 1509133854.3358235]: PiCamera image received: ImageMessage(t=1509133854.335804, n=411)
[DEBUG, 1509133854.3687875]: PiCamera image received: ImageMessage(t=1509133854.3687701, n=412)
[DEBUG, 1509133854.4017572]: PiCamera image received: ImageMessage(t=1509133854.401737, n=413)
[DEBUG, 1509133854.4349215]: PiCamera image received: ImageMessage(t=1509133854.434906, n=414)
[DEBUG, 1509133854.5039206]: PiCamera image received: ImageMessage(t=1509133854.5039043, n=415)
[DEBUG, 1509133854.5370646]: PiCamera image received: ImageMessage(t=1509133854.537046, n=416)
[DEBUG, 1509133854.5751839]: PiCamera image received: ImageMessage(t=1509133854.5751686, n=417)
[DEBUG, 1509133854.6403441]: PiCamera image received: ImageMessage(t=1509133854.6403286, n=418)
[DEBUG, 1509133854.7060697]: PiCamera image received: ImageMessage(t=1509133854.7060547, n=419)
[DEBUG, 1509133854.7755947]: PiCamera image received: ImageMessage(t=1509133854.77557, n=420)
[DEBUG, 1509133854.8262467]: PiCamera image received: ImageMessage(t=1509133854.826216, n=421)
[DEBUG, 1509133854.8943985]: PiCamera image received: ImageMessage(t=1509133854.894371, n=422)
[DEBUG, 1509133854.9271765]: PiCamera image received: ImageMessage(t=1509133854.9271622, n=423)
[DEBUG, 1509133855.000018]: PiCamera image received: ImageMessage(t=1509133855.0000038, n=424)
[DEBUG, 1509133855.0681498]: PiCamera image received: ImageMessage(t=1509133855.068135, n=425)
[DEBUG, 1509133855.132257]: PiCamera image received: ImageMessage(t=1509133855.132242, n=427)
[DEBUG, 1509133855.2413468]: PiCamera image received: ImageMessage(t=1509133855.2413292, n=428)
[DEBUG, 1509133855.2737558]: PiCamera image received: ImageMessage(t=1509133855.273741, n=429)
[DEBUG, 1509133855.311606]: PiCamera image received: ImageMessage(t=1509133855.3115916, n=430)
[DEBUG, 1509133855.386815]: PiCamera image received: ImageMessage(t=1509133855.3867962, n=431)
[DEBUG, 1509133855.4628253]: PiCamera image received: ImageMessage(t=1509133855.462807, n=432)
[DEBUG, 1509133855.4964838]: PiCamera image received: ImageMessage(t=1509133855.496468, n=433)
[DEBUG, 1509133855.544494]: PiCamera image received: ImageMessage(t=1509133855.5444689, n=434)
[DEBUG, 1509133855.6145272]: PiCamera image received: ImageMessage(t=1509133855.614505, n=435)
[DEBUG, 1509133855.679581]: PiCamera image received: ImageMessage(t=1509133855.6795664, n=436)
[DEBUG, 1509133855.7446456]: PiCamera image received: ImageMessage(t=1509133855.7446306, n=437)
[DEBUG, 1509133855.816698]: PiCamera image received: ImageMessage(t=1509133855.816683, n=438)
[DEBUG, 1509133855.8491464]: PiCamera image received: ImageMessage(t=1509133855.849131, n=439)
[DEBUG, 1509133855.882914]: PiCamera image received: ImageMessage(t=1509133855.8828979, n=440)
[DEBUG, 1509133855.9481256]: PiCamera image received: ImageMessage(t=1509133855.9481113, n=441)
[DEBUG, 1509133855.9811275]: PiCamera image received: ImageMessage(t=1509133855.9811127, n=442)
[DEBUG, 1509133856.0477028]: PiCamera image received: ImageMessage(t=1509133856.0476875, n=443)
[DEBUG, 1509133856.080007]: PiCamera image received: ImageMessage(t=1509133856.0799928, n=444)
[DEBUG, 1509133856.1125581]: PiCamera image received: ImageMessage(t=1509133856.1125433, n=445)
[DEBUG, 1509133856.1451042]: PiCamera image received: ImageMessage(t=1509133856.1450894, n=446)
[DEBUG, 1509133856.1774912]: PiCamera image received: ImageMessage(t=1509133856.1774766, n=447)
[DEBUG, 1509133856.210278]: PiCamera image received: ImageMessage(t=1509133856.2102628, n=448)
[DEBUG, 1509133856.2750356]: PiCamera image received: ImageMessage(t=1509133856.2750194, n=449)
[DEBUG, 1509133856.3085172]: PiCamera image received: ImageMessage(t=1509133856.308502, n=450)
[DEBUG, 1509133856.3415337]: PiCamera image received: ImageMessage(t=1509133856.3415189, n=451)
[DEBUG, 1509133856.3739657]: PiCamera image received: ImageMessage(t=1509133856.3739507, n=452)
[DEBUG, 1509133856.411925]: PiCamera image received: ImageMessage(t=1509133856.4119112, n=453)
[DEBUG, 1509133856.4479473]: PiCamera image received: ImageMessage(t=1509133856.4479334, n=454)
[DEBUG, 1509133856.4805672]: PiCamera image received: ImageMessage(t=1509133856.4805524, n=455)
[DEBUG, 1509133856.5135827]: PiCamera image received: ImageMessage(t=1509133856.513568, n=456)
[DEBUG, 1509133856.580006]: PiCamera image received: ImageMessage(t=1509133856.5799913, n=457)
[DEBUG, 1509133856.613495]: PiCamera image received: ImageMessage(t=1509133856.6134813, n=458)
[DEBUG, 1509133856.646542]: PiCamera image received: ImageMessage(t=1509133856.6465268, n=459)
[DEBUG, 1509133856.6793551]: PiCamera image received: ImageMessage(t=1509133856.6793401, n=460)
[DEBUG, 1509133856.7575881]: PiCamera image received: ImageMessage(t=1509133856.757574, n=461)
[DEBUG, 1509133856.7902942]: PiCamera image received: ImageMessage(t=1509133856.790279, n=462)
[DEBUG, 1509133856.828083]: PiCamera image received: ImageMessage(t=1509133856.8280683, n=463)
[DEBUG, 1509133856.8654578]: PiCamera image received: ImageMessage(t=1509133856.8654428, n=464)
[DEBUG, 1509133856.932274]: PiCamera image received: ImageMessage(t=1509133856.9322588, n=465)
[DEBUG, 1509133856.9653032]: PiCamera image received: ImageMessage(t=1509133856.9652884, n=466)
[DEBUG, 1509133856.9978235]: PiCamera image received: ImageMessage(t=1509133856.9978087, n=467)
[DEBUG, 1509133857.0697417]: PiCamera image received: ImageMessage(t=1509133857.069727, n=468)
[DEBUG, 1509133857.1025317]: PiCamera image received: ImageMessage(t=1509133857.1025167, n=469)
[DEBUG, 1509133857.1347609]: PiCamera image received: ImageMessage(t=1509133857.1347468, n=470)
[DEBUG, 1509133857.1668134]: PiCamera image received: ImageMessage(t=1509133857.1667995, n=471)
[DEBUG, 1509133857.1991148]: PiCamera image received: ImageMessage(t=1509133857.1991003, n=472)
[DEBUG, 1509133857.2647116]: PiCamera image received: ImageMessage(t=1509133857.2646961, n=473)
[log buffer end]
[PiCamera @ node.py:66][DEBUG] 2017-10-27 15:50:57,298: logging message buffer (len=11300)
[PiCamera @ node.py:87][INFO] 2017-10-27 15:50:57,300: Node took 27.11849021911621s to run
[PiCamera @ picamera.py:185][DEBUG] 2017-10-27 15:50:57,397: AVC-H264 import - frame size 640 x 480 at 25.000 FPS
[PiCamera @ picamera.py:185][DEBUG] 2017-10-27 15:50:57,405: Importing AVC-H264: |                    | (01/100)
[PiCamera @ picamera.py:185][DEBUG] 2017-10-27 15:50:57,409: Importing AVC-H264: |                    | (02/100)
[PiCamera @ picamera.py:185][DEBUG] 2017-10-27 15:50:57,412: Importing AVC-H264: |                    | (03/100)
[PiCamera @ picamera.py:185][DEBUG] 2017-10-27 15:50:57,416: Importing AVC-H264: |                    | (04/100)
[PiCamera @ picamera.py:185][DEBUG] 2017-10-27 15:50:57,420: Importing AVC-H264: |=                   | (05/100)
[PiCamera @ picamera.py:185][DEBUG] 2017-10-27 15:50:57,424: Importing AVC-H264: |=                   | (06/100)
[PiCamera @ picamera.py:185][DEBUG] 2017-10-27 15:50:57,428: Importing AVC-H264: |=                   | (07/100)
[PiCamera @ picamera.py:185][DEBUG] 2017-10-27 15:50:57,432: Importing AVC-H264: |=                   | (08/100)
[PiCamera @ picamera.py:185][DEBUG] 2017-10-27 15:50:57,434: Importing AVC-H264: |=                   | (09/100)
[PiCamera @ picamera.py:185][DEBUG] 2017-10-27 15:50:57,437: Importing AVC-H264: |==                  | (10/100)
[PiCamera @ picamera.py:185][DEBUG] 2017-10-27 15:50:57,439: Importing AVC-H264: |==                  | (11/100)
[PiCamera @ picamera.py:185][DEBUG] 2017-10-27 15:50:57,442: Importing AVC-H264: |==                  | (12/100)
[PiCamera @ picamera.py:185][DEBUG] 2017-10-27 15:50:57,445: Importing AVC-H264: |==                  | (13/100)
[PiCamera @ picamera.py:185][DEBUG] 2017-10-27 15:50:57,447: Importing AVC-H264: |==                  | (14/100)
[PiCamera @ picamera.py:185][DEBUG] 2017-10-27 15:50:57,450: Importing AVC-H264: |===                 | (15/100)
[PiCamera @ picamera.py:185][DEBUG] 2017-10-27 15:50:57,453: Importing AVC-H264: |===                 | (16/100)
[PiCamera @ picamera.py:185][DEBUG] 2017-10-27 15:50:57,456: Importing AVC-H264: |===                 | (17/100)
[PiCamera @ picamera.py:185][DEBUG] 2017-10-27 15:50:57,459: Importing AVC-H264: |===                 | (18/100)
[PiCamera @ picamera.py:185][DEBUG] 2017-10-27 15:50:57,462: Importing AVC-H264: |===                 | (19/100)
[PiCamera @ picamera.py:185][DEBUG] 2017-10-27 15:50:57,473: Importing AVC-H264: |====                | (20/100)
[PiCamera @ picamera.py:185][DEBUG] 2017-10-27 15:50:57,474: Importing AVC-H264: |====                | (21/100)
[PiCamera @ picamera.py:185][DEBUG] 2017-10-27 15:50:57,478: Importing AVC-H264: |====                | (22/100)
[PiCamera @ picamera.py:185][DEBUG] 2017-10-27 15:50:57,479: Importing AVC-H264: |====                | (23/100)
[PiCamera @ picamera.py:185][DEBUG] 2017-10-27 15:50:57,479: Importing AVC-H264: |====                | (24/100)
[PiCamera @ picamera.py:185][DEBUG] 2017-10-27 15:50:57,480: Importing AVC-H264: |=====               | (25/100)
[PiCamera @ picamera.py:185][DEBUG] 2017-10-27 15:50:57,482: Importing AVC-H264: |=====               | (26/100)
[PiCamera @ picamera.py:185][DEBUG] 2017-10-27 15:50:57,485: Importing AVC-H264: |=====               | (27/100)
[PiCamera @ picamera.py:185][DEBUG] 2017-10-27 15:50:57,488: Importing AVC-H264: |=====               | (28/100)
[PiCamera @ picamera.py:185][DEBUG] 2017-10-27 15:50:57,491: Importing AVC-H264: |=====               | (29/100)
[PiCamera @ picamera.py:185][DEBUG] 2017-10-27 15:50:57,493: Importing AVC-H264: |======              | (30/100)
[PiCamera @ picamera.py:185][DEBUG] 2017-10-27 15:50:57,496: Importing AVC-H264: |======              | (31/100)
[PiCamera @ picamera.py:185][DEBUG] 2017-10-27 15:50:57,499: Importing AVC-H264: |======              | (32/100)
[PiCamera @ picamera.py:185][DEBUG] 2017-10-27 15:50:57,502: Importing AVC-H264: |======              | (33/100)
[PiCamera @ picamera.py:185][DEBUG] 2017-10-27 15:50:57,505: Importing AVC-H264: |======              | (34/100)
[PiCamera @ picamera.py:185][DEBUG] 2017-10-27 15:50:57,508: Importing AVC-H264: |=======             | (35/100)
[PiCamera @ picamera.py:185][DEBUG] 2017-10-27 15:50:57,510: Importing AVC-H264: |=======             | (36/100)
[PiCamera @ picamera.py:185][DEBUG] 2017-10-27 15:50:57,513: Importing AVC-H264: |=======             | (37/100)
[PiCamera @ picamera.py:185][DEBUG] 2017-10-27 15:50:57,515: Importing AVC-H264: |=======             | (38/100)
[PiCamera @ picamera.py:185][DEBUG] 2017-10-27 15:50:57,518: Importing AVC-H264: |=======             | (39/100)
[PiCamera @ picamera.py:185][DEBUG] 2017-10-27 15:50:57,520: Importing AVC-H264: |========            | (40/100)
[PiCamera @ picamera.py:185][DEBUG] 2017-10-27 15:50:57,523: Importing AVC-H264: |========            | (41/100)
[PiCamera @ picamera.py:185][DEBUG] 2017-10-27 15:50:57,526: Importing AVC-H264: |========            | (42/100)
[PiCamera @ picamera.py:185][DEBUG] 2017-10-27 15:50:57,528: Importing AVC-H264: |========            | (43/100)
[PiCamera @ picamera.py:185][DEBUG] 2017-10-27 15:50:57,531: Importing AVC-H264: |========            | (44/100)
[PiCamera @ picamera.py:185][DEBUG] 2017-10-27 15:50:57,534: Importing AVC-H264: |=========           | (45/100)
[PiCamera @ picamera.py:185][DEBUG] 2017-10-27 15:50:57,537: Importing AVC-H264: |=========           | (46/100)
[PiCamera @ picamera.py:185][DEBUG] 2017-10-27 15:50:57,540: Importing AVC-H264: |=========           | (47/100)
[PiCamera @ picamera.py:185][DEBUG] 2017-10-27 15:50:57,543: Importing AVC-H264: |=========           | (48/100)
[PiCamera @ picamera.py:185][DEBUG] 2017-10-27 15:50:57,545: Importing AVC-H264: |=========           | (49/100)
[PiCamera @ picamera.py:185][DEBUG] 2017-10-27 15:50:57,548: Importing AVC-H264: |==========          | (50/100)
[PiCamera @ picamera.py:185][DEBUG] 2017-10-27 15:50:57,550: Importing AVC-H264: |==========          | (51/100)
[PiCamera @ picamera.py:185][DEBUG] 2017-10-27 15:50:57,555: Importing AVC-H264: |==========          | (52/100)
[PiCamera @ picamera.py:185][DEBUG] 2017-10-27 15:50:57,556: Importing AVC-H264: |==========          | (53/100)
[PiCamera @ picamera.py:185][DEBUG] 2017-10-27 15:50:57,565: Importing AVC-H264: |==========          | (54/100)
[PiCamera @ picamera.py:185][DEBUG] 2017-10-27 15:50:57,566: Importing AVC-H264: |===========         | (55/100)
[PiCamera @ picamera.py:185][DEBUG] 2017-10-27 15:50:57,568: Importing AVC-H264: |===========         | (56/100)
[PiCamera @ picamera.py:185][DEBUG] 2017-10-27 15:50:57,570: Importing AVC-H264: |===========         | (57/100)
[PiCamera @ picamera.py:185][DEBUG] 2017-10-27 15:50:57,571: Importing AVC-H264: |===========         | (58/100)
[PiCamera @ picamera.py:185][DEBUG] 2017-10-27 15:50:57,575: Importing AVC-H264: |===========         | (59/100)
[PiCamera @ picamera.py:185][DEBUG] 2017-10-27 15:50:57,578: Importing AVC-H264: |============        | (60/100)
[PiCamera @ picamera.py:185][DEBUG] 2017-10-27 15:50:57,580: Importing AVC-H264: |============        | (61/100)
[PiCamera @ picamera.py:185][DEBUG] 2017-10-27 15:50:57,583: Importing AVC-H264: |============        | (62/100)
[PiCamera @ picamera.py:185][DEBUG] 2017-10-27 15:50:57,586: Importing AVC-H264: |============        | (63/100)
[PiCamera @ picamera.py:185][DEBUG] 2017-10-27 15:50:57,589: Importing AVC-H264: |============        | (64/100)
[PiCamera @ picamera.py:185][DEBUG] 2017-10-27 15:50:57,591: Importing AVC-H264: |=============       | (65/100)
[PiCamera @ picamera.py:185][DEBUG] 2017-10-27 15:50:57,601: Importing AVC-H264: |=============       | (66/100)
[PiCamera @ picamera.py:185][DEBUG] 2017-10-27 15:50:57,603: Importing AVC-H264: |=============       | (67/100)
[PiCamera @ picamera.py:185][DEBUG] 2017-10-27 15:50:57,604: Importing AVC-H264: |=============       | (68/100)
[PiCamera @ picamera.py:185][DEBUG] 2017-10-27 15:50:57,605: Importing AVC-H264: |=============       | (69/100)
[PiCamera @ picamera.py:185][DEBUG] 2017-10-27 15:50:57,605: Importing AVC-H264: |==============      | (70/100)
[PiCamera @ picamera.py:185][DEBUG] 2017-10-27 15:50:57,608: Importing AVC-H264: |==============      | (71/100)
[PiCamera @ picamera.py:185][DEBUG] 2017-10-27 15:50:57,611: Importing AVC-H264: |==============      | (72/100)
[PiCamera @ picamera.py:185][DEBUG] 2017-10-27 15:50:57,615: Importing AVC-H264: |==============      | (73/100)
[PiCamera @ picamera.py:185][DEBUG] 2017-10-27 15:50:57,617: Importing AVC-H264: |==============      | (74/100)
[PiCamera @ picamera.py:185][DEBUG] 2017-10-27 15:50:57,619: Importing AVC-H264: |===============     | (75/100)
[PiCamera @ picamera.py:185][DEBUG] 2017-10-27 15:50:57,622: Importing AVC-H264: |===============     | (76/100)
[PiCamera @ picamera.py:185][DEBUG] 2017-10-27 15:50:57,625: Importing AVC-H264: |===============     | (77/100)
[PiCamera @ picamera.py:185][DEBUG] 2017-10-27 15:50:57,628: Importing AVC-H264: |===============     | (78/100)
[PiCamera @ picamera.py:185][DEBUG] 2017-10-27 15:50:57,631: Importing AVC-H264: |===============     | (79/100)
[PiCamera @ picamera.py:185][DEBUG] 2017-10-27 15:50:57,634: Importing AVC-H264: |================    | (80/100)
[PiCamera @ picamera.py:185][DEBUG] 2017-10-27 15:50:57,636: Importing AVC-H264: |================    | (81/100)
[PiCamera @ picamera.py:185][DEBUG] 2017-10-27 15:50:57,639: Importing AVC-H264: |================    | (82/100)
[PiCamera @ picamera.py:185][DEBUG] 2017-10-27 15:50:57,642: Importing AVC-H264: |================    | (83/100)
[PiCamera @ picamera.py:185][DEBUG] 2017-10-27 15:50:57,645: Importing AVC-H264: |================    | (84/100)
[PiCamera @ picamera.py:185][DEBUG] 2017-10-27 15:50:57,647: Importing AVC-H264: |=================   | (85/100)
[PiCamera @ picamera.py:185][DEBUG] 2017-10-27 15:50:57,649: Importing AVC-H264: |=================   | (86/100)
[PiCamera @ picamera.py:185][DEBUG] 2017-10-27 15:50:57,652: Importing AVC-H264: |=================   | (87/100)
[PiCamera @ picamera.py:185][DEBUG] 2017-10-27 15:50:57,655: Importing AVC-H264: |=================   | (88/100)
[PiCamera @ picamera.py:185][DEBUG] 2017-10-27 15:50:57,658: Importing AVC-H264: |=================   | (89/100)
[PiCamera @ picamera.py:185][DEBUG] 2017-10-27 15:50:57,660: Importing AVC-H264: |==================  | (90/100)
[PiCamera @ picamera.py:185][DEBUG] 2017-10-27 15:50:57,663: Importing AVC-H264: |==================  | (91/100)
[PiCamera @ picamera.py:185][DEBUG] 2017-10-27 15:50:57,666: Importing AVC-H264: |==================  | (92/100)
[PiCamera @ picamera.py:185][DEBUG] 2017-10-27 15:50:57,669: Importing AVC-H264: |==================  | (93/100)
[PiCamera @ picamera.py:185][DEBUG] 2017-10-27 15:50:57,671: Importing AVC-H264: |==================  | (94/100)
[PiCamera @ picamera.py:185][DEBUG] 2017-10-27 15:50:57,674: Importing AVC-H264: |=================== | (95/100)
[PiCamera @ picamera.py:185][DEBUG] 2017-10-27 15:50:57,678: Importing AVC-H264: |=================== | (96/100)
[PiCamera @ picamera.py:185][DEBUG] 2017-10-27 15:50:57,680: Importing AVC-H264: |=================== | (97/100)
[PiCamera @ picamera.py:185][DEBUG] 2017-10-27 15:50:57,689: Importing AVC-H264: |=================== | (98/100)
[PiCamera @ picamera.py:185][DEBUG] 2017-10-27 15:50:57,690: Importing AVC-H264: |=================== | (99/100)
[PiCamera @ picamera.py:185][DEBUG] 2017-10-27 15:50:57,691: 
[PiCamera @ picamera.py:185][DEBUG] 2017-10-27 15:50:57,692: AVC Import results: 792 samples - Slices: 14 I 778 P 0 B - 0 SEI - 14 IDR
[PiCamera @ picamera.py:185][DEBUG] 2017-10-27 15:50:57,695: Saving to videos/2017_Oct_27/NaborisOrchestrator/15_50_30.mp4: 0.500 secs Interleaving
[PiCamera @ picamera.py:185][DEBUG] 2017-10-27 15:50:57,697: ISO File Writing: |                    | (01/100)
[PiCamera @ picamera.py:185][DEBUG] 2017-10-27 15:50:57,698: ISO File Writing: |                    | (02/100)
[PiCamera @ picamera.py:185][DEBUG] 2017-10-27 15:50:57,699: ISO File Writing: |                    | (03/100)
[PiCamera @ picamera.py:185][DEBUG] 2017-10-27 15:50:57,700: ISO File Writing: |                    | (04/100)
[PiCamera @ picamera.py:185][DEBUG] 2017-10-27 15:50:57,701: ISO File Writing: |=                   | (05/100)
[PiCamera @ picamera.py:185][DEBUG] 2017-10-27 15:50:57,703: ISO File Writing: |=                   | (06/100)
[PiCamera @ picamera.py:185][DEBUG] 2017-10-27 15:50:57,704: ISO File Writing: |=                   | (07/100)
[PiCamera @ picamera.py:185][DEBUG] 2017-10-27 15:50:57,704: ISO File Writing: |=                   | (08/100)
[PiCamera @ picamera.py:185][DEBUG] 2017-10-27 15:50:57,705: ISO File Writing: |=                   | (09/100)
[PiCamera @ picamera.py:185][DEBUG] 2017-10-27 15:50:57,706: ISO File Writing: |==                  | (10/100)
[PiCamera @ picamera.py:185][DEBUG] 2017-10-27 15:50:57,707: ISO File Writing: |==                  | (11/100)
[PiCamera @ picamera.py:185][DEBUG] 2017-10-27 15:50:57,707: ISO File Writing: |==                  | (12/100)
[PiCamera @ picamera.py:185][DEBUG] 2017-10-27 15:50:57,708: ISO File Writing: |==                  | (13/100)
[PiCamera @ picamera.py:185][DEBUG] 2017-10-27 15:50:57,708: ISO File Writing: |==                  | (14/100)
[PiCamera @ picamera.py:185][DEBUG] 2017-10-27 15:50:57,711: ISO File Writing: |===                 | (15/100)
[PiCamera @ picamera.py:185][DEBUG] 2017-10-27 15:50:57,712: ISO File Writing: |===                 | (16/100)
[PiCamera @ picamera.py:185][DEBUG] 2017-10-27 15:50:57,713: ISO File Writing: |===                 | (17/100)
[PiCamera @ picamera.py:185][DEBUG] 2017-10-27 15:50:57,714: ISO File Writing: |===                 | (18/100)
[PiCamera @ picamera.py:185][DEBUG] 2017-10-27 15:50:57,715: ISO File Writing: |===                 | (19/100)
[PiCamera @ picamera.py:185][DEBUG] 2017-10-27 15:50:57,715: ISO File Writing: |====                | (20/100)
[PiCamera @ picamera.py:185][DEBUG] 2017-10-27 15:50:57,716: ISO File Writing: |====                | (21/100)
[PiCamera @ picamera.py:185][DEBUG] 2017-10-27 15:50:57,717: ISO File Writing: |====                | (22/100)
[PiCamera @ picamera.py:185][DEBUG] 2017-10-27 15:50:57,717: ISO File Writing: |====                | (23/100)
[PiCamera @ picamera.py:185][DEBUG] 2017-10-27 15:50:57,719: ISO File Writing: |====                | (24/100)
[PiCamera @ picamera.py:185][DEBUG] 2017-10-27 15:50:57,727: ISO File Writing: |=====               | (25/100)
[PiCamera @ picamera.py:185][DEBUG] 2017-10-27 15:50:57,729: ISO File Writing: |=====               | (26/100)
[PiCamera @ picamera.py:185][DEBUG] 2017-10-27 15:50:57,730: ISO File Writing: |=====               | (27/100)
[PiCamera @ picamera.py:185][DEBUG] 2017-10-27 15:50:57,731: ISO File Writing: |=====               | (28/100)
[PiCamera @ picamera.py:185][DEBUG] 2017-10-27 15:50:57,732: ISO File Writing: |=====               | (29/100)
[PiCamera @ picamera.py:185][DEBUG] 2017-10-27 15:50:57,733: ISO File Writing: |======              | (30/100)
[PiCamera @ picamera.py:185][DEBUG] 2017-10-27 15:50:57,735: ISO File Writing: |======              | (31/100)
[PiCamera @ picamera.py:185][DEBUG] 2017-10-27 15:50:57,737: ISO File Writing: |======              | (32/100)
[PiCamera @ picamera.py:185][DEBUG] 2017-10-27 15:50:57,738: ISO File Writing: |======              | (33/100)
[PiCamera @ picamera.py:185][DEBUG] 2017-10-27 15:50:57,739: ISO File Writing: |======              | (34/100)
[PiCamera @ picamera.py:185][DEBUG] 2017-10-27 15:50:57,740: ISO File Writing: |=======             | (35/100)
[PiCamera @ picamera.py:185][DEBUG] 2017-10-27 15:50:57,740: ISO File Writing: |=======             | (36/100)
[PiCamera @ picamera.py:185][DEBUG] 2017-10-27 15:50:57,741: ISO File Writing: |=======             | (37/100)
[PiCamera @ picamera.py:185][DEBUG] 2017-10-27 15:50:57,742: ISO File Writing: |=======             | (38/100)
[PiCamera @ picamera.py:185][DEBUG] 2017-10-27 15:50:57,745: ISO File Writing: |=======             | (39/100)
[PiCamera @ picamera.py:185][DEBUG] 2017-10-27 15:50:57,746: ISO File Writing: |========            | (40/100)
[PiCamera @ picamera.py:185][DEBUG] 2017-10-27 15:50:57,747: ISO File Writing: |========            | (41/100)
[PiCamera @ picamera.py:185][DEBUG] 2017-10-27 15:50:57,748: ISO File Writing: |========            | (42/100)
[PiCamera @ picamera.py:185][DEBUG] 2017-10-27 15:50:57,748: ISO File Writing: |========            | (43/100)
[PiCamera @ picamera.py:185][DEBUG] 2017-10-27 15:50:57,749: ISO File Writing: |========            | (44/100)
[PiCamera @ picamera.py:185][DEBUG] 2017-10-27 15:50:57,750: ISO File Writing: |=========           | (45/100)
[PiCamera @ picamera.py:185][DEBUG] 2017-10-27 15:50:57,750: ISO File Writing: |=========           | (46/100)
[PiCamera @ picamera.py:185][DEBUG] 2017-10-27 15:50:57,751: ISO File Writing: |=========           | (47/100)
[PiCamera @ picamera.py:185][DEBUG] 2017-10-27 15:50:57,751: ISO File Writing: |=========           | (48/100)
[PiCamera @ picamera.py:185][DEBUG] 2017-10-27 15:50:57,753: ISO File Writing: |=========           | (49/100)
[PiCamera @ picamera.py:185][DEBUG] 2017-10-27 15:50:57,753: ISO File Writing: |==========          | (50/100)
[PiCamera @ picamera.py:185][DEBUG] 2017-10-27 15:50:57,754: ISO File Writing: |==========          | (51/100)
[PiCamera @ picamera.py:185][DEBUG] 2017-10-27 15:50:57,755: ISO File Writing: |==========          | (52/100)
[PiCamera @ picamera.py:185][DEBUG] 2017-10-27 15:50:57,756: ISO File Writing: |==========          | (53/100)
[PiCamera @ picamera.py:185][DEBUG] 2017-10-27 15:50:57,757: ISO File Writing: |==========          | (54/100)
[PiCamera @ picamera.py:185][DEBUG] 2017-10-27 15:50:57,758: ISO File Writing: |===========         | (55/100)
[PiCamera @ picamera.py:185][DEBUG] 2017-10-27 15:50:57,760: ISO File Writing: |===========         | (56/100)
[PiCamera @ picamera.py:185][DEBUG] 2017-10-27 15:50:57,760: ISO File Writing: |===========         | (57/100)
[PiCamera @ picamera.py:185][DEBUG] 2017-10-27 15:50:57,761: ISO File Writing: |===========         | (58/100)
[PiCamera @ picamera.py:185][DEBUG] 2017-10-27 15:50:57,762: ISO File Writing: |===========         | (59/100)
[PiCamera @ picamera.py:185][DEBUG] 2017-10-27 15:50:57,763: ISO File Writing: |============        | (60/100)
[PiCamera @ picamera.py:185][DEBUG] 2017-10-27 15:50:57,763: ISO File Writing: |============        | (61/100)
[PiCamera @ picamera.py:185][DEBUG] 2017-10-27 15:50:57,764: ISO File Writing: |============        | (62/100)
[PiCamera @ picamera.py:185][DEBUG] 2017-10-27 15:50:57,765: ISO File Writing: |============        | (63/100)
[PiCamera @ picamera.py:185][DEBUG] 2017-10-27 15:50:57,765: ISO File Writing: |============        | (64/100)
[PiCamera @ picamera.py:185][DEBUG] 2017-10-27 15:50:57,767: ISO File Writing: |=============       | (65/100)
[PiCamera @ picamera.py:185][DEBUG] 2017-10-27 15:50:57,767: ISO File Writing: |=============       | (66/100)
[PiCamera @ picamera.py:185][DEBUG] 2017-10-27 15:50:57,768: ISO File Writing: |=============       | (67/100)
[PiCamera @ picamera.py:185][DEBUG] 2017-10-27 15:50:57,768: ISO File Writing: |=============       | (68/100)
[PiCamera @ picamera.py:185][DEBUG] 2017-10-27 15:50:57,769: ISO File Writing: |=============       | (69/100)
[PiCamera @ picamera.py:185][DEBUG] 2017-10-27 15:50:57,770: ISO File Writing: |==============      | (70/100)
[PiCamera @ picamera.py:185][DEBUG] 2017-10-27 15:50:57,770: ISO File Writing: |==============      | (71/100)
[PiCamera @ picamera.py:185][DEBUG] 2017-10-27 15:50:57,771: ISO File Writing: |==============      | (72/100)
[PiCamera @ picamera.py:185][DEBUG] 2017-10-27 15:50:57,771: ISO File Writing: |==============      | (73/100)
[PiCamera @ picamera.py:185][DEBUG] 2017-10-27 15:50:57,772: ISO File Writing: |==============      | (74/100)
[PiCamera @ picamera.py:185][DEBUG] 2017-10-27 15:50:57,772: ISO File Writing: |===============     | (75/100)
[PiCamera @ picamera.py:185][DEBUG] 2017-10-27 15:50:57,773: ISO File Writing: |===============     | (76/100)
[PiCamera @ picamera.py:185][DEBUG] 2017-10-27 15:50:57,773: ISO File Writing: |===============     | (77/100)
[PiCamera @ picamera.py:185][DEBUG] 2017-10-27 15:50:57,774: ISO File Writing: |===============     | (78/100)
[PiCamera @ picamera.py:185][DEBUG] 2017-10-27 15:50:57,775: ISO File Writing: |===============     | (79/100)
[PiCamera @ picamera.py:185][DEBUG] 2017-10-27 15:50:57,775: ISO File Writing: |================    | (80/100)
[PiCamera @ picamera.py:185][DEBUG] 2017-10-27 15:50:57,776: ISO File Writing: |================    | (81/100)
[PiCamera @ picamera.py:185][DEBUG] 2017-10-27 15:50:57,776: ISO File Writing: |================    | (82/100)
[PiCamera @ picamera.py:185][DEBUG] 2017-10-27 15:50:57,779: ISO File Writing: |================    | (83/100)
[PiCamera @ picamera.py:185][DEBUG] 2017-10-27 15:50:57,780: ISO File Writing: |================    | (84/100)
[PiCamera @ picamera.py:185][DEBUG] 2017-10-27 15:50:57,780: ISO File Writing: |=================   | (85/100)
[PiCamera @ picamera.py:185][DEBUG] 2017-10-27 15:50:57,781: ISO File Writing: |=================   | (86/100)
[PiCamera @ picamera.py:185][DEBUG] 2017-10-27 15:50:57,782: ISO File Writing: |=================   | (87/100)
[PiCamera @ picamera.py:185][DEBUG] 2017-10-27 15:50:57,782: ISO File Writing: |=================   | (88/100)
[PiCamera @ picamera.py:185][DEBUG] 2017-10-27 15:50:57,783: ISO File Writing: |=================   | (89/100)
[PiCamera @ picamera.py:185][DEBUG] 2017-10-27 15:50:57,783: ISO File Writing: |==================  | (90/100)
[PiCamera @ picamera.py:185][DEBUG] 2017-10-27 15:50:57,784: ISO File Writing: |==================  | (91/100)
[PiCamera @ picamera.py:185][DEBUG] 2017-10-27 15:50:57,784: ISO File Writing: |==================  | (92/100)
[PiCamera @ picamera.py:185][DEBUG] 2017-10-27 15:50:57,785: ISO File Writing: |==================  | (93/100)
[PiCamera @ picamera.py:185][DEBUG] 2017-10-27 15:50:57,785: ISO File Writing: |==================  | (94/100)
[PiCamera @ picamera.py:185][DEBUG] 2017-10-27 15:50:57,786: ISO File Writing: |=================== | (95/100)
[PiCamera @ picamera.py:185][DEBUG] 2017-10-27 15:50:57,786: ISO File Writing: |=================== | (96/100)
[PiCamera @ picamera.py:185][DEBUG] 2017-10-27 15:50:57,787: ISO File Writing: |=================== | (97/100)
[PiCamera @ picamera.py:185][DEBUG] 2017-10-27 15:50:57,788: ISO File Writing: |=================== | (98/100)
[PiCamera @ picamera.py:185][DEBUG] 2017-10-27 15:50:57,789: ISO File Writing: |=================== | (99/100)
[PiCamera @ picamera.py:185][DEBUG] 2017-10-27 15:50:57,790: 
[PiCamera @ picamera.py:189][DEBUG] 2017-10-27 15:50:57,792: Conversion complete! Removing temp file: 'videos/2017_Oct_27/NaborisOrchestrator/15_50_30.mp4.h264'
[PiCamera @ picamera.py:194][INFO] 2017-10-27 15:50:57,793: Wrote video to 'videos/2017_Oct_27/NaborisOrchestrator/15_50_30.mp4.h264'
