[NaborisOrchestrator @ factory.py:85][DEBUG] 2017-10-27 00:33:37,499: Logging to: logs/2017_Oct_27/NaborisOrchestrator/00_33_37.log
[NaborisOrchestrator @ orchestrator.py:227][INFO] 2017-10-27 00:33:37,537: 'NaborisCLI' is subscribing to 'Actuators' with the tag 'actuators'
[NaborisOrchestrator @ orchestrator.py:227][INFO] 2017-10-27 00:33:37,538: 'NaborisCLI' is subscribing to 'Actuators' with the tag 'bno055'
[NaborisOrchestrator @ orchestrator.py:227][INFO] 2017-10-27 00:33:37,539: 'NaborisCLI' is subscribing to 'PiCamera' with the tag 'capture'
[NaborisOrchestrator @ orchestrator.py:227][INFO] 2017-10-27 00:33:37,539: 'NaborisCLI' is subscribing to 'Sounds' with the tag 'sounds'
[NaborisOrchestrator @ orchestrator.py:227][INFO] 2017-10-27 00:33:37,539: 'werkzeug' is subscribing to 'NaborisCLI' with the tag 'cmdline'
[NaborisOrchestrator @ orchestrator.py:227][INFO] 2017-10-27 00:33:37,540: 'werkzeug' is subscribing to 'PiCamera' with the tag 'camera'
[NaborisOrchestrator @ orchestrator.py:227][INFO] 2017-10-27 00:33:37,540: 'werkzeug' is subscribing to 'Actuators' with the tag 'bno055'
[NaborisOrchestrator @ orchestrator.py:107][DEBUG] 2017-10-27 00:33:37,540: Adding setup tasks. Apply subscriptions
[NaborisOrchestrator @ orchestrator.py:113][DEBUG] 2017-10-27 00:33:37,541: Running set up tasks (6)
[NaborisOrchestrator @ orchestrator.py:67][INFO] 2017-10-27 00:33:37,542: setup
[NaborisOrchestrator @ orchestrator.py:116][DEBUG] 2017-10-27 00:33:41,581: Adding loop tasks
[NaborisOrchestrator @ orchestrator.py:122][DEBUG] 2017-10-27 00:33:41,582: Running loop tasks (6)
[NaborisOrchestrator @ orchestrator.py:246][INFO] 2017-10-27 00:34:35,317: loop finished
[NaborisOrchestrator @ orchestrator.py:250][INFO] 2017-10-27 00:34:35,318: closing orchestrator
[NaborisOrchestrator @ orchestrator.py:128][DEBUG] 2017-10-27 00:34:35,319: 6 tasks to cancel
[NaborisOrchestrator @ orchestrator.py:131][DEBUG] 2017-10-27 00:34:35,320: Cancelling <Task cancelling coro=<Orchestrator.loop() running at /usr/local/lib/python3.6/site-packages/atlasbuggy/orchestrator.py:72> wait_for=<Future finished result=True>>: True
[NaborisOrchestrator @ orchestrator.py:131][DEBUG] 2017-10-27 00:34:35,321: Cancelling <Task pending coro=<PiCamera.loop() running at /home/pi/Naboris/naboris/picamera.py:124> wait_for=<Future cancelled>>: True
[NaborisOrchestrator @ orchestrator.py:131][DEBUG] 2017-10-27 00:34:35,322: Cancelling <Task pending coro=<Actuators.loop() running at /home/pi/Naboris/naboris/actuators.py:45> wait_for=<Future cancelled>>: True
[NaborisOrchestrator @ orchestrator.py:131][DEBUG] 2017-10-27 00:34:35,323: Cancelling <Task pending coro=<Sounds.loop() running at /home/pi/Naboris/naboris/soundfiles.py:57> wait_for=<Future cancelled>>: True
[NaborisOrchestrator @ orchestrator.py:131][DEBUG] 2017-10-27 00:34:35,324: Cancelling <Task finished coro=<NaborisCLI.loop() done, defined at /home/pi/Naboris/naboris/cli.py:85> result=None>: False
[NaborisOrchestrator @ orchestrator.py:131][DEBUG] 2017-10-27 00:34:35,325: Cancelling <Task pending coro=<NaborisWebsite.loop() running at /home/pi/Naboris/naboris/naboris_site.py:182> wait_for=<Future cancelled>>: True
[NaborisOrchestrator @ orchestrator.py:88][INFO] 2017-10-27 00:34:35,326: halting
[NaborisOrchestrator @ orchestrator.py:91][INFO] 2017-10-27 00:34:35,327: Session took 57.82688593864441s to complete
[NaborisOrchestrator @ orchestrator.py:77][INFO] 2017-10-27 00:34:35,336: teardown
